{"/Users/Ryan/Documents/CSC369/potions/packages/converse/src/library/database.ts": {"path":"/Users/Ryan/Documents/CSC369/potions/packages/converse/src/library/database.ts","statementMap":{"0":{"start":{"line":12,"column":0},"end":{"line":12,"column":16}},"1":{"start":{"line":16,"column":0},"end":{"line":16,"column":16}},"2":{"start":{"line":2,"column":0},"end":{"line":2,"column":49}},"3":{"start":{"line":3,"column":0},"end":{"line":3,"column":33}},"4":{"start":{"line":4,"column":0},"end":{"line":4,"column":24}},"5":{"start":{"line":5,"column":0},"end":{"line":5,"column":20}},"6":{"start":{"line":8,"column":0},"end":{"line":8,"column":16}},"7":{"start":{"line":13,"column":2},"end":{"line":13,"column":43}},"8":{"start":{"line":17,"column":23},"end":{"line":17,"column":43}},"9":{"start":{"line":19,"column":2},"end":{"line":23,"column":3}},"10":{"start":{"line":20,"column":4},"end":{"line":22,"column":5}},"11":{"start":{"line":21,"column":6},"end":{"line":21,"column":34}},"12":{"start":{"line":26,"column":2},"end":{"line":26,"column":45}},"13":{"start":{"line":27,"column":2},"end":{"line":27,"column":34}},"14":{"start":{"line":30,"column":2},"end":{"line":30,"column":39}},"15":{"start":{"line":30,"column":27},"end":{"line":30,"column":37}}},"fnMap":{"0":{"name":"initializeInMemoryDatabase","decl":{"start":{"line":12,"column":16},"end":{"line":12,"column":42}},"loc":{"start":{"line":12,"column":42},"end":{"line":14,"column":1}}},"1":{"name":"initializeDatabase","decl":{"start":{"line":16,"column":16},"end":{"line":16,"column":34}},"loc":{"start":{"line":16,"column":75},"end":{"line":31,"column":1}}},"2":{"name":"(anonymous_12)","decl":{"start":{"line":30,"column":21},"end":{"line":30,"column":24}},"loc":{"start":{"line":30,"column":27},"end":{"line":30,"column":37}}}},"branchMap":{"0":{"loc":{"start":{"line":16,"column":51},"end":{"line":16,"column":75}},"type":"default-arg","locations":[{"start":{"line":16,"column":70},"end":{"line":16,"column":75}}]},"1":{"loc":{"start":{"line":19,"column":2},"end":{"line":23,"column":3}},"type":"if","locations":[{"start":{"line":19,"column":2},"end":{"line":23,"column":3}}]},"2":{"loc":{"start":{"line":20,"column":4},"end":{"line":22,"column":5}},"type":"if","locations":[{"start":{"line":20,"column":4},"end":{"line":22,"column":5}}]}},"s":{"0":1,"1":1,"2":1,"3":1,"4":1,"5":1,"6":1,"7":0,"8":0,"9":0,"10":0,"11":0,"12":0,"13":0,"14":0,"15":0},"f":{"0":0,"1":0,"2":0},"b":{"0":[0],"1":[0],"2":[0]}}
,"/Users/Ryan/Documents/CSC369/potions/packages/converse/src/library/social/fantasyDate.ts": {"path":"/Users/Ryan/Documents/CSC369/potions/packages/converse/src/library/social/fantasyDate.ts","statementMap":{"0":{"start":{"line":8,"column":0},"end":{"line":8,"column":16}},"1":{"start":{"line":19,"column":0},"end":{"line":19,"column":16}},"2":{"start":{"line":1,"column":0},"end":{"line":1,"column":33}},"3":{"start":{"line":9,"column":2},"end":{"line":16,"column":25}},"4":{"start":{"line":20,"column":2},"end":{"line":25,"column":70}}},"fnMap":{"0":{"name":"current_date","decl":{"start":{"line":8,"column":16},"end":{"line":8,"column":28}},"loc":{"start":{"line":8,"column":28},"end":{"line":17,"column":1}}},"1":{"name":"set_current_date","decl":{"start":{"line":19,"column":16},"end":{"line":19,"column":32}},"loc":{"start":{"line":19,"column":50},"end":{"line":26,"column":1}}}},"branchMap":{},"s":{"0":1,"1":1,"2":1,"3":0,"4":0},"f":{"0":0,"1":0},"b":{}}
,"/Users/Ryan/Documents/CSC369/potions/packages/converse/src/library/social/prompts/promptBuilder.ts": {"path":"/Users/Ryan/Documents/CSC369/potions/packages/converse/src/library/social/prompts/promptBuilder.ts","statementMap":{"0":{"start":{"line":6,"column":0},"end":{"line":6,"column":16}},"1":{"start":{"line":17,"column":0},"end":{"line":17,"column":16}},"2":{"start":{"line":30,"column":0},"end":{"line":30,"column":16}},"3":{"start":{"line":35,"column":0},"end":{"line":35,"column":16}},"4":{"start":{"line":40,"column":0},"end":{"line":40,"column":16}},"5":{"start":{"line":54,"column":0},"end":{"line":54,"column":16}},"6":{"start":{"line":76,"column":0},"end":{"line":76,"column":16}},"7":{"start":{"line":149,"column":0},"end":{"line":149,"column":16}},"8":{"start":{"line":183,"column":0},"end":{"line":183,"column":16}},"9":{"start":{"line":204,"column":0},"end":{"line":204,"column":16}},"10":{"start":{"line":208,"column":0},"end":{"line":208,"column":16}},"11":{"start":{"line":4,"column":0},"end":{"line":4,"column":46}},"12":{"start":{"line":7,"column":2},"end":{"line":14,"column":4}},"13":{"start":{"line":19,"column":23},"end":{"line":19,"column":42}},"14":{"start":{"line":21,"column":2},"end":{"line":24,"column":3}},"15":{"start":{"line":23,"column":4},"end":{"line":23,"column":47}},"16":{"start":{"line":27,"column":2},"end":{"line":27,"column":22}},"17":{"start":{"line":32,"column":2},"end":{"line":32,"column":51}},"18":{"start":{"line":37,"column":2},"end":{"line":37,"column":43}},"19":{"start":{"line":42,"column":16},"end":{"line":42,"column":27}},"20":{"start":{"line":43,"column":16},"end":{"line":43,"column":34}},"21":{"start":{"line":45,"column":2},"end":{"line":48,"column":3}},"22":{"start":{"line":47,"column":4},"end":{"line":47,"column":27}},"23":{"start":{"line":51,"column":2},"end":{"line":51,"column":40}},"24":{"start":{"line":56,"column":21},"end":{"line":56,"column":39}},"25":{"start":{"line":58,"column":2},"end":{"line":70,"column":3}},"26":{"start":{"line":60,"column":24},"end":{"line":60,"column":57}},"27":{"start":{"line":63,"column":4},"end":{"line":69,"column":5}},"28":{"start":{"line":65,"column":6},"end":{"line":65,"column":48}},"29":{"start":{"line":68,"column":6},"end":{"line":68,"column":26}},"30":{"start":{"line":73,"column":2},"end":{"line":73,"column":22}},"31":{"start":{"line":80,"column":2},"end":{"line":82,"column":3}},"32":{"start":{"line":81,"column":4},"end":{"line":81,"column":56}},"33":{"start":{"line":84,"column":20},"end":{"line":84,"column":54}},"34":{"start":{"line":86,"column":17},"end":{"line":97,"column":27}},"35":{"start":{"line":99,"column":2},"end":{"line":99,"column":16}},"36":{"start":{"line":107,"column":2},"end":{"line":109,"column":3}},"37":{"start":{"line":108,"column":4},"end":{"line":108,"column":56}},"38":{"start":{"line":113,"column":4},"end":{"line":116,"column":8}},"39":{"start":{"line":118,"column":4},"end":{"line":118,"column":62}},"40":{"start":{"line":121,"column":2},"end":{"line":126,"column":3}},"41":{"start":{"line":122,"column":4},"end":{"line":125,"column":10}},"42":{"start":{"line":128,"column":4},"end":{"line":128,"column":58}},"43":{"start":{"line":129,"column":2},"end":{"line":131,"column":3}},"44":{"start":{"line":130,"column":4},"end":{"line":130,"column":38}},"45":{"start":{"line":133,"column":2},"end":{"line":133,"column":38}},"46":{"start":{"line":134,"column":2},"end":{"line":134,"column":42}},"47":{"start":{"line":136,"column":2},"end":{"line":144,"column":3}},"48":{"start":{"line":137,"column":4},"end":{"line":139,"column":2}},"49":{"start":{"line":140,"column":4},"end":{"line":143,"column":5}},"50":{"start":{"line":141,"column":6},"end":{"line":142,"column":14}},"51":{"start":{"line":146,"column":2},"end":{"line":146,"column":19}},"52":{"start":{"line":154,"column":2},"end":{"line":156,"column":3}},"53":{"start":{"line":155,"column":4},"end":{"line":155,"column":56}},"54":{"start":{"line":157,"column":28},"end":{"line":157,"column":30}},"55":{"start":{"line":158,"column":2},"end":{"line":158,"column":42}},"56":{"start":{"line":159,"column":20},"end":{"line":159,"column":65}},"57":{"start":{"line":161,"column":17},"end":{"line":161,"column":38}},"58":{"start":{"line":163,"column":13},"end":{"line":166,"column":6}},"59":{"start":{"line":167,"column":2},"end":{"line":170,"column":3}},"60":{"start":{"line":168,"column":4},"end":{"line":169,"column":10}},"61":{"start":{"line":172,"column":17},"end":{"line":179,"column":29}},"62":{"start":{"line":180,"column":2},"end":{"line":180,"column":16}},"63":{"start":{"line":188,"column":2},"end":{"line":190,"column":3}},"64":{"start":{"line":189,"column":4},"end":{"line":189,"column":56}},"65":{"start":{"line":192,"column":2},"end":{"line":194,"column":3}},"66":{"start":{"line":193,"column":4},"end":{"line":193,"column":45}},"67":{"start":{"line":196,"column":28},"end":{"line":196,"column":30}},"68":{"start":{"line":197,"column":2},"end":{"line":199,"column":3}},"69":{"start":{"line":197,"column":15},"end":{"line":197,"column":16}},"70":{"start":{"line":198,"column":4},"end":{"line":198,"column":75}},"71":{"start":{"line":201,"column":2},"end":{"line":201,"column":17}},"72":{"start":{"line":205,"column":2},"end":{"line":205,"column":35}},"73":{"start":{"line":209,"column":2},"end":{"line":209,"column":57}},"74":{"start":{"line":209,"column":31},"end":{"line":209,"column":55}}},"fnMap":{"0":{"name":"cleanResponse","decl":{"start":{"line":6,"column":16},"end":{"line":6,"column":29}},"loc":{"start":{"line":6,"column":60},"end":{"line":15,"column":1}}},"1":{"name":"removeTextAfterNewline","decl":{"start":{"line":17,"column":16},"end":{"line":17,"column":38}},"loc":{"start":{"line":17,"column":52},"end":{"line":28,"column":1}}},"2":{"name":"stripTextBetweenParentheses","decl":{"start":{"line":30,"column":16},"end":{"line":30,"column":43}},"loc":{"start":{"line":30,"column":57},"end":{"line":33,"column":1}}},"3":{"name":"collapseWhitespace","decl":{"start":{"line":35,"column":16},"end":{"line":35,"column":34}},"loc":{"start":{"line":35,"column":48},"end":{"line":38,"column":1}}},"4":{"name":"trimQuotes","decl":{"start":{"line":40,"column":16},"end":{"line":40,"column":26}},"loc":{"start":{"line":40,"column":40},"end":{"line":52,"column":1}}},"5":{"name":"extractContentAfterColon","decl":{"start":{"line":54,"column":16},"end":{"line":54,"column":40}},"loc":{"start":{"line":54,"column":68},"end":{"line":74,"column":1}}},"6":{"name":"summarizeConversation","decl":{"start":{"line":76,"column":16},"end":{"line":76,"column":37}},"loc":{"start":{"line":78,"column":16},"end":{"line":100,"column":1}}},"7":{"name":"buildGameState","decl":{"start":{"line":102,"column":9},"end":{"line":102,"column":23}},"loc":{"start":{"line":105,"column":19},"end":{"line":147,"column":1}}},"8":{"name":"buildPromptForSpeech","decl":{"start":{"line":149,"column":16},"end":{"line":149,"column":36}},"loc":{"start":{"line":152,"column":22},"end":{"line":181,"column":1}}},"9":{"name":"buildPromptsForResponses","decl":{"start":{"line":183,"column":16},"end":{"line":183,"column":40}},"loc":{"start":{"line":186,"column":24},"end":{"line":202,"column":1}}},"10":{"name":"parseResponse","decl":{"start":{"line":204,"column":16},"end":{"line":204,"column":29}},"loc":{"start":{"line":204,"column":56},"end":{"line":206,"column":1}}},"11":{"name":"parseMultiResponse","decl":{"start":{"line":208,"column":16},"end":{"line":208,"column":34}},"loc":{"start":{"line":208,"column":67},"end":{"line":210,"column":1}}},"12":{"name":"(anonymous_12)","decl":{"start":{"line":209,"column":22},"end":{"line":209,"column":23}},"loc":{"start":{"line":209,"column":31},"end":{"line":209,"column":55}}}},"branchMap":{"0":{"loc":{"start":{"line":21,"column":2},"end":{"line":24,"column":3}},"type":"if","locations":[{"start":{"line":21,"column":2},"end":{"line":24,"column":3}}]},"1":{"loc":{"start":{"line":45,"column":2},"end":{"line":48,"column":3}},"type":"if","locations":[{"start":{"line":45,"column":2},"end":{"line":48,"column":3}}]},"2":{"loc":{"start":{"line":45,"column":6},"end":{"line":45,"column":23}},"type":"binary-expr","locations":[{"start":{"line":45,"column":6},"end":{"line":45,"column":11}},{"start":{"line":45,"column":15},"end":{"line":45,"column":23}}]},"3":{"loc":{"start":{"line":58,"column":2},"end":{"line":70,"column":3}},"type":"if","locations":[{"start":{"line":58,"column":2},"end":{"line":70,"column":3}}]},"4":{"loc":{"start":{"line":63,"column":4},"end":{"line":69,"column":5}},"type":"if","locations":[{"start":{"line":63,"column":4},"end":{"line":69,"column":5}},{"start":{"line":66,"column":11},"end":{"line":69,"column":5}}]},"5":{"loc":{"start":{"line":80,"column":2},"end":{"line":82,"column":3}},"type":"if","locations":[{"start":{"line":80,"column":2},"end":{"line":82,"column":3}}]},"6":{"loc":{"start":{"line":107,"column":2},"end":{"line":109,"column":3}},"type":"if","locations":[{"start":{"line":107,"column":2},"end":{"line":109,"column":3}}]},"7":{"loc":{"start":{"line":121,"column":2},"end":{"line":126,"column":3}},"type":"if","locations":[{"start":{"line":121,"column":2},"end":{"line":126,"column":3}}]},"8":{"loc":{"start":{"line":129,"column":2},"end":{"line":131,"column":3}},"type":"if","locations":[{"start":{"line":129,"column":2},"end":{"line":131,"column":3}}]},"9":{"loc":{"start":{"line":136,"column":2},"end":{"line":144,"column":3}},"type":"if","locations":[{"start":{"line":136,"column":2},"end":{"line":144,"column":3}}]},"10":{"loc":{"start":{"line":154,"column":2},"end":{"line":156,"column":3}},"type":"if","locations":[{"start":{"line":154,"column":2},"end":{"line":156,"column":3}}]},"11":{"loc":{"start":{"line":167,"column":2},"end":{"line":170,"column":3}},"type":"if","locations":[{"start":{"line":167,"column":2},"end":{"line":170,"column":3}}]},"12":{"loc":{"start":{"line":188,"column":2},"end":{"line":190,"column":3}},"type":"if","locations":[{"start":{"line":188,"column":2},"end":{"line":190,"column":3}}]},"13":{"loc":{"start":{"line":192,"column":2},"end":{"line":194,"column":3}},"type":"if","locations":[{"start":{"line":192,"column":2},"end":{"line":194,"column":3}}]}},"s":{"0":1,"1":1,"2":1,"3":1,"4":1,"5":1,"6":1,"7":1,"8":1,"9":1,"10":1,"11":1,"12":7,"13":7,"14":7,"15":2,"16":5,"17":7,"18":7,"19":7,"20":7,"21":7,"22":3,"23":4,"24":7,"25":7,"26":5,"27":5,"28":2,"29":3,"30":2,"31":0,"32":0,"33":0,"34":0,"35":0,"36":0,"37":0,"38":0,"39":0,"40":0,"41":0,"42":0,"43":0,"44":0,"45":0,"46":0,"47":0,"48":0,"49":0,"50":0,"51":0,"52":0,"53":0,"54":0,"55":0,"56":0,"57":0,"58":0,"59":0,"60":0,"61":0,"62":0,"63":0,"64":0,"65":0,"66":0,"67":0,"68":0,"69":0,"70":0,"71":0,"72":0,"73":0,"74":0},"f":{"0":7,"1":7,"2":7,"3":7,"4":7,"5":7,"6":0,"7":0,"8":0,"9":0,"10":0,"11":0,"12":0},"b":{"0":[2],"1":[3],"2":[7,3],"3":[5],"4":[2,3],"5":[0],"6":[0],"7":[0],"8":[0],"9":[0],"10":[0],"11":[0],"12":[0],"13":[0]}}
}
