{"/Users/Ryan/Documents/CSC369/potions/packages/converse/src/library/database.ts": {"path":"/Users/Ryan/Documents/CSC369/potions/packages/converse/src/library/database.ts","statementMap":{"0":{"start":{"line":15,"column":0},"end":{"line":15,"column":16}},"1":{"start":{"line":25,"column":0},"end":{"line":25,"column":16}},"2":{"start":{"line":2,"column":0},"end":{"line":2,"column":49}},"3":{"start":{"line":3,"column":0},"end":{"line":3,"column":33}},"4":{"start":{"line":4,"column":0},"end":{"line":4,"column":24}},"5":{"start":{"line":5,"column":0},"end":{"line":5,"column":20}},"6":{"start":{"line":8,"column":0},"end":{"line":8,"column":16}},"7":{"start":{"line":16,"column":2},"end":{"line":16,"column":43}},"8":{"start":{"line":26,"column":23},"end":{"line":26,"column":43}},"9":{"start":{"line":28,"column":2},"end":{"line":32,"column":3}},"10":{"start":{"line":29,"column":4},"end":{"line":31,"column":5}},"11":{"start":{"line":30,"column":6},"end":{"line":30,"column":34}},"12":{"start":{"line":35,"column":2},"end":{"line":35,"column":45}},"13":{"start":{"line":36,"column":2},"end":{"line":36,"column":34}},"14":{"start":{"line":39,"column":2},"end":{"line":41,"column":5}},"15":{"start":{"line":40,"column":4},"end":{"line":40,"column":15}}},"fnMap":{"0":{"name":"initializeInMemoryDatabase","decl":{"start":{"line":15,"column":16},"end":{"line":15,"column":42}},"loc":{"start":{"line":15,"column":42},"end":{"line":17,"column":1}}},"1":{"name":"initializeDatabase","decl":{"start":{"line":25,"column":16},"end":{"line":25,"column":34}},"loc":{"start":{"line":25,"column":75},"end":{"line":42,"column":1}}},"2":{"name":"(anonymous_12)","decl":{"start":{"line":39,"column":21},"end":{"line":39,"column":24}},"loc":{"start":{"line":39,"column":26},"end":{"line":41,"column":3}}}},"branchMap":{"0":{"loc":{"start":{"line":25,"column":51},"end":{"line":25,"column":75}},"type":"default-arg","locations":[{"start":{"line":25,"column":70},"end":{"line":25,"column":75}}]},"1":{"loc":{"start":{"line":28,"column":2},"end":{"line":32,"column":3}},"type":"if","locations":[{"start":{"line":28,"column":2},"end":{"line":32,"column":3}}]},"2":{"loc":{"start":{"line":29,"column":4},"end":{"line":31,"column":5}},"type":"if","locations":[{"start":{"line":29,"column":4},"end":{"line":31,"column":5}}]}},"s":{"0":1,"1":1,"2":1,"3":1,"4":1,"5":1,"6":1,"7":0,"8":0,"9":0,"10":0,"11":0,"12":0,"13":0,"14":0,"15":0},"f":{"0":0,"1":0,"2":0},"b":{"0":[0],"1":[0],"2":[0]}}
,"/Users/Ryan/Documents/CSC369/potions/packages/converse/src/library/social/fantasyDate.ts": {"path":"/Users/Ryan/Documents/CSC369/potions/packages/converse/src/library/social/fantasyDate.ts","statementMap":{"0":{"start":{"line":13,"column":0},"end":{"line":13,"column":16}},"1":{"start":{"line":29,"column":0},"end":{"line":29,"column":16}},"2":{"start":{"line":1,"column":0},"end":{"line":1,"column":33}},"3":{"start":{"line":14,"column":2},"end":{"line":21,"column":25}},"4":{"start":{"line":30,"column":2},"end":{"line":35,"column":70}}},"fnMap":{"0":{"name":"current_date","decl":{"start":{"line":13,"column":16},"end":{"line":13,"column":28}},"loc":{"start":{"line":13,"column":28},"end":{"line":22,"column":1}}},"1":{"name":"set_current_date","decl":{"start":{"line":29,"column":16},"end":{"line":29,"column":32}},"loc":{"start":{"line":29,"column":50},"end":{"line":36,"column":1}}}},"branchMap":{},"s":{"0":1,"1":1,"2":1,"3":0,"4":0},"f":{"0":0,"1":0},"b":{}}
,"/Users/Ryan/Documents/CSC369/potions/packages/converse/src/library/social/prompts/promptBuilder.ts": {"path":"/Users/Ryan/Documents/CSC369/potions/packages/converse/src/library/social/prompts/promptBuilder.ts","statementMap":{"0":{"start":{"line":13,"column":0},"end":{"line":13,"column":16}},"1":{"start":{"line":30,"column":0},"end":{"line":30,"column":16}},"2":{"start":{"line":46,"column":0},"end":{"line":46,"column":16}},"3":{"start":{"line":56,"column":0},"end":{"line":56,"column":16}},"4":{"start":{"line":69,"column":0},"end":{"line":69,"column":16}},"5":{"start":{"line":89,"column":0},"end":{"line":89,"column":16}},"6":{"start":{"line":113,"column":0},"end":{"line":113,"column":16}},"7":{"start":{"line":201,"column":0},"end":{"line":201,"column":16}},"8":{"start":{"line":244,"column":0},"end":{"line":244,"column":16}},"9":{"start":{"line":272,"column":0},"end":{"line":272,"column":16}},"10":{"start":{"line":283,"column":0},"end":{"line":283,"column":16}},"11":{"start":{"line":4,"column":0},"end":{"line":4,"column":46}},"12":{"start":{"line":14,"column":2},"end":{"line":21,"column":4}},"13":{"start":{"line":31,"column":23},"end":{"line":31,"column":42}},"14":{"start":{"line":33,"column":2},"end":{"line":35,"column":3}},"15":{"start":{"line":34,"column":4},"end":{"line":34,"column":47}},"16":{"start":{"line":37,"column":2},"end":{"line":37,"column":22}},"17":{"start":{"line":47,"column":2},"end":{"line":47,"column":51}},"18":{"start":{"line":57,"column":2},"end":{"line":57,"column":43}},"19":{"start":{"line":70,"column":16},"end":{"line":70,"column":27}},"20":{"start":{"line":71,"column":16},"end":{"line":71,"column":34}},"21":{"start":{"line":73,"column":2},"end":{"line":75,"column":3}},"22":{"start":{"line":74,"column":4},"end":{"line":74,"column":27}},"23":{"start":{"line":77,"column":2},"end":{"line":77,"column":40}},"24":{"start":{"line":90,"column":21},"end":{"line":90,"column":39}},"25":{"start":{"line":92,"column":2},"end":{"line":100,"column":3}},"26":{"start":{"line":93,"column":24},"end":{"line":93,"column":57}},"27":{"start":{"line":95,"column":4},"end":{"line":99,"column":5}},"28":{"start":{"line":96,"column":6},"end":{"line":96,"column":48}},"29":{"start":{"line":98,"column":6},"end":{"line":98,"column":26}},"30":{"start":{"line":102,"column":2},"end":{"line":102,"column":22}},"31":{"start":{"line":117,"column":2},"end":{"line":119,"column":3}},"32":{"start":{"line":118,"column":4},"end":{"line":118,"column":56}},"33":{"start":{"line":121,"column":20},"end":{"line":121,"column":54}},"34":{"start":{"line":123,"column":17},"end":{"line":134,"column":29}},"35":{"start":{"line":136,"column":2},"end":{"line":136,"column":16}},"36":{"start":{"line":153,"column":2},"end":{"line":155,"column":3}},"37":{"start":{"line":154,"column":4},"end":{"line":154,"column":56}},"38":{"start":{"line":157,"column":18},"end":{"line":160,"column":8}},"39":{"start":{"line":162,"column":4},"end":{"line":162,"column":62}},"40":{"start":{"line":165,"column":2},"end":{"line":170,"column":3}},"41":{"start":{"line":166,"column":4},"end":{"line":169,"column":10}},"42":{"start":{"line":172,"column":4},"end":{"line":172,"column":58}},"43":{"start":{"line":173,"column":2},"end":{"line":175,"column":3}},"44":{"start":{"line":174,"column":4},"end":{"line":174,"column":38}},"45":{"start":{"line":177,"column":2},"end":{"line":177,"column":38}},"46":{"start":{"line":178,"column":2},"end":{"line":178,"column":42}},"47":{"start":{"line":180,"column":2},"end":{"line":188,"column":3}},"48":{"start":{"line":181,"column":4},"end":{"line":183,"column":2}},"49":{"start":{"line":184,"column":4},"end":{"line":187,"column":5}},"50":{"start":{"line":185,"column":6},"end":{"line":186,"column":14}},"51":{"start":{"line":190,"column":2},"end":{"line":190,"column":19}},"52":{"start":{"line":206,"column":2},"end":{"line":208,"column":3}},"53":{"start":{"line":207,"column":4},"end":{"line":207,"column":56}},"54":{"start":{"line":209,"column":28},"end":{"line":209,"column":30}},"55":{"start":{"line":210,"column":2},"end":{"line":210,"column":42}},"56":{"start":{"line":211,"column":20},"end":{"line":211,"column":65}},"57":{"start":{"line":213,"column":17},"end":{"line":213,"column":38}},"58":{"start":{"line":215,"column":13},"end":{"line":218,"column":6}},"59":{"start":{"line":219,"column":2},"end":{"line":222,"column":3}},"60":{"start":{"line":220,"column":4},"end":{"line":221,"column":10}},"61":{"start":{"line":224,"column":17},"end":{"line":231,"column":29}},"62":{"start":{"line":232,"column":2},"end":{"line":232,"column":16}},"63":{"start":{"line":249,"column":2},"end":{"line":251,"column":3}},"64":{"start":{"line":250,"column":4},"end":{"line":250,"column":56}},"65":{"start":{"line":253,"column":2},"end":{"line":255,"column":3}},"66":{"start":{"line":254,"column":4},"end":{"line":254,"column":45}},"67":{"start":{"line":257,"column":28},"end":{"line":257,"column":30}},"68":{"start":{"line":258,"column":2},"end":{"line":260,"column":3}},"69":{"start":{"line":258,"column":15},"end":{"line":258,"column":16}},"70":{"start":{"line":259,"column":4},"end":{"line":259,"column":75}},"71":{"start":{"line":262,"column":2},"end":{"line":262,"column":17}},"72":{"start":{"line":273,"column":2},"end":{"line":273,"column":35}},"73":{"start":{"line":284,"column":2},"end":{"line":284,"column":57}},"74":{"start":{"line":284,"column":31},"end":{"line":284,"column":55}}},"fnMap":{"0":{"name":"cleanResponse","decl":{"start":{"line":13,"column":16},"end":{"line":13,"column":29}},"loc":{"start":{"line":13,"column":60},"end":{"line":22,"column":1}}},"1":{"name":"removeTextAfterNewline","decl":{"start":{"line":30,"column":16},"end":{"line":30,"column":38}},"loc":{"start":{"line":30,"column":52},"end":{"line":38,"column":1}}},"2":{"name":"stripTextBetweenParentheses","decl":{"start":{"line":46,"column":16},"end":{"line":46,"column":43}},"loc":{"start":{"line":46,"column":57},"end":{"line":48,"column":1}}},"3":{"name":"collapseWhitespace","decl":{"start":{"line":56,"column":16},"end":{"line":56,"column":34}},"loc":{"start":{"line":56,"column":48},"end":{"line":58,"column":1}}},"4":{"name":"trimQuotes","decl":{"start":{"line":69,"column":16},"end":{"line":69,"column":26}},"loc":{"start":{"line":69,"column":40},"end":{"line":78,"column":1}}},"5":{"name":"extractContentAfterColon","decl":{"start":{"line":89,"column":16},"end":{"line":89,"column":40}},"loc":{"start":{"line":89,"column":68},"end":{"line":103,"column":1}}},"6":{"name":"summarizeConversation","decl":{"start":{"line":113,"column":16},"end":{"line":113,"column":37}},"loc":{"start":{"line":115,"column":16},"end":{"line":137,"column":1}}},"7":{"name":"buildGameState","decl":{"start":{"line":148,"column":9},"end":{"line":148,"column":23}},"loc":{"start":{"line":151,"column":19},"end":{"line":191,"column":1}}},"8":{"name":"buildPromptForSpeech","decl":{"start":{"line":201,"column":16},"end":{"line":201,"column":36}},"loc":{"start":{"line":204,"column":22},"end":{"line":233,"column":1}}},"9":{"name":"buildPromptsForResponses","decl":{"start":{"line":244,"column":16},"end":{"line":244,"column":40}},"loc":{"start":{"line":247,"column":24},"end":{"line":263,"column":1}}},"10":{"name":"parseResponse","decl":{"start":{"line":272,"column":16},"end":{"line":272,"column":29}},"loc":{"start":{"line":272,"column":56},"end":{"line":274,"column":1}}},"11":{"name":"parseMultiResponse","decl":{"start":{"line":283,"column":16},"end":{"line":283,"column":34}},"loc":{"start":{"line":283,"column":67},"end":{"line":285,"column":1}}},"12":{"name":"(anonymous_12)","decl":{"start":{"line":284,"column":22},"end":{"line":284,"column":23}},"loc":{"start":{"line":284,"column":31},"end":{"line":284,"column":55}}}},"branchMap":{"0":{"loc":{"start":{"line":33,"column":2},"end":{"line":35,"column":3}},"type":"if","locations":[{"start":{"line":33,"column":2},"end":{"line":35,"column":3}}]},"1":{"loc":{"start":{"line":73,"column":2},"end":{"line":75,"column":3}},"type":"if","locations":[{"start":{"line":73,"column":2},"end":{"line":75,"column":3}}]},"2":{"loc":{"start":{"line":73,"column":6},"end":{"line":73,"column":23}},"type":"binary-expr","locations":[{"start":{"line":73,"column":6},"end":{"line":73,"column":11}},{"start":{"line":73,"column":15},"end":{"line":73,"column":23}}]},"3":{"loc":{"start":{"line":92,"column":2},"end":{"line":100,"column":3}},"type":"if","locations":[{"start":{"line":92,"column":2},"end":{"line":100,"column":3}}]},"4":{"loc":{"start":{"line":95,"column":4},"end":{"line":99,"column":5}},"type":"if","locations":[{"start":{"line":95,"column":4},"end":{"line":99,"column":5}},{"start":{"line":97,"column":11},"end":{"line":99,"column":5}}]},"5":{"loc":{"start":{"line":117,"column":2},"end":{"line":119,"column":3}},"type":"if","locations":[{"start":{"line":117,"column":2},"end":{"line":119,"column":3}}]},"6":{"loc":{"start":{"line":153,"column":2},"end":{"line":155,"column":3}},"type":"if","locations":[{"start":{"line":153,"column":2},"end":{"line":155,"column":3}}]},"7":{"loc":{"start":{"line":165,"column":2},"end":{"line":170,"column":3}},"type":"if","locations":[{"start":{"line":165,"column":2},"end":{"line":170,"column":3}}]},"8":{"loc":{"start":{"line":173,"column":2},"end":{"line":175,"column":3}},"type":"if","locations":[{"start":{"line":173,"column":2},"end":{"line":175,"column":3}}]},"9":{"loc":{"start":{"line":180,"column":2},"end":{"line":188,"column":3}},"type":"if","locations":[{"start":{"line":180,"column":2},"end":{"line":188,"column":3}}]},"10":{"loc":{"start":{"line":206,"column":2},"end":{"line":208,"column":3}},"type":"if","locations":[{"start":{"line":206,"column":2},"end":{"line":208,"column":3}}]},"11":{"loc":{"start":{"line":219,"column":2},"end":{"line":222,"column":3}},"type":"if","locations":[{"start":{"line":219,"column":2},"end":{"line":222,"column":3}}]},"12":{"loc":{"start":{"line":249,"column":2},"end":{"line":251,"column":3}},"type":"if","locations":[{"start":{"line":249,"column":2},"end":{"line":251,"column":3}}]},"13":{"loc":{"start":{"line":253,"column":2},"end":{"line":255,"column":3}},"type":"if","locations":[{"start":{"line":253,"column":2},"end":{"line":255,"column":3}}]}},"s":{"0":1,"1":1,"2":1,"3":1,"4":1,"5":1,"6":1,"7":1,"8":1,"9":1,"10":1,"11":1,"12":7,"13":7,"14":7,"15":2,"16":5,"17":7,"18":7,"19":7,"20":7,"21":7,"22":3,"23":4,"24":7,"25":7,"26":5,"27":5,"28":2,"29":3,"30":2,"31":0,"32":0,"33":0,"34":0,"35":0,"36":0,"37":0,"38":0,"39":0,"40":0,"41":0,"42":0,"43":0,"44":0,"45":0,"46":0,"47":0,"48":0,"49":0,"50":0,"51":0,"52":0,"53":0,"54":0,"55":0,"56":0,"57":0,"58":0,"59":0,"60":0,"61":0,"62":0,"63":0,"64":0,"65":0,"66":0,"67":0,"68":0,"69":0,"70":0,"71":0,"72":0,"73":0,"74":0},"f":{"0":7,"1":7,"2":7,"3":7,"4":7,"5":7,"6":0,"7":0,"8":0,"9":0,"10":0,"11":0,"12":0},"b":{"0":[2],"1":[3],"2":[7,3],"3":[5],"4":[2,3],"5":[0],"6":[0],"7":[0],"8":[0],"9":[0],"10":[0],"11":[0],"12":[0],"13":[0]}}
}
