TN:
SF:src/library/database.ts
FN:15,initializeInMemoryDatabase
FN:25,initializeDatabase
FN:39,(anonymous_12)
FNF:3
FNH:0
FNDA:0,initializeInMemoryDatabase
FNDA:0,initializeDatabase
FNDA:0,(anonymous_12)
DA:2,1
DA:3,1
DA:4,1
DA:5,1
DA:8,1
DA:15,1
DA:16,0
DA:25,1
DA:26,0
DA:28,0
DA:29,0
DA:30,0
DA:35,0
DA:36,0
DA:39,0
DA:40,0
LF:16
LH:7
BRDA:25,0,0,0
BRDA:28,1,0,0
BRDA:29,2,0,0
BRF:3
BRH:0
end_of_record
TN:
SF:src/library/social/fantasyDate.ts
FN:13,current_date
FN:29,set_current_date
FNF:2
FNH:0
FNDA:0,current_date
FNDA:0,set_current_date
DA:1,1
DA:13,1
DA:14,0
DA:29,1
DA:30,0
LF:5
LH:3
BRF:0
BRH:0
end_of_record
TN:
SF:src/library/social/prompts/promptBuilder.ts
FN:13,cleanResponse
FN:30,removeTextAfterNewline
FN:46,stripTextBetweenParentheses
FN:56,collapseWhitespace
FN:69,trimQuotes
FN:89,extractContentAfterColon
FN:113,summarizeConversation
FN:148,buildGameState
FN:201,buildPromptForSpeech
FN:244,buildPromptsForResponses
FN:272,parseResponse
FN:283,parseMultiResponse
FN:284,(anonymous_12)
FNF:13
FNH:6
FNDA:7,cleanResponse
FNDA:7,removeTextAfterNewline
FNDA:7,stripTextBetweenParentheses
FNDA:7,collapseWhitespace
FNDA:7,trimQuotes
FNDA:7,extractContentAfterColon
FNDA:0,summarizeConversation
FNDA:0,buildGameState
FNDA:0,buildPromptForSpeech
FNDA:0,buildPromptsForResponses
FNDA:0,parseResponse
FNDA:0,parseMultiResponse
FNDA:0,(anonymous_12)
DA:4,1
DA:13,1
DA:14,7
DA:30,1
DA:31,7
DA:33,7
DA:34,2
DA:37,5
DA:46,1
DA:47,7
DA:56,1
DA:57,7
DA:69,1
DA:70,7
DA:71,7
DA:73,7
DA:74,3
DA:77,4
DA:89,1
DA:90,7
DA:92,7
DA:93,5
DA:95,5
DA:96,2
DA:98,3
DA:102,2
DA:113,1
DA:117,0
DA:118,0
DA:121,0
DA:123,0
DA:136,0
DA:153,0
DA:154,0
DA:157,0
DA:162,0
DA:165,0
DA:166,0
DA:172,0
DA:173,0
DA:174,0
DA:177,0
DA:178,0
DA:180,0
DA:181,0
DA:184,0
DA:185,0
DA:190,0
DA:201,1
DA:206,0
DA:207,0
DA:209,0
DA:210,0
DA:211,0
DA:213,0
DA:215,0
DA:219,0
DA:220,0
DA:224,0
DA:232,0
DA:244,1
DA:249,0
DA:250,0
DA:253,0
DA:254,0
DA:257,0
DA:258,0
DA:259,0
DA:262,0
DA:272,1
DA:273,0
DA:283,1
DA:284,0
LF:73
LH:31
BRDA:33,0,0,2
BRDA:73,1,0,3
BRDA:73,2,0,7
BRDA:73,2,1,3
BRDA:92,3,0,5
BRDA:95,4,0,2
BRDA:95,4,1,3
BRDA:117,5,0,0
BRDA:153,6,0,0
BRDA:165,7,0,0
BRDA:173,8,0,0
BRDA:180,9,0,0
BRDA:206,10,0,0
BRDA:219,11,0,0
BRDA:249,12,0,0
BRDA:253,13,0,0
BRF:16
BRH:7
end_of_record
