TN:
SF:src/library/database.ts
FN:12,initializeInMemoryDatabase
FN:16,initializeDatabase
FN:30,(anonymous_12)
FNF:3
FNH:0
FNDA:0,initializeInMemoryDatabase
FNDA:0,initializeDatabase
FNDA:0,(anonymous_12)
DA:2,1
DA:3,1
DA:4,1
DA:5,1
DA:8,1
DA:12,1
DA:13,0
DA:16,1
DA:17,0
DA:19,0
DA:20,0
DA:21,0
DA:26,0
DA:27,0
DA:30,0
LF:15
LH:7
BRDA:16,0,0,0
BRDA:19,1,0,0
BRDA:20,2,0,0
BRF:3
BRH:0
end_of_record
TN:
SF:src/library/social/fantasyDate.ts
FN:8,current_date
FN:19,set_current_date
FNF:2
FNH:0
FNDA:0,current_date
FNDA:0,set_current_date
DA:1,1
DA:8,1
DA:9,0
DA:19,1
DA:20,0
LF:5
LH:3
BRF:0
BRH:0
end_of_record
TN:
SF:src/library/social/prompts/promptBuilder.ts
FN:6,cleanResponse
FN:17,removeTextAfterNewline
FN:30,stripTextBetweenParentheses
FN:35,collapseWhitespace
FN:40,trimQuotes
FN:54,extractContentAfterColon
FN:76,summarizeConversation
FN:102,buildGameState
FN:149,buildPromptForSpeech
FN:183,buildPromptsForResponses
FN:204,parseResponse
FN:208,parseMultiResponse
FN:209,(anonymous_12)
FNF:13
FNH:6
FNDA:7,cleanResponse
FNDA:7,removeTextAfterNewline
FNDA:7,stripTextBetweenParentheses
FNDA:7,collapseWhitespace
FNDA:7,trimQuotes
FNDA:7,extractContentAfterColon
FNDA:0,summarizeConversation
FNDA:0,buildGameState
FNDA:0,buildPromptForSpeech
FNDA:0,buildPromptsForResponses
FNDA:0,parseResponse
FNDA:0,parseMultiResponse
FNDA:0,(anonymous_12)
DA:4,1
DA:6,1
DA:7,7
DA:17,1
DA:19,7
DA:21,7
DA:23,2
DA:27,5
DA:30,1
DA:32,7
DA:35,1
DA:37,7
DA:40,1
DA:42,7
DA:43,7
DA:45,7
DA:47,3
DA:51,4
DA:54,1
DA:56,7
DA:58,7
DA:60,5
DA:63,5
DA:65,2
DA:68,3
DA:73,2
DA:76,1
DA:80,0
DA:81,0
DA:84,0
DA:86,0
DA:99,0
DA:107,0
DA:108,0
DA:113,0
DA:118,0
DA:121,0
DA:122,0
DA:128,0
DA:129,0
DA:130,0
DA:133,0
DA:134,0
DA:136,0
DA:137,0
DA:140,0
DA:141,0
DA:146,0
DA:149,1
DA:154,0
DA:155,0
DA:157,0
DA:158,0
DA:159,0
DA:161,0
DA:163,0
DA:167,0
DA:168,0
DA:172,0
DA:180,0
DA:183,1
DA:188,0
DA:189,0
DA:192,0
DA:193,0
DA:196,0
DA:197,0
DA:198,0
DA:201,0
DA:204,1
DA:205,0
DA:208,1
DA:209,0
LF:73
LH:31
BRDA:21,0,0,2
BRDA:45,1,0,3
BRDA:45,2,0,7
BRDA:45,2,1,3
BRDA:58,3,0,5
BRDA:63,4,0,2
BRDA:63,4,1,3
BRDA:80,5,0,0
BRDA:107,6,0,0
BRDA:121,7,0,0
BRDA:129,8,0,0
BRDA:136,9,0,0
BRDA:154,10,0,0
BRDA:167,11,0,0
BRDA:188,12,0,0
BRDA:192,13,0,0
BRF:16
BRH:7
end_of_record
