<?xml version="1.0" encoding="UTF-8"?>
<coverage generated="1737742916080" clover="3.2.0">
  <project timestamp="1737742916080" name="All files">
    <metrics statements="181" coveredstatements="173" conditionals="76" coveredconditionals="68" methods="25" coveredmethods="24" elements="282" coveredelements="265" complexity="0" loc="181" ncloc="181" packages="1" files="2" classes="2"/>
    <file name="coord.ts" path="/Users/Ryan/Documents/CSC369/potions/packages/common/src/coord.ts">
      <metrics statements="54" coveredstatements="53" conditionals="5" coveredconditionals="5" methods="11" coveredmethods="10"/>
      <line num="7" count="2" type="stmt"/>
      <line num="8" count="6" type="stmt"/>
      <line num="9" count="6" type="stmt"/>
      <line num="10" count="6" type="stmt"/>
      <line num="15" count="4" type="stmt"/>
      <line num="16" count="4" type="stmt"/>
      <line num="18" count="4" type="stmt"/>
      <line num="22" count="2" type="stmt"/>
      <line num="23" count="385" type="stmt"/>
      <line num="27" count="2" type="stmt"/>
      <line num="28" count="29" type="stmt"/>
      <line num="32" count="2" type="stmt"/>
      <line num="33" count="0" type="stmt"/>
      <line num="37" count="2" type="stmt"/>
      <line num="38" count="6" type="stmt"/>
      <line num="42" count="2" type="stmt"/>
      <line num="43" count="1" type="stmt"/>
      <line num="44" count="1" type="stmt"/>
      <line num="45" count="1" type="stmt"/>
      <line num="47" count="1" type="stmt"/>
      <line num="51" count="2" type="stmt"/>
      <line num="56" count="1" type="stmt"/>
      <line num="57" count="1" type="stmt"/>
      <line num="60" count="1" type="stmt"/>
      <line num="63" count="2" type="stmt"/>
      <line num="67" count="1" type="stmt"/>
      <line num="68" count="1" type="stmt"/>
      <line num="69" count="1" type="stmt"/>
      <line num="71" count="1" type="stmt"/>
      <line num="72" count="5" type="stmt"/>
      <line num="73" count="25" type="stmt"/>
      <line num="74" count="25" type="stmt"/>
      <line num="76" count="25" type="cond" truecount="1" falsecount="0"/>
      <line num="77" count="13" type="stmt"/>
      <line num="82" count="1" type="stmt"/>
      <line num="85" count="2" type="stmt"/>
      <line num="91" count="2" type="stmt"/>
      <line num="92" count="2" type="stmt"/>
      <line num="93" count="2" type="stmt"/>
      <line num="95" count="4" type="stmt"/>
      <line num="96" count="4" type="stmt"/>
      <line num="97" count="4" type="stmt"/>
      <line num="99" count="4" type="stmt"/>
      <line num="100" count="4" type="stmt"/>
      <line num="102" count="4" type="stmt"/>
      <line num="104" count="4" type="cond" truecount="2" falsecount="0"/>
      <line num="106" count="3" type="stmt"/>
      <line num="107" count="3" type="stmt"/>
      <line num="110" count="3" type="stmt"/>
      <line num="113" count="1" type="stmt"/>
      <line num="118" count="1" type="stmt"/>
      <line num="122" count="2" type="stmt"/>
      <line num="125" count="2" type="stmt"/>
      <line num="126" count="2" type="cond" truecount="2" falsecount="0"/>
    </file>
    <file name="pathFinder.ts" path="/Users/Ryan/Documents/CSC369/potions/packages/common/src/pathFinder.ts">
      <metrics statements="127" coveredstatements="120" conditionals="71" coveredconditionals="63" methods="14" coveredmethods="14"/>
      <line num="1" count="1" type="stmt"/>
      <line num="4" count="1" type="stmt"/>
      <line num="8" count="42" type="stmt"/>
      <line num="12" count="42" type="stmt"/>
      <line num="13" count="42" type="stmt"/>
      <line num="18" count="42" type="stmt"/>
      <line num="19" count="42" type="stmt"/>
      <line num="20" count="84" type="stmt"/>
      <line num="22" count="42" type="stmt"/>
      <line num="29" count="42" type="stmt"/>
      <line num="30" count="42" type="stmt"/>
      <line num="31" count="126" type="stmt"/>
      <line num="32" count="126" type="stmt"/>
      <line num="33" count="378" type="stmt"/>
      <line num="34" count="378" type="stmt"/>
      <line num="38" count="42" type="stmt"/>
      <line num="39" count="42" type="stmt"/>
      <line num="40" count="42" type="stmt"/>
      <line num="47" count="1" type="stmt"/>
      <line num="48" count="1" type="stmt"/>
      <line num="49" count="1" type="stmt"/>
      <line num="52" count="1" type="stmt"/>
      <line num="56" count="2" type="stmt"/>
      <line num="60" count="4" type="stmt"/>
      <line num="64" count="321" type="cond" truecount="5" falsecount="0"/>
      <line num="65" count="6" type="stmt"/>
      <line num="67" count="315" type="cond" truecount="1" falsecount="0"/>
      <line num="68" count="116" type="stmt"/>
      <line num="70" count="199" type="stmt"/>
      <line num="71" count="199" type="cond" truecount="2" falsecount="0"/>
      <line num="74" count="199" type="stmt"/>
      <line num="78" count="62" type="stmt"/>
      <line num="87" count="11" type="stmt"/>
      <line num="88" count="11" type="stmt"/>
      <line num="89" count="11" type="stmt"/>
      <line num="90" count="11" type="stmt"/>
      <line num="91" count="11" type="stmt"/>
      <line num="92" count="11" type="stmt"/>
      <line num="94" count="11" type="stmt"/>
      <line num="95" count="11" type="stmt"/>
      <line num="96" count="11" type="stmt"/>
      <line num="97" count="11" type="stmt"/>
      <line num="98" count="11" type="stmt"/>
      <line num="100" count="11" type="stmt"/>
      <line num="101" count="58" type="stmt"/>
      <line num="102" count="58" type="cond" truecount="0" falsecount="1"/>
      <line num="103" count="0" type="stmt"/>
      <line num="109" count="0" type="stmt"/>
      <line num="112" count="58" type="stmt"/>
      <line num="113" count="58" type="stmt"/>
      <line num="114" count="58" type="stmt"/>
      <line num="116" count="58" type="cond" truecount="3" falsecount="0"/>
      <line num="117" count="10" type="stmt"/>
      <line num="121" count="48" type="cond" truecount="1" falsecount="2"/>
      <line num="122" count="0" type="stmt"/>
      <line num="125" count="48" type="stmt"/>
      <line num="135" count="384" type="stmt"/>
      <line num="136" count="384" type="stmt"/>
      <line num="138" count="384" type="cond" truecount="1" falsecount="0"/>
      <line num="144" count="194" type="cond" truecount="1" falsecount="0"/>
      <line num="145" count="144" type="cond" truecount="3" falsecount="0"/>
      <line num="146" count="50" type="cond" truecount="1" falsecount="0"/>
      <line num="150" count="50" type="stmt"/>
      <line num="154" count="94" type="cond" truecount="3" falsecount="1"/>
      <line num="155" count="94" type="cond" truecount="5" falsecount="0"/>
      <line num="156" count="51" type="stmt"/>
      <line num="157" count="51" type="stmt"/>
      <line num="158" count="51" type="stmt"/>
      <line num="162" count="51" type="stmt"/>
      <line num="169" count="1" type="stmt"/>
      <line num="176" count="10" type="stmt"/>
      <line num="177" count="10" type="stmt"/>
      <line num="179" count="10" type="stmt"/>
      <line num="180" count="30" type="stmt"/>
      <line num="181" count="30" type="stmt"/>
      <line num="182" count="30" type="stmt"/>
      <line num="185" count="10" type="stmt"/>
      <line num="186" count="10" type="stmt"/>
      <line num="190" count="21" type="stmt"/>
      <line num="194" count="10" type="cond" truecount="1" falsecount="0"/>
      <line num="195" count="1" type="stmt"/>
      <line num="198" count="9" type="stmt"/>
      <line num="200" count="9" type="stmt"/>
      <line num="201" count="21" type="cond" truecount="1" falsecount="0"/>
      <line num="202" count="12" type="stmt"/>
      <line num="206" count="9" type="stmt"/>
      <line num="207" count="9" type="stmt"/>
      <line num="223" count="11" type="stmt"/>
      <line num="225" count="11" type="cond" truecount="3" falsecount="1"/>
      <line num="226" count="0" type="stmt"/>
      <line num="230" count="11" type="cond" truecount="4" falsecount="0"/>
      <line num="231" count="1" type="stmt"/>
      <line num="235" count="10" type="cond" truecount="4" falsecount="0"/>
      <line num="236" count="2" type="stmt"/>
      <line num="240" count="8" type="cond" truecount="3" falsecount="0"/>
      <line num="241" count="8" type="stmt"/>
      <line num="247" count="0" type="stmt"/>
      <line num="265" count="3" type="stmt"/>
      <line num="276" count="3" type="stmt"/>
      <line num="277" count="3" type="stmt"/>
      <line num="278" count="3" type="stmt"/>
      <line num="280" count="3" type="stmt"/>
      <line num="281" count="17" type="stmt"/>
      <line num="282" count="17" type="cond" truecount="1" falsecount="0"/>
      <line num="283" count="3" type="stmt"/>
      <line num="286" count="14" type="stmt"/>
      <line num="287" count="112" type="stmt"/>
      <line num="291" count="112" type="stmt"/>
      <line num="293" count="112" type="cond" truecount="1" falsecount="0"/>
      <line num="294" count="55" type="stmt"/>
      <line num="295" count="55" type="stmt"/>
      <line num="300" count="0" type="stmt"/>
      <line num="309" count="11" type="stmt"/>
      <line num="311" count="11" type="cond" truecount="2" falsecount="0"/>
      <line num="312" count="6" type="stmt"/>
      <line num="314" count="5" type="stmt"/>
      <line num="317" count="11" type="cond" truecount="3" falsecount="0"/>
      <line num="318" count="3" type="stmt"/>
      <line num="319" count="3" type="stmt"/>
      <line num="322" count="0" type="stmt"/>
      <line num="326" count="11" type="stmt"/>
      <line num="327" count="11" type="cond" truecount="1" falsecount="0"/>
      <line num="328" count="1" type="stmt"/>
      <line num="331" count="10" type="stmt"/>
      <line num="332" count="10" type="cond" truecount="1" falsecount="0"/>
      <line num="333" count="10" type="stmt"/>
      <line num="336" count="10" type="stmt"/>
    </file>
  </project>
</coverage>
