<?xml version="1.0" encoding="UTF-8"?>
<coverage generated="1738784082252" clover="3.2.0">
  <project timestamp="1738784082252" name="All files">
    <metrics statements="181" coveredstatements="173" conditionals="76" coveredconditionals="68" methods="25" coveredmethods="24" elements="282" coveredelements="265" complexity="0" loc="181" ncloc="181" packages="1" files="2" classes="2"/>
    <file name="coord.ts" path="/Users/Ryan/Documents/CSC369/potions/packages/common/src/coord.ts">
      <metrics statements="54" coveredstatements="53" conditionals="5" coveredconditionals="5" methods="11" coveredmethods="10"/>
      <line num="12" count="2" type="stmt"/>
      <line num="13" count="6" type="stmt"/>
      <line num="14" count="6" type="stmt"/>
      <line num="15" count="6" type="stmt"/>
      <line num="29" count="4" type="stmt"/>
      <line num="30" count="4" type="stmt"/>
      <line num="32" count="4" type="stmt"/>
      <line num="43" count="2" type="stmt"/>
      <line num="44" count="385" type="stmt"/>
      <line num="53" count="2" type="stmt"/>
      <line num="54" count="29" type="stmt"/>
      <line num="63" count="2" type="stmt"/>
      <line num="64" count="0" type="stmt"/>
      <line num="73" count="2" type="stmt"/>
      <line num="74" count="6" type="stmt"/>
      <line num="83" count="2" type="stmt"/>
      <line num="84" count="1" type="stmt"/>
      <line num="85" count="1" type="stmt"/>
      <line num="86" count="1" type="stmt"/>
      <line num="88" count="1" type="stmt"/>
      <line num="98" count="2" type="stmt"/>
      <line num="103" count="1" type="stmt"/>
      <line num="104" count="1" type="stmt"/>
      <line num="107" count="1" type="stmt"/>
      <line num="116" count="2" type="stmt"/>
      <line num="120" count="1" type="stmt"/>
      <line num="121" count="1" type="stmt"/>
      <line num="122" count="1" type="stmt"/>
      <line num="124" count="1" type="stmt"/>
      <line num="125" count="5" type="stmt"/>
      <line num="126" count="25" type="stmt"/>
      <line num="127" count="25" type="stmt"/>
      <line num="129" count="25" type="cond" truecount="1" falsecount="0"/>
      <line num="130" count="13" type="stmt"/>
      <line num="135" count="1" type="stmt"/>
      <line num="146" count="2" type="stmt"/>
      <line num="152" count="2" type="stmt"/>
      <line num="153" count="2" type="stmt"/>
      <line num="154" count="2" type="stmt"/>
      <line num="155" count="4" type="stmt"/>
      <line num="156" count="4" type="stmt"/>
      <line num="157" count="4" type="stmt"/>
      <line num="159" count="4" type="stmt"/>
      <line num="160" count="4" type="stmt"/>
      <line num="162" count="4" type="stmt"/>
      <line num="163" count="4" type="cond" truecount="2" falsecount="0"/>
      <line num="165" count="3" type="stmt"/>
      <line num="166" count="3" type="stmt"/>
      <line num="169" count="3" type="stmt"/>
      <line num="172" count="1" type="stmt"/>
      <line num="177" count="1" type="stmt"/>
      <line num="181" count="2" type="stmt"/>
      <line num="195" count="2" type="stmt"/>
      <line num="196" count="2" type="cond" truecount="2" falsecount="0"/>
    </file>
    <file name="pathFinder.ts" path="/Users/Ryan/Documents/CSC369/potions/packages/common/src/pathFinder.ts">
      <metrics statements="127" coveredstatements="120" conditionals="71" coveredconditionals="63" methods="14" coveredmethods="14"/>
      <line num="1" count="1" type="stmt"/>
      <line num="4" count="1" type="stmt"/>
      <line num="8" count="42" type="stmt"/>
      <line num="12" count="42" type="stmt"/>
      <line num="13" count="42" type="stmt"/>
      <line num="18" count="42" type="stmt"/>
      <line num="19" count="42" type="stmt"/>
      <line num="20" count="84" type="stmt"/>
      <line num="22" count="42" type="stmt"/>
      <line num="29" count="42" type="stmt"/>
      <line num="30" count="42" type="stmt"/>
      <line num="31" count="126" type="stmt"/>
      <line num="32" count="126" type="stmt"/>
      <line num="33" count="378" type="stmt"/>
      <line num="34" count="378" type="stmt"/>
      <line num="38" count="42" type="stmt"/>
      <line num="39" count="42" type="stmt"/>
      <line num="40" count="42" type="stmt"/>
      <line num="52" count="1" type="stmt"/>
      <line num="53" count="1" type="stmt"/>
      <line num="54" count="1" type="stmt"/>
      <line num="57" count="1" type="stmt"/>
      <line num="68" count="2" type="stmt"/>
      <line num="81" count="4" type="stmt"/>
      <line num="95" count="321" type="cond" truecount="5" falsecount="0"/>
      <line num="96" count="6" type="stmt"/>
      <line num="98" count="315" type="cond" truecount="1" falsecount="0"/>
      <line num="99" count="116" type="stmt"/>
      <line num="101" count="199" type="stmt"/>
      <line num="102" count="199" type="cond" truecount="2" falsecount="0"/>
      <line num="105" count="199" type="stmt"/>
      <line num="116" count="62" type="stmt"/>
      <line num="137" count="11" type="stmt"/>
      <line num="138" count="11" type="stmt"/>
      <line num="139" count="11" type="stmt"/>
      <line num="140" count="11" type="stmt"/>
      <line num="141" count="11" type="stmt"/>
      <line num="142" count="11" type="stmt"/>
      <line num="144" count="11" type="stmt"/>
      <line num="145" count="11" type="stmt"/>
      <line num="146" count="11" type="stmt"/>
      <line num="147" count="11" type="stmt"/>
      <line num="148" count="11" type="stmt"/>
      <line num="150" count="11" type="stmt"/>
      <line num="151" count="58" type="stmt"/>
      <line num="152" count="58" type="cond" truecount="0" falsecount="1"/>
      <line num="153" count="0" type="stmt"/>
      <line num="159" count="0" type="stmt"/>
      <line num="162" count="58" type="stmt"/>
      <line num="163" count="58" type="stmt"/>
      <line num="164" count="58" type="stmt"/>
      <line num="166" count="58" type="cond" truecount="3" falsecount="0"/>
      <line num="167" count="10" type="stmt"/>
      <line num="171" count="48" type="cond" truecount="1" falsecount="2"/>
      <line num="172" count="0" type="stmt"/>
      <line num="175" count="48" type="stmt"/>
      <line num="185" count="384" type="stmt"/>
      <line num="186" count="384" type="stmt"/>
      <line num="188" count="384" type="cond" truecount="1" falsecount="0"/>
      <line num="194" count="194" type="cond" truecount="1" falsecount="0"/>
      <line num="195" count="144" type="cond" truecount="3" falsecount="0"/>
      <line num="196" count="50" type="cond" truecount="1" falsecount="0"/>
      <line num="200" count="50" type="stmt"/>
      <line num="204" count="94" type="cond" truecount="3" falsecount="1"/>
      <line num="205" count="94" type="cond" truecount="5" falsecount="0"/>
      <line num="206" count="51" type="stmt"/>
      <line num="207" count="51" type="stmt"/>
      <line num="208" count="51" type="stmt"/>
      <line num="212" count="51" type="stmt"/>
      <line num="219" count="1" type="stmt"/>
      <line num="242" count="10" type="stmt"/>
      <line num="243" count="10" type="stmt"/>
      <line num="245" count="10" type="stmt"/>
      <line num="246" count="30" type="stmt"/>
      <line num="247" count="30" type="stmt"/>
      <line num="248" count="30" type="stmt"/>
      <line num="251" count="10" type="stmt"/>
      <line num="252" count="10" type="stmt"/>
      <line num="267" count="21" type="stmt"/>
      <line num="282" count="10" type="cond" truecount="1" falsecount="0"/>
      <line num="283" count="1" type="stmt"/>
      <line num="286" count="9" type="stmt"/>
      <line num="288" count="9" type="stmt"/>
      <line num="289" count="21" type="cond" truecount="1" falsecount="0"/>
      <line num="290" count="12" type="stmt"/>
      <line num="294" count="9" type="stmt"/>
      <line num="295" count="9" type="stmt"/>
      <line num="311" count="11" type="stmt"/>
      <line num="313" count="11" type="cond" truecount="3" falsecount="1"/>
      <line num="314" count="0" type="stmt"/>
      <line num="318" count="11" type="cond" truecount="4" falsecount="0"/>
      <line num="319" count="1" type="stmt"/>
      <line num="323" count="10" type="cond" truecount="4" falsecount="0"/>
      <line num="324" count="2" type="stmt"/>
      <line num="328" count="8" type="cond" truecount="3" falsecount="0"/>
      <line num="329" count="8" type="stmt"/>
      <line num="335" count="0" type="stmt"/>
      <line num="353" count="3" type="stmt"/>
      <line num="364" count="3" type="stmt"/>
      <line num="365" count="3" type="stmt"/>
      <line num="366" count="3" type="stmt"/>
      <line num="368" count="3" type="stmt"/>
      <line num="369" count="17" type="stmt"/>
      <line num="370" count="17" type="cond" truecount="1" falsecount="0"/>
      <line num="371" count="3" type="stmt"/>
      <line num="374" count="14" type="stmt"/>
      <line num="375" count="112" type="stmt"/>
      <line num="379" count="112" type="stmt"/>
      <line num="381" count="112" type="cond" truecount="1" falsecount="0"/>
      <line num="382" count="55" type="stmt"/>
      <line num="383" count="55" type="stmt"/>
      <line num="388" count="0" type="stmt"/>
      <line num="418" count="11" type="stmt"/>
      <line num="420" count="11" type="cond" truecount="2" falsecount="0"/>
      <line num="421" count="6" type="stmt"/>
      <line num="423" count="5" type="stmt"/>
      <line num="426" count="11" type="cond" truecount="3" falsecount="0"/>
      <line num="427" count="3" type="stmt"/>
      <line num="428" count="3" type="stmt"/>
      <line num="431" count="0" type="stmt"/>
      <line num="435" count="11" type="stmt"/>
      <line num="436" count="11" type="cond" truecount="1" falsecount="0"/>
      <line num="437" count="1" type="stmt"/>
      <line num="440" count="10" type="stmt"/>
      <line num="441" count="10" type="cond" truecount="1" falsecount="0"/>
      <line num="442" count="10" type="stmt"/>
      <line num="445" count="10" type="stmt"/>
    </file>
  </project>
</coverage>
