TN:
SF:src/coord.ts
FN:12,calculateDistance
FN:28,calculateAngle
FN:43,step
FN:53,floor
FN:63,round
FN:73,ceiling
FN:83,normalizedSubtraction
FN:98,addVectorAndMagnitude
FN:116,getCoordinatesWithinRadius
FN:146,followPath
FN:195,equals
FNF:11
FNH:10
FNDA:6,calculateDistance
FNDA:4,calculateAngle
FNDA:385,step
FNDA:29,floor
FNDA:0,round
FNDA:6,ceiling
FNDA:1,normalizedSubtraction
FNDA:1,addVectorAndMagnitude
FNDA:1,getCoordinatesWithinRadius
FNDA:2,followPath
FNDA:2,equals
DA:12,2
DA:13,6
DA:14,6
DA:15,6
DA:29,4
DA:30,4
DA:32,4
DA:43,2
DA:44,385
DA:53,2
DA:54,29
DA:63,2
DA:64,0
DA:73,2
DA:74,6
DA:83,2
DA:84,1
DA:85,1
DA:86,1
DA:88,1
DA:98,2
DA:103,1
DA:104,1
DA:107,1
DA:116,2
DA:120,1
DA:121,1
DA:122,1
DA:124,1
DA:125,5
DA:126,25
DA:127,25
DA:129,25
DA:130,13
DA:135,1
DA:146,2
DA:152,2
DA:153,2
DA:154,2
DA:155,4
DA:156,4
DA:157,4
DA:159,4
DA:160,4
DA:162,4
DA:163,4
DA:165,3
DA:166,3
DA:169,3
DA:172,1
DA:177,1
DA:181,2
DA:195,2
DA:196,2
LF:54
LH:53
BRDA:129,0,0,13
BRDA:163,1,0,3
BRDA:163,1,1,1
BRDA:196,2,0,2
BRDA:196,2,1,1
BRF:5
BRH:5
end_of_record
TN:
SF:src/pathFinder.ts
FN:11,(anonymous_0)
FN:48,(anonymous_1)
FN:67,(anonymous_2)
FN:80,(anonymous_3)
FN:94,(anonymous_4)
FN:115,(anonymous_5)
FN:131,(anonymous_6)
FN:162,(anonymous_7)
FN:238,(anonymous_8)
FN:266,(anonymous_9)
FN:281,(anonymous_10)
FN:310,(anonymous_11)
FN:352,(anonymous_12)
FN:412,(anonymous_13)
FNF:14
FNH:14
FNDA:42,(anonymous_0)
FNDA:1,(anonymous_1)
FNDA:2,(anonymous_2)
FNDA:4,(anonymous_3)
FNDA:321,(anonymous_4)
FNDA:62,(anonymous_5)
FNDA:11,(anonymous_6)
FNDA:41,(anonymous_7)
FNDA:10,(anonymous_8)
FNDA:21,(anonymous_9)
FNDA:10,(anonymous_10)
FNDA:11,(anonymous_11)
FNDA:3,(anonymous_12)
FNDA:11,(anonymous_13)
DA:1,1
DA:4,1
DA:8,42
DA:12,42
DA:13,42
DA:18,42
DA:19,42
DA:20,84
DA:22,42
DA:29,42
DA:30,42
DA:31,126
DA:32,126
DA:33,378
DA:34,378
DA:38,42
DA:39,42
DA:40,42
DA:52,1
DA:53,1
DA:54,1
DA:57,1
DA:68,2
DA:81,4
DA:95,321
DA:96,6
DA:98,315
DA:99,116
DA:101,199
DA:102,199
DA:105,199
DA:116,62
DA:137,11
DA:138,11
DA:139,11
DA:140,11
DA:141,11
DA:142,11
DA:144,11
DA:145,11
DA:146,11
DA:147,11
DA:148,11
DA:150,11
DA:151,58
DA:152,58
DA:153,0
DA:159,0
DA:162,58
DA:163,58
DA:164,58
DA:166,58
DA:167,10
DA:171,48
DA:172,0
DA:175,48
DA:185,384
DA:186,384
DA:188,384
DA:194,194
DA:195,144
DA:196,50
DA:200,50
DA:204,94
DA:205,94
DA:206,51
DA:207,51
DA:208,51
DA:212,51
DA:219,1
DA:242,10
DA:243,10
DA:245,10
DA:246,30
DA:247,30
DA:248,30
DA:251,10
DA:252,10
DA:267,21
DA:282,10
DA:283,1
DA:286,9
DA:288,9
DA:289,21
DA:290,12
DA:294,9
DA:295,9
DA:311,11
DA:313,11
DA:314,0
DA:318,11
DA:319,1
DA:323,10
DA:324,2
DA:328,8
DA:329,8
DA:335,0
DA:353,3
DA:364,3
DA:365,3
DA:366,3
DA:368,3
DA:369,17
DA:370,17
DA:371,3
DA:374,14
DA:375,112
DA:379,112
DA:381,112
DA:382,55
DA:383,55
DA:388,0
DA:418,11
DA:420,11
DA:421,6
DA:423,5
DA:426,11
DA:427,3
DA:428,3
DA:431,0
DA:435,11
DA:436,11
DA:437,1
DA:440,10
DA:441,10
DA:442,10
DA:445,10
LF:127
LH:120
BRDA:95,0,0,6
BRDA:95,1,0,321
BRDA:95,1,1,319
BRDA:95,1,2,319
BRDA:95,1,3,317
BRDA:98,2,0,116
BRDA:102,3,0,199
BRDA:102,3,1,9
BRDA:152,4,0,0
BRDA:166,5,0,10
BRDA:166,6,0,58
BRDA:166,6,1,21
BRDA:171,7,0,0
BRDA:171,8,0,48
BRDA:171,8,1,0
BRDA:188,9,0,194
BRDA:189,10,0,384
BRDA:189,10,1,330
BRDA:189,10,2,276
BRDA:189,10,3,224
BRDA:194,11,0,144
BRDA:195,12,0,50
BRDA:195,13,0,144
BRDA:195,13,1,96
BRDA:196,14,0,50
BRDA:197,15,0,50
BRDA:197,15,1,23
BRDA:204,16,0,94
BRDA:204,16,1,0
BRDA:204,17,0,94
BRDA:204,17,1,94
BRDA:205,18,0,51
BRDA:205,19,0,43
BRDA:205,19,1,51
BRDA:205,20,0,94
BRDA:205,20,1,94
BRDA:282,21,0,1
BRDA:289,22,0,12
BRDA:313,23,0,0
BRDA:313,23,1,11
BRDA:313,24,0,11
BRDA:313,24,1,2
BRDA:315,25,0,0
BRDA:315,25,1,0
BRDA:318,26,0,1
BRDA:318,26,1,10
BRDA:318,27,0,11
BRDA:318,27,1,9
BRDA:320,28,0,1
BRDA:320,28,1,1
BRDA:323,29,0,2
BRDA:323,29,1,8
BRDA:323,30,0,10
BRDA:323,30,1,2
BRDA:325,31,0,2
BRDA:325,31,1,1
BRDA:328,32,0,8
BRDA:328,33,0,8
BRDA:328,33,1,8
BRDA:330,34,0,8
BRDA:330,34,1,7
BRDA:370,35,0,3
BRDA:381,36,0,55
BRDA:416,37,0,0
BRDA:420,38,0,6
BRDA:420,38,1,5
BRDA:426,39,0,3
BRDA:426,40,0,11
BRDA:426,40,1,11
BRDA:436,41,0,1
BRDA:441,42,0,10
BRF:71
BRH:63
end_of_record
