TN:
SF:src/coord.ts
FN:7,calculateDistance
FN:14,calculateAngle
FN:22,step
FN:27,floor
FN:32,round
FN:37,ceiling
FN:42,normalizedSubtraction
FN:51,addVectorAndMagnitude
FN:63,getCoordinatesWithinRadius
FN:85,followPath
FN:125,equals
FNF:11
FNH:10
FNDA:6,calculateDistance
FNDA:4,calculateAngle
FNDA:385,step
FNDA:29,floor
FNDA:0,round
FNDA:6,ceiling
FNDA:1,normalizedSubtraction
FNDA:1,addVectorAndMagnitude
FNDA:1,getCoordinatesWithinRadius
FNDA:2,followPath
FNDA:2,equals
DA:7,2
DA:8,6
DA:9,6
DA:10,6
DA:15,4
DA:16,4
DA:18,4
DA:22,2
DA:23,385
DA:27,2
DA:28,29
DA:32,2
DA:33,0
DA:37,2
DA:38,6
DA:42,2
DA:43,1
DA:44,1
DA:45,1
DA:47,1
DA:51,2
DA:56,1
DA:57,1
DA:60,1
DA:63,2
DA:67,1
DA:68,1
DA:69,1
DA:71,1
DA:72,5
DA:73,25
DA:74,25
DA:76,25
DA:77,13
DA:82,1
DA:85,2
DA:91,2
DA:92,2
DA:93,2
DA:95,4
DA:96,4
DA:97,4
DA:99,4
DA:100,4
DA:102,4
DA:104,4
DA:106,3
DA:107,3
DA:110,3
DA:113,1
DA:118,1
DA:122,2
DA:125,2
DA:126,2
LF:54
LH:53
BRDA:76,0,0,13
BRDA:104,1,0,3
BRDA:104,1,1,1
BRDA:126,2,0,2
BRDA:126,2,1,1
BRF:5
BRH:5
end_of_record
TN:
SF:src/pathFinder.ts
FN:11,(anonymous_0)
FN:43,(anonymous_1)
FN:55,(anonymous_2)
FN:59,(anonymous_3)
FN:63,(anonymous_4)
FN:77,(anonymous_5)
FN:81,(anonymous_6)
FN:112,(anonymous_7)
FN:172,(anonymous_8)
FN:189,(anonymous_9)
FN:193,(anonymous_10)
FN:222,(anonymous_11)
FN:264,(anonymous_12)
FN:303,(anonymous_13)
FNF:14
FNH:14
FNDA:42,(anonymous_0)
FNDA:1,(anonymous_1)
FNDA:2,(anonymous_2)
FNDA:4,(anonymous_3)
FNDA:321,(anonymous_4)
FNDA:62,(anonymous_5)
FNDA:11,(anonymous_6)
FNDA:41,(anonymous_7)
FNDA:10,(anonymous_8)
FNDA:21,(anonymous_9)
FNDA:10,(anonymous_10)
FNDA:11,(anonymous_11)
FNDA:3,(anonymous_12)
FNDA:11,(anonymous_13)
DA:1,1
DA:4,1
DA:8,42
DA:12,42
DA:13,42
DA:18,42
DA:19,42
DA:20,84
DA:22,42
DA:29,42
DA:30,42
DA:31,126
DA:32,126
DA:33,378
DA:34,378
DA:38,42
DA:39,42
DA:40,42
DA:47,1
DA:48,1
DA:49,1
DA:52,1
DA:56,2
DA:60,4
DA:64,321
DA:65,6
DA:67,315
DA:68,116
DA:70,199
DA:71,199
DA:74,199
DA:78,62
DA:87,11
DA:88,11
DA:89,11
DA:90,11
DA:91,11
DA:92,11
DA:94,11
DA:95,11
DA:96,11
DA:97,11
DA:98,11
DA:100,11
DA:101,58
DA:102,58
DA:103,0
DA:109,0
DA:112,58
DA:113,58
DA:114,58
DA:116,58
DA:117,10
DA:121,48
DA:122,0
DA:125,48
DA:135,384
DA:136,384
DA:138,384
DA:144,194
DA:145,144
DA:146,50
DA:150,50
DA:154,94
DA:155,94
DA:156,51
DA:157,51
DA:158,51
DA:162,51
DA:169,1
DA:176,10
DA:177,10
DA:179,10
DA:180,30
DA:181,30
DA:182,30
DA:185,10
DA:186,10
DA:190,21
DA:194,10
DA:195,1
DA:198,9
DA:200,9
DA:201,21
DA:202,12
DA:206,9
DA:207,9
DA:223,11
DA:225,11
DA:226,0
DA:230,11
DA:231,1
DA:235,10
DA:236,2
DA:240,8
DA:241,8
DA:247,0
DA:265,3
DA:276,3
DA:277,3
DA:278,3
DA:280,3
DA:281,17
DA:282,17
DA:283,3
DA:286,14
DA:287,112
DA:291,112
DA:293,112
DA:294,55
DA:295,55
DA:300,0
DA:309,11
DA:311,11
DA:312,6
DA:314,5
DA:317,11
DA:318,3
DA:319,3
DA:322,0
DA:326,11
DA:327,11
DA:328,1
DA:331,10
DA:332,10
DA:333,10
DA:336,10
LF:127
LH:120
BRDA:64,0,0,6
BRDA:64,1,0,321
BRDA:64,1,1,319
BRDA:64,1,2,319
BRDA:64,1,3,317
BRDA:67,2,0,116
BRDA:71,3,0,199
BRDA:71,3,1,9
BRDA:102,4,0,0
BRDA:116,5,0,10
BRDA:116,6,0,58
BRDA:116,6,1,21
BRDA:121,7,0,0
BRDA:121,8,0,48
BRDA:121,8,1,0
BRDA:138,9,0,194
BRDA:139,10,0,384
BRDA:139,10,1,330
BRDA:139,10,2,276
BRDA:139,10,3,224
BRDA:144,11,0,144
BRDA:145,12,0,50
BRDA:145,13,0,144
BRDA:145,13,1,96
BRDA:146,14,0,50
BRDA:147,15,0,50
BRDA:147,15,1,23
BRDA:154,16,0,94
BRDA:154,16,1,0
BRDA:154,17,0,94
BRDA:154,17,1,94
BRDA:155,18,0,51
BRDA:155,19,0,43
BRDA:155,19,1,51
BRDA:155,20,0,94
BRDA:155,20,1,94
BRDA:194,21,0,1
BRDA:201,22,0,12
BRDA:225,23,0,0
BRDA:225,23,1,11
BRDA:225,24,0,11
BRDA:225,24,1,2
BRDA:227,25,0,0
BRDA:227,25,1,0
BRDA:230,26,0,1
BRDA:230,26,1,10
BRDA:230,27,0,11
BRDA:230,27,1,9
BRDA:232,28,0,1
BRDA:232,28,1,1
BRDA:235,29,0,2
BRDA:235,29,1,8
BRDA:235,30,0,10
BRDA:235,30,1,2
BRDA:237,31,0,2
BRDA:237,31,1,1
BRDA:240,32,0,8
BRDA:240,33,0,8
BRDA:240,33,1,8
BRDA:242,34,0,8
BRDA:242,34,1,7
BRDA:282,35,0,3
BRDA:293,36,0,55
BRDA:307,37,0,0
BRDA:311,38,0,6
BRDA:311,38,1,5
BRDA:317,39,0,3
BRDA:317,40,0,11
BRDA:317,40,1,11
BRDA:327,41,0,1
BRDA:332,42,0,10
BRF:71
BRH:63
end_of_record
