<?xml version="1.0" encoding="UTF-8"?>
<coverage generated="1738132018319" clover="3.2.0">
  <project timestamp="1738132018320" name="All files">
    <metrics statements="1570" coveredstatements="991" conditionals="395" coveredconditionals="137" methods="378" coveredmethods="208" elements="2343" coveredelements="1336" complexity="0" loc="1570" ncloc="1570" packages="21" files="75" classes="75"/>
    <package name="src.community">
      <metrics statements="48" coveredstatements="21" conditionals="5" coveredconditionals="2" methods="9" coveredmethods="5"/>
      <file name="community.ts" path="/Users/Ryan/Documents/CSC369/potions/packages/server/src/community/community.ts">
        <metrics statements="16" coveredstatements="12" conditionals="2" coveredconditionals="1" methods="5" coveredmethods="4"/>
        <line num="1" count="18" type="stmt"/>
        <line num="3" count="18" type="stmt"/>
        <line num="8" count="30" type="stmt"/>
        <line num="9" count="30" type="stmt"/>
        <line num="13" count="1" type="stmt"/>
        <line num="22" count="30" type="stmt"/>
        <line num="28" count="30" type="stmt"/>
        <line num="32" count="0" type="stmt"/>
        <line num="41" count="0" type="cond" truecount="0" falsecount="1"/>
        <line num="42" count="0" type="stmt"/>
        <line num="45" count="0" type="stmt"/>
        <line num="68" count="2" type="stmt"/>
        <line num="80" count="2" type="cond" truecount="1" falsecount="0"/>
        <line num="81" count="1" type="stmt"/>
        <line num="85" count="1" type="stmt"/>
        <line num="88" count="18" type="stmt"/>
      </file>
      <file name="house.ts" path="/Users/Ryan/Documents/CSC369/potions/packages/server/src/community/house.ts">
        <metrics statements="32" coveredstatements="9" conditionals="3" coveredconditionals="1" methods="4" coveredmethods="1"/>
        <line num="1" count="18" type="stmt"/>
        <line num="3" count="18" type="stmt"/>
        <line num="4" count="18" type="stmt"/>
        <line num="5" count="18" type="stmt"/>
        <line num="16" count="18" type="stmt"/>
        <line num="30" count="0" type="stmt"/>
        <line num="31" count="0" type="stmt"/>
        <line num="32" count="0" type="stmt"/>
        <line num="33" count="0" type="stmt"/>
        <line num="34" count="0" type="stmt"/>
        <line num="38" count="0" type="stmt"/>
        <line num="45" count="31" type="stmt"/>
        <line num="57" count="31" type="cond" truecount="1" falsecount="0"/>
        <line num="58" count="31" type="stmt"/>
        <line num="61" count="0" type="stmt"/>
        <line num="70" count="0" type="stmt"/>
        <line num="71" count="0" type="stmt"/>
        <line num="75" count="0" type="stmt"/>
        <line num="77" count="0" type="stmt"/>
        <line num="91" count="0" type="stmt"/>
        <line num="99" count="0" type="stmt"/>
        <line num="100" count="0" type="stmt"/>
        <line num="106" count="0" type="stmt"/>
        <line num="114" count="0" type="stmt"/>
        <line num="115" count="0" type="stmt"/>
        <line num="116" count="0" type="cond" truecount="0" falsecount="1"/>
        <line num="117" count="0" type="stmt"/>
        <line num="124" count="0" type="stmt"/>
        <line num="125" count="0" type="cond" truecount="0" falsecount="1"/>
        <line num="126" count="0" type="stmt"/>
        <line num="135" count="0" type="stmt"/>
        <line num="138" count="18" type="stmt"/>
      </file>
    </package>
    <package name="src.date">
      <metrics statements="54" coveredstatements="25" conditionals="32" coveredconditionals="0" methods="7" coveredmethods="4"/>
      <file name="fantasyDate.ts" path="/Users/Ryan/Documents/CSC369/potions/packages/server/src/date/fantasyDate.ts">
        <metrics statements="54" coveredstatements="25" conditionals="32" coveredconditionals="0" methods="7" coveredmethods="4"/>
        <line num="1" count="18" type="stmt"/>
        <line num="2" count="18" type="stmt"/>
        <line num="4" count="18" type="stmt"/>
        <line num="5" count="18" type="stmt"/>
        <line num="6" count="18" type="stmt"/>
        <line num="7" count="18" type="stmt"/>
        <line num="9" count="18" type="stmt"/>
        <line num="27" count="11" type="stmt"/>
        <line num="28" count="11" type="stmt"/>
        <line num="29" count="11" type="stmt"/>
        <line num="30" count="11" type="stmt"/>
        <line num="31" count="11" type="stmt"/>
        <line num="32" count="11" type="stmt"/>
        <line num="36" count="0" type="stmt"/>
        <line num="40" count="0" type="stmt"/>
        <line num="44" count="0" type="stmt"/>
        <line num="45" count="0" type="cond" truecount="0" falsecount="4"/>
        <line num="46" count="0" type="stmt"/>
        <line num="47" count="0" type="cond" truecount="0" falsecount="4"/>
        <line num="48" count="0" type="stmt"/>
        <line num="49" count="0" type="cond" truecount="0" falsecount="4"/>
        <line num="50" count="0" type="stmt"/>
        <line num="51" count="0" type="cond" truecount="0" falsecount="4"/>
        <line num="52" count="0" type="stmt"/>
        <line num="53" count="0" type="cond" truecount="0" falsecount="4"/>
        <line num="54" count="0" type="stmt"/>
        <line num="55" count="0" type="cond" truecount="0" falsecount="3"/>
        <line num="56" count="0" type="stmt"/>
        <line num="59" count="0" type="stmt"/>
        <line num="60" count="0" type="cond" truecount="0" falsecount="2"/>
        <line num="61" count="0" type="stmt"/>
        <line num="63" count="0" type="stmt"/>
        <line num="66" count="0" type="stmt"/>
        <line num="67" count="0" type="cond" truecount="0" falsecount="2"/>
        <line num="68" count="0" type="stmt"/>
        <line num="69" count="0" type="cond" truecount="0" falsecount="2"/>
        <line num="70" count="0" type="stmt"/>
        <line num="71" count="0" type="cond" truecount="0" falsecount="2"/>
        <line num="72" count="0" type="stmt"/>
        <line num="74" count="0" type="stmt"/>
        <line num="77" count="0" type="stmt"/>
        <line num="81" count="11" type="stmt"/>
        <line num="89" count="11" type="stmt"/>
        <line num="90" count="11" type="stmt"/>
        <line num="92" count="11" type="stmt"/>
        <line num="96" count="11" type="stmt"/>
        <line num="101" count="11" type="stmt"/>
        <line num="106" count="11" type="stmt"/>
        <line num="110" count="47" type="stmt"/>
        <line num="117" count="47" type="stmt"/>
        <line num="123" count="47" type="stmt"/>
        <line num="125" count="47" type="cond" truecount="0" falsecount="1"/>
        <line num="126" count="0" type="stmt"/>
        <line num="131" count="4" type="stmt"/>
      </file>
    </package>
    <package name="src.generate">
      <metrics statements="40" coveredstatements="25" conditionals="4" coveredconditionals="2" methods="7" coveredmethods="2"/>
      <file name="generateWorld.ts" path="/Users/Ryan/Documents/CSC369/potions/packages/server/src/generate/generateWorld.ts">
        <metrics statements="27" coveredstatements="12" conditionals="2" coveredconditionals="0" methods="6" coveredmethods="1"/>
        <line num="1" count="18" type="stmt"/>
        <line num="2" count="18" type="stmt"/>
        <line num="4" count="18" type="stmt"/>
        <line num="5" count="18" type="stmt"/>
        <line num="6" count="18" type="stmt"/>
        <line num="7" count="18" type="stmt"/>
        <line num="8" count="18" type="stmt"/>
        <line num="9" count="18" type="stmt"/>
        <line num="15" count="18" type="stmt"/>
        <line num="27" count="18" type="stmt"/>
        <line num="28" count="0" type="stmt"/>
        <line num="30" count="0" type="stmt"/>
        <line num="31" count="0" type="stmt"/>
        <line num="34" count="0" type="stmt"/>
        <line num="35" count="0" type="stmt"/>
        <line num="36" count="0" type="stmt"/>
        <line num="43" count="0" type="stmt"/>
        <line num="44" count="0" type="stmt"/>
        <line num="51" count="0" type="stmt"/>
        <line num="58" count="0" type="stmt"/>
        <line num="68" count="0" type="stmt"/>
        <line num="69" count="0" type="stmt"/>
        <line num="79" count="0" type="stmt"/>
        <line num="88" count="0" type="stmt"/>
        <line num="101" count="0" type="stmt"/>
        <line num="104" count="18" type="stmt"/>
        <line num="105" count="32" type="stmt"/>
      </file>
      <file name="socialWorld.ts" path="/Users/Ryan/Documents/CSC369/potions/packages/server/src/generate/socialWorld.ts">
        <metrics statements="13" coveredstatements="13" conditionals="2" coveredconditionals="2" methods="1" coveredmethods="1"/>
        <line num="1" count="18" type="stmt"/>
        <line num="4" count="18" type="stmt"/>
        <line num="7" count="32" type="stmt"/>
        <line num="9" count="32" type="stmt"/>
        <line num="10" count="32" type="stmt"/>
        <line num="11" count="64" type="stmt"/>
        <line num="18" count="64" type="stmt"/>
        <line num="19" count="64" type="stmt"/>
        <line num="22" count="32" type="stmt"/>
        <line num="23" count="384" type="stmt"/>
        <line num="28" count="32" type="stmt"/>
        <line num="29" count="96" type="stmt"/>
        <line num="40" count="32" type="stmt"/>
      </file>
    </package>
    <package name="src.items">
      <metrics statements="285" coveredstatements="221" conditionals="73" coveredconditionals="48" methods="66" coveredmethods="48"/>
      <file name="carryable.ts" path="/Users/Ryan/Documents/CSC369/potions/packages/server/src/items/carryable.ts">
        <metrics statements="34" coveredstatements="19" conditionals="7" coveredconditionals="2" methods="6" coveredmethods="4"/>
        <line num="2" count="18" type="stmt"/>
        <line num="3" count="18" type="stmt"/>
        <line num="4" count="18" type="stmt"/>
        <line num="5" count="18" type="stmt"/>
        <line num="7" count="18" type="stmt"/>
        <line num="11" count="3" type="stmt"/>
        <line num="15" count="3" type="cond" truecount="1" falsecount="0"/>
        <line num="16" count="3" type="stmt"/>
        <line num="19" count="0" type="stmt"/>
        <line num="24" count="2" type="cond" truecount="0" falsecount="1"/>
        <line num="25" count="0" type="stmt"/>
        <line num="29" count="2" type="cond" truecount="1" falsecount="0"/>
        <line num="30" count="1" type="stmt"/>
        <line num="34" count="1" type="stmt"/>
        <line num="35" count="1" type="stmt"/>
        <line num="38" count="1" type="stmt"/>
        <line num="40" count="1" type="stmt"/>
        <line num="44" count="3" type="stmt"/>
        <line num="52" count="3" type="stmt"/>
        <line num="53" count="3" type="stmt"/>
        <line num="55" count="3" type="stmt"/>
        <line num="59" count="0" type="cond" truecount="0" falsecount="2"/>
        <line num="60" count="0" type="stmt"/>
        <line num="62" count="0" type="stmt"/>
        <line num="74" count="0" type="stmt"/>
        <line num="75" count="0" type="stmt"/>
        <line num="77" count="0" type="stmt"/>
        <line num="79" count="0" type="cond" truecount="0" falsecount="1"/>
        <line num="80" count="0" type="stmt"/>
        <line num="83" count="0" type="stmt"/>
        <line num="87" count="0" type="stmt"/>
        <line num="96" count="0" type="stmt"/>
        <line num="98" count="0" type="cond" truecount="0" falsecount="1"/>
        <line num="99" count="0" type="stmt"/>
      </file>
      <file name="cauldron.ts" path="/Users/Ryan/Documents/CSC369/potions/packages/server/src/items/cauldron.ts">
        <metrics statements="32" coveredstatements="30" conditionals="9" coveredconditionals="8" methods="7" coveredmethods="7"/>
        <line num="1" count="18" type="stmt"/>
        <line num="4" count="18" type="stmt"/>
        <line num="10" count="18" type="stmt"/>
        <line num="14" count="10" type="stmt"/>
        <line num="18" count="10" type="cond" truecount="1" falsecount="0"/>
        <line num="22" count="10" type="stmt"/>
        <line num="24" count="0" type="stmt"/>
        <line num="28" count="9" type="stmt"/>
        <line num="32" count="11" type="stmt"/>
        <line num="36" count="1" type="stmt"/>
        <line num="37" count="1" type="stmt"/>
        <line num="39" count="1" type="stmt"/>
        <line num="43" count="6" type="stmt"/>
        <line num="45" count="6" type="cond" truecount="1" falsecount="0"/>
        <line num="51" count="5" type="cond" truecount="1" falsecount="0"/>
        <line num="52" count="2" type="stmt"/>
        <line num="56" count="2" type="stmt"/>
        <line num="57" count="2" type="stmt"/>
        <line num="58" count="2" type="stmt"/>
        <line num="62" count="3" type="stmt"/>
        <line num="65" count="3" type="stmt"/>
        <line num="71" count="3" type="stmt"/>
        <line num="73" count="3" type="stmt"/>
        <line num="74" count="3" type="stmt"/>
        <line num="78" count="3" type="stmt"/>
        <line num="80" count="1" type="stmt"/>
        <line num="84" count="3" type="cond" truecount="0" falsecount="1"/>
        <line num="85" count="0" type="stmt"/>
        <line num="88" count="3" type="stmt"/>
        <line num="90" count="3" type="stmt"/>
        <line num="96" count="3" type="stmt"/>
        <line num="97" count="3" type="stmt"/>
      </file>
      <file name="container.ts" path="/Users/Ryan/Documents/CSC369/potions/packages/server/src/items/container.ts">
        <metrics statements="22" coveredstatements="18" conditionals="8" coveredconditionals="7" methods="7" coveredmethods="6"/>
        <line num="1" count="18" type="stmt"/>
        <line num="5" count="18" type="stmt"/>
        <line num="9" count="4" type="stmt"/>
        <line num="13" count="4" type="cond" truecount="3" falsecount="0"/>
        <line num="14" count="4" type="stmt"/>
        <line num="17" count="0" type="stmt"/>
        <line num="21" count="4" type="stmt"/>
        <line num="25" count="1" type="stmt"/>
        <line num="29" count="0" type="stmt"/>
        <line num="33" count="3" type="stmt"/>
        <line num="35" count="3" type="cond" truecount="3" falsecount="0"/>
        <line num="36" count="3" type="cond" truecount="1" falsecount="0"/>
        <line num="37" count="1" type="stmt"/>
        <line num="39" count="2" type="stmt"/>
        <line num="40" count="2" type="stmt"/>
        <line num="42" count="2" type="stmt"/>
        <line num="45" count="0" type="stmt"/>
        <line num="49" count="1" type="cond" truecount="0" falsecount="1"/>
        <line num="50" count="0" type="stmt"/>
        <line num="53" count="1" type="stmt"/>
        <line num="55" count="1" type="stmt"/>
        <line num="61" count="1" type="stmt"/>
      </file>
      <file name="item.ts" path="/Users/Ryan/Documents/CSC369/potions/packages/server/src/items/item.ts">
        <metrics statements="105" coveredstatements="95" conditionals="22" coveredconditionals="16" methods="21" coveredmethods="18"/>
        <line num="1" count="18" type="stmt"/>
        <line num="2" count="18" type="stmt"/>
        <line num="3" count="18" type="stmt"/>
        <line num="4" count="18" type="stmt"/>
        <line num="5" count="18" type="stmt"/>
        <line num="9" count="18" type="stmt"/>
        <line num="10" count="18" type="stmt"/>
        <line num="14" count="2" type="stmt"/>
        <line num="15" count="16" type="stmt"/>
        <line num="16" count="16" type="stmt"/>
        <line num="18" count="2" type="stmt"/>
        <line num="52" count="18" type="stmt"/>
        <line num="58" count="127" type="stmt"/>
        <line num="76" count="127" type="stmt"/>
        <line num="77" count="127" type="stmt"/>
        <line num="78" count="127" type="stmt"/>
        <line num="79" count="127" type="stmt"/>
        <line num="80" count="127" type="stmt"/>
        <line num="81" count="127" type="stmt"/>
        <line num="82" count="127" type="stmt"/>
        <line num="83" count="127" type="stmt"/>
        <line num="84" count="127" type="stmt"/>
        <line num="86" count="127" type="stmt"/>
        <line num="87" count="116" type="stmt"/>
        <line num="95" count="127" type="stmt"/>
        <line num="97" count="116" type="stmt"/>
        <line num="98" count="116" type="stmt"/>
        <line num="102" count="127" type="stmt"/>
        <line num="111" count="127" type="stmt"/>
        <line num="115" count="47" type="stmt"/>
        <line num="131" count="47" type="stmt"/>
        <line num="132" count="47" type="cond" truecount="1" falsecount="0"/>
        <line num="133" count="44" type="stmt"/>
        <line num="134" count="47" type="stmt"/>
        <line num="138" count="47" type="stmt"/>
        <line num="139" count="22" type="stmt"/>
        <line num="142" count="47" type="stmt"/>
        <line num="143" count="53" type="stmt"/>
        <line num="151" count="47" type="cond" truecount="1" falsecount="0"/>
        <line num="152" count="17" type="stmt"/>
        <line num="153" count="17" type="stmt"/>
        <line num="156" count="47" type="stmt"/>
        <line num="160" count="183" type="stmt"/>
        <line num="169" count="183" type="cond" truecount="1" falsecount="0"/>
        <line num="170" count="138" type="stmt"/>
        <line num="173" count="45" type="stmt"/>
        <line num="177" count="138" type="stmt"/>
        <line num="193" count="138" type="cond" truecount="1" falsecount="0"/>
        <line num="194" count="11" type="stmt"/>
        <line num="197" count="127" type="stmt"/>
        <line num="205" count="127" type="stmt"/>
        <line num="207" count="127" type="stmt"/>
        <line num="211" count="4" type="stmt"/>
        <line num="216" count="4" type="stmt"/>
        <line num="225" count="2" type="stmt"/>
        <line num="232" count="2" type="stmt"/>
        <line num="238" count="2" type="stmt"/>
        <line num="239" count="1" type="stmt"/>
        <line num="242" count="2" type="stmt"/>
        <line num="246" count="39" type="stmt"/>
        <line num="248" count="39" type="cond" truecount="1" falsecount="0"/>
        <line num="249" count="37" type="stmt"/>
        <line num="252" count="2" type="stmt"/>
        <line num="254" count="2" type="stmt"/>
        <line num="256" count="2" type="stmt"/>
        <line num="258" count="2" type="stmt"/>
        <line num="259" count="6" type="stmt"/>
        <line num="260" count="6" type="stmt"/>
        <line num="264" count="18" type="stmt"/>
        <line num="269" count="2" type="stmt"/>
        <line num="272" count="2" type="stmt"/>
        <line num="273" count="10" type="cond" truecount="3" falsecount="0"/>
        <line num="274" count="2" type="stmt"/>
        <line num="278" count="0" type="stmt"/>
        <line num="281" count="0" type="stmt"/>
        <line num="285" count="13" type="stmt"/>
        <line num="286" count="13" type="cond" truecount="2" falsecount="1"/>
        <line num="287" count="0" type="stmt"/>
        <line num="289" count="13" type="stmt"/>
        <line num="290" count="13" type="stmt"/>
        <line num="297" count="13" type="cond" truecount="1" falsecount="0"/>
        <line num="298" count="4" type="stmt"/>
        <line num="303" count="18" type="stmt"/>
        <line num="304" count="18" type="cond" truecount="0" falsecount="1"/>
        <line num="305" count="0" type="stmt"/>
        <line num="309" count="18" type="stmt"/>
        <line num="310" count="18" type="stmt"/>
        <line num="311" count="18" type="stmt"/>
        <line num="318" count="18" type="stmt"/>
        <line num="322" count="70" type="stmt"/>
        <line num="326" count="41" type="stmt"/>
        <line num="330" count="2" type="cond" truecount="0" falsecount="1"/>
        <line num="331" count="0" type="stmt"/>
        <line num="333" count="2" type="stmt"/>
        <line num="334" count="2" type="stmt"/>
        <line num="335" count="2" type="cond" truecount="0" falsecount="1"/>
        <line num="336" count="0" type="stmt"/>
        <line num="338" count="2" type="stmt"/>
        <line num="343" count="0" type="stmt"/>
        <line num="352" count="0" type="stmt"/>
        <line num="356" count="17" type="stmt"/>
        <line num="364" count="17" type="stmt"/>
        <line num="372" count="0" type="stmt"/>
        <line num="373" count="0" type="stmt"/>
        <line num="376" count="18" type="stmt"/>
      </file>
      <file name="itemGenerator.ts" path="/Users/Ryan/Documents/CSC369/potions/packages/server/src/items/itemGenerator.ts">
        <metrics statements="23" coveredstatements="21" conditionals="7" coveredconditionals="5" methods="6" coveredmethods="6"/>
        <line num="2" count="18" type="stmt"/>
        <line num="3" count="18" type="stmt"/>
        <line num="6" count="18" type="stmt"/>
        <line num="21" count="18" type="stmt"/>
        <line num="22" count="65" type="stmt"/>
        <line num="23" count="65" type="stmt"/>
        <line num="24" count="65" type="stmt"/>
        <line num="27" count="65" type="stmt"/>
        <line num="28" count="770" type="stmt"/>
        <line num="30" count="770" type="cond" truecount="0" falsecount="1"/>
        <line num="32" count="256" type="stmt"/>
        <line num="35" count="0" type="stmt"/>
        <line num="41" count="127" type="stmt"/>
        <line num="45" count="2" type="stmt"/>
        <line num="58" count="47" type="cond" truecount="2" falsecount="0"/>
        <line num="59" count="47" type="stmt"/>
        <line num="60" count="47" type="stmt"/>
        <line num="61" count="47" type="cond" truecount="0" falsecount="1"/>
        <line num="62" count="0" type="stmt"/>
        <line num="65" count="47" type="cond" truecount="1" falsecount="0"/>
        <line num="66" count="37" type="stmt"/>
        <line num="68" count="47" type="stmt"/>
        <line num="82" count="32" type="stmt"/>
      </file>
      <file name="potionEffects.ts" path="/Users/Ryan/Documents/CSC369/potions/packages/server/src/items/potionEffects.ts">
        <metrics statements="14" coveredstatements="10" conditionals="3" coveredconditionals="2" methods="1" coveredmethods="1"/>
        <line num="2" count="18" type="stmt"/>
        <line num="4" count="18" type="stmt"/>
        <line num="5" count="4" type="stmt"/>
        <line num="9" count="4" type="cond" truecount="1" falsecount="1"/>
        <line num="10" count="0" type="stmt"/>
        <line num="11" count="0" type="stmt"/>
        <line num="12" count="0" type="stmt"/>
        <line num="13" count="4" type="cond" truecount="1" falsecount="0"/>
        <line num="14" count="4" type="stmt"/>
        <line num="15" count="4" type="stmt"/>
        <line num="16" count="4" type="stmt"/>
        <line num="19" count="4" type="stmt"/>
        <line num="21" count="4" type="stmt"/>
        <line num="24" count="0" type="stmt"/>
      </file>
      <file name="purchasable.ts" path="/Users/Ryan/Documents/CSC369/potions/packages/server/src/items/purchasable.ts">
        <metrics statements="28" coveredstatements="2" conditionals="9" coveredconditionals="0" methods="12" coveredmethods="0"/>
        <line num="3" count="18" type="stmt"/>
        <line num="5" count="18" type="stmt"/>
        <line num="9" count="0" type="stmt"/>
        <line num="13" count="0" type="cond" truecount="0" falsecount="1"/>
        <line num="19" count="0" type="stmt"/>
        <line num="22" count="0" type="stmt"/>
        <line num="26" count="0" type="stmt"/>
        <line num="30" count="0" type="stmt"/>
        <line num="34" count="0" type="stmt"/>
        <line num="38" count="0" type="stmt"/>
        <line num="42" count="0" type="cond" truecount="0" falsecount="3"/>
        <line num="43" count="0" type="stmt"/>
        <line num="46" count="0" type="stmt"/>
        <line num="47" count="0" type="stmt"/>
        <line num="48" count="0" type="stmt"/>
        <line num="50" count="0" type="stmt"/>
        <line num="56" count="0" type="stmt"/>
        <line num="60" count="0" type="stmt"/>
        <line num="61" count="0" type="stmt"/>
        <line num="65" count="0" type="stmt"/>
        <line num="69" count="0" type="stmt"/>
        <line num="70" count="0" type="cond" truecount="0" falsecount="1"/>
        <line num="71" count="0" type="stmt"/>
        <line num="76" count="0" type="stmt"/>
        <line num="87" count="0" type="stmt"/>
        <line num="89" count="0" type="stmt"/>
        <line num="93" count="0" type="stmt"/>
        <line num="95" count="0" type="stmt"/>
      </file>
      <file name="smashable.ts" path="/Users/Ryan/Documents/CSC369/potions/packages/server/src/items/smashable.ts">
        <metrics statements="27" coveredstatements="26" conditionals="8" coveredconditionals="8" methods="6" coveredmethods="6"/>
        <line num="2" count="18" type="stmt"/>
        <line num="3" count="18" type="stmt"/>
        <line num="5" count="18" type="stmt"/>
        <line num="9" count="7" type="stmt"/>
        <line num="13" count="7" type="cond" truecount="1" falsecount="0"/>
        <line num="14" count="7" type="stmt"/>
        <line num="17" count="0" type="stmt"/>
        <line num="28" count="9" type="stmt"/>
        <line num="29" count="9" type="stmt"/>
        <line num="31" count="9" type="cond" truecount="2" falsecount="0"/>
        <line num="32" count="9" type="stmt"/>
        <line num="36" count="9" type="stmt"/>
        <line num="37" count="9" type="cond" truecount="1" falsecount="0"/>
        <line num="38" count="4" type="stmt"/>
        <line num="39" count="4" type="stmt"/>
        <line num="40" count="4" type="cond" truecount="1" falsecount="0"/>
        <line num="41" count="3" type="stmt"/>
        <line num="47" count="3" type="stmt"/>
        <line num="55" count="4" type="stmt"/>
        <line num="56" count="4" type="cond" truecount="1" falsecount="0"/>
        <line num="57" count="1" type="stmt"/>
        <line num="58" count="1" type="stmt"/>
        <line num="64" count="4" type="stmt"/>
        <line num="65" count="4" type="cond" truecount="1" falsecount="0"/>
        <line num="66" count="1" type="stmt"/>
        <line num="67" count="1" type="stmt"/>
        <line num="68" count="1" type="stmt"/>
      </file>
    </package>
    <package name="src.items.on_ticks">
      <metrics statements="40" coveredstatements="30" conditionals="9" coveredconditionals="4" methods="9" coveredmethods="8"/>
      <file name="onTickConfig.ts" path="/Users/Ryan/Documents/CSC369/potions/packages/server/src/items/on_ticks/onTickConfig.ts">
        <metrics statements="3" coveredstatements="3" conditionals="0" coveredconditionals="0" methods="0" coveredmethods="0"/>
        <line num="1" count="18" type="stmt"/>
        <line num="2" count="18" type="stmt"/>
        <line num="4" count="18" type="stmt"/>
      </file>
      <file name="onTickRegistry.ts" path="/Users/Ryan/Documents/CSC369/potions/packages/server/src/items/on_ticks/onTickRegistry.ts">
        <metrics statements="8" coveredstatements="8" conditionals="0" coveredconditionals="0" methods="5" coveredmethods="5"/>
        <line num="2" count="18" type="stmt"/>
        <line num="4" count="18" type="stmt"/>
        <line num="5" count="18" type="stmt"/>
        <line num="9" count="18" type="stmt"/>
        <line num="13" count="32" type="stmt"/>
        <line num="14" count="64" type="stmt"/>
        <line num="19" count="64" type="stmt"/>
        <line num="23" count="2" type="stmt"/>
      </file>
      <file name="spawnItem.ts" path="/Users/Ryan/Documents/CSC369/potions/packages/server/src/items/on_ticks/spawnItem.ts">
        <metrics statements="16" coveredstatements="15" conditionals="5" coveredconditionals="4" methods="2" coveredmethods="2"/>
        <line num="1" count="18" type="stmt"/>
        <line num="2" count="18" type="stmt"/>
        <line num="5" count="18" type="stmt"/>
        <line num="8" count="32" type="stmt"/>
        <line num="12" count="2" type="cond" truecount="0" falsecount="1"/>
        <line num="13" count="0" type="stmt"/>
        <line num="16" count="2" type="stmt"/>
        <line num="17" count="2" type="stmt"/>
        <line num="18" count="2" type="stmt"/>
        <line num="19" count="2" type="stmt"/>
        <line num="25" count="2" type="stmt"/>
        <line num="26" count="2" type="stmt"/>
        <line num="27" count="2" type="stmt"/>
        <line num="29" count="2" type="cond" truecount="1" falsecount="0"/>
        <line num="34" count="1" type="stmt"/>
        <line num="40" count="2" type="stmt"/>
      </file>
      <file name="spawnMob.ts" path="/Users/Ryan/Documents/CSC369/potions/packages/server/src/items/on_ticks/spawnMob.ts">
        <metrics statements="13" coveredstatements="4" conditionals="4" coveredconditionals="0" methods="2" coveredmethods="1"/>
        <line num="1" count="18" type="stmt"/>
        <line num="2" count="18" type="stmt"/>
        <line num="6" count="18" type="stmt"/>
        <line num="9" count="32" type="stmt"/>
        <line num="13" count="0" type="cond" truecount="0" falsecount="1"/>
        <line num="14" count="0" type="stmt"/>
        <line num="16" count="0" type="stmt"/>
        <line num="17" count="0" type="stmt"/>
        <line num="18" count="0" type="stmt"/>
        <line num="19" count="0" type="stmt"/>
        <line num="21" count="0" type="cond" truecount="0" falsecount="3"/>
        <line num="22" count="0" type="stmt"/>
        <line num="25" count="0" type="stmt"/>
      </file>
    </package>
    <package name="src.items.uses">
      <metrics statements="88" coveredstatements="59" conditionals="13" coveredconditionals="2" methods="26" coveredmethods="14"/>
      <file name="drink.ts" path="/Users/Ryan/Documents/CSC369/potions/packages/server/src/items/uses/drink.ts">
        <metrics statements="10" coveredstatements="8" conditionals="1" coveredconditionals="0" methods="3" coveredmethods="2"/>
        <line num="4" count="18" type="stmt"/>
        <line num="6" count="18" type="stmt"/>
        <line num="7" count="18" type="stmt"/>
        <line num="10" count="36" type="stmt"/>
        <line num="14" count="0" type="stmt"/>
        <line num="18" count="4" type="cond" truecount="0" falsecount="1"/>
        <line num="19" count="0" type="stmt"/>
        <line num="22" count="4" type="stmt"/>
        <line num="23" count="4" type="stmt"/>
        <line num="25" count="4" type="stmt"/>
      </file>
      <file name="drop.ts" path="/Users/Ryan/Documents/CSC369/potions/packages/server/src/items/uses/drop.ts">
        <metrics statements="9" coveredstatements="3" conditionals="3" coveredconditionals="0" methods="3" coveredmethods="1"/>
        <line num="2" count="18" type="stmt"/>
        <line num="6" count="18" type="stmt"/>
        <line num="9" count="32" type="stmt"/>
        <line num="13" count="0" type="stmt"/>
        <line num="17" count="0" type="stmt"/>
        <line num="18" count="0" type="cond" truecount="0" falsecount="3"/>
        <line num="19" count="0" type="stmt"/>
        <line num="22" count="0" type="stmt"/>
        <line num="23" count="0" type="stmt"/>
      </file>
      <file name="eat.ts" path="/Users/Ryan/Documents/CSC369/potions/packages/server/src/items/uses/eat.ts">
        <metrics statements="9" coveredstatements="3" conditionals="1" coveredconditionals="0" methods="3" coveredmethods="1"/>
        <line num="5" count="18" type="stmt"/>
        <line num="6" count="18" type="stmt"/>
        <line num="9" count="32" type="stmt"/>
        <line num="13" count="0" type="stmt"/>
        <line num="17" count="0" type="cond" truecount="0" falsecount="1"/>
        <line num="18" count="0" type="stmt"/>
        <line num="21" count="0" type="stmt"/>
        <line num="22" count="0" type="stmt"/>
        <line num="24" count="0" type="stmt"/>
      </file>
      <file name="enterPortal.ts" path="/Users/Ryan/Documents/CSC369/potions/packages/server/src/items/uses/enterPortal.ts">
        <metrics statements="4" coveredstatements="3" conditionals="0" coveredconditionals="0" methods="3" coveredmethods="2"/>
        <line num="5" count="19" type="stmt"/>
        <line num="8" count="33" type="stmt"/>
        <line num="12" count="0" type="stmt"/>
        <line num="16" count="1" type="stmt"/>
      </file>
      <file name="give.ts" path="/Users/Ryan/Documents/CSC369/potions/packages/server/src/items/uses/give.ts">
        <metrics statements="8" coveredstatements="3" conditionals="4" coveredconditionals="0" methods="3" coveredmethods="1"/>
        <line num="2" count="18" type="stmt"/>
        <line num="6" count="18" type="stmt"/>
        <line num="9" count="32" type="stmt"/>
        <line num="13" count="0" type="stmt"/>
        <line num="17" count="0" type="stmt"/>
        <line num="19" count="0" type="cond" truecount="0" falsecount="4"/>
        <line num="20" count="0" type="stmt"/>
        <line num="23" count="0" type="stmt"/>
      </file>
      <file name="pickup.ts" path="/Users/Ryan/Documents/CSC369/potions/packages/server/src/items/uses/pickup.ts">
        <metrics statements="13" coveredstatements="8" conditionals="4" coveredconditionals="2" methods="3" coveredmethods="2"/>
        <line num="2" count="18" type="stmt"/>
        <line num="6" count="18" type="stmt"/>
        <line num="9" count="33" type="stmt"/>
        <line num="13" count="0" type="stmt"/>
        <line num="17" count="1" type="stmt"/>
        <line num="18" count="1" type="cond" truecount="2" falsecount="1"/>
        <line num="19" count="0" type="stmt"/>
        <line num="21" count="1" type="cond" truecount="0" falsecount="1"/>
        <line num="22" count="0" type="stmt"/>
        <line num="23" count="0" type="stmt"/>
        <line num="25" count="0" type="stmt"/>
        <line num="28" count="1" type="stmt"/>
        <line num="30" count="1" type="stmt"/>
      </file>
      <file name="smash.ts" path="/Users/Ryan/Documents/CSC369/potions/packages/server/src/items/uses/smash.ts">
        <metrics statements="6" coveredstatements="3" conditionals="0" coveredconditionals="0" methods="3" coveredmethods="1"/>
        <line num="3" count="18" type="stmt"/>
        <line num="6" count="18" type="stmt"/>
        <line num="9" count="32" type="stmt"/>
        <line num="13" count="0" type="stmt"/>
        <line num="17" count="0" type="stmt"/>
        <line num="19" count="0" type="stmt"/>
      </file>
      <file name="usesConfig.ts" path="/Users/Ryan/Documents/CSC369/potions/packages/server/src/items/uses/usesConfig.ts">
        <metrics statements="21" coveredstatements="21" conditionals="0" coveredconditionals="0" methods="0" coveredmethods="0"/>
        <line num="2" count="18" type="stmt"/>
        <line num="3" count="18" type="stmt"/>
        <line num="4" count="18" type="stmt"/>
        <line num="5" count="18" type="stmt"/>
        <line num="6" count="18" type="stmt"/>
        <line num="7" count="18" type="stmt"/>
        <line num="8" count="18" type="stmt"/>
        <line num="9" count="18" type="stmt"/>
        <line num="10" count="18" type="stmt"/>
        <line num="11" count="18" type="stmt"/>
        <line num="12" count="18" type="stmt"/>
        <line num="13" count="18" type="stmt"/>
        <line num="14" count="18" type="stmt"/>
        <line num="15" count="18" type="stmt"/>
        <line num="16" count="18" type="stmt"/>
        <line num="17" count="18" type="stmt"/>
        <line num="18" count="18" type="stmt"/>
        <line num="19" count="18" type="stmt"/>
        <line num="20" count="18" type="stmt"/>
        <line num="23" count="18" type="stmt"/>
        <line num="45" count="18" type="stmt"/>
      </file>
      <file name="usesRegistry.ts" path="/Users/Ryan/Documents/CSC369/potions/packages/server/src/items/uses/usesRegistry.ts">
        <metrics statements="8" coveredstatements="7" conditionals="0" coveredconditionals="0" methods="5" coveredmethods="4"/>
        <line num="1" count="18" type="stmt"/>
        <line num="4" count="18" type="stmt"/>
        <line num="5" count="18" type="stmt"/>
        <line num="9" count="18" type="stmt"/>
        <line num="13" count="32" type="stmt"/>
        <line num="14" count="608" type="stmt"/>
        <line num="19" count="608" type="stmt"/>
        <line num="23" count="0" type="stmt"/>
      </file>
    </package>
    <package name="src.items.uses.building">
      <metrics statements="25" coveredstatements="18" conditionals="3" coveredconditionals="1" methods="4" coveredmethods="1"/>
      <file name="buildWall.ts" path="/Users/Ryan/Documents/CSC369/potions/packages/server/src/items/uses/building/buildWall.ts">
        <metrics statements="18" coveredstatements="15" conditionals="3" coveredconditionals="1" methods="2" coveredmethods="1"/>
        <line num="1" count="18" type="stmt"/>
        <line num="3" count="18" type="stmt"/>
        <line num="6" count="18" type="stmt"/>
        <line num="7" count="33" type="stmt"/>
        <line num="10" count="0" type="stmt"/>
        <line num="14" count="1" type="cond" truecount="0" falsecount="1"/>
        <line num="15" count="0" type="stmt"/>
        <line num="18" count="1" type="stmt"/>
        <line num="20" count="1" type="cond" truecount="0" falsecount="1"/>
        <line num="21" count="0" type="stmt"/>
        <line num="24" count="1" type="stmt"/>
        <line num="26" count="1" type="stmt"/>
        <line num="27" count="1" type="stmt"/>
        <line num="29" count="1" type="cond" truecount="1" falsecount="0"/>
        <line num="30" count="1" type="stmt"/>
        <line num="31" count="1" type="stmt"/>
        <line num="32" count="1" type="stmt"/>
        <line num="37" count="1" type="stmt"/>
      </file>
      <file name="startWall.ts" path="/Users/Ryan/Documents/CSC369/potions/packages/server/src/items/uses/building/startWall.ts">
        <metrics statements="7" coveredstatements="3" conditionals="0" coveredconditionals="0" methods="2" coveredmethods="0"/>
        <line num="3" count="18" type="stmt"/>
        <line num="6" count="18" type="stmt"/>
        <line num="7" count="32" type="stmt"/>
        <line num="10" count="0" type="stmt"/>
        <line num="14" count="0" type="stmt"/>
        <line num="15" count="0" type="stmt"/>
        <line num="20" count="0" type="stmt"/>
      </file>
    </package>
    <package name="src.items.uses.cauldron">
      <metrics statements="30" coveredstatements="21" conditionals="6" coveredconditionals="0" methods="9" coveredmethods="6"/>
      <file name="addIngredient.ts" path="/Users/Ryan/Documents/CSC369/potions/packages/server/src/items/uses/cauldron/addIngredient.ts">
        <metrics statements="10" coveredstatements="7" conditionals="2" coveredconditionals="0" methods="3" coveredmethods="2"/>
        <line num="4" count="18" type="stmt"/>
        <line num="6" count="18" type="stmt"/>
        <line num="9" count="38" type="stmt"/>
        <line num="13" count="0" type="stmt"/>
        <line num="17" count="6" type="cond" truecount="0" falsecount="1"/>
        <line num="18" count="0" type="stmt"/>
        <line num="21" count="6" type="stmt"/>
        <line num="23" count="6" type="cond" truecount="0" falsecount="1"/>
        <line num="24" count="0" type="stmt"/>
        <line num="27" count="6" type="stmt"/>
      </file>
      <file name="bottlePotion.ts" path="/Users/Ryan/Documents/CSC369/potions/packages/server/src/items/uses/cauldron/bottlePotion.ts">
        <metrics statements="10" coveredstatements="7" conditionals="2" coveredconditionals="0" methods="3" coveredmethods="2"/>
        <line num="4" count="18" type="stmt"/>
        <line num="6" count="18" type="stmt"/>
        <line num="9" count="35" type="stmt"/>
        <line num="13" count="0" type="stmt"/>
        <line num="17" count="3" type="cond" truecount="0" falsecount="1"/>
        <line num="18" count="0" type="stmt"/>
        <line num="21" count="3" type="stmt"/>
        <line num="23" count="3" type="cond" truecount="0" falsecount="1"/>
        <line num="24" count="0" type="stmt"/>
        <line num="27" count="3" type="stmt"/>
      </file>
      <file name="dumpCauldron.ts" path="/Users/Ryan/Documents/CSC369/potions/packages/server/src/items/uses/cauldron/dumpCauldron.ts">
        <metrics statements="10" coveredstatements="7" conditionals="2" coveredconditionals="0" methods="3" coveredmethods="2"/>
        <line num="4" count="18" type="stmt"/>
        <line num="6" count="18" type="stmt"/>
        <line num="9" count="33" type="stmt"/>
        <line num="13" count="0" type="stmt"/>
        <line num="17" count="1" type="cond" truecount="0" falsecount="1"/>
        <line num="18" count="0" type="stmt"/>
        <line num="21" count="1" type="stmt"/>
        <line num="23" count="1" type="cond" truecount="0" falsecount="1"/>
        <line num="24" count="0" type="stmt"/>
        <line num="27" count="1" type="stmt"/>
      </file>
    </package>
    <package name="src.items.uses.container">
      <metrics statements="18" coveredstatements="13" conditionals="3" coveredconditionals="0" methods="6" coveredmethods="4"/>
      <file name="addItem.ts" path="/Users/Ryan/Documents/CSC369/potions/packages/server/src/items/uses/container/addItem.ts">
        <metrics statements="10" coveredstatements="7" conditionals="2" coveredconditionals="0" methods="3" coveredmethods="2"/>
        <line num="2" count="18" type="stmt"/>
        <line num="6" count="18" type="stmt"/>
        <line num="9" count="35" type="stmt"/>
        <line num="13" count="0" type="stmt"/>
        <line num="17" count="3" type="cond" truecount="0" falsecount="1"/>
        <line num="18" count="0" type="stmt"/>
        <line num="20" count="3" type="stmt"/>
        <line num="22" count="3" type="cond" truecount="0" falsecount="1"/>
        <line num="23" count="0" type="stmt"/>
        <line num="26" count="3" type="stmt"/>
      </file>
      <file name="getItem.ts" path="/Users/Ryan/Documents/CSC369/potions/packages/server/src/items/uses/container/getItem.ts">
        <metrics statements="8" coveredstatements="6" conditionals="1" coveredconditionals="0" methods="3" coveredmethods="2"/>
        <line num="4" count="18" type="stmt"/>
        <line num="6" count="18" type="stmt"/>
        <line num="9" count="33" type="stmt"/>
        <line num="13" count="0" type="stmt"/>
        <line num="17" count="1" type="stmt"/>
        <line num="19" count="1" type="cond" truecount="0" falsecount="1"/>
        <line num="20" count="0" type="stmt"/>
        <line num="23" count="1" type="stmt"/>
      </file>
    </package>
    <package name="src.items.uses.stand">
      <metrics statements="40" coveredstatements="15" conditionals="4" coveredconditionals="0" methods="15" coveredmethods="5"/>
      <file name="collectGold.ts" path="/Users/Ryan/Documents/CSC369/potions/packages/server/src/items/uses/stand/collectGold.ts">
        <metrics statements="9" coveredstatements="3" conditionals="1" coveredconditionals="0" methods="3" coveredmethods="1"/>
        <line num="4" count="18" type="stmt"/>
        <line num="6" count="18" type="stmt"/>
        <line num="9" count="32" type="stmt"/>
        <line num="13" count="0" type="stmt"/>
        <line num="17" count="0" type="stmt"/>
        <line num="19" count="0" type="cond" truecount="0" falsecount="1"/>
        <line num="20" count="0" type="stmt"/>
        <line num="23" count="0" type="stmt"/>
        <line num="25" count="0" type="stmt"/>
      </file>
      <file name="createStand.ts" path="/Users/Ryan/Documents/CSC369/potions/packages/server/src/items/uses/stand/createStand.ts">
        <metrics statements="5" coveredstatements="3" conditionals="0" coveredconditionals="0" methods="3" coveredmethods="1"/>
        <line num="4" count="18" type="stmt"/>
        <line num="6" count="18" type="stmt"/>
        <line num="9" count="32" type="stmt"/>
        <line num="13" count="0" type="stmt"/>
        <line num="17" count="0" type="stmt"/>
      </file>
      <file name="lowerPrice.ts" path="/Users/Ryan/Documents/CSC369/potions/packages/server/src/items/uses/stand/lowerPrice.ts">
        <metrics statements="9" coveredstatements="3" conditionals="1" coveredconditionals="0" methods="3" coveredmethods="1"/>
        <line num="4" count="18" type="stmt"/>
        <line num="6" count="18" type="stmt"/>
        <line num="9" count="32" type="stmt"/>
        <line num="13" count="0" type="stmt"/>
        <line num="17" count="0" type="stmt"/>
        <line num="19" count="0" type="cond" truecount="0" falsecount="1"/>
        <line num="20" count="0" type="stmt"/>
        <line num="23" count="0" type="stmt"/>
        <line num="24" count="0" type="stmt"/>
      </file>
      <file name="purchase.ts" path="/Users/Ryan/Documents/CSC369/potions/packages/server/src/items/uses/stand/purchase.ts">
        <metrics statements="8" coveredstatements="3" conditionals="1" coveredconditionals="0" methods="3" coveredmethods="1"/>
        <line num="4" count="18" type="stmt"/>
        <line num="6" count="18" type="stmt"/>
        <line num="9" count="32" type="stmt"/>
        <line num="13" count="0" type="stmt"/>
        <line num="17" count="0" type="stmt"/>
        <line num="19" count="0" type="cond" truecount="0" falsecount="1"/>
        <line num="20" count="0" type="stmt"/>
        <line num="23" count="0" type="stmt"/>
      </file>
      <file name="raisePrice.ts" path="/Users/Ryan/Documents/CSC369/potions/packages/server/src/items/uses/stand/raisePrice.ts">
        <metrics statements="9" coveredstatements="3" conditionals="1" coveredconditionals="0" methods="3" coveredmethods="1"/>
        <line num="4" count="18" type="stmt"/>
        <line num="6" count="18" type="stmt"/>
        <line num="9" count="32" type="stmt"/>
        <line num="13" count="0" type="stmt"/>
        <line num="17" count="0" type="stmt"/>
        <line num="19" count="0" type="cond" truecount="0" falsecount="1"/>
        <line num="20" count="0" type="stmt"/>
        <line num="23" count="0" type="stmt"/>
        <line num="24" count="0" type="stmt"/>
      </file>
    </package>
    <package name="src.mobs">
      <metrics statements="239" coveredstatements="187" conditionals="88" coveredconditionals="47" methods="52" coveredmethods="38"/>
      <file name="mob.ts" path="/Users/Ryan/Documents/CSC369/potions/packages/server/src/mobs/mob.ts">
        <metrics statements="172" coveredstatements="131" conditionals="80" coveredconditionals="45" methods="47" coveredmethods="33"/>
        <line num="1" count="18" type="stmt"/>
        <line num="8" count="18" type="stmt"/>
        <line num="9" count="18" type="stmt"/>
        <line num="10" count="18" type="stmt"/>
        <line num="11" count="18" type="stmt"/>
        <line num="12" count="18" type="stmt"/>
        <line num="13" count="18" type="stmt"/>
        <line num="14" count="18" type="stmt"/>
        <line num="15" count="18" type="stmt"/>
        <line num="16" count="18" type="stmt"/>
        <line num="17" count="18" type="stmt"/>
        <line num="18" count="18" type="stmt"/>
        <line num="60" count="18" type="stmt"/>
        <line num="65" count="70" type="stmt"/>
        <line num="66" count="70" type="stmt"/>
        <line num="76" count="70" type="stmt"/>
        <line num="78" count="70" type="stmt"/>
        <line num="104" count="70" type="stmt"/>
        <line num="105" count="70" type="stmt"/>
        <line num="106" count="70" type="stmt"/>
        <line num="107" count="70" type="stmt"/>
        <line num="108" count="70" type="stmt"/>
        <line num="110" count="70" type="stmt"/>
        <line num="111" count="70" type="stmt"/>
        <line num="112" count="70" type="stmt"/>
        <line num="113" count="70" type="stmt"/>
        <line num="114" count="70" type="stmt"/>
        <line num="115" count="70" type="stmt"/>
        <line num="116" count="70" type="stmt"/>
        <line num="117" count="70" type="stmt"/>
        <line num="118" count="70" type="stmt"/>
        <line num="119" count="70" type="stmt"/>
        <line num="121" count="70" type="stmt"/>
        <line num="122" count="70" type="stmt"/>
        <line num="123" count="70" type="stmt"/>
        <line num="127" count="2" type="cond" truecount="1" falsecount="2"/>
        <line num="128" count="0" type="stmt"/>
        <line num="131" count="2" type="cond" truecount="1" falsecount="1"/>
        <line num="132" count="0" type="stmt"/>
        <line num="134" count="2" type="stmt"/>
        <line num="137" count="2" type="stmt"/>
        <line num="145" count="2" type="cond" truecount="1" falsecount="0"/>
        <line num="146" count="2" type="stmt"/>
        <line num="151" count="7" type="stmt"/>
        <line num="155" count="0" type="stmt"/>
        <line num="159" count="66" type="stmt"/>
        <line num="163" count="4" type="stmt"/>
        <line num="167" count="52" type="stmt"/>
        <line num="171" count="4" type="stmt"/>
        <line num="175" count="22" type="stmt"/>
        <line num="179" count="6" type="stmt"/>
        <line num="183" count="4" type="stmt"/>
        <line num="187" count="22" type="cond" truecount="2" falsecount="1"/>
        <line num="188" count="0" type="stmt"/>
        <line num="190" count="22" type="cond" truecount="2" falsecount="0"/>
        <line num="191" count="22" type="stmt"/>
        <line num="201" count="93" type="cond" truecount="2" falsecount="0"/>
        <line num="205" count="0" type="stmt"/>
        <line num="209" count="0" type="stmt"/>
        <line num="210" count="0" type="stmt"/>
        <line num="211" count="0" type="stmt"/>
        <line num="221" count="1" type="stmt"/>
        <line num="230" count="4" type="stmt"/>
        <line num="236" count="4" type="stmt"/>
        <line num="243" count="4" type="stmt"/>
        <line num="244" count="4" type="stmt"/>
        <line num="252" count="4" type="stmt"/>
        <line num="253" count="4" type="stmt"/>
        <line num="268" count="4" type="stmt"/>
        <line num="274" count="4" type="stmt"/>
        <line num="276" count="4" type="cond" truecount="1" falsecount="1"/>
        <line num="284" count="7" type="stmt"/>
        <line num="285" count="7" type="stmt"/>
        <line num="286" count="7" type="stmt"/>
        <line num="295" count="7" type="stmt"/>
        <line num="301" count="7" type="cond" truecount="1" falsecount="1"/>
        <line num="305" count="2" type="stmt"/>
        <line num="306" count="2" type="stmt"/>
        <line num="307" count="2" type="cond" truecount="0" falsecount="1"/>
        <line num="312" count="0" type="stmt"/>
        <line num="314" count="2" type="cond" truecount="0" falsecount="1"/>
        <line num="315" count="0" type="stmt"/>
        <line num="316" count="0" type="stmt"/>
        <line num="319" count="2" type="stmt"/>
        <line num="320" count="2" type="cond" truecount="0" falsecount="1"/>
        <line num="321" count="0" type="stmt"/>
        <line num="323" count="2" type="stmt"/>
        <line num="324" count="2" type="stmt"/>
        <line num="328" count="2" type="cond" truecount="0" falsecount="1"/>
        <line num="332" count="0" type="stmt"/>
        <line num="334" count="2" type="cond" truecount="0" falsecount="1"/>
        <line num="335" count="0" type="stmt"/>
        <line num="338" count="2" type="stmt"/>
        <line num="339" count="2" type="stmt"/>
        <line num="340" count="2" type="stmt"/>
        <line num="352" count="2" type="stmt"/>
        <line num="356" count="0" type="stmt"/>
        <line num="360" count="10" type="cond" truecount="3" falsecount="0"/>
        <line num="361" count="7" type="stmt"/>
        <line num="362" count="7" type="stmt"/>
        <line num="363" count="7" type="stmt"/>
        <line num="364" count="7" type="stmt"/>
        <line num="371" count="7" type="stmt"/>
        <line num="372" count="7" type="stmt"/>
        <line num="373" count="7" type="cond" truecount="1" falsecount="0"/>
        <line num="374" count="3" type="stmt"/>
        <line num="380" count="3" type="stmt"/>
        <line num="385" count="0" type="stmt"/>
        <line num="390" count="4" type="cond" truecount="3" falsecount="0"/>
        <line num="391" count="3" type="stmt"/>
        <line num="393" count="4" type="stmt"/>
        <line num="396" count="4" type="stmt"/>
        <line num="408" count="4" type="stmt"/>
        <line num="409" count="4" type="stmt"/>
        <line num="418" count="4" type="cond" truecount="1" falsecount="0"/>
        <line num="422" count="1" type="stmt"/>
        <line num="423" count="1" type="stmt"/>
        <line num="424" count="1" type="stmt"/>
        <line num="431" count="1" type="stmt"/>
        <line num="436" count="0" type="stmt"/>
        <line num="444" count="0" type="cond" truecount="0" falsecount="2"/>
        <line num="456" count="0" type="stmt"/>
        <line num="457" count="0" type="stmt"/>
        <line num="464" count="0" type="stmt"/>
        <line num="468" count="3" type="cond" truecount="1" falsecount="2"/>
        <line num="469" count="0" type="stmt"/>
        <line num="470" count="0" type="stmt"/>
        <line num="477" count="3" type="stmt"/>
        <line num="478" count="3" type="cond" truecount="0" falsecount="1"/>
        <line num="479" count="0" type="stmt"/>
        <line num="481" count="3" type="stmt"/>
        <line num="485" count="4" type="cond" truecount="1" falsecount="0"/>
        <line num="486" count="4" type="stmt"/>
        <line num="488" count="0" type="stmt"/>
        <line num="495" count="0" type="cond" truecount="0" falsecount="1"/>
        <line num="501" count="0" type="stmt"/>
        <line num="503" count="0" type="stmt"/>
        <line num="520" count="0" type="stmt"/>
        <line num="521" count="0" type="stmt"/>
        <line num="525" count="0" type="stmt"/>
        <line num="532" count="0" type="cond" truecount="0" falsecount="1"/>
        <line num="533" count="0" type="stmt"/>
        <line num="536" count="0" type="stmt"/>
        <line num="540" count="0" type="stmt"/>
        <line num="547" count="0" type="stmt"/>
        <line num="556" count="2" type="stmt"/>
        <line num="566" count="2" type="stmt"/>
        <line num="570" count="72" type="stmt"/>
        <line num="577" count="72" type="cond" truecount="1" falsecount="0"/>
        <line num="578" count="2" type="stmt"/>
        <line num="580" count="70" type="stmt"/>
        <line num="602" count="70" type="stmt"/>
        <line num="611" count="1" type="cond" truecount="1" falsecount="1"/>
        <line num="612" count="0" type="stmt"/>
        <line num="614" count="1" type="stmt"/>
        <line num="615" count="1" type="stmt"/>
        <line num="620" count="1" type="stmt"/>
        <line num="624" count="2" type="stmt"/>
        <line num="634" count="2" type="stmt"/>
        <line num="638" count="0" type="stmt"/>
        <line num="647" count="0" type="cond" truecount="0" falsecount="2"/>
        <line num="651" count="24" type="stmt"/>
        <line num="655" count="0" type="stmt"/>
        <line num="662" count="0" type="stmt"/>
        <line num="666" count="4" type="stmt"/>
        <line num="668" count="4" type="cond" truecount="1" falsecount="0"/>
        <line num="669" count="2" type="stmt"/>
        <line num="670" count="2" type="stmt"/>
        <line num="672" count="2" type="stmt"/>
        <line num="676" count="4" type="stmt"/>
        <line num="678" count="4" type="stmt"/>
        <line num="681" count="18" type="stmt"/>
      </file>
      <file name="mobFactory.ts" path="/Users/Ryan/Documents/CSC369/potions/packages/server/src/mobs/mobFactory.ts">
        <metrics statements="67" coveredstatements="56" conditionals="8" coveredconditionals="2" methods="5" coveredmethods="5"/>
        <line num="2" count="18" type="stmt"/>
        <line num="8" count="18" type="stmt"/>
        <line num="9" count="18" type="stmt"/>
        <line num="10" count="18" type="stmt"/>
        <line num="12" count="18" type="stmt"/>
        <line num="13" count="18" type="stmt"/>
        <line num="14" count="18" type="stmt"/>
        <line num="15" count="18" type="stmt"/>
        <line num="16" count="18" type="stmt"/>
        <line num="17" count="18" type="stmt"/>
        <line num="18" count="18" type="stmt"/>
        <line num="19" count="18" type="stmt"/>
        <line num="20" count="18" type="stmt"/>
        <line num="21" count="18" type="stmt"/>
        <line num="22" count="18" type="stmt"/>
        <line num="23" count="18" type="stmt"/>
        <line num="24" count="18" type="stmt"/>
        <line num="25" count="18" type="stmt"/>
        <line num="26" count="18" type="stmt"/>
        <line num="27" count="18" type="stmt"/>
        <line num="29" count="18" type="stmt"/>
        <line num="35" count="18" type="stmt"/>
        <line num="45" count="31" type="cond" truecount="0" falsecount="1"/>
        <line num="46" count="0" type="stmt"/>
        <line num="48" count="31" type="stmt"/>
        <line num="49" count="31" type="stmt"/>
        <line num="50" count="31" type="stmt"/>
        <line num="52" count="31" type="cond" truecount="1" falsecount="0"/>
        <line num="53" count="31" type="stmt"/>
        <line num="55" count="31" type="stmt"/>
        <line num="56" count="31" type="stmt"/>
        <line num="58" count="31" type="cond" truecount="0" falsecount="1"/>
        <line num="59" count="0" type="stmt"/>
        <line num="61" count="31" type="stmt"/>
        <line num="62" count="31" type="stmt"/>
        <line num="63" count="31" type="stmt"/>
        <line num="64" count="31" type="stmt"/>
        <line num="66" count="31" type="stmt"/>
        <line num="68" count="31" type="stmt"/>
        <line num="90" count="31" type="stmt"/>
        <line num="108" count="31" type="stmt"/>
        <line num="110" count="31" type="stmt"/>
        <line num="111" count="31" type="cond" truecount="0" falsecount="1"/>
        <line num="112" count="0" type="stmt"/>
        <line num="117" count="31" type="stmt"/>
        <line num="127" count="31" type="stmt"/>
        <line num="128" count="31" type="cond" truecount="1" falsecount="0"/>
        <line num="129" count="27" type="stmt"/>
        <line num="134" count="2" type="cond" truecount="0" falsecount="1"/>
        <line num="135" count="0" type="stmt"/>
        <line num="138" count="2" type="stmt"/>
        <line num="150" count="2" type="stmt"/>
        <line num="152" count="2" type="stmt"/>
        <line num="153" count="0" type="stmt"/>
        <line num="154" count="0" type="stmt"/>
        <line num="156" count="0" type="cond" truecount="0" falsecount="1"/>
        <line num="157" count="0" type="stmt"/>
        <line num="159" count="0" type="stmt"/>
        <line num="160" count="0" type="stmt"/>
        <line num="163" count="2" type="stmt"/>
        <line num="167" count="60" type="stmt"/>
        <line num="168" count="180" type="stmt"/>
        <line num="173" count="31" type="stmt"/>
        <line num="174" count="31" type="cond" truecount="0" falsecount="1"/>
        <line num="175" count="0" type="stmt"/>
        <line num="179" count="31" type="stmt"/>
        <line num="183" count="18" type="stmt"/>
      </file>
    </package>
    <package name="src.mobs.names">
      <metrics statements="81" coveredstatements="30" conditionals="20" coveredconditionals="0" methods="17" coveredmethods="1"/>
      <file name="frenchRomanNames.ts" path="/Users/Ryan/Documents/CSC369/potions/packages/server/src/mobs/names/frenchRomanNames.ts">
        <metrics statements="24" coveredstatements="8" conditionals="7" coveredconditionals="0" methods="5" coveredmethods="0"/>
        <line num="5" count="18" type="stmt"/>
        <line num="6" count="18" type="stmt"/>
        <line num="18" count="18" type="stmt"/>
        <line num="20" count="18" type="stmt"/>
        <line num="33" count="18" type="stmt"/>
        <line num="46" count="18" type="stmt"/>
        <line num="59" count="18" type="stmt"/>
        <line num="68" count="18" type="stmt"/>
        <line num="92" count="0" type="stmt"/>
        <line num="93" count="0" type="stmt"/>
        <line num="95" count="0" type="cond" truecount="0" falsecount="2"/>
        <line num="99" count="0" type="cond" truecount="0" falsecount="2"/>
        <line num="103" count="0" type="stmt"/>
        <line num="111" count="0" type="stmt"/>
        <line num="112" count="0" type="stmt"/>
        <line num="114" count="0" type="stmt"/>
        <line num="115" count="0" type="stmt"/>
        <line num="116" count="0" type="stmt"/>
        <line num="118" count="0" type="cond" truecount="0" falsecount="1"/>
        <line num="119" count="0" type="stmt"/>
        <line num="123" count="0" type="stmt"/>
        <line num="128" count="0" type="stmt"/>
        <line num="133" count="0" type="stmt"/>
        <line num="138" count="0" type="stmt"/>
      </file>
      <file name="monstrousNames.ts" path="/Users/Ryan/Documents/CSC369/potions/packages/server/src/mobs/names/monstrousNames.ts">
        <metrics statements="21" coveredstatements="6" conditionals="5" coveredconditionals="0" methods="5" coveredmethods="0"/>
        <line num="5" count="18" type="stmt"/>
        <line num="6" count="18" type="stmt"/>
        <line num="19" count="18" type="stmt"/>
        <line num="32" count="18" type="stmt"/>
        <line num="45" count="18" type="stmt"/>
        <line num="53" count="18" type="stmt"/>
        <line num="76" count="0" type="stmt"/>
        <line num="78" count="0" type="cond" truecount="0" falsecount="2"/>
        <line num="79" count="0" type="stmt"/>
        <line num="81" count="0" type="stmt"/>
        <line num="89" count="0" type="stmt"/>
        <line num="90" count="0" type="stmt"/>
        <line num="92" count="0" type="stmt"/>
        <line num="93" count="0" type="stmt"/>
        <line num="94" count="0" type="stmt"/>
        <line num="96" count="0" type="cond" truecount="0" falsecount="1"/>
        <line num="97" count="0" type="stmt"/>
        <line num="101" count="0" type="stmt"/>
        <line num="106" count="0" type="stmt"/>
        <line num="111" count="0" type="stmt"/>
        <line num="116" count="0" type="stmt"/>
      </file>
      <file name="nameGenerator.ts" path="/Users/Ryan/Documents/CSC369/potions/packages/server/src/mobs/names/nameGenerator.ts">
        <metrics statements="13" coveredstatements="9" conditionals="1" coveredconditionals="0" methods="2" coveredmethods="1"/>
        <line num="1" count="18" type="stmt"/>
        <line num="2" count="18" type="stmt"/>
        <line num="3" count="18" type="stmt"/>
        <line num="9" count="18" type="stmt"/>
        <line num="10" count="18" type="stmt"/>
        <line num="13" count="18" type="stmt"/>
        <line num="14" count="18" type="stmt"/>
        <line num="15" count="18" type="stmt"/>
        <line num="19" count="0" type="stmt"/>
        <line num="20" count="0" type="cond" truecount="0" falsecount="1"/>
        <line num="21" count="0" type="stmt"/>
        <line num="23" count="0" type="stmt"/>
        <line num="27" count="18" type="stmt"/>
      </file>
      <file name="norseEnglishNames.ts" path="/Users/Ryan/Documents/CSC369/potions/packages/server/src/mobs/names/norseEnglishNames.ts">
        <metrics statements="23" coveredstatements="7" conditionals="7" coveredconditionals="0" methods="5" coveredmethods="0"/>
        <line num="5" count="18" type="stmt"/>
        <line num="6" count="18" type="stmt"/>
        <line num="27" count="18" type="stmt"/>
        <line num="40" count="18" type="stmt"/>
        <line num="58" count="18" type="stmt"/>
        <line num="71" count="18" type="stmt"/>
        <line num="80" count="18" type="stmt"/>
        <line num="103" count="0" type="stmt"/>
        <line num="104" count="0" type="stmt"/>
        <line num="106" count="0" type="cond" truecount="0" falsecount="2"/>
        <line num="110" count="0" type="cond" truecount="0" falsecount="2"/>
        <line num="114" count="0" type="stmt"/>
        <line num="122" count="0" type="stmt"/>
        <line num="123" count="0" type="stmt"/>
        <line num="125" count="0" type="stmt"/>
        <line num="126" count="0" type="stmt"/>
        <line num="127" count="0" type="stmt"/>
        <line num="129" count="0" type="cond" truecount="0" falsecount="1"/>
        <line num="130" count="0" type="stmt"/>
        <line num="134" count="0" type="stmt"/>
        <line num="139" count="0" type="stmt"/>
        <line num="144" count="0" type="stmt"/>
        <line num="149" count="0" type="stmt"/>
      </file>
    </package>
    <package name="src.mobs.plans">
      <metrics statements="239" coveredstatements="144" conditionals="50" coveredconditionals="18" methods="56" coveredmethods="26"/>
      <file name="acquireWealth.ts" path="/Users/Ryan/Documents/CSC369/potions/packages/server/src/mobs/plans/acquireWealth.ts">
        <metrics statements="8" coveredstatements="6" conditionals="0" coveredconditionals="0" methods="5" coveredmethods="3"/>
        <line num="2" count="18" type="stmt"/>
        <line num="3" count="18" type="stmt"/>
        <line num="5" count="18" type="stmt"/>
        <line num="7" count="2" type="stmt"/>
        <line num="11" count="2" type="stmt"/>
        <line num="15" count="0" type="stmt"/>
        <line num="19" count="0" type="stmt"/>
        <line num="23" count="3" type="stmt"/>
      </file>
      <file name="actionRunner.ts" path="/Users/Ryan/Documents/CSC369/potions/packages/server/src/mobs/plans/actionRunner.ts">
        <metrics statements="14" coveredstatements="13" conditionals="4" coveredconditionals="2" methods="1" coveredmethods="1"/>
        <line num="2" count="18" type="stmt"/>
        <line num="4" count="18" type="stmt"/>
        <line num="6" count="18" type="stmt"/>
        <line num="7" count="2" type="stmt"/>
        <line num="10" count="2" type="stmt"/>
        <line num="11" count="2" type="stmt"/>
        <line num="13" count="18" type="cond" truecount="1" falsecount="1"/>
        <line num="16" count="18" type="stmt"/>
        <line num="18" count="18" type="cond" truecount="1" falsecount="0"/>
        <line num="19" count="5" type="stmt"/>
        <line num="20" count="5" type="stmt"/>
        <line num="23" count="2" type="cond" truecount="0" falsecount="1"/>
        <line num="24" count="0" type="stmt"/>
        <line num="27" count="2" type="stmt"/>
      </file>
      <file name="chat.ts" path="/Users/Ryan/Documents/CSC369/potions/packages/server/src/mobs/plans/chat.ts">
        <metrics statements="30" coveredstatements="18" conditionals="11" coveredconditionals="6" methods="5" coveredmethods="2"/>
        <line num="2" count="18" type="stmt"/>
        <line num="3" count="18" type="stmt"/>
        <line num="4" count="18" type="stmt"/>
        <line num="6" count="18" type="stmt"/>
        <line num="10" count="0" type="cond" truecount="0" falsecount="1"/>
        <line num="11" count="0" type="stmt"/>
        <line num="14" count="0" type="stmt"/>
        <line num="15" count="0" type="stmt"/>
        <line num="16" count="0" type="stmt"/>
        <line num="18" count="0" type="cond" truecount="0" falsecount="1"/>
        <line num="19" count="0" type="stmt"/>
        <line num="22" count="0" type="stmt"/>
        <line num="26" count="2" type="cond" truecount="0" falsecount="1"/>
        <line num="27" count="0" type="stmt"/>
        <line num="30" count="2" type="stmt"/>
        <line num="31" count="2" type="cond" truecount="1" falsecount="1"/>
        <line num="32" count="2" type="cond" truecount="1" falsecount="0"/>
        <line num="33" count="2" type="stmt"/>
        <line num="35" count="2" type="stmt"/>
        <line num="36" count="2" type="stmt"/>
        <line num="37" count="2" type="cond" truecount="1" falsecount="0"/>
        <line num="38" count="2" type="stmt"/>
        <line num="40" count="2" type="stmt"/>
        <line num="46" count="2" type="stmt"/>
        <line num="51" count="2" type="cond" truecount="3" falsecount="1"/>
        <line num="52" count="2" type="stmt"/>
        <line num="54" count="0" type="stmt"/>
        <line num="59" count="0" type="stmt"/>
        <line num="63" count="0" type="stmt"/>
        <line num="67" count="2" type="stmt"/>
      </file>
      <file name="flee.ts" path="/Users/Ryan/Documents/CSC369/potions/packages/server/src/mobs/plans/flee.ts">
        <metrics statements="29" coveredstatements="18" conditionals="13" coveredconditionals="7" methods="5" coveredmethods="3"/>
        <line num="1" count="18" type="stmt"/>
        <line num="6" count="18" type="stmt"/>
        <line num="7" count="18" type="stmt"/>
        <line num="9" count="18" type="stmt"/>
        <line num="11" count="18" type="stmt"/>
        <line num="12" count="2" type="stmt"/>
        <line num="15" count="1" type="cond" truecount="3" falsecount="1"/>
        <line num="18" count="1" type="cond" truecount="1" falsecount="0"/>
        <line num="22" count="1" type="stmt"/>
        <line num="23" count="1" type="stmt"/>
        <line num="27" count="0" type="stmt"/>
        <line num="28" count="0" type="stmt"/>
        <line num="35" count="0" type="stmt"/>
        <line num="38" count="0" type="stmt"/>
        <line num="39" count="0" type="cond" truecount="0" falsecount="1"/>
        <line num="41" count="0" type="stmt"/>
        <line num="46" count="0" type="cond" truecount="0" falsecount="1"/>
        <line num="47" count="0" type="stmt"/>
        <line num="53" count="0" type="stmt"/>
        <line num="57" count="2" type="cond" truecount="0" falsecount="1"/>
        <line num="59" count="2" type="cond" truecount="1" falsecount="1"/>
        <line num="61" count="2" type="stmt"/>
        <line num="66" count="2" type="cond" truecount="0" falsecount="1"/>
        <line num="68" count="2" type="stmt"/>
        <line num="72" count="2" type="stmt"/>
        <line num="74" count="2" type="stmt"/>
        <line num="82" count="0" type="stmt"/>
        <line num="86" count="0" type="stmt"/>
        <line num="90" count="5" type="stmt"/>
      </file>
      <file name="gather.ts" path="/Users/Ryan/Documents/CSC369/potions/packages/server/src/mobs/plans/gather.ts">
        <metrics statements="26" coveredstatements="8" conditionals="2" coveredconditionals="0" methods="5" coveredmethods="0"/>
        <line num="3" count="18" type="stmt"/>
        <line num="4" count="18" type="stmt"/>
        <line num="5" count="18" type="stmt"/>
        <line num="6" count="18" type="stmt"/>
        <line num="7" count="18" type="stmt"/>
        <line num="8" count="18" type="stmt"/>
        <line num="9" count="18" type="stmt"/>
        <line num="11" count="18" type="stmt"/>
        <line num="12" count="0" type="stmt"/>
        <line num="18" count="0" type="stmt"/>
        <line num="23" count="0" type="cond" truecount="0" falsecount="1"/>
        <line num="24" count="0" type="stmt"/>
        <line num="26" count="0" type="stmt"/>
        <line num="27" count="0" type="stmt"/>
        <line num="28" count="0" type="stmt"/>
        <line num="32" count="0" type="stmt"/>
        <line num="33" count="0" type="cond" truecount="0" falsecount="1"/>
        <line num="34" count="0" type="stmt"/>
        <line num="36" count="0" type="stmt"/>
        <line num="37" count="0" type="stmt"/>
        <line num="38" count="0" type="stmt"/>
        <line num="40" count="0" type="stmt"/>
        <line num="44" count="0" type="stmt"/>
        <line num="52" count="0" type="stmt"/>
        <line num="56" count="0" type="stmt"/>
        <line num="60" count="0" type="stmt"/>
      </file>
      <file name="heal.ts" path="/Users/Ryan/Documents/CSC369/potions/packages/server/src/mobs/plans/heal.ts">
        <metrics statements="18" coveredstatements="15" conditionals="1" coveredconditionals="0" methods="5" coveredmethods="3"/>
        <line num="2" count="18" type="stmt"/>
        <line num="3" count="18" type="stmt"/>
        <line num="4" count="18" type="stmt"/>
        <line num="5" count="18" type="stmt"/>
        <line num="6" count="18" type="stmt"/>
        <line num="7" count="18" type="stmt"/>
        <line num="8" count="18" type="stmt"/>
        <line num="9" count="18" type="stmt"/>
        <line num="11" count="18" type="stmt"/>
        <line num="13" count="2" type="stmt"/>
        <line num="22" count="2" type="cond" truecount="0" falsecount="1"/>
        <line num="24" count="0" type="stmt"/>
        <line num="27" count="2" type="stmt"/>
        <line num="29" count="2" type="stmt"/>
        <line num="33" count="2" type="stmt"/>
        <line num="56" count="0" type="stmt"/>
        <line num="60" count="0" type="stmt"/>
        <line num="64" count="2" type="stmt"/>
      </file>
      <file name="hunt.ts" path="/Users/Ryan/Documents/CSC369/potions/packages/server/src/mobs/plans/hunt.ts">
        <metrics statements="23" coveredstatements="12" conditionals="9" coveredconditionals="1" methods="6" coveredmethods="2"/>
        <line num="1" count="18" type="stmt"/>
        <line num="2" count="18" type="stmt"/>
        <line num="5" count="18" type="stmt"/>
        <line num="6" count="2" type="stmt"/>
        <line num="9" count="0" type="cond" truecount="0" falsecount="4"/>
        <line num="12" count="0" type="stmt"/>
        <line num="13" count="0" type="stmt"/>
        <line num="14" count="0" type="stmt"/>
        <line num="16" count="0" type="stmt"/>
        <line num="19" count="0" type="cond" truecount="0" falsecount="1"/>
        <line num="20" count="0" type="stmt"/>
        <line num="21" count="0" type="stmt"/>
        <line num="24" count="0" type="stmt"/>
        <line num="28" count="2" type="cond" truecount="0" falsecount="1"/>
        <line num="30" count="2" type="cond" truecount="1" falsecount="1"/>
        <line num="31" count="2" type="stmt"/>
        <line num="36" count="2" type="cond" truecount="0" falsecount="1"/>
        <line num="38" count="2" type="stmt"/>
        <line num="41" count="2" type="stmt"/>
        <line num="44" count="2" type="stmt"/>
        <line num="48" count="0" type="stmt"/>
        <line num="52" count="0" type="stmt"/>
        <line num="56" count="4" type="stmt"/>
      </file>
      <file name="meal.ts" path="/Users/Ryan/Documents/CSC369/potions/packages/server/src/mobs/plans/meal.ts">
        <metrics statements="25" coveredstatements="17" conditionals="1" coveredconditionals="0" methods="5" coveredmethods="3"/>
        <line num="2" count="18" type="stmt"/>
        <line num="3" count="18" type="stmt"/>
        <line num="4" count="18" type="stmt"/>
        <line num="5" count="18" type="stmt"/>
        <line num="6" count="18" type="stmt"/>
        <line num="7" count="18" type="stmt"/>
        <line num="8" count="18" type="stmt"/>
        <line num="9" count="18" type="stmt"/>
        <line num="10" count="18" type="stmt"/>
        <line num="12" count="18" type="stmt"/>
        <line num="14" count="2" type="stmt"/>
        <line num="15" count="2" type="stmt"/>
        <line num="17" count="2" type="stmt"/>
        <line num="18" count="0" type="stmt"/>
        <line num="19" count="0" type="stmt"/>
        <line num="20" count="0" type="stmt"/>
        <line num="21" count="0" type="stmt"/>
        <line num="22" count="0" type="cond" truecount="0" falsecount="1"/>
        <line num="23" count="0" type="stmt"/>
        <line num="26" count="2" type="stmt"/>
        <line num="31" count="2" type="stmt"/>
        <line num="34" count="2" type="stmt"/>
        <line num="38" count="0" type="stmt"/>
        <line num="42" count="0" type="stmt"/>
        <line num="46" count="2" type="stmt"/>
      </file>
      <file name="planMeans.ts" path="/Users/Ryan/Documents/CSC369/potions/packages/server/src/mobs/plans/planMeans.ts">
        <metrics statements="19" coveredstatements="18" conditionals="3" coveredconditionals="2" methods="3" coveredmethods="3"/>
        <line num="9" count="18" type="stmt"/>
        <line num="16" count="6" type="stmt"/>
        <line num="17" count="6" type="stmt"/>
        <line num="20" count="6" type="stmt"/>
        <line num="24" count="1" type="cond" truecount="0" falsecount="1"/>
        <line num="25" count="0" type="stmt"/>
        <line num="27" count="1" type="stmt"/>
        <line num="29" count="1" type="stmt"/>
        <line num="33" count="6" type="stmt"/>
        <line num="35" count="6" type="stmt"/>
        <line num="36" count="6" type="stmt"/>
        <line num="37" count="6" type="stmt"/>
        <line num="38" count="10" type="stmt"/>
        <line num="39" count="10" type="cond" truecount="1" falsecount="0"/>
        <line num="40" count="1" type="stmt"/>
        <line num="41" count="1" type="stmt"/>
        <line num="45" count="6" type="cond" truecount="1" falsecount="0"/>
        <line num="46" count="5" type="stmt"/>
        <line num="48" count="1" type="stmt"/>
      </file>
      <file name="relax.ts" path="/Users/Ryan/Documents/CSC369/potions/packages/server/src/mobs/plans/relax.ts">
        <metrics statements="8" coveredstatements="3" conditionals="0" coveredconditionals="0" methods="5" coveredmethods="2"/>
        <line num="4" count="18" type="stmt"/>
        <line num="6" count="0" type="stmt"/>
        <line num="7" count="0" type="stmt"/>
        <line num="9" count="0" type="stmt"/>
        <line num="13" count="2" type="stmt"/>
        <line num="17" count="0" type="stmt"/>
        <line num="21" count="0" type="stmt"/>
        <line num="25" count="2" type="stmt"/>
      </file>
      <file name="sleep.ts" path="/Users/Ryan/Documents/CSC369/potions/packages/server/src/mobs/plans/sleep.ts">
        <metrics statements="29" coveredstatements="11" conditionals="5" coveredconditionals="0" methods="6" coveredmethods="2"/>
        <line num="2" count="18" type="stmt"/>
        <line num="3" count="18" type="stmt"/>
        <line num="4" count="18" type="stmt"/>
        <line num="6" count="18" type="stmt"/>
        <line num="8" count="18" type="stmt"/>
        <line num="11" count="0" type="stmt"/>
        <line num="12" count="0" type="cond" truecount="0" falsecount="2"/>
        <line num="14" count="0" type="stmt"/>
        <line num="16" count="0" type="stmt"/>
        <line num="17" count="0" type="cond" truecount="0" falsecount="1"/>
        <line num="18" count="0" type="stmt"/>
        <line num="20" count="0" type="stmt"/>
        <line num="21" count="0" type="stmt"/>
        <line num="22" count="0" type="stmt"/>
        <line num="26" count="0" type="cond" truecount="0" falsecount="1"/>
        <line num="27" count="0" type="stmt"/>
        <line num="28" count="0" type="stmt"/>
        <line num="29" count="0" type="stmt"/>
        <line num="31" count="0" type="cond" truecount="0" falsecount="1"/>
        <line num="32" count="0" type="stmt"/>
        <line num="36" count="0" type="stmt"/>
        <line num="40" count="2" type="stmt"/>
        <line num="44" count="2" type="stmt"/>
        <line num="45" count="2" type="stmt"/>
        <line num="48" count="2" type="stmt"/>
        <line num="52" count="2" type="stmt"/>
        <line num="60" count="0" type="stmt"/>
        <line num="64" count="0" type="stmt"/>
        <line num="68" count="2" type="stmt"/>
      </file>
      <file name="wander.ts" path="/Users/Ryan/Documents/CSC369/potions/packages/server/src/mobs/plans/wander.ts">
        <metrics statements="10" coveredstatements="5" conditionals="1" coveredconditionals="0" methods="5" coveredmethods="2"/>
[...]
        <line num="60" count="3" type="stmt"/>
        <line num="63" count="0" type="stmt"/>
      </file>
      <file name="getFromBasket.ts" path="/Users/Ryan/Documents/CSC369/potions/packages/server/src/mobs/plans/means/getFromBasket.ts">
        <metrics statements="15" coveredstatements="3" conditionals="5" coveredconditionals="0" methods="4" coveredmethods="0"/>
        <line num="4" count="18" type="stmt"/>
        <line num="5" count="18" type="stmt"/>
        <line num="7" count="18" type="stmt"/>
        <line num="11" count="0" type="stmt"/>
        <line num="15" count="0" type="cond" truecount="0" falsecount="3"/>
        <line num="18" count="0" type="stmt"/>
        <line num="19" count="0" type="stmt"/>
        <line num="21" count="0" type="stmt"/>
        <line num="24" count="0" type="stmt"/>
        <line num="28" count="0" type="cond" truecount="0" falsecount="1"/>
        <line num="29" count="0" type="stmt"/>
        <line num="31" count="0" type="stmt"/>
        <line num="32" count="0" type="cond" truecount="0" falsecount="1"/>
        <line num="33" count="0" type="stmt"/>
        <line num="36" count="0" type="stmt"/>
      </file>
      <file name="goToLastSeen.ts" path="/Users/Ryan/Documents/CSC369/potions/packages/server/src/mobs/plans/means/goToLastSeen.ts">
        <metrics statements="17" coveredstatements="3" conditionals="12" coveredconditionals="0" methods="3" coveredmethods="0"/>
        <line num="1" count="18" type="stmt"/>
        <line num="4" count="18" type="stmt"/>
        <line num="6" count="18" type="stmt"/>
        <line num="11" count="0" type="stmt"/>
        <line num="15" count="0" type="cond" truecount="0" falsecount="3"/>
        <line num="17" count="0" type="stmt"/>
        <line num="19" count="0" type="stmt"/>
        <line num="23" count="0" type="cond" truecount="0" falsecount="1"/>
        <line num="24" count="0" type="stmt"/>
        <line num="27" count="0" type="cond" truecount="0" falsecount="1"/>
        <line num="31" count="0" type="stmt"/>
        <line num="34" count="0" type="stmt"/>
        <line num="39" count="0" type="cond" truecount="0" falsecount="3"/>
        <line num="40" count="0" type="stmt"/>
        <line num="43" count="0" type="cond" truecount="0" falsecount="2"/>
        <line num="45" count="0" type="stmt"/>
        <line num="47" count="0" type="stmt"/>
      </file>
      <file name="purchaseItem.ts" path="/Users/Ryan/Documents/CSC369/potions/packages/server/src/mobs/plans/means/purchaseItem.ts">
        <metrics statements="21" coveredstatements="8" conditionals="11" coveredconditionals="3" methods="3" coveredmethods="1"/>
        <line num="1" count="18" type="stmt"/>
        <line num="2" count="18" type="stmt"/>
        <line num="6" count="18" type="stmt"/>
        <line num="7" count="2" type="stmt"/>
        <line num="10" count="0" type="cond" truecount="0" falsecount="1"/>
        <line num="15" count="0" type="stmt"/>
        <line num="17" count="0" type="stmt"/>
        <line num="18" count="0" type="stmt"/>
        <line num="20" count="0" type="stmt"/>
        <line num="23" count="0" type="stmt"/>
        <line num="27" count="2" type="cond" truecount="0" falsecount="1"/>
        <line num="28" count="0" type="stmt"/>
        <line num="31" count="2" type="stmt"/>
        <line num="36" count="2" type="cond" truecount="3" falsecount="0"/>
        <line num="37" count="2" type="stmt"/>
        <line num="39" count="0" type="stmt"/>
        <line num="40" count="0" type="stmt"/>
        <line num="41" count="0" type="stmt"/>
        <line num="42" count="0" type="cond" truecount="0" falsecount="3"/>
        <line num="43" count="0" type="stmt"/>
        <line num="49" count="0" type="stmt"/>
      </file>
      <file name="useItem.ts" path="/Users/Ryan/Documents/CSC369/potions/packages/server/src/mobs/plans/means/useItem.ts">
        <metrics statements="16" coveredstatements="6" conditionals="7" coveredconditionals="0" methods="3" coveredmethods="2"/>
        <line num="4" count="18" type="stmt"/>
        <line num="9" count="2" type="stmt"/>
        <line num="10" count="2" type="stmt"/>
        <line num="14" count="0" type="cond" truecount="0" falsecount="1"/>
        <line num="16" count="0" type="stmt"/>
        <line num="18" count="0" type="cond" truecount="0" falsecount="1"/>
        <line num="19" count="0" type="stmt"/>
        <line num="21" count="0" type="stmt"/>
        <line num="23" count="0" type="stmt"/>
        <line num="27" count="2" type="cond" truecount="0" falsecount="1"/>
        <line num="28" count="0" type="stmt"/>
        <line num="31" count="2" type="cond" truecount="0" falsecount="1"/>
        <line num="32" count="0" type="stmt"/>
        <line num="33" count="0" type="cond" truecount="0" falsecount="3"/>
        <line num="34" count="0" type="stmt"/>
        <line num="37" count="2" type="stmt"/>
      </file>
    </package>
    <package name="src.mobs.social">
      <metrics statements="49" coveredstatements="9" conditionals="7" coveredconditionals="0" methods="14" coveredmethods="1"/>
      <file name="conversationTracker.ts" path="/Users/Ryan/Documents/CSC369/potions/packages/server/src/mobs/social/conversationTracker.ts">
        <metrics statements="49" coveredstatements="9" conditionals="7" coveredconditionals="0" methods="14" coveredmethods="1"/>
        <line num="2" count="18" type="stmt"/>
        <line num="3" count="18" type="stmt"/>
        <line num="8" count="18" type="stmt"/>
        <line num="9" count="18" type="stmt"/>
        <line num="11" count="18" type="stmt"/>
        <line num="12" count="18" type="stmt"/>
        <line num="13" count="18" type="stmt"/>
        <line num="16" count="4" type="stmt"/>
        <line num="17" count="0" type="stmt"/>
        <line num="19" count="0" type="stmt"/>
        <line num="24" count="0" type="stmt"/>
        <line num="28" count="0" type="stmt"/>
        <line num="30" count="0" type="stmt"/>
        <line num="34" count="0" type="stmt"/>
        <line num="35" count="0" type="stmt"/>
        <line num="39" count="0" type="cond" truecount="0" falsecount="1"/>
        <line num="40" count="0" type="stmt"/>
        <line num="42" count="0" type="stmt"/>
        <line num="43" count="0" type="stmt"/>
        <line num="44" count="0" type="stmt"/>
        <line num="45" count="0" type="stmt"/>
        <line num="47" count="0" type="stmt"/>
        <line num="48" count="0" type="stmt"/>
        <line num="50" count="0" type="stmt"/>
        <line num="54" count="0" type="stmt"/>
        <line num="55" count="0" type="stmt"/>
        <line num="57" count="0" type="stmt"/>
        <line num="62" count="0" type="stmt"/>
        <line num="64" count="0" type="cond" truecount="0" falsecount="1"/>
        <line num="65" count="0" type="stmt"/>
        <line num="67" count="0" type="stmt"/>
        <line num="68" count="0" type="cond" truecount="0" falsecount="1"/>
        <line num="69" count="0" type="stmt"/>
        <line num="72" count="0" type="stmt"/>
        <line num="73" count="0" type="stmt"/>
        <line num="74" count="0" type="stmt"/>
        <line num="78" count="0" type="stmt"/>
        <line num="79" count="0" type="stmt"/>
        <line num="80" count="0" type="stmt"/>
        <line num="81" count="0" type="cond" truecount="0" falsecount="3"/>
        <line num="82" count="0" type="cond" truecount="0" falsecount="1"/>
        <line num="83" count="0" type="stmt"/>
        <line num="84" count="0" type="stmt"/>
        <line num="88" count="0" type="stmt"/>
        <line num="92" count="0" type="stmt"/>
        <line num="93" count="0" type="stmt"/>
        <line num="95" count="0" type="stmt"/>
        <line num="96" count="0" type="stmt"/>
        <line num="101" count="18" type="stmt"/>
      </file>
    </package>
    <package name="src.mobs.traits">
      <metrics statements="26" coveredstatements="26" conditionals="2" coveredconditionals="2" methods="7" coveredmethods="7"/>
      <file name="needs.ts" path="/Users/Ryan/Documents/CSC369/potions/packages/server/src/mobs/traits/needs.ts">
        <metrics statements="11" coveredstatements="11" conditionals="0" coveredconditionals="0" methods="4" coveredmethods="4"/>
        <line num="1" count="18" type="stmt"/>
        <line num="6" count="18" type="stmt"/>
        <line num="8" count="18" type="stmt"/>
        <line num="12" count="70" type="stmt"/>
        <line num="16" count="10" type="stmt"/>
        <line num="24" count="10" type="stmt"/>
        <line num="28" count="16" type="stmt"/>
        <line num="38" count="4" type="stmt"/>
        <line num="39" count="4" type="stmt"/>
        <line num="40" count="4" type="stmt"/>
        <line num="41" count="4" type="stmt"/>
      </file>
      <file name="personality.ts" path="/Users/Ryan/Documents/CSC369/potions/packages/server/src/mobs/traits/personality.ts">
        <metrics statements="15" coveredstatements="15" conditionals="2" coveredconditionals="2" methods="3" coveredmethods="3"/>
        <line num="1" count="18" type="stmt"/>
        <line num="4" count="18" type="cond" truecount="2" falsecount="0"/>
        <line num="5" count="18" type="stmt"/>
        <line num="6" count="18" type="stmt"/>
        <line num="7" count="18" type="stmt"/>
        <line num="8" count="18" type="stmt"/>
        <line num="9" count="18" type="stmt"/>
        <line num="10" count="18" type="stmt"/>
        <line num="11" count="18" type="stmt"/>
        <line num="12" count="18" type="stmt"/>
        <line num="27" count="18" type="stmt"/>
        <line num="31" count="70" type="stmt"/>
        <line num="47" count="70" type="stmt"/>
        <line num="51" count="70" type="stmt"/>
        <line num="63" count="18" type="stmt"/>
      </file>
    </package>
    <package name="src.services">
      <metrics statements="24" coveredstatements="8" conditionals="4" coveredconditionals="0" methods="5" coveredmethods="1"/>
      <file name="database.ts" path="/Users/Ryan/Documents/CSC369/potions/packages/server/src/services/database.ts">
        <metrics statements="24" coveredstatements="8" conditionals="4" coveredconditionals="0" methods="5" coveredmethods="1"/>
        <line num="2" count="18" type="stmt"/>
        <line num="3" count="18" type="stmt"/>
        <line num="4" count="18" type="stmt"/>
        <line num="5" count="18" type="stmt"/>
        <line num="8" count="18" type="stmt"/>
        <line num="12" count="18" type="stmt"/>
        <line num="13" count="32" type="stmt"/>
        <line num="16" count="18" type="stmt"/>
        <line num="20" count="0" type="stmt"/>
        <line num="22" count="0" type="cond" truecount="0" falsecount="1"/>
        <line num="23" count="0" type="cond" truecount="0" falsecount="1"/>
        <line num="24" count="0" type="stmt"/>
        <line num="30" count="0" type="stmt"/>
        <line num="31" count="0" type="stmt"/>
        <line num="34" count="0" type="stmt"/>
        <line num="35" count="0" type="cond" truecount="0" falsecount="1"/>
        <line num="36" count="0" type="stmt"/>
        <line num="37" count="0" type="stmt"/>
        <line num="41" count="0" type="stmt"/>
        <line num="42" count="0" type="stmt"/>
        <line num="43" count="0" type="stmt"/>
        <line num="45" count="0" type="stmt"/>
        <line num="46" count="0" type="stmt"/>
        <line num="49" count="0" type="stmt"/>
      </file>
    </package>
    <package name="src.services.clientCommunication">
      <metrics statements="4" coveredstatements="3" conditionals="0" coveredconditionals="0" methods="23" coveredmethods="13"/>
      <file name="pubsub.ts" path="/Users/Ryan/Documents/CSC369/potions/packages/server/src/services/clientCommunication/pubsub.ts">
        <metrics statements="2" coveredstatements="2" conditionals="0" coveredconditionals="0" methods="1" coveredmethods="1"/>
        <line num="37" count="18" type="stmt"/>
        <line num="38" count="32" type="stmt"/>
      </file>
      <file name="stubbedPubSub.ts" path="/Users/Ryan/Documents/CSC369/potions/packages/server/src/services/clientCommunication/stubbedPubSub.ts">
        <metrics statements="2" coveredstatements="1" conditionals="0" coveredconditionals="0" methods="22" coveredmethods="12"/>
        <line num="6" count="18" type="stmt"/>
        <line num="16" count="0" type="stmt"/>
      </file>
    </package>
    <package name="src.services.gameWorld">
      <metrics statements="54" coveredstatements="26" conditionals="10" coveredconditionals="0" methods="11" coveredmethods="6"/>
      <file name="gameWorld.ts" path="/Users/Ryan/Documents/CSC369/potions/packages/server/src/services/gameWorld/gameWorld.ts">
        <metrics statements="2" coveredstatements="2" conditionals="0" coveredconditionals="0" methods="1" coveredmethods="1"/>
        <line num="21" count="18" type="stmt"/>
        <line num="22" count="32" type="stmt"/>
      </file>
      <file name="serverWorld.ts" path="/Users/Ryan/Documents/CSC369/potions/packages/server/src/services/gameWorld/serverWorld.ts">
        <metrics statements="52" coveredstatements="24" conditionals="10" coveredconditionals="0" methods="10" coveredmethods="5"/>
        <line num="1" count="18" type="stmt"/>
        <line num="2" count="18" type="stmt"/>
        <line num="3" count="18" type="stmt"/>
        <line num="4" count="18" type="stmt"/>
        <line num="5" count="18" type="stmt"/>
        <line num="6" count="18" type="stmt"/>
        <line num="7" count="18" type="stmt"/>
        <line num="9" count="18" type="stmt"/>
        <line num="11" count="18" type="stmt"/>
        <line num="12" count="18" type="stmt"/>
        <line num="13" count="18" type="stmt"/>
        <line num="15" count="18" type="stmt"/>
        <line num="22" count="32" type="stmt"/>
        <line num="23" count="32" type="stmt"/>
        <line num="24" count="32" type="stmt"/>
        <line num="25" count="32" type="stmt"/>
        <line num="27" count="32" type="stmt"/>
        <line num="29" count="32" type="stmt"/>
        <line num="31" count="32" type="stmt"/>
        <line num="32" count="32" type="stmt"/>
        <line num="41" count="2" type="stmt"/>
        <line num="45" count="1" type="stmt"/>
        <line num="49" count="7" type="stmt"/>
        <line num="53" count="0" type="stmt"/>
        <line num="54" count="0" type="stmt"/>
        <line num="55" count="0" type="stmt"/>
        <line num="56" count="0" type="stmt"/>
        <line num="57" count="0" type="cond" truecount="0" falsecount="1"/>
        <line num="58" count="0" type="stmt"/>
        <line num="61" count="0" type="cond" truecount="0" falsecount="4"/>
        <line num="62" count="0" type="stmt"/>
        <line num="68" count="0" type="stmt"/>
        <line num="70" count="0" type="stmt"/>
        <line num="74" count="0" type="stmt"/>
        <line num="76" count="0" type="stmt"/>
        <line num="77" count="0" type="stmt"/>
        <line num="78" count="0" type="cond" truecount="0" falsecount="1"/>
        <line num="79" count="0" type="stmt"/>
        <line num="87" count="0" type="stmt"/>
        <line num="88" count="0" type="stmt"/>
        <line num="90" count="0" type="stmt"/>
        <line num="91" count="0" type="stmt"/>
        <line num="98" count="0" type="stmt"/>
        <line num="99" count="0" type="cond" truecount="0" falsecount="1"/>
        <line num="100" count="0" type="stmt"/>
        <line num="103" count="0" type="stmt"/>
        <line num="107" count="0" type="stmt"/>
        <line num="116" count="0" type="stmt"/>
        <line num="118" count="0" type="cond" truecount="0" falsecount="1"/>
        <line num="119" count="0" type="stmt"/>
        <line num="122" count="0" type="stmt"/>
        <line num="126" count="8" type="stmt"/>
      </file>
    </package>
    <package name="src.util">
      <metrics statements="31" coveredstatements="30" conditionals="6" coveredconditionals="2" methods="9" coveredmethods="8"/>
      <file name="colorUtil.ts" path="/Users/Ryan/Documents/CSC369/potions/packages/server/src/util/colorUtil.ts">
        <metrics statements="24" coveredstatements="24" conditionals="2" coveredconditionals="2" methods="6" coveredmethods="6"/>
        <line num="1" count="18" type="stmt"/>
        <line num="3" count="99" type="cond" truecount="1" falsecount="0"/>
        <line num="4" count="99" type="stmt"/>
        <line num="7" count="99" type="stmt"/>
        <line num="10" count="18" type="stmt"/>
        <line num="12" count="3" type="stmt"/>
        <line num="13" count="6" type="cond" truecount="1" falsecount="0"/>
        <line num="14" count="6" type="stmt"/>
        <line num="16" count="6" type="stmt"/>
        <line num="17" count="6" type="stmt"/>
        <line num="25" count="3" type="stmt"/>
        <line num="26" count="3" type="stmt"/>
        <line num="32" count="3" type="stmt"/>
        <line num="33" count="3" type="stmt"/>
        <line num="36" count="3" type="stmt"/>
        <line num="43" count="3" type="stmt"/>
        <line num="46" count="18" type="stmt"/>
        <line num="48" count="15" type="stmt"/>
        <line num="50" count="15" type="stmt"/>
        <line num="52" count="15" type="stmt"/>
        <line num="55" count="18" type="stmt"/>
        <line num="56" count="93" type="stmt"/>
        <line num="71" count="93" type="stmt"/>
        <line num="72" count="93" type="stmt"/>
      </file>
      <file name="descriptionUtil.ts" path="/Users/Ryan/Documents/CSC369/potions/packages/server/src/util/descriptionUtil.ts">
        <metrics statements="2" coveredstatements="2" conditionals="0" coveredconditionals="0" methods="1" coveredmethods="1"/>
        <line num="3" count="18" type="stmt"/>
        <line num="4" count="31" type="stmt"/>
      </file>
      <file name="mathUtil.ts" path="/Users/Ryan/Documents/CSC369/potions/packages/server/src/util/mathUtil.ts">
        <metrics statements="5" coveredstatements="4" conditionals="4" coveredconditionals="0" methods="2" coveredmethods="1"/>
        <line num="1" count="18" type="cond" truecount="0" falsecount="2"/>
        <line num="2" count="4" type="stmt"/>
        <line num="4" count="4" type="stmt"/>
        <line num="7" count="18" type="stmt"/>
        <line num="8" count="0" type="cond" truecount="0" falsecount="2"/>
      </file>
    </package>
    <package name="test">
      <metrics statements="22" coveredstatements="22" conditionals="1" coveredconditionals="1" methods="2" coveredmethods="2"/>
      <file name="testSetup.ts" path="/Users/Ryan/Documents/CSC369/potions/packages/server/test/testSetup.ts">
        <metrics statements="22" coveredstatements="22" conditionals="1" coveredconditionals="1" methods="2" coveredmethods="2"/>
        <line num="2" count="18" type="stmt"/>
        <line num="3" count="18" type="stmt"/>
        <line num="4" count="18" type="stmt"/>
        <line num="5" count="18" type="stmt"/>
        <line num="6" count="18" type="stmt"/>
        <line num="7" count="18" type="stmt"/>
        <line num="8" count="18" type="stmt"/>
        <line num="14" count="18" type="stmt"/>
        <line num="15" count="18" type="stmt"/>
        <line num="25" count="18" type="cond" truecount="1" falsecount="0"/>
        <line num="27" count="32" type="stmt"/>
        <line num="29" count="32" type="stmt"/>
        <line num="30" count="32" type="stmt"/>
        <line num="31" count="32" type="stmt"/>
        <line num="33" count="32" type="stmt"/>
        <line num="35" count="67" type="stmt"/>
        <line num="375" count="32" type="stmt"/>
        <line num="376" count="32" type="stmt"/>
        <line num="377" count="32" type="stmt"/>
        <line num="378" count="32" type="stmt"/>
        <line num="379" count="32" type="stmt"/>
        <line num="380" count="32" type="stmt"/>
      </file>
    </package>
  </project>
</coverage>
