{"/Users/Ryan/Documents/CSC369/potions/packages/server/src/community/community.ts": {"path":"/Users/Ryan/Documents/CSC369/potions/packages/server/src/community/community.ts","statementMap":{"0":{"start":{"line":1,"column":0},"end":{"line":1,"column":42}},"1":{"start":{"line":8,"column":4},"end":{"line":8,"column":17}},"2":{"start":{"line":9,"column":4},"end":{"line":9,"column":21}},"3":{"start":{"line":13,"column":4},"end":{"line":18,"column":40}},"4":{"start":{"line":22,"column":4},"end":{"line":27,"column":24}},"5":{"start":{"line":28,"column":4},"end":{"line":28,"column":35}},"6":{"start":{"line":32,"column":24},"end":{"line":39,"column":43}},"7":{"start":{"line":41,"column":4},"end":{"line":43,"column":5}},"8":{"start":{"line":42,"column":6},"end":{"line":42,"column":57}},"9":{"start":{"line":45,"column":4},"end":{"line":45,"column":59}},"10":{"start":{"line":68,"column":25},"end":{"line":77,"column":71}},"11":{"start":{"line":80,"column":4},"end":{"line":82,"column":5}},"12":{"start":{"line":81,"column":6},"end":{"line":81,"column":18}},"13":{"start":{"line":85,"column":4},"end":{"line":85,"column":17}},"14":{"start":{"line":88,"column":15},"end":{"line":101,"column":6}},"15":{"start":{"line":3,"column":0},"end":{"line":3,"column":13}}},"fnMap":{"0":{"name":"(anonymous_0)","decl":{"start":{"line":7,"column":2},"end":{"line":7,"column":14}},"loc":{"start":{"line":7,"column":38},"end":{"line":10,"column":3}}},"1":{"name":"(anonymous_1)","decl":{"start":{"line":12,"column":2},"end":{"line":12,"column":8}},"loc":{"start":{"line":12,"column":52},"end":{"line":19,"column":3}}},"2":{"name":"(anonymous_2)","decl":{"start":{"line":21,"column":2},"end":{"line":21,"column":8}},"loc":{"start":{"line":21,"column":45},"end":{"line":29,"column":3}}},"3":{"name":"(anonymous_3)","decl":{"start":{"line":31,"column":2},"end":{"line":31,"column":8}},"loc":{"start":{"line":31,"column":30},"end":{"line":46,"column":3}}},"4":{"name":"(anonymous_4)","decl":{"start":{"line":66,"column":2},"end":{"line":66,"column":8}},"loc":{"start":{"line":66,"column":47},"end":{"line":86,"column":3}}}},"branchMap":{"0":{"loc":{"start":{"line":41,"column":4},"end":{"line":43,"column":5}},"type":"if","locations":[{"start":{"line":41,"column":4},"end":{"line":43,"column":5}}]},"1":{"loc":{"start":{"line":80,"column":4},"end":{"line":82,"column":5}},"type":"if","locations":[{"start":{"line":80,"column":4},"end":{"line":82,"column":5}}]}},"s":{"0":18,"1":30,"2":30,"3":1,"4":30,"5":30,"6":0,"7":0,"8":0,"9":0,"10":2,"11":2,"12":1,"13":1,"14":18,"15":18},"f":{"0":30,"1":1,"2":30,"3":0,"4":2},"b":{"0":[0],"1":[1]}}
,"/Users/Ryan/Documents/CSC369/potions/packages/server/src/community/house.ts": {"path":"/Users/Ryan/Documents/CSC369/potions/packages/server/src/community/house.ts","statementMap":{"0":{"start":{"line":1,"column":0},"end":{"line":1,"column":50}},"1":{"start":{"line":3,"column":0},"end":{"line":3,"column":55}},"2":{"start":{"line":4,"column":0},"end":{"line":4,"column":36}},"3":{"start":{"line":5,"column":0},"end":{"line":5,"column":42}},"4":{"start":{"line":30,"column":4},"end":{"line":30,"column":18}},"5":{"start":{"line":31,"column":4},"end":{"line":31,"column":29}},"6":{"start":{"line":32,"column":4},"end":{"line":32,"column":23}},"7":{"start":{"line":33,"column":4},"end":{"line":33,"column":25}},"8":{"start":{"line":34,"column":4},"end":{"line":34,"column":37}},"9":{"start":{"line":38,"column":4},"end":{"line":41,"column":6}},"10":{"start":{"line":45,"column":21},"end":{"line":55,"column":59}},"11":{"start":{"line":57,"column":4},"end":{"line":59,"column":5}},"12":{"start":{"line":58,"column":6},"end":{"line":58,"column":23}},"13":{"start":{"line":61,"column":4},"end":{"line":61,"column":23}},"14":{"start":{"line":70,"column":15},"end":{"line":70,"column":23}},"15":{"start":{"line":71,"column":20},"end":{"line":74,"column":6}},"16":{"start":{"line":75,"column":18},"end":{"line":75,"column":68}},"17":{"start":{"line":77,"column":4},"end":{"line":89,"column":7}},"18":{"start":{"line":91,"column":4},"end":{"line":97,"column":7}},"19":{"start":{"line":99,"column":4},"end":{"line":112,"column":5}},"20":{"start":{"line":99,"column":17},"end":{"line":99,"column":27}},"21":{"start":{"line":100,"column":6},"end":{"line":105,"column":9}},"22":{"start":{"line":106,"column":6},"end":{"line":111,"column":9}},"23":{"start":{"line":114,"column":4},"end":{"line":133,"column":5}},"24":{"start":{"line":114,"column":17},"end":{"line":114,"column":31}},"25":{"start":{"line":115,"column":21},"end":{"line":115,"column":41}},"26":{"start":{"line":116,"column":6},"end":{"line":123,"column":7}},"27":{"start":{"line":117,"column":8},"end":{"line":122,"column":11}},"28":{"start":{"line":124,"column":21},"end":{"line":124,"column":50}},"29":{"start":{"line":125,"column":6},"end":{"line":132,"column":7}},"30":{"start":{"line":126,"column":8},"end":{"line":131,"column":11}},"31":{"start":{"line":135,"column":4},"end":{"line":135,"column":17}},"32":{"start":{"line":138,"column":23},"end":{"line":148,"column":6}},"33":{"start":{"line":16,"column":0},"end":{"line":16,"column":13}}},"fnMap":{"0":{"name":"(anonymous_0)","decl":{"start":{"line":23,"column":2},"end":{"line":23,"column":null}},"loc":{"start":{"line":28,"column":24},"end":{"line":35,"column":3}}},"1":{"name":"(anonymous_1)","decl":{"start":{"line":37,"column":2},"end":{"line":37,"column":8}},"loc":{"start":{"line":37,"column":8},"end":{"line":42,"column":3}}},"2":{"name":"(anonymous_2)","decl":{"start":{"line":44,"column":2},"end":{"line":44,"column":8}},"loc":{"start":{"line":44,"column":53},"end":{"line":62,"column":3}}},"3":{"name":"(anonymous_3)","decl":{"start":{"line":64,"column":2},"end":{"line":64,"column":8}},"loc":{"start":{"line":68,"column":22},"end":{"line":136,"column":3}}}},"branchMap":{"0":{"loc":{"start":{"line":57,"column":4},"end":{"line":59,"column":5}},"type":"if","locations":[{"start":{"line":57,"column":4},"end":{"line":59,"column":5}}]},"1":{"loc":{"start":{"line":116,"column":6},"end":{"line":123,"column":7}},"type":"if","locations":[{"start":{"line":116,"column":6},"end":{"line":123,"column":7}}]},"2":{"loc":{"start":{"line":125,"column":6},"end":{"line":132,"column":7}},"type":"if","locations":[{"start":{"line":125,"column":6},"end":{"line":132,"column":7}}]}},"s":{"0":18,"1":18,"2":18,"3":18,"4":0,"5":0,"6":0,"7":0,"8":0,"9":0,"10":31,"11":31,"12":31,"13":0,"14":0,"15":0,"16":0,"17":0,"18":0,"19":0,"20":0,"21":0,"22":0,"23":0,"24":0,"25":0,"26":0,"27":0,"28":0,"29":0,"30":0,"31":0,"32":18,"33":18},"f":{"0":0,"1":0,"2":31,"3":0},"b":{"0":[31],"1":[0],"2":[0]}}
,"/Users/Ryan/Documents/CSC369/potions/packages/server/src/date/fantasyDate.ts": {"path":"/Users/Ryan/Documents/CSC369/potions/packages/server/src/date/fantasyDate.ts","statementMap":{"0":{"start":{"line":1,"column":0},"end":{"line":1,"column":64}},"1":{"start":{"line":2,"column":0},"end":{"line":2,"column":42}},"2":{"start":{"line":4,"column":13},"end":{"line":4,"column":38}},"3":{"start":{"line":5,"column":13},"end":{"line":5,"column":31}},"4":{"start":{"line":6,"column":13},"end":{"line":6,"column":32}},"5":{"start":{"line":7,"column":13},"end":{"line":7,"column":32}},"6":{"start":{"line":27,"column":4},"end":{"line":27,"column":19}},"7":{"start":{"line":28,"column":4},"end":{"line":28,"column":23}},"8":{"start":{"line":29,"column":4},"end":{"line":29,"column":21}},"9":{"start":{"line":30,"column":4},"end":{"line":30,"column":21}},"10":{"start":{"line":31,"column":4},"end":{"line":31,"column":25}},"11":{"start":{"line":32,"column":4},"end":{"line":32,"column":35}},"12":{"start":{"line":36,"column":4},"end":{"line":36,"column":73}},"13":{"start":{"line":40,"column":4},"end":{"line":40,"column":73}},"14":{"start":{"line":44,"column":26},"end":{"line":44,"column":28}},"15":{"start":{"line":45,"column":4},"end":{"line":57,"column":5}},"16":{"start":{"line":46,"column":6},"end":{"line":46,"column":34}},"17":{"start":{"line":47,"column":11},"end":{"line":57,"column":5}},"18":{"start":{"line":48,"column":6},"end":{"line":48,"column":34}},"19":{"start":{"line":49,"column":11},"end":{"line":57,"column":5}},"20":{"start":{"line":50,"column":6},"end":{"line":50,"column":36}},"21":{"start":{"line":51,"column":11},"end":{"line":57,"column":5}},"22":{"start":{"line":52,"column":6},"end":{"line":52,"column":37}},"23":{"start":{"line":53,"column":11},"end":{"line":57,"column":5}},"24":{"start":{"line":54,"column":6},"end":{"line":54,"column":31}},"25":{"start":{"line":55,"column":11},"end":{"line":57,"column":5}},"26":{"start":{"line":56,"column":6},"end":{"line":56,"column":31}},"27":{"start":{"line":59,"column":25},"end":{"line":59,"column":27}},"28":{"start":{"line":60,"column":4},"end":{"line":64,"column":5}},"29":{"start":{"line":61,"column":6},"end":{"line":61,"column":39}},"30":{"start":{"line":63,"column":6},"end":{"line":63,"column":35}},"31":{"start":{"line":66,"column":27},"end":{"line":66,"column":29}},"32":{"start":{"line":67,"column":4},"end":{"line":75,"column":5}},"33":{"start":{"line":68,"column":6},"end":{"line":68,"column":34}},"34":{"start":{"line":69,"column":11},"end":{"line":75,"column":5}},"35":{"start":{"line":70,"column":6},"end":{"line":70,"column":34}},"36":{"start":{"line":71,"column":11},"end":{"line":75,"column":5}},"37":{"start":{"line":72,"column":6},"end":{"line":72,"column":34}},"38":{"start":{"line":74,"column":6},"end":{"line":74,"column":32}},"39":{"start":{"line":77,"column":4},"end":{"line":77,"column":83}},"40":{"start":{"line":81,"column":17},"end":{"line":87,"column":31}},"41":{"start":{"line":89,"column":19},"end":{"line":89,"column":46}},"42":{"start":{"line":90,"column":17},"end":{"line":90,"column":71}},"43":{"start":{"line":92,"column":6},"end":{"line":94,"column":7}},"44":{"start":{"line":96,"column":6},"end":{"line":100,"column":7}},"45":{"start":{"line":101,"column":17},"end":{"line":103,"column":null}},"46":{"start":{"line":106,"column":4},"end":{"line":106,"column":70}},"47":{"start":{"line":110,"column":4},"end":{"line":115,"column":12}},"48":{"start":{"line":117,"column":17},"end":{"line":121,"column":31}},"49":{"start":{"line":123,"column":19},"end":{"line":123,"column":46}},"50":{"start":{"line":125,"column":4},"end":{"line":127,"column":5}},"51":{"start":{"line":126,"column":6},"end":{"line":126,"column":52}},"52":{"start":{"line":131,"column":4},"end":{"line":138,"column":12}},"53":{"start":{"line":9,"column":0},"end":{"line":9,"column":13}}},"fnMap":{"0":{"name":"(anonymous_0)","decl":{"start":{"line":19,"column":2},"end":{"line":19,"column":null}},"loc":{"start":{"line":25,"column":23},"end":{"line":33,"column":3}}},"1":{"name":"(anonymous_1)","decl":{"start":{"line":35,"column":2},"end":{"line":35,"column":6}},"loc":{"start":{"line":35,"column":6},"end":{"line":37,"column":3}}},"2":{"name":"(anonymous_2)","decl":{"start":{"line":39,"column":2},"end":{"line":39,"column":10}},"loc":{"start":{"line":39,"column":10},"end":{"line":41,"column":3}}},"3":{"name":"(anonymous_3)","decl":{"start":{"line":43,"column":2},"end":{"line":43,"column":13}},"loc":{"start":{"line":43,"column":13},"end":{"line":78,"column":3}}},"4":{"name":"(anonymous_4)","decl":{"start":{"line":80,"column":2},"end":{"line":80,"column":8}},"loc":{"start":{"line":80,"column":20},"end":{"line":107,"column":3}}},"5":{"name":"(anonymous_5)","decl":{"start":{"line":109,"column":2},"end":{"line":109,"column":8}},"loc":{"start":{"line":109,"column":16},"end":{"line":128,"column":3}}},"6":{"name":"(anonymous_6)","decl":{"start":{"line":130,"column":2},"end":{"line":130,"column":8}},"loc":{"start":{"line":130,"column":20},"end":{"line":139,"column":3}}}},"branchMap":{"0":{"loc":{"start":{"line":45,"column":4},"end":{"line":57,"column":5}},"type":"if","locations":[{"start":{"line":45,"column":4},"end":{"line":57,"column":5}},{"start":{"line":47,"column":11},"end":{"line":57,"column":5}}]},"1":{"loc":{"start":{"line":45,"column":8},"end":{"line":45,"column":40}},"type":"binary-expr","locations":[{"start":{"line":45,"column":8},"end":{"line":45,"column":22}},{"start":{"line":45,"column":26},"end":{"line":45,"column":40}}]},"2":{"loc":{"start":{"line":47,"column":11},"end":{"line":57,"column":5}},"type":"if","locations":[{"start":{"line":47,"column":11},"end":{"line":57,"column":5}},{"start":{"line":49,"column":11},"end":{"line":57,"column":5}}]},"3":{"loc":{"start":{"line":47,"column":15},"end":{"line":47,"column":46}},"type":"binary-expr","locations":[{"start":{"line":47,"column":15},"end":{"line":47,"column":28}},{"start":{"line":47,"column":32},"end":{"line":47,"column":46}}]},"4":{"loc":{"start":{"line":49,"column":11},"end":{"line":57,"column":5}},"type":"if","locations":[{"start":{"line":49,"column":11},"end":{"line":57,"column":5}},{"start":{"line":51,"column":11},"end":{"line":57,"column":5}}]},"5":{"loc":{"start":{"line":49,"column":15},"end":{"line":49,"column":47}},"type":"binary-expr","locations":[{"start":{"line":49,"column":15},"end":{"line":49,"column":28}},{"start":{"line":49,"column":32},"end":{"line":49,"column":47}}]},"6":{"loc":{"start":{"line":51,"column":11},"end":{"line":57,"column":5}},"type":"if","locations":[{"start":{"line":51,"column":11},"end":{"line":57,"column":5}},{"start":{"line":53,"column":11},"end":{"line":57,"column":5}}]},"7":{"loc":{"start":{"line":51,"column":15},"end":{"line":51,"column":48}},"type":"binary-expr","locations":[{"start":{"line":51,"column":15},"end":{"line":51,"column":30}},{"start":{"line":51,"column":34},"end":{"line":51,"column":48}}]},"8":{"loc":{"start":{"line":53,"column":11},"end":{"line":57,"column":5}},"type":"if","locations":[{"start":{"line":53,"column":11},"end":{"line":57,"column":5}},{"start":{"line":55,"column":11},"end":{"line":57,"column":5}}]},"9":{"loc":{"start":{"line":53,"column":15},"end":{"line":53,"column":47}},"type":"binary-expr","locations":[{"start":{"line":53,"column":15},"end":{"line":53,"column":29}},{"start":{"line":53,"column":33},"end":{"line":53,"column":47}}]},"10":{"loc":{"start":{"line":55,"column":11},"end":{"line":57,"column":5}},"type":"if","locations":[{"start":{"line":55,"column":11},"end":{"line":57,"column":5}}]},"11":{"loc":{"start":{"line":55,"column":15},"end":{"line":55,"column":45}},"type":"binary-expr","locations":[{"start":{"line":55,"column":15},"end":{"line":55,"column":28}},{"start":{"line":55,"column":32},"end":{"line":55,"column":45}}]},"12":{"loc":{"start":{"line":60,"column":4},"end":{"line":64,"column":5}},"type":"if","locations":[{"start":{"line":60,"column":4},"end":{"line":64,"column":5}},{"start":{"line":62,"column":11},"end":{"line":64,"column":5}}]},"13":{"loc":{"start":{"line":67,"column":4},"end":{"line":75,"column":5}},"type":"if","locations":[{"start":{"line":67,"column":4},"end":{"line":75,"column":5}},{"start":{"line":69,"column":11},"end":{"line":75,"column":5}}]},"14":{"loc":{"start":{"line":69,"column":11},"end":{"line":75,"column":5}},"type":"if","locations":[{"start":{"line":69,"column":11},"end":{"line":75,"column":5}},{"start":{"line":71,"column":11},"end":{"line":75,"column":5}}]},"15":{"loc":{"start":{"line":71,"column":11},"end":{"line":75,"column":5}},"type":"if","locations":[{"start":{"line":71,"column":11},"end":{"line":75,"column":5}},{"start":{"line":73,"column":11},"end":{"line":75,"column":5}}]},"16":{"loc":{"start":{"line":125,"column":4},"end":{"line":127,"column":5}},"type":"if","locations":[{"start":{"line":125,"column":4},"end":{"line":127,"column":5}}]}},"s":{"0":18,"1":18,"2":18,"3":18,"4":18,"5":18,"6":11,"7":11,"8":11,"9":11,"10":11,"11":11,"12":0,"13":0,"14":0,"15":0,"16":0,"17":0,"18":0,"19":0,"20":0,"21":0,"22":0,"23":0,"24":0,"25":0,"26":0,"27":0,"28":0,"29":0,"30":0,"31":0,"32":0,"33":0,"34":0,"35":0,"36":0,"37":0,"38":0,"39":0,"40":11,"41":11,"42":11,"43":11,"44":11,"45":11,"46":11,"47":47,"48":47,"49":47,"50":47,"51":0,"52":4,"53":18},"f":{"0":11,"1":0,"2":0,"3":0,"4":11,"5":47,"6":4},"b":{"0":[0,0],"1":[0,0],"2":[0,0],"3":[0,0],"4":[0,0],"5":[0,0],"6":[0,0],"7":[0,0],"8":[0,0],"9":[0,0],"10":[0],"11":[0,0],"12":[0,0],"13":[0,0],"14":[0,0],"15":[0,0],"16":[0]}}
,"/Users/Ryan/Documents/CSC369/potions/packages/server/src/generate/generateWorld.ts": {"path":"/Users/Ryan/Documents/CSC369/potions/packages/server/src/generate/generateWorld.ts","statementMap":{"0":{"start":{"line":27,"column":0},"end":{"line":27,"column":16}},"1":{"start":{"line":104,"column":0},"end":{"line":104,"column":16}},"2":{"start":{"line":1,"column":0},"end":{"line":1,"column":70}},"3":{"start":{"line":2,"column":0},"end":{"line":2,"column":42}},"4":{"start":{"line":4,"column":0},"end":{"line":4,"column":51}},"5":{"start":{"line":5,"column":0},"end":{"line":5,"column":43}},"6":{"start":{"line":6,"column":0},"end":{"line":6,"column":50}},"7":{"start":{"line":7,"column":0},"end":{"line":7,"column":37}},"8":{"start":{"line":8,"column":0},"end":{"line":8,"column":57}},"9":{"start":{"line":9,"column":0},"end":{"line":9,"column":34}},"10":{"start":{"line":15,"column":15},"end":{"line":25,"column":2}},"11":{"start":{"line":28,"column":64},"end":{"line":28,"column":70}},"12":{"start":{"line":30,"column":20},"end":{"line":30,"column":42}},"13":{"start":{"line":31,"column":2},"end":{"line":31,"column":38}},"14":{"start":{"line":34,"column":50},"end":{"line":34,"column":52}},"15":{"start":{"line":35,"column":2},"end":{"line":40,"column":5}},"16":{"start":{"line":36,"column":4},"end":{"line":39,"column":6}},"17":{"start":{"line":43,"column":2},"end":{"line":48,"column":3}},"18":{"start":{"line":44,"column":4},"end":{"line":47,"column":6}},"19":{"start":{"line":51,"column":2},"end":{"line":65,"column":4}},"20":{"start":{"line":58,"column":6},"end":{"line":63,"column":8}},"21":{"start":{"line":68,"column":2},"end":{"line":76,"column":5}},"22":{"start":{"line":69,"column":4},"end":{"line":75,"column":7}},"23":{"start":{"line":79,"column":2},"end":{"line":99,"column":4}},"24":{"start":{"line":88,"column":6},"end":{"line":97,"column":9}},"25":{"start":{"line":101,"column":2},"end":{"line":101,"column":28}},"26":{"start":{"line":105,"column":2},"end":{"line":105,"column":18}}},"fnMap":{"0":{"name":"loadDefaults","decl":{"start":{"line":27,"column":16},"end":{"line":27,"column":28}},"loc":{"start":{"line":27,"column":59},"end":{"line":102,"column":1}}},"1":{"name":"(anonymous_1)","decl":{"start":{"line":35,"column":22},"end":{"line":35,"column":23}},"loc":{"start":{"line":35,"column":66},"end":{"line":40,"column":3}}},"2":{"name":"(anonymous_2)","decl":{"start":{"line":52,"column":4},"end":{"line":52,"column":5}},"loc":{"start":{"line":57,"column":9},"end":{"line":64,"column":5}}},"3":{"name":"(anonymous_3)","decl":{"start":{"line":68,"column":16},"end":{"line":68,"column":17}},"loc":{"start":{"line":68,"column":37},"end":{"line":76,"column":3}}},"4":{"name":"(anonymous_4)","decl":{"start":{"line":80,"column":4},"end":{"line":80,"column":5}},"loc":{"start":{"line":87,"column":9},"end":{"line":98,"column":5}}},"5":{"name":"createTables","decl":{"start":{"line":104,"column":16},"end":{"line":104,"column":28}},"loc":{"start":{"line":104,"column":28},"end":{"line":106,"column":1}}}},"branchMap":{"0":{"loc":{"start":{"line":72,"column":15},"end":{"line":72,"column":72}},"type":"cond-expr","locations":[{"start":{"line":72,"column":32},"end":{"line":72,"column":60}},{"start":{"line":72,"column":63},"end":{"line":72,"column":72}}]}},"s":{"0":18,"1":18,"2":18,"3":18,"4":18,"5":18,"6":18,"7":18,"8":18,"9":18,"10":18,"11":0,"12":0,"13":0,"14":0,"15":0,"16":0,"17":0,"18":0,"19":0,"20":0,"21":0,"22":0,"23":0,"24":0,"25":0,"26":32},"f":{"0":0,"1":0,"2":0,"3":0,"4":0,"5":32},"b":{"0":[0,0]}}
,"/Users/Ryan/Documents/CSC369/potions/packages/server/src/generate/socialWorld.ts": {"path":"/Users/Ryan/Documents/CSC369/potions/packages/server/src/generate/socialWorld.ts","statementMap":{"0":{"start":{"line":4,"column":0},"end":{"line":4,"column":16}},"1":{"start":{"line":1,"column":0},"end":{"line":1,"column":73}},"2":{"start":{"line":7,"column":35},"end":{"line":7,"column":37}},"3":{"start":{"line":9,"column":44},"end":{"line":9,"column":46}},"4":{"start":{"line":10,"column":2},"end":{"line":20,"column":3}},"5":{"start":{"line":11,"column":19},"end":{"line":16,"column":null}},"6":{"start":{"line":18,"column":4},"end":{"line":18,"column":38}},"7":{"start":{"line":19,"column":4},"end":{"line":19,"column":29}},"8":{"start":{"line":22,"column":2},"end":{"line":26,"column":3}},"9":{"start":{"line":23,"column":4},"end":{"line":25,"column":6}},"10":{"start":{"line":28,"column":2},"end":{"line":38,"column":3}},"11":{"start":{"line":29,"column":4},"end":{"line":37,"column":6}},"12":{"start":{"line":40,"column":2},"end":{"line":40,"column":21}}},"fnMap":{"0":{"name":"buildGraphFromWorld","decl":{"start":{"line":4,"column":16},"end":{"line":4,"column":35}},"loc":{"start":{"line":5,"column":31},"end":{"line":41,"column":1}}}},"branchMap":{"0":{"loc":{"start":{"line":15,"column":6},"end":{"line":15,"column":61}},"type":"cond-expr","locations":[{"start":{"line":15,"column":26},"end":{"line":15,"column":54}},{"start":{"line":15,"column":57},"end":{"line":15,"column":61}}]}},"s":{"0":18,"1":18,"2":32,"3":32,"4":32,"5":64,"6":64,"7":64,"8":32,"9":384,"10":32,"11":96,"12":32},"f":{"0":32},"b":{"0":[32,32]}}
,"/Users/Ryan/Documents/CSC369/potions/packages/server/src/items/carryable.ts": {"path":"/Users/Ryan/Documents/CSC369/potions/packages/server/src/items/carryable.ts","statementMap":{"0":{"start":{"line":2,"column":0},"end":{"line":2,"column":51}},"1":{"start":{"line":3,"column":0},"end":{"line":3,"column":64}},"2":{"start":{"line":4,"column":0},"end":{"line":4,"column":42}},"3":{"start":{"line":5,"column":0},"end":{"line":5,"column":30}},"4":{"start":{"line":11,"column":4},"end":{"line":11,"column":21}},"5":{"start":{"line":15,"column":4},"end":{"line":17,"column":5}},"6":{"start":{"line":16,"column":6},"end":{"line":16,"column":33}},"7":{"start":{"line":19,"column":4},"end":{"line":19,"column":21}},"8":{"start":{"line":24,"column":4},"end":{"line":26,"column":5}},"9":{"start":{"line":25,"column":6},"end":{"line":25,"column":19}},"10":{"start":{"line":29,"column":4},"end":{"line":31,"column":5}},"11":{"start":{"line":30,"column":6},"end":{"line":30,"column":19}},"12":{"start":{"line":34,"column":4},"end":{"line":34,"column":30}},"13":{"start":{"line":35,"column":4},"end":{"line":35,"column":28}},"14":{"start":{"line":38,"column":4},"end":{"line":38,"column":50}},"15":{"start":{"line":40,"column":4},"end":{"line":40,"column":16}},"16":{"start":{"line":44,"column":4},"end":{"line":50,"column":37}},"17":{"start":{"line":52,"column":4},"end":{"line":52,"column":29}},"18":{"start":{"line":53,"column":4},"end":{"line":53,"column":35}},"19":{"start":{"line":55,"column":4},"end":{"line":55,"column":44}},"20":{"start":{"line":59,"column":4},"end":{"line":78,"column":5}},"21":{"start":{"line":60,"column":23},"end":{"line":60,"column":59}},"22":{"start":{"line":62,"column":6},"end":{"line":72,"column":9}},"23":{"start":{"line":74,"column":6},"end":{"line":74,"column":31}},"24":{"start":{"line":75,"column":6},"end":{"line":75,"column":36}},"25":{"start":{"line":77,"column":6},"end":{"line":77,"column":45}},"26":{"start":{"line":79,"column":4},"end":{"line":81,"column":5}},"27":{"start":{"line":80,"column":6},"end":{"line":80,"column":46}},"28":{"start":{"line":83,"column":4},"end":{"line":83,"column":62}},"29":{"start":{"line":87,"column":19},"end":{"line":94,"column":34}},"30":{"start":{"line":96,"column":20},"end":{"line":96,"column":34}},"31":{"start":{"line":98,"column":4},"end":{"line":100,"column":5}},"32":{"start":{"line":99,"column":6},"end":{"line":99,"column":57}},"33":{"start":{"line":7,"column":0},"end":{"line":7,"column":13}}},"fnMap":{"0":{"name":"(anonymous_0)","decl":{"start":{"line":10,"column":2},"end":{"line":10,"column":22}},"loc":{"start":{"line":10,"column":32},"end":{"line":12,"column":3}}},"1":{"name":"(anonymous_1)","decl":{"start":{"line":14,"column":2},"end":{"line":14,"column":8}},"loc":{"start":{"line":14,"column":28},"end":{"line":20,"column":3}}},"2":{"name":"(anonymous_2)","decl":{"start":{"line":22,"column":2},"end":{"line":22,"column":10}},"loc":{"start":{"line":22,"column":29},"end":{"line":41,"column":3}}},"3":{"name":"(anonymous_3)","decl":{"start":{"line":43,"column":2},"end":{"line":43,"column":8}},"loc":{"start":{"line":43,"column":17},"end":{"line":56,"column":3}}},"4":{"name":"(anonymous_4)","decl":{"start":{"line":58,"column":2},"end":{"line":58,"column":12}},"loc":{"start":{"line":58,"column":21},"end":{"line":84,"column":3}}},"5":{"name":"(anonymous_5)","decl":{"start":{"line":86,"column":2},"end":{"line":86,"column":8}},"loc":{"start":{"line":86,"column":32},"end":{"line":101,"column":3}}}},"branchMap":{"0":{"loc":{"start":{"line":15,"column":4},"end":{"line":17,"column":5}},"type":"if","locations":[{"start":{"line":15,"column":4},"end":{"line":17,"column":5}}]},"1":{"loc":{"start":{"line":24,"column":4},"end":{"line":26,"column":5}},"type":"if","locations":[{"start":{"line":24,"column":4},"end":{"line":26,"column":5}}]},"2":{"loc":{"start":{"line":29,"column":4},"end":{"line":31,"column":5}},"type":"if","locations":[{"start":{"line":29,"column":4},"end":{"line":31,"column":5}}]},"3":{"loc":{"start":{"line":59,"column":4},"end":{"line":78,"column":5}},"type":"if","locations":[{"start":{"line":59,"column":4},"end":{"line":78,"column":5}},{"start":{"line":76,"column":11},"end":{"line":78,"column":5}}]},"4":{"loc":{"start":{"line":79,"column":4},"end":{"line":81,"column":5}},"type":"if","locations":[{"start":{"line":79,"column":4},"end":{"line":81,"column":5}}]},"5":{"loc":{"start":{"line":98,"column":4},"end":{"line":100,"column":5}},"type":"if","locations":[{"start":{"line":98,"column":4},"end":{"line":100,"column":5}}]}},"s":{"0":18,"1":18,"2":18,"3":18,"4":3,"5":3,"6":3,"7":0,"8":2,"9":0,"10":2,"11":1,"12":1,"13":1,"14":1,"15":1,"16":3,"17":3,"18":3,"19":3,"20":0,"21":0,"22":0,"23":0,"24":0,"25":0,"26":0,"27":0,"28":0,"29":0,"30":0,"31":0,"32":0,"33":18},"f":{"0":3,"1":3,"2":2,"3":3,"4":0,"5":0},"b":{"0":[3],"1":[0],"2":[1],"3":[0,0],"4":[0],"5":[0]}}
,"/Users/Ryan/Documents/CSC369/potions/packages/server/src/items/cauldron.ts": {"path":"/Users/Ryan/Documents/CSC369/potions/packages/server/src/items/cauldron.ts","statementMap":{"0":{"start":{"line":1,"column":0},"end":{"line":1,"column":48}},"1":{"start":{"line":4,"column":0},"end":{"line":4,"column":null}},"2":{"start":{"line":14,"column":4},"end":{"line":14,"column":21}},"3":{"start":{"line":18,"column":4},"end":{"line":23,"column":5}},"4":{"start":{"line":22,"column":6},"end":{"line":22,"column":32}},"5":{"start":{"line":24,"column":4},"end":{"line":24,"column":21}},"6":{"start":{"line":28,"column":4},"end":{"line":28,"column":49}},"7":{"start":{"line":32,"column":4},"end":{"line":32,"column":52}},"8":{"start":{"line":36,"column":4},"end":{"line":36,"column":45}},"9":{"start":{"line":37,"column":4},"end":{"line":37,"column":49}},"10":{"start":{"line":39,"column":4},"end":{"line":39,"column":16}},"11":{"start":{"line":43,"column":24},"end":{"line":43,"column":36}},"12":{"start":{"line":45,"column":4},"end":{"line":79,"column":5}},"13":{"start":{"line":51,"column":6},"end":{"line":59,"column":7}},"14":{"start":{"line":52,"column":8},"end":{"line":55,"column":10}},"15":{"start":{"line":56,"column":8},"end":{"line":56,"column":54}},"16":{"start":{"line":57,"column":8},"end":{"line":57,"column":30}},"17":{"start":{"line":58,"column":8},"end":{"line":58,"column":20}},"18":{"start":{"line":62,"column":24},"end":{"line":62,"column":74}},"19":{"start":{"line":65,"column":23},"end":{"line":67,"column":null}},"20":{"start":{"line":71,"column":6},"end":{"line":71,"column":28}},"21":{"start":{"line":73,"column":6},"end":{"line":73,"column":52}},"22":{"start":{"line":74,"column":6},"end":{"line":77,"column":8}},"23":{"start":{"line":78,"column":6},"end":{"line":78,"column":18}},"24":{"start":{"line":80,"column":4},"end":{"line":80,"column":17}},"25":{"start":{"line":84,"column":4},"end":{"line":86,"column":5}},"26":{"start":{"line":85,"column":6},"end":{"line":85,"column":19}},"27":{"start":{"line":88,"column":4},"end":{"line":88,"column":45}},"28":{"start":{"line":90,"column":4},"end":{"line":94,"column":7}},"29":{"start":{"line":96,"column":4},"end":{"line":96,"column":49}},"30":{"start":{"line":97,"column":4},"end":{"line":97,"column":16}},"31":{"start":{"line":10,"column":0},"end":{"line":10,"column":13}}},"fnMap":{"0":{"name":"(anonymous_0)","decl":{"start":{"line":13,"column":2},"end":{"line":13,"column":22}},"loc":{"start":{"line":13,"column":32},"end":{"line":15,"column":3}}},"1":{"name":"(anonymous_1)","decl":{"start":{"line":17,"column":2},"end":{"line":17,"column":8}},"loc":{"start":{"line":17,"column":28},"end":{"line":25,"column":3}}},"2":{"name":"(anonymous_2)","decl":{"start":{"line":27,"column":2},"end":{"line":27,"column":13}},"loc":{"start":{"line":27,"column":13},"end":{"line":29,"column":3}}},"3":{"name":"(anonymous_3)","decl":{"start":{"line":31,"column":2},"end":{"line":31,"column":18}},"loc":{"start":{"line":31,"column":18},"end":{"line":33,"column":3}}},"4":{"name":"(anonymous_4)","decl":{"start":{"line":35,"column":2},"end":{"line":35,"column":14}},"loc":{"start":{"line":35,"column":14},"end":{"line":40,"column":3}}},"5":{"name":"(anonymous_5)","decl":{"start":{"line":42,"column":2},"end":{"line":42,"column":15}},"loc":{"start":{"line":42,"column":24},"end":{"line":81,"column":3}}},"6":{"name":"(anonymous_6)","decl":{"start":{"line":83,"column":2},"end":{"line":83,"column":14}},"loc":{"start":{"line":83,"column":23},"end":{"line":98,"column":3}}}},"branchMap":{"0":{"loc":{"start":{"line":18,"column":4},"end":{"line":23,"column":5}},"type":"if","locations":[{"start":{"line":18,"column":4},"end":{"line":23,"column":5}}]},"1":{"loc":{"start":{"line":19,"column":6},"end":{"line":20,"column":41}},"type":"binary-expr","locations":[{"start":{"line":19,"column":6},"end":{"line":19,"column":38}},{"start":{"line":20,"column":6},"end":{"line":20,"column":41}}]},"2":{"loc":{"start":{"line":45,"column":4},"end":{"line":79,"column":5}},"type":"if","locations":[{"start":{"line":45,"column":4},"end":{"line":79,"column":5}}]},"3":{"loc":{"start":{"line":46,"column":6},"end":{"line":48,"column":28}},"type":"binary-expr","locations":[{"start":{"line":46,"column":6},"end":{"line":46,"column":17}},{"start":{"line":47,"column":6},"end":{"line":47,"column":44}},{"start":{"line":48,"column":6},"end":{"line":48,"column":28}}]},"4":{"loc":{"start":{"line":51,"column":6},"end":{"line":59,"column":7}},"type":"if","locations":[{"start":{"line":51,"column":6},"end":{"line":59,"column":7}}]},"5":{"loc":{"start":{"line":84,"column":4},"end":{"line":86,"column":5}},"type":"if","locations":[{"start":{"line":84,"column":4},"end":{"line":86,"column":5}}]}},"s":{"0":18,"1":18,"2":10,"3":10,"4":10,"5":0,"6":9,"7":11,"8":1,"9":1,"10":1,"11":6,"12":6,"13":5,"14":2,"15":2,"16":2,"17":2,"18":3,"19":3,"20":3,"21":3,"22":3,"23":3,"24":1,"25":3,"26":0,"27":3,"28":3,"29":3,"30":3,"31":18},"f":{"0":10,"1":10,"2":9,"3":11,"4":1,"5":6,"6":3},"b":{"0":[10],"1":[10,10],"2":[5],"3":[6,6,6],"4":[2],"5":[0]}}
,"/Users/Ryan/Documents/CSC369/potions/packages/server/src/items/container.ts": {"path":"/Users/Ryan/Documents/CSC369/potions/packages/server/src/items/container.ts","statementMap":{"0":{"start":{"line":1,"column":0},"end":{"line":1,"column":48}},"1":{"start":{"line":9,"column":4},"end":{"line":9,"column":21}},"2":{"start":{"line":13,"column":4},"end":{"line":15,"column":5}},"3":{"start":{"line":14,"column":6},"end":{"line":14,"column":33}},"4":{"start":{"line":17,"column":4},"end":{"line":17,"column":21}},"5":{"start":{"line":21,"column":4},"end":{"line":21,"column":50}},"6":{"start":{"line":25,"column":4},"end":{"line":25,"column":43}},"7":{"start":{"line":29,"column":4},"end":{"line":29,"column":14}},"8":{"start":{"line":33,"column":24},"end":{"line":33,"column":36}},"9":{"start":{"line":35,"column":4},"end":{"line":43,"column":5}},"10":{"start":{"line":36,"column":6},"end":{"line":38,"column":7}},"11":{"start":{"line":37,"column":8},"end":{"line":37,"column":21}},"12":{"start":{"line":39,"column":6},"end":{"line":39,"column":28}},"13":{"start":{"line":40,"column":6},"end":{"line":40,"column":46}},"14":{"start":{"line":42,"column":6},"end":{"line":42,"column":18}},"15":{"start":{"line":45,"column":4},"end":{"line":45,"column":17}},"16":{"start":{"line":49,"column":4},"end":{"line":51,"column":5}},"17":{"start":{"line":50,"column":6},"end":{"line":50,"column":19}},"18":{"start":{"line":53,"column":4},"end":{"line":53,"column":45}},"19":{"start":{"line":55,"column":4},"end":{"line":59,"column":7}},"20":{"start":{"line":61,"column":4},"end":{"line":61,"column":16}},"21":{"start":{"line":5,"column":0},"end":{"line":5,"column":13}}},"fnMap":{"0":{"name":"(anonymous_0)","decl":{"start":{"line":8,"column":2},"end":{"line":8,"column":22}},"loc":{"start":{"line":8,"column":32},"end":{"line":10,"column":3}}},"1":{"name":"(anonymous_1)","decl":{"start":{"line":12,"column":2},"end":{"line":12,"column":8}},"loc":{"start":{"line":12,"column":28},"end":{"line":18,"column":3}}},"2":{"name":"(anonymous_2)","decl":{"start":{"line":20,"column":2},"end":{"line":20,"column":9}},"loc":{"start":{"line":20,"column":9},"end":{"line":22,"column":3}}},"3":{"name":"(anonymous_3)","decl":{"start":{"line":24,"column":2},"end":{"line":24,"column":14}},"loc":{"start":{"line":24,"column":14},"end":{"line":26,"column":3}}},"4":{"name":"(anonymous_4)","decl":{"start":{"line":28,"column":2},"end":{"line":28,"column":13}},"loc":{"start":{"line":28,"column":13},"end":{"line":30,"column":3}}},"5":{"name":"(anonymous_5)","decl":{"start":{"line":32,"column":2},"end":{"line":32,"column":11}},"loc":{"start":{"line":32,"column":20},"end":{"line":46,"column":3}}},"6":{"name":"(anonymous_6)","decl":{"start":{"line":48,"column":2},"end":{"line":48,"column":14}},"loc":{"start":{"line":48,"column":23},"end":{"line":62,"column":3}}}},"branchMap":{"0":{"loc":{"start":{"line":13,"column":4},"end":{"line":15,"column":5}},"type":"if","locations":[{"start":{"line":13,"column":4},"end":{"line":15,"column":5}}]},"1":{"loc":{"start":{"line":13,"column":8},"end":{"line":13,"column":71}},"type":"binary-expr","locations":[{"start":{"line":13,"column":8},"end":{"line":13,"column":34}},{"start":{"line":13,"column":38},"end":{"line":13,"column":71}}]},"2":{"loc":{"start":{"line":35,"column":4},"end":{"line":43,"column":5}},"type":"if","locations":[{"start":{"line":35,"column":4},"end":{"line":43,"column":5}}]},"3":{"loc":{"start":{"line":35,"column":8},"end":{"line":35,"column":58}},"type":"binary-expr","locations":[{"start":{"line":35,"column":8},"end":{"line":35,"column":19}},{"start":{"line":35,"column":23},"end":{"line":35,"column":58}}]},"4":{"loc":{"start":{"line":36,"column":6},"end":{"line":38,"column":7}},"type":"if","locations":[{"start":{"line":36,"column":6},"end":{"line":38,"column":7}}]},"5":{"loc":{"start":{"line":49,"column":4},"end":{"line":51,"column":5}},"type":"if","locations":[{"start":{"line":49,"column":4},"end":{"line":51,"column":5}}]}},"s":{"0":18,"1":4,"2":4,"3":4,"4":0,"5":4,"6":1,"7":0,"8":3,"9":3,"10":3,"11":1,"12":2,"13":2,"14":2,"15":0,"16":1,"17":0,"18":1,"19":1,"20":1,"21":18},"f":{"0":4,"1":4,"2":4,"3":1,"4":0,"5":3,"6":1},"b":{"0":[4],"1":[4,4],"2":[3],"3":[3,3],"4":[1],"5":[0]}}
,"/Users/Ryan/Documents/CSC369/potions/packages/server/src/items/item.ts": {"path":"/Users/Ryan/Documents/CSC369/potions/packages/server/src/items/item.ts","statementMap":{"0":{"start":{"line":1,"column":0},"end":{"line":1,"column":68}},"1":{"start":{"line":2,"column":0},"end":{"line":2,"column":51}},"2":{"start":{"line":3,"column":0},"end":{"line":3,"column":59}},"3":{"start":{"line":4,"column":0},"end":{"line":4,"column":42}},"4":{"start":{"line":5,"column":0},"end":{"line":5,"column":48}},"5":{"start":{"line":9,"column":0},"end":{"line":9,"column":64}},"6":{"start":{"line":10,"column":0},"end":{"line":10,"column":60}},"7":{"start":{"line":14,"column":2},"end":{"line":17,"column":3}},"8":{"start":{"line":14,"column":15},"end":{"line":14,"column":31}},"9":{"start":{"line":15,"column":14},"end":{"line":15,"column":49}},"10":{"start":{"line":16,"column":4},"end":{"line":16,"column":48}},"11":{"start":{"line":18,"column":2},"end":{"line":18,"column":15}},"12":{"start":{"line":58,"column":39},"end":{"line":58,"column":41}},"13":{"start":{"line":76,"column":4},"end":{"line":76,"column":17}},"14":{"start":{"line":77,"column":4},"end":{"line":77,"column":29}},"15":{"start":{"line":78,"column":4},"end":{"line":78,"column":29}},"16":{"start":{"line":79,"column":4},"end":{"line":79,"column":30}},"17":{"start":{"line":80,"column":4},"end":{"line":80,"column":21}},"18":{"start":{"line":81,"column":4},"end":{"line":81,"column":27}},"19":{"start":{"line":82,"column":4},"end":{"line":82,"column":27}},"20":{"start":{"line":83,"column":4},"end":{"line":83,"column":32}},"21":{"start":{"line":84,"column":4},"end":{"line":84,"column":42}},"22":{"start":{"line":86,"column":4},"end":{"line":88,"column":5}},"23":{"start":{"line":87,"column":6},"end":{"line":87,"column":35}},"24":{"start":{"line":95,"column":23},"end":{"line":100,"column":null}},"25":{"start":{"line":97,"column":8},"end":{"line":97,"column":31}},"26":{"start":{"line":98,"column":8},"end":{"line":98,"column":19}},"27":{"start":{"line":102,"column":17},"end":{"line":109,"column":6}},"28":{"start":{"line":111,"column":4},"end":{"line":111,"column":16}},"29":{"start":{"line":115,"column":4},"end":{"line":129,"column":7}},"30":{"start":{"line":131,"column":56},"end":{"line":131,"column":58}},"31":{"start":{"line":132,"column":4},"end":{"line":136,"column":5}},"32":{"start":{"line":133,"column":6},"end":{"line":135,"column":7}},"33":{"start":{"line":134,"column":8},"end":{"line":134,"column":53}},"34":{"start":{"line":138,"column":4},"end":{"line":140,"column":5}},"35":{"start":{"line":139,"column":6},"end":{"line":139,"column":30}},"36":{"start":{"line":142,"column":4},"end":{"line":149,"column":5}},"37":{"start":{"line":143,"column":6},"end":{"line":148,"column":57}},"38":{"start":{"line":151,"column":4},"end":{"line":154,"column":5}},"39":{"start":{"line":152,"column":26},"end":{"line":152,"column":47}},"40":{"start":{"line":153,"column":6},"end":{"line":153,"column":44}},"41":{"start":{"line":156,"column":4},"end":{"line":156,"column":28}},"42":{"start":{"line":160,"column":21},"end":{"line":167,"column":55}},"43":{"start":{"line":169,"column":4},"end":{"line":171,"column":5}},"44":{"start":{"line":170,"column":6},"end":{"line":170,"column":23}},"45":{"start":{"line":173,"column":4},"end":{"line":173,"column":23}},"46":{"start":{"line":177,"column":21},"end":{"line":191,"column":34}},"47":{"start":{"line":193,"column":4},"end":{"line":195,"column":5}},"48":{"start":{"line":194,"column":6},"end":{"line":194,"column":23}},"49":{"start":{"line":197,"column":23},"end":{"line":203,"column":45}},"50":{"start":{"line":205,"column":17},"end":{"line":205,"column":54}},"51":{"start":{"line":207,"column":4},"end":{"line":207,"column":16}},"52":{"start":{"line":211,"column":18},"end":{"line":215,"column":41}},"53":{"start":{"line":216,"column":4},"end":{"line":216,"column":24}},"54":{"start":{"line":225,"column":21},"end":{"line":229,"column":67}},"55":{"start":{"line":232,"column":38},"end":{"line":235,"column":7}},"56":{"start":{"line":232,"column":61},"end":{"line":235,"column":6}},"57":{"start":{"line":238,"column":39},"end":{"line":239,"column":null}},"58":{"start":{"line":239,"column":15},"end":{"line":239,"column":57}},"59":{"start":{"line":242,"column":4},"end":{"line":242,"column":36}},"60":{"start":{"line":246,"column":25},"end":{"line":246,"column":40}},"61":{"start":{"line":248,"column":4},"end":{"line":250,"column":5}},"62":{"start":{"line":249,"column":6},"end":{"line":249,"column":26}},"63":{"start":{"line":252,"column":17},"end":{"line":252,"column":18}},"64":{"start":{"line":254,"column":4},"end":{"line":279,"column":5}},"65":{"start":{"line":256,"column":31},"end":{"line":256,"column":33}},"66":{"start":{"line":258,"column":6},"end":{"line":266,"column":7}},"67":{"start":{"line":258,"column":19},"end":{"line":258,"column":42}},"68":{"start":{"line":259,"column":8},"end":{"line":265,"column":9}},"69":{"start":{"line":260,"column":18},"end":{"line":260,"column":41}},"70":{"start":{"line":264,"column":10},"end":{"line":264,"column":41}},"71":{"start":{"line":269,"column":6},"end":{"line":269,"column":42}},"72":{"start":{"line":272,"column":6},"end":{"line":276,"column":7}},"73":{"start":{"line":273,"column":8},"end":{"line":275,"column":9}},"74":{"start":{"line":274,"column":10},"end":{"line":274,"column":21}},"75":{"start":{"line":278,"column":6},"end":{"line":278,"column":18}},"76":{"start":{"line":281,"column":4},"end":{"line":281,"column":74}},"77":{"start":{"line":285,"column":25},"end":{"line":285,"column":45}},"78":{"start":{"line":286,"column":4},"end":{"line":288,"column":5}},"79":{"start":{"line":287,"column":6},"end":{"line":287,"column":13}},"80":{"start":{"line":289,"column":4},"end":{"line":289,"column":33}},"81":{"start":{"line":290,"column":4},"end":{"line":296,"column":39}},"82":{"start":{"line":297,"column":4},"end":{"line":299,"column":5}},"83":{"start":{"line":298,"column":6},"end":{"line":298,"column":54}},"84":{"start":{"line":303,"column":25},"end":{"line":303,"column":45}},"85":{"start":{"line":304,"column":4},"end":{"line":308,"column":5}},"86":{"start":{"line":305,"column":6},"end":{"line":307,"column":8}},"87":{"start":{"line":309,"column":21},"end":{"line":309,"column":42}},"88":{"start":{"line":310,"column":4},"end":{"line":310,"column":36}},"89":{"start":{"line":311,"column":4},"end":{"line":317,"column":40}},"90":{"start":{"line":318,"column":4},"end":{"line":318,"column":55}},"91":{"start":{"line":322,"column":4},"end":{"line":322,"column":37}},"92":{"start":{"line":326,"column":4},"end":{"line":326,"column":46}},"93":{"start":{"line":330,"column":4},"end":{"line":332,"column":5}},"94":{"start":{"line":331,"column":6},"end":{"line":331,"column":13}},"95":{"start":{"line":333,"column":4},"end":{"line":339,"column":5}},"96":{"start":{"line":334,"column":21},"end":{"line":334,"column":67}},"97":{"start":{"line":335,"column":6},"end":{"line":337,"column":7}},"98":{"start":{"line":336,"column":8},"end":{"line":336,"column":79}},"99":{"start":{"line":338,"column":6},"end":{"line":338,"column":43}},"100":{"start":{"line":343,"column":19},"end":{"line":350,"column":31}},"101":{"start":{"line":352,"column":4},"end":{"line":352,"column":39}},"102":{"start":{"line":352,"column":31},"end":{"line":352,"column":37}},"103":{"start":{"line":356,"column":4},"end":{"line":362,"column":27}},"104":{"start":{"line":364,"column":4},"end":{"line":364,"column":25}},"105":{"start":{"line":372,"column":16},"end":{"line":372,"column":52}},"106":{"start":{"line":373,"column":4},"end":{"line":373,"column":36}},"107":{"start":{"line":376,"column":15},"end":{"line":396,"column":6}},"108":{"start":{"line":52,"column":0},"end":{"line":52,"column":13}}},"fnMap":{"0":{"name":"shuffleArray","decl":{"start":{"line":13,"column":9},"end":{"line":13,"column":21}},"loc":{"start":{"line":13,"column":36},"end":{"line":19,"column":1}}},"1":{"name":"(anonymous_1)","decl":{"start":{"line":66,"column":2},"end":{"line":66,"column":22}},"loc":{"start":{"line":75,"column":15},"end":{"line":89,"column":3}}},"2":{"name":"(anonymous_2)","decl":{"start":{"line":91,"column":2},"end":{"line":91,"column":8}},"loc":{"start":{"line":93,"column":42},"end":{"line":112,"column":3}}},"3":{"name":"(anonymous_3)","decl":{"start":{"line":96,"column":6},"end":{"line":96,"column":7}},"loc":{"start":{"line":96,"column":36},"end":{"line":99,"column":7}}},"4":{"name":"(anonymous_4)","decl":{"start":{"line":114,"column":2},"end":{"line":114,"column":8}},"loc":{"start":{"line":114,"column":38},"end":{"line":157,"column":3}}},"5":{"name":"(anonymous_5)","decl":{"start":{"line":159,"column":2},"end":{"line":159,"column":8}},"loc":{"start":{"line":159,"column":33},"end":{"line":174,"column":3}}},"6":{"name":"(anonymous_6)","decl":{"start":{"line":176,"column":2},"end":{"line":176,"column":8}},"loc":{"start":{"line":176,"column":28},"end":{"line":208,"column":3}}},"7":{"name":"(anonymous_7)","decl":{"start":{"line":210,"column":2},"end":{"line":210,"column":8}},"loc":{"start":{"line":210,"column":37},"end":{"line":217,"column":3}}},"8":{"name":"(anonymous_8)","decl":{"start":{"line":219,"column":2},"end":{"line":219,"column":8}},"loc":{"start":{"line":222,"column":18},"end":{"line":243,"column":3}}},"9":{"name":"(anonymous_9)","decl":{"start":{"line":232,"column":51},"end":{"line":232,"column":52}},"loc":{"start":{"line":232,"column":61},"end":{"line":235,"column":6}}},"10":{"name":"(anonymous_10)","decl":{"start":{"line":239,"column":6},"end":{"line":239,"column":7}},"loc":{"start":{"line":239,"column":15},"end":{"line":239,"column":57}}},"11":{"name":"(anonymous_11)","decl":{"start":{"line":245,"column":2},"end":{"line":245,"column":8}},"loc":{"start":{"line":245,"column":66},"end":{"line":282,"column":3}}},"12":{"name":"(anonymous_12)","decl":{"start":{"line":284,"column":2},"end":{"line":284,"column":14}},"loc":{"start":{"line":284,"column":63},"end":{"line":300,"column":3}}},"13":{"name":"(anonymous_13)","decl":{"start":{"line":302,"column":2},"end":{"line":302,"column":19}},"loc":{"start":{"line":302,"column":47},"end":{"line":319,"column":3}}},"14":{"name":"(anonymous_14)","decl":{"start":{"line":321,"column":2},"end":{"line":321,"column":14}},"loc":{"start":{"line":321,"column":53},"end":{"line":323,"column":3}}},"15":{"name":"(anonymous_15)","decl":{"start":{"line":325,"column":2},"end":{"line":325,"column":14}},"loc":{"start":{"line":325,"column":26},"end":{"line":327,"column":3}}},"16":{"name":"(anonymous_16)","decl":{"start":{"line":329,"column":2},"end":{"line":329,"column":6}},"loc":{"start":{"line":329,"column":6},"end":{"line":340,"column":3}}},"17":{"name":"(anonymous_17)","decl":{"start":{"line":342,"column":2},"end":{"line":342,"column":8}},"loc":{"start":{"line":342,"column":22},"end":{"line":353,"column":3}}},"18":{"name":"(anonymous_18)","decl":{"start":{"line":352,"column":22},"end":{"line":352,"column":23}},"loc":{"start":{"line":352,"column":31},"end":{"line":352,"column":37}}},"19":{"name":"(anonymous_19)","decl":{"start":{"line":355,"column":2},"end":{"line":355,"column":9}},"loc":{"start":{"line":355,"column":9},"end":{"line":365,"column":3}}},"20":{"name":"(anonymous_20)","decl":{"start":{"line":367,"column":2},"end":{"line":367,"column":10}},"loc":{"start":{"line":370,"column":39},"end":{"line":374,"column":3}}}},"branchMap":{"0":{"loc":{"start":{"line":74,"column":4},"end":{"line":74,"column":19}},"type":"default-arg","locations":[{"start":{"line":74,"column":17},"end":{"line":74,"column":19}}]},"1":{"loc":{"start":{"line":124,"column":18},"end":{"line":124,"column":56}},"type":"cond-expr","locations":[{"start":{"line":124,"column":34},"end":{"line":124,"column":49}},{"start":{"line":124,"column":52},"end":{"line":124,"column":56}}]},"2":{"loc":{"start":{"line":125,"column":18},"end":{"line":125,"column":56}},"type":"cond-expr","locations":[{"start":{"line":125,"column":34},"end":{"line":125,"column":49}},{"start":{"line":125,"column":52},"end":{"line":125,"column":56}}]},"3":{"loc":{"start":{"line":132,"column":4},"end":{"line":136,"column":5}},"type":"if","locations":[{"start":{"line":132,"column":4},"end":{"line":136,"column":5}}]},"4":{"loc":{"start":{"line":151,"column":4},"end":{"line":154,"column":5}},"type":"if","locations":[{"start":{"line":151,"column":4},"end":{"line":154,"column":5}}]},"5":{"loc":{"start":{"line":169,"column":4},"end":{"line":171,"column":5}},"type":"if","locations":[{"start":{"line":169,"column":4},"end":{"line":171,"column":5}}]},"6":{"loc":{"start":{"line":193,"column":4},"end":{"line":195,"column":5}},"type":"if","locations":[{"start":{"line":193,"column":4},"end":{"line":195,"column":5}}]},"7":{"loc":{"start":{"line":245,"column":44},"end":{"line":245,"column":66}},"type":"default-arg","locations":[{"start":{"line":245,"column":64},"end":{"line":245,"column":66}}]},"8":{"loc":{"start":{"line":248,"column":4},"end":{"line":250,"column":5}},"type":"if","locations":[{"start":{"line":248,"column":4},"end":{"line":250,"column":5}}]},"9":{"loc":{"start":{"line":273,"column":8},"end":{"line":275,"column":9}},"type":"if","locations":[{"start":{"line":273,"column":8},"end":{"line":275,"column":9}}]},"10":{"loc":{"start":{"line":273,"column":12},"end":{"line":273,"column":76}},"type":"binary-expr","locations":[{"start":{"line":273,"column":12},"end":{"line":273,"column":47}},{"start":{"line":273,"column":51},"end":{"line":273,"column":76}}]},"11":{"loc":{"start":{"line":286,"column":4},"end":{"line":288,"column":5}},"type":"if","locations":[{"start":{"line":286,"column":4},"end":{"line":288,"column":5}}]},"12":{"loc":{"start":{"line":286,"column":8},"end":{"line":286,"column":46}},"type":"binary-expr","locations":[{"start":{"line":286,"column":8},"end":{"line":286,"column":20}},{"start":{"line":286,"column":24},"end":{"line":286,"column":46}}]},"13":{"loc":{"start":{"line":297,"column":4},"end":{"line":299,"column":5}},"type":"if","locations":[{"start":{"line":297,"column":4},"end":{"line":299,"column":5}}]},"14":{"loc":{"start":{"line":304,"column":4},"end":{"line":308,"column":5}},"type":"if","locations":[{"start":{"line":304,"column":4},"end":{"line":308,"column":5}}]},"15":{"loc":{"start":{"line":330,"column":4},"end":{"line":332,"column":5}},"type":"if","locations":[{"start":{"line":330,"column":4},"end":{"line":332,"column":5}}]},"16":{"loc":{"start":{"line":335,"column":6},"end":{"line":337,"column":7}},"type":"if","locations":[{"start":{"line":335,"column":6},"end":{"line":337,"column":7}}]},"17":{"loc":{"start":{"line":370,"column":4},"end":{"line":370,"column":39}},"type":"default-arg","locations":[{"start":{"line":370,"column":30},"end":{"line":370,"column":39}}]}},"s":{"0":18,"1":18,"2":18,"3":18,"4":18,"5":18,"6":18,"7":2,"8":2,"9":16,"10":16,"11":2,"12":127,"13":127,"14":127,"15":127,"16":127,"17":127,"18":127,"19":127,"20":127,"21":127,"22":127,"23":116,"24":127,"25":116,"26":116,"27":127,"28":127,"29":47,"30":47,"31":47,"32":44,"33":47,"34":47,"35":22,"36":47,"37":53,"38":47,"39":17,"40":17,"41":47,"42":183,"43":183,"44":138,"45":45,"46":138,"47":138,"48":11,"49":127,"50":127,"51":127,"52":4,"53":4,"54":2,"55":2,"56":1,"57":2,"58":1,"59":2,"60":39,"61":39,"62":37,"63":2,"64":2,"65":2,"66":2,"67":2,"68":6,"69":6,"70":18,"71":2,"72":2,"73":10,"74":2,"75":0,"76":0,"77":13,"78":13,"79":0,"80":13,"81":13,"82":13,"83":4,"84":18,"85":18,"86":0,"87":18,"88":18,"89":18,"90":18,"91":70,"92":41,"93":2,"94":0,"95":2,"96":2,"97":2,"98":0,"99":2,"100":0,"101":0,"102":0,"103":17,"104":17,"105":0,"106":0,"107":18,"108":18},"f":{"0":2,"1":127,"2":127,"3":116,"4":47,"5":183,"6":138,"7":4,"8":2,"9":1,"10":1,"11":39,"12":13,"13":18,"14":70,"15":41,"16":2,"17":0,"18":0,"19":17,"20":0},"b":{"0":[0],"1":[37,10],"2":[37,10],"3":[44],"4":[17],"5":[138],"6":[11],"7":[39],"8":[37],"9":[2],"10":[10,7],"11":[0],"12":[13,11],"13":[4],"14":[0],"15":[0],"16":[0],"17":[0]}}
,"/Users/Ryan/Documents/CSC369/potions/packages/server/src/items/itemGenerator.ts": {"path":"/Users/Ryan/Documents/CSC369/potions/packages/server/src/items/itemGenerator.ts","statementMap":{"0":{"start":{"line":2,"column":0},"end":{"line":2,"column":30}},"1":{"start":{"line":3,"column":0},"end":{"line":3,"column":36}},"2":{"start":{"line":6,"column":0},"end":{"line":6,"column":33}},"3":{"start":{"line":22,"column":44},"end":{"line":22,"column":46}},"4":{"start":{"line":23,"column":48},"end":{"line":23,"column":50}},"5":{"start":{"line":24,"column":40},"end":{"line":24,"column":42}},"6":{"start":{"line":27,"column":4},"end":{"line":37,"column":5}},"7":{"start":{"line":28,"column":6},"end":{"line":28,"column":47}},"8":{"start":{"line":30,"column":6},"end":{"line":36,"column":7}},"9":{"start":{"line":32,"column":27},"end":{"line":32,"column":57}},"10":{"start":{"line":35,"column":8},"end":{"line":35,"column":44}},"11":{"start":{"line":41,"column":4},"end":{"line":41,"column":32}},"12":{"start":{"line":45,"column":4},"end":{"line":45,"column":32}},"13":{"start":{"line":58,"column":4},"end":{"line":58,"column":55}},"14":{"start":{"line":59,"column":16},"end":{"line":59,"column":24}},"15":{"start":{"line":60,"column":21},"end":{"line":60,"column":41}},"16":{"start":{"line":61,"column":4},"end":{"line":63,"column":5}},"17":{"start":{"line":62,"column":6},"end":{"line":62,"column":52}},"18":{"start":{"line":65,"column":4},"end":{"line":67,"column":5}},"19":{"start":{"line":66,"column":6},"end":{"line":66,"column":50}},"20":{"start":{"line":68,"column":4},"end":{"line":78,"column":7}},"21":{"start":{"line":82,"column":4},"end":{"line":82,"column":49}},"22":{"start":{"line":21,"column":0},"end":{"line":21,"column":13}}},"fnMap":{"0":{"name":"(anonymous_0)","decl":{"start":{"line":26,"column":2},"end":{"line":26,"column":14}},"loc":{"start":{"line":26,"column":35},"end":{"line":38,"column":3}}},"1":{"name":"(anonymous_1)","decl":{"start":{"line":32,"column":10},"end":{"line":32,"column":11}},"loc":{"start":{"line":32,"column":27},"end":{"line":32,"column":57}}},"2":{"name":"(anonymous_2)","decl":{"start":{"line":40,"column":9},"end":{"line":40,"column":20}},"loc":{"start":{"line":40,"column":33},"end":{"line":42,"column":3}}},"3":{"name":"(anonymous_3)","decl":{"start":{"line":44,"column":9},"end":{"line":44,"column":27}},"loc":{"start":{"line":44,"column":27},"end":{"line":46,"column":3}}},"4":{"name":"(anonymous_4)","decl":{"start":{"line":48,"column":9},"end":{"line":48,"column":19}},"loc":{"start":{"line":57,"column":21},"end":{"line":79,"column":3}}},"5":{"name":"(anonymous_5)","decl":{"start":{"line":81,"column":2},"end":{"line":81,"column":8}},"loc":{"start":{"line":81,"column":41},"end":{"line":83,"column":3}}}},"branchMap":{"0":{"loc":{"start":{"line":30,"column":6},"end":{"line":36,"column":7}},"type":"if","locations":[{"start":{"line":30,"column":6},"end":{"line":36,"column":7}}]},"1":{"loc":{"start":{"line":58,"column":26},"end":{"line":58,"column":49}},"type":"binary-expr","locations":[{"start":{"line":58,"column":26},"end":{"line":58,"column":44}},{"start":{"line":58,"column":48},"end":{"line":58,"column":49}}]},"2":{"loc":{"start":{"line":61,"column":4},"end":{"line":63,"column":5}},"type":"if","locations":[{"start":{"line":61,"column":4},"end":{"line":63,"column":5}}]},"3":{"loc":{"start":{"line":65,"column":4},"end":{"line":67,"column":5}},"type":"if","locations":[{"start":{"line":65,"column":4},"end":{"line":67,"column":5}}]},"4":{"loc":{"start":{"line":76,"column":18},"end":{"line":76,"column":34}},"type":"binary-expr","locations":[{"start":{"line":76,"column":18},"end":{"line":76,"column":28}},{"start":{"line":76,"column":32},"end":{"line":76,"column":34}}]}},"s":{"0":18,"1":18,"2":18,"3":65,"4":65,"5":65,"6":65,"7":770,"8":770,"9":256,"10":0,"11":127,"12":2,"13":47,"14":47,"15":47,"16":47,"17":0,"18":47,"19":37,"20":47,"21":32,"22":18},"f":{"0":65,"1":256,"2":127,"3":2,"4":47,"5":32},"b":{"0":[0],"1":[47,41],"2":[0],"3":[37],"4":[47,33]}}
,"/Users/Ryan/Documents/CSC369/potions/packages/server/src/items/potionEffects.ts": {"path":"/Users/Ryan/Documents/CSC369/potions/packages/server/src/items/potionEffects.ts","statementMap":{"0":{"start":{"line":4,"column":0},"end":{"line":4,"column":16}},"1":{"start":{"line":2,"column":0},"end":{"line":2,"column":54}},"2":{"start":{"line":5,"column":2},"end":{"line":8,"column":4}},"3":{"start":{"line":9,"column":2},"end":{"line":22,"column":3}},"4":{"start":{"line":10,"column":4},"end":{"line":10,"column":39}},"5":{"start":{"line":11,"column":4},"end":{"line":11,"column":25}},"6":{"start":{"line":12,"column":4},"end":{"line":12,"column":16}},"7":{"start":{"line":13,"column":9},"end":{"line":22,"column":3}},"8":{"start":{"line":14,"column":4},"end":{"line":14,"column":40}},"9":{"start":{"line":15,"column":23},"end":{"line":15,"column":24}},"10":{"start":{"line":16,"column":26},"end":{"line":16,"column":28}},"11":{"start":{"line":19,"column":4},"end":{"line":19,"column":47}},"12":{"start":{"line":21,"column":4},"end":{"line":21,"column":16}},"13":{"start":{"line":24,"column":2},"end":{"line":24,"column":15}}},"fnMap":{"0":{"name":"drinkPotion","decl":{"start":{"line":4,"column":16},"end":{"line":4,"column":27}},"loc":{"start":{"line":4,"column":56},"end":{"line":25,"column":1}}}},"branchMap":{"0":{"loc":{"start":{"line":9,"column":2},"end":{"line":22,"column":3}},"type":"if","locations":[{"start":{"line":9,"column":2},"end":{"line":22,"column":3}},{"start":{"line":13,"column":9},"end":{"line":22,"column":3}}]},"1":{"loc":{"start":{"line":13,"column":9},"end":{"line":22,"column":3}},"type":"if","locations":[{"start":{"line":13,"column":9},"end":{"line":22,"column":3}}]}},"s":{"0":18,"1":18,"2":4,"3":4,"4":0,"5":0,"6":0,"7":4,"8":4,"9":4,"10":4,"11":4,"12":4,"13":0},"f":{"0":4},"b":{"0":[0,4],"1":[4]}}
,"/Users/Ryan/Documents/CSC369/potions/packages/server/src/items/purchasable.ts": {"path":"/Users/Ryan/Documents/CSC369/potions/packages/server/src/items/purchasable.ts","statementMap":{"0":{"start":{"line":3,"column":0},"end":{"line":3,"column":48}},"1":{"start":{"line":9,"column":4},"end":{"line":9,"column":21}},"2":{"start":{"line":13,"column":4},"end":{"line":20,"column":5}},"3":{"start":{"line":19,"column":6},"end":{"line":19,"column":35}},"4":{"start":{"line":22,"column":4},"end":{"line":22,"column":21}},"5":{"start":{"line":26,"column":4},"end":{"line":26,"column":58}},"6":{"start":{"line":30,"column":4},"end":{"line":30,"column":50}},"7":{"start":{"line":34,"column":4},"end":{"line":34,"column":51}},"8":{"start":{"line":38,"column":4},"end":{"line":38,"column":51}},"9":{"start":{"line":42,"column":4},"end":{"line":44,"column":5}},"10":{"start":{"line":43,"column":6},"end":{"line":43,"column":19}},"11":{"start":{"line":46,"column":4},"end":{"line":46,"column":25}},"12":{"start":{"line":47,"column":4},"end":{"line":47,"column":32}},"13":{"start":{"line":48,"column":4},"end":{"line":48,"column":32}},"14":{"start":{"line":50,"column":4},"end":{"line":54,"column":7}},"15":{"start":{"line":56,"column":4},"end":{"line":56,"column":16}},"16":{"start":{"line":60,"column":4},"end":{"line":60,"column":30}},"17":{"start":{"line":61,"column":4},"end":{"line":61,"column":46}},"18":{"start":{"line":65,"column":4},"end":{"line":65,"column":48}},"19":{"start":{"line":69,"column":4},"end":{"line":69,"column":49}},"20":{"start":{"line":70,"column":4},"end":{"line":72,"column":5}},"21":{"start":{"line":71,"column":6},"end":{"line":71,"column":50}},"22":{"start":{"line":76,"column":4},"end":{"line":85,"column":7}},"23":{"start":{"line":87,"column":4},"end":{"line":87,"column":30}},"24":{"start":{"line":89,"column":4},"end":{"line":89,"column":16}},"25":{"start":{"line":93,"column":22},"end":{"line":93,"column":68}},"26":{"start":{"line":95,"column":4},"end":{"line":95,"column":55}},"27":{"start":{"line":5,"column":0},"end":{"line":5,"column":13}}},"fnMap":{"0":{"name":"(anonymous_0)","decl":{"start":{"line":8,"column":2},"end":{"line":8,"column":22}},"loc":{"start":{"line":8,"column":32},"end":{"line":10,"column":3}}},"1":{"name":"(anonymous_1)","decl":{"start":{"line":12,"column":2},"end":{"line":12,"column":8}},"loc":{"start":{"line":12,"column":28},"end":{"line":23,"column":3}}},"2":{"name":"(anonymous_2)","decl":{"start":{"line":25,"column":2},"end":{"line":25,"column":6}},"loc":{"start":{"line":25,"column":18},"end":{"line":27,"column":3}}},"3":{"name":"(anonymous_3)","decl":{"start":{"line":29,"column":2},"end":{"line":29,"column":6}},"loc":{"start":{"line":29,"column":10},"end":{"line":31,"column":3}}},"4":{"name":"(anonymous_4)","decl":{"start":{"line":33,"column":2},"end":{"line":33,"column":6}},"loc":{"start":{"line":33,"column":11},"end":{"line":35,"column":3}}},"5":{"name":"(anonymous_5)","decl":{"start":{"line":37,"column":2},"end":{"line":37,"column":6}},"loc":{"start":{"line":37,"column":11},"end":{"line":39,"column":3}}},"6":{"name":"(anonymous_6)","decl":{"start":{"line":41,"column":2},"end":{"line":41,"column":14}},"loc":{"start":{"line":41,"column":23},"end":{"line":57,"column":3}}},"7":{"name":"(anonymous_7)","decl":{"start":{"line":59,"column":2},"end":{"line":59,"column":13}},"loc":{"start":{"line":59,"column":22},"end":{"line":62,"column":3}}},"8":{"name":"(anonymous_8)","decl":{"start":{"line":64,"column":2},"end":{"line":64,"column":12}},"loc":{"start":{"line":64,"column":27},"end":{"line":66,"column":3}}},"9":{"name":"(anonymous_9)","decl":{"start":{"line":68,"column":2},"end":{"line":68,"column":13}},"loc":{"start":{"line":68,"column":28},"end":{"line":73,"column":3}}},"10":{"name":"(anonymous_10)","decl":{"start":{"line":75,"column":2},"end":{"line":75,"column":8}},"loc":{"start":{"line":75,"column":64},"end":{"line":90,"column":3}}},"11":{"name":"(anonymous_11)","decl":{"start":{"line":92,"column":2},"end":{"line":92,"column":13}},"loc":{"start":{"line":92,"column":28},"end":{"line":96,"column":3}}}},"branchMap":{"0":{"loc":{"start":{"line":13,"column":4},"end":{"line":20,"column":5}},"type":"if","locations":[{"start":{"line":13,"column":4},"end":{"line":20,"column":5}}]},"1":{"loc":{"start":{"line":14,"column":6},"end":{"line":17,"column":39}},"type":"binary-expr","locations":[{"start":{"line":14,"column":6},"end":{"line":14,"column":31}},{"start":{"line":15,"column":6},"end":{"line":15,"column":32}},{"start":{"line":16,"column":6},"end":{"line":16,"column":32}},{"start":{"line":17,"column":6},"end":{"line":17,"column":39}}]},"2":{"loc":{"start":{"line":42,"column":4},"end":{"line":44,"column":5}},"type":"if","locations":[{"start":{"line":42,"column":4},"end":{"line":44,"column":5}}]},"3":{"loc":{"start":{"line":42,"column":8},"end":{"line":42,"column":48}},"type":"binary-expr","locations":[{"start":{"line":42,"column":8},"end":{"line":42,"column":29}},{"start":{"line":42,"column":33},"end":{"line":42,"column":48}}]},"4":{"loc":{"start":{"line":70,"column":4},"end":{"line":72,"column":5}},"type":"if","locations":[{"start":{"line":70,"column":4},"end":{"line":72,"column":5}}]}},"s":{"0":18,"1":0,"2":0,"3":0,"4":0,"5":0,"6":0,"7":0,"8":0,"9":0,"10":0,"11":0,"12":0,"13":0,"14":0,"15":0,"16":0,"17":0,"18":0,"19":0,"20":0,"21":0,"22":0,"23":0,"24":0,"25":0,"26":0,"27":18},"f":{"0":0,"1":0,"2":0,"3":0,"4":0,"5":0,"6":0,"7":0,"8":0,"9":0,"10":0,"11":0},"b":{"0":[0],"1":[0,0,0,0],"2":[0],"3":[0,0],"4":[0]}}
,"/Users/Ryan/Documents/CSC369/potions/packages/server/src/items/smashable.ts": {"path":"/Users/Ryan/Documents/CSC369/potions/packages/server/src/items/smashable.ts","statementMap":{"0":{"start":{"line":2,"column":0},"end":{"line":2,"column":30}},"1":{"start":{"line":3,"column":0},"end":{"line":3,"column":48}},"2":{"start":{"line":9,"column":4},"end":{"line":9,"column":21}},"3":{"start":{"line":13,"column":4},"end":{"line":15,"column":5}},"4":{"start":{"line":14,"column":6},"end":{"line":14,"column":33}},"5":{"start":{"line":17,"column":4},"end":{"line":17,"column":21}},"6":{"start":{"line":28,"column":4},"end":{"line":28,"column":19}},"7":{"start":{"line":29,"column":20},"end":{"line":29,"column":50}},"8":{"start":{"line":31,"column":4},"end":{"line":31,"column":46}},"9":{"start":{"line":32,"column":4},"end":{"line":32,"column":34}},"10":{"start":{"line":36,"column":4},"end":{"line":36,"column":50}},"11":{"start":{"line":37,"column":4},"end":{"line":43,"column":5}},"12":{"start":{"line":38,"column":6},"end":{"line":38,"column":30}},"13":{"start":{"line":39,"column":6},"end":{"line":39,"column":26}},"14":{"start":{"line":40,"column":6},"end":{"line":42,"column":7}},"15":{"start":{"line":41,"column":8},"end":{"line":41,"column":55}},"16":{"start":{"line":47,"column":4},"end":{"line":50,"column":7}},"17":{"start":{"line":55,"column":17},"end":{"line":55,"column":55}},"18":{"start":{"line":56,"column":4},"end":{"line":63,"column":5}},"19":{"start":{"line":57,"column":23},"end":{"line":57,"column":64}},"20":{"start":{"line":58,"column":6},"end":{"line":62,"column":9}},"21":{"start":{"line":64,"column":22},"end":{"line":64,"column":61}},"22":{"start":{"line":65,"column":4},"end":{"line":74,"column":5}},"23":{"start":{"line":66,"column":6},"end":{"line":73,"column":7}},"24":{"start":{"line":66,"column":19},"end":{"line":66,"column":20}},"25":{"start":{"line":67,"column":25},"end":{"line":67,"column":66}},"26":{"start":{"line":68,"column":8},"end":{"line":72,"column":11}},"27":{"start":{"line":5,"column":0},"end":{"line":5,"column":13}}},"fnMap":{"0":{"name":"(anonymous_0)","decl":{"start":{"line":8,"column":2},"end":{"line":8,"column":22}},"loc":{"start":{"line":8,"column":32},"end":{"line":10,"column":3}}},"1":{"name":"(anonymous_1)","decl":{"start":{"line":12,"column":2},"end":{"line":12,"column":8}},"loc":{"start":{"line":12,"column":28},"end":{"line":18,"column":3}}},"2":{"name":"(anonymous_2)","decl":{"start":{"line":27,"column":2},"end":{"line":27,"column":11}},"loc":{"start":{"line":27,"column":53},"end":{"line":33,"column":3}}},"3":{"name":"(anonymous_3)","decl":{"start":{"line":35,"column":2},"end":{"line":35,"column":14}},"loc":{"start":{"line":35,"column":29},"end":{"line":44,"column":3}}},"4":{"name":"(anonymous_4)","decl":{"start":{"line":46,"column":2},"end":{"line":46,"column":10}},"loc":{"start":{"line":46,"column":42},"end":{"line":51,"column":3}}},"5":{"name":"(anonymous_5)","decl":{"start":{"line":54,"column":2},"end":{"line":54,"column":18}},"loc":{"start":{"line":54,"column":18},"end":{"line":75,"column":3}}}},"branchMap":{"0":{"loc":{"start":{"line":13,"column":4},"end":{"line":15,"column":5}},"type":"if","locations":[{"start":{"line":13,"column":4},"end":{"line":15,"column":5}}]},"1":{"loc":{"start":{"line":27,"column":22},"end":{"line":27,"column":53}},"type":"default-arg","locations":[{"start":{"line":27,"column":42},"end":{"line":27,"column":53}}]},"2":{"loc":{"start":{"line":31,"column":16},"end":{"line":31,"column":45}},"type":"cond-expr","locations":[{"start":{"line":31,"column":32},"end":{"line":31,"column":41}},{"start":{"line":31,"column":44},"end":{"line":31,"column":45}}]},"3":{"loc":{"start":{"line":37,"column":4},"end":{"line":43,"column":5}},"type":"if","locations":[{"start":{"line":37,"column":4},"end":{"line":43,"column":5}}]},"4":{"loc":{"start":{"line":40,"column":6},"end":{"line":42,"column":7}},"type":"if","locations":[{"start":{"line":40,"column":6},"end":{"line":42,"column":7}}]},"5":{"loc":{"start":{"line":56,"column":4},"end":{"line":63,"column":5}},"type":"if","locations":[{"start":{"line":56,"column":4},"end":{"line":63,"column":5}}]},"6":{"loc":{"start":{"line":65,"column":4},"end":{"line":74,"column":5}},"type":"if","locations":[{"start":{"line":65,"column":4},"end":{"line":74,"column":5}}]}},"s":{"0":18,"1":18,"2":7,"3":7,"4":7,"5":0,"6":9,"7":9,"8":9,"9":9,"10":9,"11":9,"12":4,"13":4,"14":4,"15":3,"16":3,"17":4,"18":4,"19":1,"20":1,"21":4,"22":4,"23":1,"24":1,"25":1,"26":1,"27":18},"f":{"0":7,"1":7,"2":9,"3":9,"4":3,"5":4},"b":{"0":[7],"1":[6],"2":[8,1],"3":[4],"4":[3],"5":[1],"6":[1]}}
,"/Users/Ryan/Documents/CSC369/potions/packages/server/src/items/on_ticks/onTickConfig.ts": {"path":"/Users/Ryan/Documents/CSC369/potions/packages/server/src/items/on_ticks/onTickConfig.ts","statementMap":{"0":{"start":{"line":1,"column":0},"end":{"line":1,"column":40}},"1":{"start":{"line":2,"column":0},"end":{"line":2,"column":38}},"2":{"start":{"line":4,"column":13},"end":{"line":4,"column":45}}},"fnMap":{},"branchMap":{},"s":{"0":18,"1":18,"2":18},"f":{},"b":{}}
,"/Users/Ryan/Documents/CSC369/potions/packages/server/src/items/on_ticks/onTickRegistry.ts": {"path":"/Users/Ryan/Documents/CSC369/potions/packages/server/src/items/on_ticks/onTickRegistry.ts","statementMap":{"0":{"start":{"line":2,"column":0},"end":{"line":2,"column":41}},"1":{"start":{"line":5,"column":52},"end":{"line":5,"column":72}},"2":{"start":{"line":9,"column":4},"end":{"line":9,"column":22}},"3":{"start":{"line":13,"column":4},"end":{"line":15,"column":7}},"4":{"start":{"line":14,"column":6},"end":{"line":14,"column":59}},"5":{"start":{"line":19,"column":4},"end":{"line":19,"column":38}},"6":{"start":{"line":23,"column":4},"end":{"line":23,"column":30}},"7":{"start":{"line":4,"column":0},"end":{"line":4,"column":13}}},"fnMap":{"0":{"name":"(anonymous_0)","decl":{"start":{"line":8,"column":2},"end":{"line":8,"column":null}},"loc":{"start":{"line":8,"column":2},"end":{"line":10,"column":3}}},"1":{"name":"(anonymous_1)","decl":{"start":{"line":12,"column":9},"end":{"line":12,"column":15}},"loc":{"start":{"line":12,"column":20},"end":{"line":16,"column":3}}},"2":{"name":"(anonymous_2)","decl":{"start":{"line":13,"column":20},"end":{"line":13,"column":21}},"loc":{"start":{"line":13,"column":31},"end":{"line":15,"column":5}}},"3":{"name":"(anonymous_3)","decl":{"start":{"line":18,"column":10},"end":{"line":18,"column":24}},"loc":{"start":{"line":18,"column":39},"end":{"line":20,"column":3}}},"4":{"name":"(anonymous_4)","decl":{"start":{"line":22,"column":9},"end":{"line":22,"column":18}},"loc":{"start":{"line":22,"column":31},"end":{"line":24,"column":3}}}},"branchMap":{},"s":{"0":18,"1":18,"2":18,"3":32,"4":64,"5":64,"6":2,"7":18},"f":{"0":18,"1":32,"2":64,"3":64,"4":2},"b":{}}
,"/Users/Ryan/Documents/CSC369/potions/packages/server/src/items/on_ticks/spawnItem.ts": {"path":"/Users/Ryan/Documents/CSC369/potions/packages/server/src/items/on_ticks/spawnItem.ts","statementMap":{"0":{"start":{"line":1,"column":0},"end":{"line":1,"column":49}},"1":{"start":{"line":2,"column":0},"end":{"line":2,"column":31}},"2":{"start":{"line":8,"column":4},"end":{"line":8,"column":28}},"3":{"start":{"line":12,"column":4},"end":{"line":14,"column":5}},"4":{"start":{"line":13,"column":6},"end":{"line":13,"column":19}},"5":{"start":{"line":16,"column":21},"end":{"line":16,"column":49}},"6":{"start":{"line":17,"column":19},"end":{"line":17,"column":49}},"7":{"start":{"line":18,"column":24},"end":{"line":18,"column":54}},"8":{"start":{"line":19,"column":23},"end":{"line":22,"column":null}},"9":{"start":{"line":25,"column":22},"end":{"line":25,"column":56}},"10":{"start":{"line":26,"column":21},"end":{"line":26,"column":54}},"11":{"start":{"line":27,"column":17},"end":{"line":27,"column":45}},"12":{"start":{"line":29,"column":4},"end":{"line":38,"column":5}},"13":{"start":{"line":34,"column":6},"end":{"line":37,"column":9}},"14":{"start":{"line":40,"column":4},"end":{"line":40,"column":16}},"15":{"start":{"line":5,"column":0},"end":{"line":5,"column":13}}},"fnMap":{"0":{"name":"(anonymous_0)","decl":{"start":{"line":7,"column":2},"end":{"line":7,"column":null}},"loc":{"start":{"line":7,"column":2},"end":{"line":9,"column":3}}},"1":{"name":"(anonymous_1)","decl":{"start":{"line":11,"column":2},"end":{"line":11,"column":8}},"loc":{"start":{"line":11,"column":64},"end":{"line":41,"column":3}}}},"branchMap":{"0":{"loc":{"start":{"line":12,"column":4},"end":{"line":14,"column":5}},"type":"if","locations":[{"start":{"line":12,"column":4},"end":{"line":14,"column":5}}]},"1":{"loc":{"start":{"line":29,"column":4},"end":{"line":38,"column":5}},"type":"if","locations":[{"start":{"line":29,"column":4},"end":{"line":38,"column":5}}]},"2":{"loc":{"start":{"line":30,"column":6},"end":{"line":32,"column":26}},"type":"binary-expr","locations":[{"start":{"line":30,"column":6},"end":{"line":30,"column":29}},{"start":{"line":31,"column":6},"end":{"line":31,"column":27}},{"start":{"line":32,"column":6},"end":{"line":32,"column":26}}]}},"s":{"0":18,"1":18,"2":32,"3":2,"4":0,"5":2,"6":2,"7":2,"8":2,"9":2,"10":2,"11":2,"12":2,"13":1,"14":2,"15":18},"f":{"0":32,"1":2},"b":{"0":[0],"1":[1],"2":[2,2,1]}}
,"/Users/Ryan/Documents/CSC369/potions/packages/server/src/items/on_ticks/spawnMob.ts": {"path":"/Users/Ryan/Documents/CSC369/potions/packages/server/src/items/on_ticks/spawnMob.ts","statementMap":{"0":{"start":{"line":1,"column":0},"end":{"line":1,"column":51}},"1":{"start":{"line":2,"column":0},"end":{"line":2,"column":37}},"2":{"start":{"line":9,"column":4},"end":{"line":9,"column":27}},"3":{"start":{"line":13,"column":4},"end":{"line":15,"column":5}},"4":{"start":{"line":14,"column":6},"end":{"line":14,"column":19}},"5":{"start":{"line":16,"column":20},"end":{"line":16,"column":48}},"6":{"start":{"line":17,"column":16},"end":{"line":17,"column":43}},"7":{"start":{"line":18,"column":17},"end":{"line":18,"column":45}},"8":{"start":{"line":19,"column":18},"end":{"line":19,"column":45}},"9":{"start":{"line":21,"column":4},"end":{"line":23,"column":5}},"10":{"start":{"line":22,"column":6},"end":{"line":22,"column":49}},"11":{"start":{"line":25,"column":4},"end":{"line":25,"column":16}},"12":{"start":{"line":6,"column":0},"end":{"line":6,"column":13}}},"fnMap":{"0":{"name":"(anonymous_0)","decl":{"start":{"line":8,"column":2},"end":{"line":8,"column":null}},"loc":{"start":{"line":8,"column":2},"end":{"line":10,"column":3}}},"1":{"name":"(anonymous_1)","decl":{"start":{"line":12,"column":2},"end":{"line":12,"column":8}},"loc":{"start":{"line":12,"column":64},"end":{"line":26,"column":3}}}},"branchMap":{"0":{"loc":{"start":{"line":13,"column":4},"end":{"line":15,"column":5}},"type":"if","locations":[{"start":{"line":13,"column":4},"end":{"line":15,"column":5}}]},"1":{"loc":{"start":{"line":21,"column":4},"end":{"line":23,"column":5}},"type":"if","locations":[{"start":{"line":21,"column":4},"end":{"line":23,"column":5}}]},"2":{"loc":{"start":{"line":21,"column":8},"end":{"line":21,"column":43}},"type":"binary-expr","locations":[{"start":{"line":21,"column":8},"end":{"line":21,"column":19}},{"start":{"line":21,"column":23},"end":{"line":21,"column":43}}]}},"s":{"0":18,"1":18,"2":32,"3":0,"4":0,"5":0,"6":0,"7":0,"8":0,"9":0,"10":0,"11":0,"12":18},"f":{"0":32,"1":0},"b":{"0":[0],"1":[0],"2":[0,0]}}
,"/Users/Ryan/Documents/CSC369/potions/packages/server/src/items/uses/drink.ts": {"path":"/Users/Ryan/Documents/CSC369/potions/packages/server/src/items/uses/drink.ts","statementMap":{"0":{"start":{"line":4,"column":0},"end":{"line":4,"column":47}},"1":{"start":{"line":7,"column":15},"end":{"line":7,"column":22}},"2":{"start":{"line":10,"column":4},"end":{"line":10,"column":25}},"3":{"start":{"line":14,"column":4},"end":{"line":14,"column":19}},"4":{"start":{"line":18,"column":4},"end":{"line":20,"column":5}},"5":{"start":{"line":19,"column":6},"end":{"line":19,"column":19}},"6":{"start":{"line":22,"column":4},"end":{"line":22,"column":35}},"7":{"start":{"line":23,"column":4},"end":{"line":23,"column":19}},"8":{"start":{"line":25,"column":4},"end":{"line":25,"column":16}},"9":{"start":{"line":6,"column":0},"end":{"line":6,"column":13}}},"fnMap":{"0":{"name":"(anonymous_0)","decl":{"start":{"line":9,"column":2},"end":{"line":9,"column":null}},"loc":{"start":{"line":9,"column":2},"end":{"line":11,"column":3}}},"1":{"name":"(anonymous_1)","decl":{"start":{"line":13,"column":2},"end":{"line":13,"column":13}},"loc":{"start":{"line":13,"column":36},"end":{"line":15,"column":3}}},"2":{"name":"(anonymous_2)","decl":{"start":{"line":17,"column":2},"end":{"line":17,"column":10}},"loc":{"start":{"line":17,"column":31},"end":{"line":26,"column":3}}}},"branchMap":{"0":{"loc":{"start":{"line":18,"column":4},"end":{"line":20,"column":5}},"type":"if","locations":[{"start":{"line":18,"column":4},"end":{"line":20,"column":5}}]}},"s":{"0":18,"1":18,"2":36,"3":0,"4":4,"5":0,"6":4,"7":4,"8":4,"9":18},"f":{"0":36,"1":0,"2":4},"b":{"0":[0]}}
,"/Users/Ryan/Documents/CSC369/potions/packages/server/src/items/uses/drop.ts": {"path":"/Users/Ryan/Documents/CSC369/potions/packages/server/src/items/uses/drop.ts","statementMap":{"0":{"start":{"line":2,"column":0},"end":{"line":2,"column":41}},"1":{"start":{"line":9,"column":4},"end":{"line":9,"column":22}},"2":{"start":{"line":13,"column":4},"end":{"line":13,"column":18}},"3":{"start":{"line":17,"column":24},"end":{"line":17,"column":36}},"4":{"start":{"line":18,"column":4},"end":{"line":20,"column":5}},"5":{"start":{"line":19,"column":6},"end":{"line":19,"column":19}},"6":{"start":{"line":22,"column":4},"end":{"line":22,"column":46}},"7":{"start":{"line":23,"column":4},"end":{"line":23,"column":16}},"8":{"start":{"line":6,"column":0},"end":{"line":6,"column":13}}},"fnMap":{"0":{"name":"(anonymous_0)","decl":{"start":{"line":8,"column":2},"end":{"line":8,"column":null}},"loc":{"start":{"line":8,"column":2},"end":{"line":10,"column":3}}},"1":{"name":"(anonymous_1)","decl":{"start":{"line":12,"column":2},"end":{"line":12,"column":13}},"loc":{"start":{"line":12,"column":36},"end":{"line":14,"column":3}}},"2":{"name":"(anonymous_2)","decl":{"start":{"line":16,"column":2},"end":{"line":16,"column":10}},"loc":{"start":{"line":16,"column":31},"end":{"line":24,"column":3}}}},"branchMap":{"0":{"loc":{"start":{"line":18,"column":4},"end":{"line":20,"column":5}},"type":"if","locations":[{"start":{"line":18,"column":4},"end":{"line":20,"column":5}}]},"1":{"loc":{"start":{"line":18,"column":8},"end":{"line":18,"column":50}},"type":"binary-expr","locations":[{"start":{"line":18,"column":8},"end":{"line":18,"column":20}},{"start":{"line":18,"column":24},"end":{"line":18,"column":50}}]}},"s":{"0":18,"1":32,"2":0,"3":0,"4":0,"5":0,"6":0,"7":0,"8":18},"f":{"0":32,"1":0,"2":0},"b":{"0":[0],"1":[0,0]}}
,"/Users/Ryan/Documents/CSC369/potions/packages/server/src/items/uses/eat.ts": {"path":"/Users/Ryan/Documents/CSC369/potions/packages/server/src/items/uses/eat.ts","statementMap":{"0":{"start":{"line":6,"column":15},"end":{"line":6,"column":20}},"1":{"start":{"line":9,"column":4},"end":{"line":9,"column":23}},"2":{"start":{"line":13,"column":4},"end":{"line":13,"column":17}},"3":{"start":{"line":17,"column":4},"end":{"line":19,"column":5}},"4":{"start":{"line":18,"column":6},"end":{"line":18,"column":19}},"5":{"start":{"line":21,"column":4},"end":{"line":21,"column":19}},"6":{"start":{"line":22,"column":4},"end":{"line":22,"column":43}},"7":{"start":{"line":24,"column":4},"end":{"line":24,"column":16}},"8":{"start":{"line":5,"column":0},"end":{"line":5,"column":13}}},"fnMap":{"0":{"name":"(anonymous_0)","decl":{"start":{"line":8,"column":2},"end":{"line":8,"column":null}},"loc":{"start":{"line":8,"column":2},"end":{"line":10,"column":3}}},"1":{"name":"(anonymous_1)","decl":{"start":{"line":12,"column":2},"end":{"line":12,"column":13}},"loc":{"start":{"line":12,"column":36},"end":{"line":14,"column":3}}},"2":{"name":"(anonymous_2)","decl":{"start":{"line":16,"column":2},"end":{"line":16,"column":10}},"loc":{"start":{"line":16,"column":31},"end":{"line":25,"column":3}}}},"branchMap":{"0":{"loc":{"start":{"line":17,"column":4},"end":{"line":19,"column":5}},"type":"if","locations":[{"start":{"line":17,"column":4},"end":{"line":19,"column":5}}]}},"s":{"0":18,"1":32,"2":0,"3":0,"4":0,"5":0,"6":0,"7":0,"8":18},"f":{"0":32,"1":0,"2":0},"b":{"0":[0]}}
[...]
nication/stubbedPubSub.ts","statementMap":{"0":{"start":{"line":16,"column":4},"end":{"line":16,"column":17}},"1":{"start":{"line":6,"column":0},"end":{"line":6,"column":13}}},"fnMap":{"0":{"name":"(anonymous_0)","decl":{"start":{"line":7,"column":2},"end":{"line":7,"column":19}},"loc":{"start":{"line":7,"column":19},"end":{"line":7,"column":30}}},"1":{"name":"(anonymous_1)","decl":{"start":{"line":9,"column":2},"end":{"line":9,"column":8}},"loc":{"start":{"line":9,"column":24},"end":{"line":9,"column":34}}},"2":{"name":"(anonymous_2)","decl":{"start":{"line":11,"column":2},"end":{"line":11,"column":9}},"loc":{"start":{"line":11,"column":26},"end":{"line":11,"column":36}}},"3":{"name":"(anonymous_3)","decl":{"start":{"line":13,"column":2},"end":{"line":13,"column":15}},"loc":{"start":{"line":13,"column":15},"end":{"line":13,"column":26}}},"4":{"name":"(anonymous_4)","decl":{"start":{"line":15,"column":2},"end":{"line":15,"column":18}},"loc":{"start":{"line":15,"column":18},"end":{"line":17,"column":3}}},"5":{"name":"(anonymous_5)","decl":{"start":{"line":19,"column":2},"end":{"line":19,"column":13}},"loc":{"start":{"line":19,"column":46},"end":{"line":19,"column":56}}},"6":{"name":"(anonymous_6)","decl":{"start":{"line":21,"column":2},"end":{"line":21,"column":11}},"loc":{"start":{"line":21,"column":44},"end":{"line":21,"column":54}}},"7":{"name":"(anonymous_7)","decl":{"start":{"line":23,"column":2},"end":{"line":23,"column":6}},"loc":{"start":{"line":23,"column":51},"end":{"line":23,"column":61}}},"8":{"name":"(anonymous_8)","decl":{"start":{"line":25,"column":2},"end":{"line":25,"column":9}},"loc":{"start":{"line":25,"column":21},"end":{"line":25,"column":31}}},"9":{"name":"(anonymous_9)","decl":{"start":{"line":27,"column":2},"end":{"line":27,"column":14}},"loc":{"start":{"line":27,"column":63},"end":{"line":27,"column":73}}},"10":{"name":"(anonymous_10)","decl":{"start":{"line":29,"column":2},"end":{"line":29,"column":13}},"loc":{"start":{"line":29,"column":61},"end":{"line":29,"column":71}}},"11":{"name":"(anonymous_11)","decl":{"start":{"line":31,"column":2},"end":{"line":31,"column":23}},"loc":{"start":{"line":31,"column":70},"end":{"line":31,"column":80}}},"12":{"name":"(anonymous_12)","decl":{"start":{"line":33,"column":2},"end":{"line":33,"column":12}},"loc":{"start":{"line":33,"column":59},"end":{"line":33,"column":69}}},"13":{"name":"(anonymous_13)","decl":{"start":{"line":35,"column":2},"end":{"line":35,"column":21}},"loc":{"start":{"line":38,"column":18},"end":{"line":39,"column":12}}},"14":{"name":"(anonymous_14)","decl":{"start":{"line":41,"column":2},"end":{"line":41,"column":7}},"loc":{"start":{"line":41,"column":38},"end":{"line":41,"column":48}}},"15":{"name":"(anonymous_15)","decl":{"start":{"line":43,"column":2},"end":{"line":43,"column":13}},"loc":{"start":{"line":43,"column":39},"end":{"line":43,"column":49}}},"16":{"name":"(anonymous_16)","decl":{"start":{"line":45,"column":2},"end":{"line":45,"column":6}},"loc":{"start":{"line":45,"column":19},"end":{"line":45,"column":29}}},"17":{"name":"(anonymous_17)","decl":{"start":{"line":47,"column":2},"end":{"line":47,"column":10}},"loc":{"start":{"line":47,"column":62},"end":{"line":47,"column":72}}},"18":{"name":"(anonymous_18)","decl":{"start":{"line":49,"column":2},"end":{"line":49,"column":12}},"loc":{"start":{"line":49,"column":46},"end":{"line":49,"column":56}}},"19":{"name":"(anonymous_19)","decl":{"start":{"line":51,"column":2},"end":{"line":51,"column":10}},"loc":{"start":{"line":51,"column":61},"end":{"line":51,"column":71}}},"20":{"name":"(anonymous_20)","decl":{"start":{"line":53,"column":2},"end":{"line":53,"column":17}},"loc":{"start":{"line":53,"column":55},"end":{"line":53,"column":65}}},"21":{"name":"(anonymous_21)","decl":{"start":{"line":55,"column":2},"end":{"line":55,"column":7}},"loc":{"start":{"line":55,"column":37},"end":{"line":55,"column":47}}}},"branchMap":{},"s":{"0":0,"1":18},"f":{"0":0,"1":31,"2":47,"3":0,"4":0,"5":0,"6":0,"7":2,"8":17,"9":7,"10":5,"11":4,"12":0,"13":22,"14":0,"15":0,"16":3,"17":0,"18":3,"19":1,"20":0,"21":2},"b":{}}
,"/Users/Ryan/Documents/CSC369/potions/packages/server/src/services/gameWorld/gameWorld.ts": {"path":"/Users/Ryan/Documents/CSC369/potions/packages/server/src/services/gameWorld/gameWorld.ts","statementMap":{"0":{"start":{"line":21,"column":0},"end":{"line":21,"column":16}},"1":{"start":{"line":22,"column":2},"end":{"line":22,"column":20}}},"fnMap":{"0":{"name":"initializeGameWorld","decl":{"start":{"line":21,"column":16},"end":{"line":21,"column":35}},"loc":{"start":{"line":21,"column":52},"end":{"line":23,"column":1}}}},"branchMap":{},"s":{"0":18,"1":32},"f":{"0":32},"b":{}}
,"/Users/Ryan/Documents/CSC369/potions/packages/server/src/services/gameWorld/serverWorld.ts": {"path":"/Users/Ryan/Documents/CSC369/potions/packages/server/src/services/gameWorld/serverWorld.ts","statementMap":{"0":{"start":{"line":1,"column":0},"end":{"line":1,"column":54}},"1":{"start":{"line":2,"column":0},"end":{"line":2,"column":58}},"2":{"start":{"line":3,"column":0},"end":{"line":3,"column":40}},"3":{"start":{"line":4,"column":0},"end":{"line":4,"column":53}},"4":{"start":{"line":5,"column":0},"end":{"line":5,"column":37}},"5":{"start":{"line":6,"column":0},"end":{"line":6,"column":51}},"6":{"start":{"line":7,"column":0},"end":{"line":7,"column":76}},"7":{"start":{"line":9,"column":0},"end":{"line":9,"column":50}},"8":{"start":{"line":11,"column":0},"end":{"line":11,"column":61}},"9":{"start":{"line":12,"column":0},"end":{"line":12,"column":69}},"10":{"start":{"line":13,"column":0},"end":{"line":13,"column":33}},"11":{"start":{"line":22,"column":4},"end":{"line":22,"column":45}},"12":{"start":{"line":23,"column":4},"end":{"line":23,"column":47}},"13":{"start":{"line":24,"column":4},"end":{"line":24,"column":55}},"14":{"start":{"line":25,"column":4},"end":{"line":25,"column":79}},"15":{"start":{"line":27,"column":22},"end":{"line":27,"column":47}},"16":{"start":{"line":29,"column":4},"end":{"line":29,"column":40}},"17":{"start":{"line":31,"column":4},"end":{"line":31,"column":24}},"18":{"start":{"line":32,"column":4},"end":{"line":32,"column":26}},"19":{"start":{"line":41,"column":4},"end":{"line":41,"column":68}},"20":{"start":{"line":45,"column":4},"end":{"line":45,"column":40}},"21":{"start":{"line":49,"column":4},"end":{"line":49,"column":60}},"22":{"start":{"line":53,"column":16},"end":{"line":53,"column":36}},"23":{"start":{"line":54,"column":4},"end":{"line":54,"column":41}},"24":{"start":{"line":55,"column":4},"end":{"line":69,"column":5}},"25":{"start":{"line":56,"column":19},"end":{"line":56,"column":35}},"26":{"start":{"line":57,"column":6},"end":{"line":59,"column":7}},"27":{"start":{"line":58,"column":8},"end":{"line":58,"column":17}},"28":{"start":{"line":61,"column":6},"end":{"line":67,"column":7}},"29":{"start":{"line":62,"column":8},"end":{"line":66,"column":10}},"30":{"start":{"line":68,"column":6},"end":{"line":68,"column":18}},"31":{"start":{"line":70,"column":4},"end":{"line":70,"column":40}},"32":{"start":{"line":74,"column":20},"end":{"line":74,"column":38}},"33":{"start":{"line":76,"column":4},"end":{"line":81,"column":5}},"34":{"start":{"line":77,"column":18},"end":{"line":77,"column":36}},"35":{"start":{"line":78,"column":6},"end":{"line":80,"column":7}},"36":{"start":{"line":79,"column":8},"end":{"line":79,"column":28}},"37":{"start":{"line":87,"column":4},"end":{"line":87,"column":24}},"38":{"start":{"line":88,"column":4},"end":{"line":88,"column":32}},"39":{"start":{"line":90,"column":4},"end":{"line":90,"column":31}},"40":{"start":{"line":91,"column":4},"end":{"line":91,"column":26}},"41":{"start":{"line":98,"column":21},"end":{"line":98,"column":46}},"42":{"start":{"line":99,"column":4},"end":{"line":101,"column":5}},"43":{"start":{"line":100,"column":6},"end":{"line":100,"column":50}},"44":{"start":{"line":103,"column":4},"end":{"line":103,"column":20}},"45":{"start":{"line":107,"column":21},"end":{"line":114,"column":29}},"46":{"start":{"line":116,"column":19},"end":{"line":116,"column":44}},"47":{"start":{"line":118,"column":4},"end":{"line":120,"column":5}},"48":{"start":{"line":119,"column":6},"end":{"line":119,"column":41}},"49":{"start":{"line":122,"column":4},"end":{"line":122,"column":18}},"50":{"start":{"line":126,"column":4},"end":{"line":126,"column":37}},"51":{"start":{"line":15,"column":0},"end":{"line":15,"column":13}}},"fnMap":{"0":{"name":"(anonymous_0)","decl":{"start":{"line":21,"column":2},"end":{"line":21,"column":14}},"loc":{"start":{"line":21,"column":47},"end":{"line":33,"column":3}}},"1":{"name":"(anonymous_1)","decl":{"start":{"line":35,"column":2},"end":{"line":35,"column":14}},"loc":{"start":{"line":39,"column":18},"end":{"line":42,"column":3}}},"2":{"name":"(anonymous_2)","decl":{"start":{"line":44,"column":2},"end":{"line":44,"column":12}},"loc":{"start":{"line":44,"column":12},"end":{"line":46,"column":3}}},"3":{"name":"(anonymous_3)","decl":{"start":{"line":48,"column":2},"end":{"line":48,"column":12}},"loc":{"start":{"line":48,"column":25},"end":{"line":50,"column":3}}},"4":{"name":"(anonymous_4)","decl":{"start":{"line":52,"column":10},"end":{"line":52,"column":22}},"loc":{"start":{"line":52,"column":22},"end":{"line":71,"column":3}}},"5":{"name":"(anonymous_5)","decl":{"start":{"line":73,"column":10},"end":{"line":73,"column":21}},"loc":{"start":{"line":73,"column":39},"end":{"line":82,"column":3}}},"6":{"name":"(anonymous_6)","decl":{"start":{"line":84,"column":2},"end":{"line":84,"column":6}},"loc":{"start":{"line":84,"column":24},"end":{"line":95,"column":3}}},"7":{"name":"(anonymous_7)","decl":{"start":{"line":97,"column":2},"end":{"line":97,"column":19}},"loc":{"start":{"line":97,"column":19},"end":{"line":104,"column":3}}},"8":{"name":"(anonymous_8)","decl":{"start":{"line":106,"column":2},"end":{"line":106,"column":11}},"loc":{"start":{"line":106,"column":11},"end":{"line":123,"column":3}}},"9":{"name":"(anonymous_9)","decl":{"start":{"line":125,"column":2},"end":{"line":125,"column":13}},"loc":{"start":{"line":125,"column":13},"end":{"line":127,"column":3}}}},"branchMap":{"0":{"loc":{"start":{"line":57,"column":6},"end":{"line":59,"column":7}},"type":"if","locations":[{"start":{"line":57,"column":6},"end":{"line":59,"column":7}}]},"1":{"loc":{"start":{"line":61,"column":6},"end":{"line":67,"column":7}},"type":"if","locations":[{"start":{"line":61,"column":6},"end":{"line":67,"column":7}}]},"2":{"loc":{"start":{"line":61,"column":10},"end":{"line":61,"column":65}},"type":"binary-expr","locations":[{"start":{"line":61,"column":11},"end":{"line":61,"column":34}},{"start":{"line":61,"column":38},"end":{"line":61,"column":47}},{"start":{"line":61,"column":52},"end":{"line":61,"column":65}}]},"3":{"loc":{"start":{"line":65,"column":10},"end":{"line":65,"column":41}},"type":"cond-expr","locations":[{"start":{"line":65,"column":22},"end":{"line":65,"column":31}},{"start":{"line":65,"column":34},"end":{"line":65,"column":41}}]},"4":{"loc":{"start":{"line":78,"column":6},"end":{"line":80,"column":7}},"type":"if","locations":[{"start":{"line":78,"column":6},"end":{"line":80,"column":7}}]},"5":{"loc":{"start":{"line":99,"column":4},"end":{"line":101,"column":5}},"type":"if","locations":[{"start":{"line":99,"column":4},"end":{"line":101,"column":5}}]},"6":{"loc":{"start":{"line":118,"column":4},"end":{"line":120,"column":5}},"type":"if","locations":[{"start":{"line":118,"column":4},"end":{"line":120,"column":5}}]}},"s":{"0":18,"1":18,"2":18,"3":18,"4":18,"5":18,"6":18,"7":18,"8":18,"9":18,"10":18,"11":32,"12":32,"13":32,"14":32,"15":32,"16":32,"17":32,"18":32,"19":2,"20":1,"21":7,"22":0,"23":0,"24":0,"25":0,"26":0,"27":0,"28":0,"29":0,"30":0,"31":0,"32":0,"33":0,"34":0,"35":0,"36":0,"37":0,"38":0,"39":0,"40":0,"41":0,"42":0,"43":0,"44":0,"45":0,"46":0,"47":0,"48":0,"49":0,"50":8,"51":18},"f":{"0":32,"1":2,"2":1,"3":7,"4":0,"5":0,"6":0,"7":0,"8":0,"9":8},"b":{"0":[0],"1":[0],"2":[0,0,0],"3":[0,0],"4":[0],"5":[0],"6":[0]}}
,"/Users/Ryan/Documents/CSC369/potions/packages/server/src/util/colorUtil.ts": {"path":"/Users/Ryan/Documents/CSC369/potions/packages/server/src/util/colorUtil.ts","statementMap":{"0":{"start":{"line":1,"column":0},"end":{"line":1,"column":16}},"1":{"start":{"line":10,"column":0},"end":{"line":10,"column":16}},"2":{"start":{"line":46,"column":0},"end":{"line":46,"column":16}},"3":{"start":{"line":55,"column":0},"end":{"line":55,"column":16}},"4":{"start":{"line":3,"column":2},"end":{"line":5,"column":3}},"5":{"start":{"line":4,"column":4},"end":{"line":4,"column":35}},"6":{"start":{"line":7,"column":2},"end":{"line":7,"column":33}},"7":{"start":{"line":12,"column":19},"end":{"line":22,"column":3}},"8":{"start":{"line":13,"column":4},"end":{"line":15,"column":5}},"9":{"start":{"line":14,"column":6},"end":{"line":14,"column":25}},"10":{"start":{"line":16,"column":19},"end":{"line":16,"column":36}},"11":{"start":{"line":17,"column":4},"end":{"line":21,"column":6}},"12":{"start":{"line":25,"column":19},"end":{"line":29,"column":22}},"13":{"start":{"line":26,"column":4},"end":{"line":29,"column":22}},"14":{"start":{"line":32,"column":15},"end":{"line":32,"column":29}},"15":{"start":{"line":33,"column":15},"end":{"line":33,"column":29}},"16":{"start":{"line":36,"column":22},"end":{"line":40,"column":4}},"17":{"start":{"line":43,"column":2},"end":{"line":43,"column":63}},"18":{"start":{"line":48,"column":18},"end":{"line":48,"column":34}},"19":{"start":{"line":50,"column":2},"end":{"line":50,"column":41}},"20":{"start":{"line":52,"column":2},"end":{"line":52,"column":25}},"21":{"start":{"line":56,"column":17},"end":{"line":69,"column":41}},"22":{"start":{"line":71,"column":22},"end":{"line":71,"column":63}},"23":{"start":{"line":72,"column":2},"end":{"line":72,"column":29}}},"fnMap":{"0":{"name":"hexStringToNumber","decl":{"start":{"line":1,"column":16},"end":{"line":1,"column":33}},"loc":{"start":{"line":1,"column":51},"end":{"line":8,"column":1}}},"1":{"name":"combineHexColors","decl":{"start":{"line":10,"column":16},"end":{"line":10,"column":32}},"loc":{"start":{"line":10,"column":59},"end":{"line":44,"column":1}}},"2":{"name":"(anonymous_2)","decl":{"start":{"line":12,"column":19},"end":{"line":12,"column":20}},"loc":{"start":{"line":12,"column":72},"end":{"line":22,"column":3}}},"3":{"name":"(anonymous_3)","decl":{"start":{"line":25,"column":19},"end":{"line":25,"column":20}},"loc":{"start":{"line":26,"column":4},"end":{"line":29,"column":22}}},"4":{"name":"numberToHexString","decl":{"start":{"line":46,"column":16},"end":{"line":46,"column":33}},"loc":{"start":{"line":46,"column":45},"end":{"line":53,"column":1}}},"5":{"name":"getRandomColor","decl":{"start":{"line":55,"column":16},"end":{"line":55,"column":30}},"loc":{"start":{"line":55,"column":30},"end":{"line":73,"column":1}}}},"branchMap":{"0":{"loc":{"start":{"line":3,"column":2},"end":{"line":5,"column":3}},"type":"if","locations":[{"start":{"line":3,"column":2},"end":{"line":5,"column":3}}]},"1":{"loc":{"start":{"line":13,"column":4},"end":{"line":15,"column":5}},"type":"if","locations":[{"start":{"line":13,"column":4},"end":{"line":15,"column":5}}]}},"s":{"0":18,"1":18,"2":18,"3":18,"4":99,"5":99,"6":99,"7":3,"8":6,"9":6,"10":6,"11":6,"12":3,"13":3,"14":3,"15":3,"16":3,"17":3,"18":15,"19":15,"20":15,"21":93,"22":93,"23":93},"f":{"0":99,"1":3,"2":6,"3":3,"4":15,"5":93},"b":{"0":[99],"1":[6]}}
,"/Users/Ryan/Documents/CSC369/potions/packages/server/src/util/descriptionUtil.ts": {"path":"/Users/Ryan/Documents/CSC369/potions/packages/server/src/util/descriptionUtil.ts","statementMap":{"0":{"start":{"line":3,"column":0},"end":{"line":3,"column":16}},"1":{"start":{"line":4,"column":2},"end":{"line":4,"column":23}}},"fnMap":{"0":{"name":"personalityToDescription","decl":{"start":{"line":3,"column":16},"end":{"line":3,"column":40}},"loc":{"start":{"line":3,"column":66},"end":{"line":5,"column":1}}}},"branchMap":{},"s":{"0":18,"1":31},"f":{"0":31},"b":{}}
,"/Users/Ryan/Documents/CSC369/potions/packages/server/src/util/mathUtil.ts": {"path":"/Users/Ryan/Documents/CSC369/potions/packages/server/src/util/mathUtil.ts","statementMap":{"0":{"start":{"line":1,"column":0},"end":{"line":1,"column":16}},"1":{"start":{"line":7,"column":0},"end":{"line":7,"column":16}},"2":{"start":{"line":2,"column":24},"end":{"line":2,"column":57}},"3":{"start":{"line":4,"column":2},"end":{"line":4,"column":23}},"4":{"start":{"line":8,"column":2},"end":{"line":8,"column":43}}},"fnMap":{"0":{"name":"logistic","decl":{"start":{"line":1,"column":16},"end":{"line":1,"column":24}},"loc":{"start":{"line":1,"column":65},"end":{"line":5,"column":1}}},"1":{"name":"evaluateUtility","decl":{"start":{"line":7,"column":16},"end":{"line":7,"column":31}},"loc":{"start":{"line":7,"column":69},"end":{"line":9,"column":1}}}},"branchMap":{"0":{"loc":{"start":{"line":1,"column":36},"end":{"line":1,"column":49}},"type":"default-arg","locations":[{"start":{"line":1,"column":48},"end":{"line":1,"column":49}}]},"1":{"loc":{"start":{"line":1,"column":51},"end":{"line":1,"column":65}},"type":"default-arg","locations":[{"start":{"line":1,"column":64},"end":{"line":1,"column":65}}]},"2":{"loc":{"start":{"line":8,"column":9},"end":{"line":8,"column":42}},"type":"cond-expr","locations":[{"start":{"line":8,"column":21},"end":{"line":8,"column":30}},{"start":{"line":8,"column":33},"end":{"line":8,"column":42}}]}},"s":{"0":18,"1":18,"2":4,"3":4,"4":0},"f":{"0":4,"1":0},"b":{"0":[0],"1":[0],"2":[0,0]}}
,"/Users/Ryan/Documents/CSC369/potions/packages/server/test/testSetup.ts": {"path":"/Users/Ryan/Documents/CSC369/potions/packages/server/test/testSetup.ts","statementMap":{"0":{"start":{"line":2,"column":0},"end":{"line":2,"column":68}},"1":{"start":{"line":3,"column":0},"end":{"line":3,"column":59}},"2":{"start":{"line":4,"column":0},"end":{"line":4,"column":72}},"3":{"start":{"line":5,"column":0},"end":{"line":5,"column":61}},"4":{"start":{"line":6,"column":0},"end":{"line":6,"column":78}},"5":{"start":{"line":7,"column":0},"end":{"line":7,"column":82}},"6":{"start":{"line":8,"column":0},"end":{"line":8,"column":null}},"7":{"start":{"line":14,"column":0},"end":{"line":14,"column":66}},"8":{"start":{"line":15,"column":0},"end":{"line":15,"column":74}},"9":{"start":{"line":25,"column":27},"end":{"line":381,"column":1}},"10":{"start":{"line":27,"column":2},"end":{"line":27,"column":23}},"11":{"start":{"line":29,"column":2},"end":{"line":29,"column":33}},"12":{"start":{"line":30,"column":2},"end":{"line":30,"column":17}},"13":{"start":{"line":31,"column":2},"end":{"line":31,"column":40}},"14":{"start":{"line":33,"column":27},"end":{"line":374,"column":4}},"15":{"start":{"line":35,"column":51},"end":{"line":35,"column":75}},"16":{"start":{"line":375,"column":2},"end":{"line":375,"column":65}},"17":{"start":{"line":376,"column":2},"end":{"line":376,"column":44}},"18":{"start":{"line":377,"column":2},"end":{"line":377,"column":29}},"19":{"start":{"line":378,"column":2},"end":{"line":378,"column":48}},"20":{"start":{"line":379,"column":2},"end":{"line":379,"column":29}},"21":{"start":{"line":380,"column":2},"end":{"line":380,"column":36}},"22":{"start":{"line":25,"column":13},"end":{"line":25,"column":27}}},"fnMap":{"0":{"name":"(anonymous_0)","decl":{"start":{"line":25,"column":27},"end":{"line":25,"column":28}},"loc":{"start":{"line":25,"column":53},"end":{"line":381,"column":1}}},"1":{"name":"(anonymous_1)","decl":{"start":{"line":35,"column":45},"end":{"line":35,"column":48}},"loc":{"start":{"line":35,"column":51},"end":{"line":35,"column":75}}}},"branchMap":{"0":{"loc":{"start":{"line":25,"column":28},"end":{"line":25,"column":49}},"type":"default-arg","locations":[{"start":{"line":25,"column":48},"end":{"line":25,"column":49}}]}},"s":{"0":18,"1":18,"2":18,"3":18,"4":18,"5":18,"6":18,"7":18,"8":18,"9":18,"10":32,"11":32,"12":32,"13":32,"14":32,"15":67,"16":32,"17":32,"18":32,"19":32,"20":32,"21":32,"22":18},"f":{"0":32,"1":67},"b":{"0":[31]}}
}
