TN:
SF:src/community/community.ts
FN:7,(anonymous_0)
FN:12,(anonymous_1)
FN:21,(anonymous_2)
FN:31,(anonymous_3)
FN:66,(anonymous_4)
FNF:5
FNH:4
FNDA:30,(anonymous_0)
FNDA:1,(anonymous_1)
FNDA:30,(anonymous_2)
FNDA:0,(anonymous_3)
FNDA:2,(anonymous_4)
DA:1,18
DA:3,18
DA:8,30
DA:9,30
DA:13,1
DA:22,30
DA:28,30
DA:32,0
DA:41,0
DA:42,0
DA:45,0
DA:68,2
DA:80,2
DA:81,1
DA:85,1
DA:88,18
LF:16
LH:12
BRDA:41,0,0,0
BRDA:80,1,0,1
BRF:2
BRH:1
end_of_record
TN:
SF:src/community/house.ts
FN:23,(anonymous_0)
FN:37,(anonymous_1)
FN:44,(anonymous_2)
FN:64,(anonymous_3)
FNF:4
FNH:1
FNDA:0,(anonymous_0)
FNDA:0,(anonymous_1)
FNDA:31,(anonymous_2)
FNDA:0,(anonymous_3)
DA:1,18
DA:3,18
DA:4,18
DA:5,18
DA:16,18
DA:30,0
DA:31,0
DA:32,0
DA:33,0
DA:34,0
DA:38,0
DA:45,31
DA:57,31
DA:58,31
DA:61,0
DA:70,0
DA:71,0
DA:75,0
DA:77,0
DA:91,0
DA:99,0
DA:100,0
DA:106,0
DA:114,0
DA:115,0
DA:116,0
DA:117,0
DA:124,0
DA:125,0
DA:126,0
DA:135,0
DA:138,18
LF:32
LH:9
BRDA:57,0,0,31
BRDA:116,1,0,0
BRDA:125,2,0,0
BRF:3
BRH:1
end_of_record
TN:
SF:src/date/fantasyDate.ts
FN:19,(anonymous_0)
FN:35,(anonymous_1)
FN:39,(anonymous_2)
FN:43,(anonymous_3)
FN:80,(anonymous_4)
FN:109,(anonymous_5)
FN:130,(anonymous_6)
FNF:7
FNH:4
FNDA:11,(anonymous_0)
FNDA:0,(anonymous_1)
FNDA:0,(anonymous_2)
FNDA:0,(anonymous_3)
FNDA:11,(anonymous_4)
FNDA:47,(anonymous_5)
FNDA:4,(anonymous_6)
DA:1,18
DA:2,18
DA:4,18
DA:5,18
DA:6,18
DA:7,18
DA:9,18
DA:27,11
DA:28,11
DA:29,11
DA:30,11
DA:31,11
DA:32,11
DA:36,0
DA:40,0
DA:44,0
DA:45,0
DA:46,0
DA:47,0
DA:48,0
DA:49,0
DA:50,0
DA:51,0
DA:52,0
DA:53,0
DA:54,0
DA:55,0
DA:56,0
DA:59,0
DA:60,0
DA:61,0
DA:63,0
DA:66,0
DA:67,0
DA:68,0
DA:69,0
DA:70,0
DA:71,0
DA:72,0
DA:74,0
DA:77,0
DA:81,11
DA:89,11
DA:90,11
DA:92,11
DA:96,11
DA:101,11
DA:106,11
DA:110,47
DA:117,47
DA:123,47
DA:125,47
DA:126,0
DA:131,4
LF:54
LH:25
BRDA:45,0,0,0
BRDA:45,0,1,0
BRDA:45,1,0,0
BRDA:45,1,1,0
BRDA:47,2,0,0
BRDA:47,2,1,0
BRDA:47,3,0,0
BRDA:47,3,1,0
BRDA:49,4,0,0
BRDA:49,4,1,0
BRDA:49,5,0,0
BRDA:49,5,1,0
BRDA:51,6,0,0
BRDA:51,6,1,0
BRDA:51,7,0,0
BRDA:51,7,1,0
BRDA:53,8,0,0
BRDA:53,8,1,0
BRDA:53,9,0,0
BRDA:53,9,1,0
BRDA:55,10,0,0
BRDA:55,11,0,0
BRDA:55,11,1,0
BRDA:60,12,0,0
BRDA:60,12,1,0
BRDA:67,13,0,0
BRDA:67,13,1,0
BRDA:69,14,0,0
BRDA:69,14,1,0
BRDA:71,15,0,0
BRDA:71,15,1,0
BRDA:125,16,0,0
BRF:32
BRH:0
end_of_record
TN:
SF:src/generate/generateWorld.ts
FN:27,loadDefaults
FN:35,(anonymous_1)
FN:52,(anonymous_2)
FN:68,(anonymous_3)
FN:80,(anonymous_4)
FN:104,createTables
FNF:6
FNH:1
FNDA:0,loadDefaults
FNDA:0,(anonymous_1)
FNDA:0,(anonymous_2)
FNDA:0,(anonymous_3)
FNDA:0,(anonymous_4)
FNDA:32,createTables
DA:1,18
DA:2,18
DA:4,18
DA:5,18
DA:6,18
DA:7,18
DA:8,18
DA:9,18
DA:15,18
DA:27,18
DA:28,0
DA:30,0
DA:31,0
DA:34,0
DA:35,0
DA:36,0
DA:43,0
DA:44,0
DA:51,0
DA:58,0
DA:68,0
DA:69,0
DA:79,0
DA:88,0
DA:101,0
DA:104,18
DA:105,32
LF:27
LH:12
BRDA:72,0,0,0
BRDA:72,0,1,0
BRF:2
BRH:0
end_of_record
TN:
SF:src/generate/socialWorld.ts
FN:4,buildGraphFromWorld
FNF:1
FNH:1
FNDA:32,buildGraphFromWorld
DA:1,18
DA:4,18
DA:7,32
DA:9,32
DA:10,32
DA:11,64
DA:18,64
DA:19,64
DA:22,32
DA:23,384
DA:28,32
DA:29,96
DA:40,32
LF:13
LH:13
BRDA:15,0,0,32
BRDA:15,0,1,32
BRF:2
BRH:2
end_of_record
TN:
SF:src/items/carryable.ts
FN:10,(anonymous_0)
FN:14,(anonymous_1)
FN:22,(anonymous_2)
FN:43,(anonymous_3)
FN:58,(anonymous_4)
FN:86,(anonymous_5)
FNF:6
FNH:4
FNDA:3,(anonymous_0)
FNDA:3,(anonymous_1)
FNDA:2,(anonymous_2)
FNDA:3,(anonymous_3)
FNDA:0,(anonymous_4)
FNDA:0,(anonymous_5)
DA:2,18
DA:3,18
DA:4,18
DA:5,18
DA:7,18
DA:11,3
DA:15,3
DA:16,3
DA:19,0
DA:24,2
DA:25,0
DA:29,2
DA:30,1
DA:34,1
DA:35,1
DA:38,1
DA:40,1
DA:44,3
DA:52,3
DA:53,3
DA:55,3
DA:59,0
DA:60,0
DA:62,0
DA:74,0
DA:75,0
DA:77,0
DA:79,0
DA:80,0
DA:83,0
DA:87,0
DA:96,0
DA:98,0
DA:99,0
LF:34
LH:19
BRDA:15,0,0,3
BRDA:24,1,0,0
BRDA:29,2,0,1
BRDA:59,3,0,0
BRDA:59,3,1,0
BRDA:79,4,0,0
BRDA:98,5,0,0
BRF:7
BRH:2
end_of_record
TN:
SF:src/items/cauldron.ts
FN:13,(anonymous_0)
FN:17,(anonymous_1)
FN:27,(anonymous_2)
FN:31,(anonymous_3)
FN:35,(anonymous_4)
FN:42,(anonymous_5)
FN:83,(anonymous_6)
FNF:7
FNH:7
FNDA:10,(anonymous_0)
FNDA:10,(anonymous_1)
FNDA:9,(anonymous_2)
FNDA:11,(anonymous_3)
FNDA:1,(anonymous_4)
FNDA:6,(anonymous_5)
FNDA:3,(anonymous_6)
DA:1,18
DA:4,18
DA:10,18
DA:14,10
DA:18,10
DA:22,10
DA:24,0
DA:28,9
DA:32,11
DA:36,1
DA:37,1
DA:39,1
DA:43,6
DA:45,6
DA:51,5
DA:52,2
DA:56,2
DA:57,2
DA:58,2
DA:62,3
DA:65,3
DA:71,3
DA:73,3
DA:74,3
DA:78,3
DA:80,1
DA:84,3
DA:85,0
DA:88,3
DA:90,3
DA:96,3
DA:97,3
LF:32
LH:30
BRDA:18,0,0,10
BRDA:19,1,0,10
BRDA:19,1,1,10
BRDA:45,2,0,5
BRDA:46,3,0,6
BRDA:46,3,1,6
BRDA:46,3,2,6
BRDA:51,4,0,2
BRDA:84,5,0,0
BRF:9
BRH:8
end_of_record
TN:
SF:src/items/container.ts
FN:8,(anonymous_0)
FN:12,(anonymous_1)
FN:20,(anonymous_2)
FN:24,(anonymous_3)
FN:28,(anonymous_4)
FN:32,(anonymous_5)
FN:48,(anonymous_6)
FNF:7
FNH:6
FNDA:4,(anonymous_0)
FNDA:4,(anonymous_1)
FNDA:4,(anonymous_2)
FNDA:1,(anonymous_3)
FNDA:0,(anonymous_4)
FNDA:3,(anonymous_5)
FNDA:1,(anonymous_6)
DA:1,18
DA:5,18
DA:9,4
DA:13,4
DA:14,4
DA:17,0
DA:21,4
DA:25,1
DA:29,0
DA:33,3
DA:35,3
DA:36,3
DA:37,1
DA:39,2
DA:40,2
DA:42,2
DA:45,0
DA:49,1
DA:50,0
DA:53,1
DA:55,1
DA:61,1
LF:22
LH:18
BRDA:13,0,0,4
BRDA:13,1,0,4
BRDA:13,1,1,4
BRDA:35,2,0,3
BRDA:35,3,0,3
BRDA:35,3,1,3
BRDA:36,4,0,1
BRDA:49,5,0,0
BRF:8
BRH:7
end_of_record
TN:
SF:src/items/item.ts
FN:13,shuffleArray
FN:66,(anonymous_1)
FN:91,(anonymous_2)
FN:96,(anonymous_3)
FN:114,(anonymous_4)
FN:159,(anonymous_5)
FN:176,(anonymous_6)
FN:210,(anonymous_7)
FN:219,(anonymous_8)
FN:232,(anonymous_9)
FN:239,(anonymous_10)
FN:245,(anonymous_11)
FN:284,(anonymous_12)
FN:302,(anonymous_13)
FN:321,(anonymous_14)
FN:325,(anonymous_15)
FN:329,(anonymous_16)
FN:342,(anonymous_17)
FN:352,(anonymous_18)
FN:355,(anonymous_19)
FN:367,(anonymous_20)
FNF:21
FNH:18
FNDA:2,shuffleArray
FNDA:127,(anonymous_1)
FNDA:127,(anonymous_2)
FNDA:116,(anonymous_3)
FNDA:47,(anonymous_4)
FNDA:183,(anonymous_5)
FNDA:138,(anonymous_6)
FNDA:4,(anonymous_7)
FNDA:2,(anonymous_8)
FNDA:1,(anonymous_9)
FNDA:1,(anonymous_10)
FNDA:39,(anonymous_11)
FNDA:13,(anonymous_12)
FNDA:18,(anonymous_13)
FNDA:70,(anonymous_14)
FNDA:41,(anonymous_15)
FNDA:2,(anonymous_16)
FNDA:0,(anonymous_17)
FNDA:0,(anonymous_18)
FNDA:17,(anonymous_19)
FNDA:0,(anonymous_20)
DA:1,18
DA:2,18
DA:3,18
DA:4,18
DA:5,18
DA:9,18
DA:10,18
DA:14,2
DA:15,16
DA:16,16
DA:18,2
DA:52,18
DA:58,127
DA:76,127
DA:77,127
DA:78,127
DA:79,127
DA:80,127
DA:81,127
DA:82,127
DA:83,127
DA:84,127
DA:86,127
DA:87,116
DA:95,127
DA:97,116
DA:98,116
DA:102,127
DA:111,127
DA:115,47
DA:131,47
DA:132,47
DA:133,44
DA:134,47
DA:138,47
DA:139,22
DA:142,47
DA:143,53
DA:151,47
DA:152,17
DA:153,17
DA:156,47
DA:160,183
DA:169,183
DA:170,138
DA:173,45
DA:177,138
DA:193,138
DA:194,11
DA:197,127
DA:205,127
DA:207,127
DA:211,4
DA:216,4
DA:225,2
DA:232,2
DA:238,2
DA:239,1
DA:242,2
DA:246,39
DA:248,39
DA:249,37
DA:252,2
DA:254,2
DA:256,2
DA:258,2
DA:259,6
DA:260,6
DA:264,18
DA:269,2
DA:272,2
DA:273,10
DA:274,2
DA:278,0
DA:281,0
DA:285,13
DA:286,13
DA:287,0
DA:289,13
DA:290,13
DA:297,13
DA:298,4
DA:303,18
DA:304,18
DA:305,0
DA:309,18
DA:310,18
DA:311,18
DA:318,18
DA:322,70
DA:326,41
DA:330,2
DA:331,0
DA:333,2
DA:334,2
DA:335,2
DA:336,0
DA:338,2
DA:343,0
DA:352,0
DA:356,17
DA:364,17
DA:372,0
DA:373,0
DA:376,18
LF:105
LH:95
BRDA:74,0,0,0
BRDA:124,1,0,37
BRDA:124,1,1,10
BRDA:125,2,0,37
BRDA:125,2,1,10
BRDA:132,3,0,44
BRDA:151,4,0,17
BRDA:169,5,0,138
BRDA:193,6,0,11
BRDA:245,7,0,39
BRDA:248,8,0,37
BRDA:273,9,0,2
BRDA:273,10,0,10
BRDA:273,10,1,7
BRDA:286,11,0,0
BRDA:286,12,0,13
BRDA:286,12,1,11
BRDA:297,13,0,4
BRDA:304,14,0,0
BRDA:330,15,0,0
BRDA:335,16,0,0
BRDA:370,17,0,0
BRF:22
BRH:16
end_of_record
TN:
SF:src/items/itemGenerator.ts
FN:26,(anonymous_0)
FN:32,(anonymous_1)
FN:40,(anonymous_2)
FN:44,(anonymous_3)
FN:48,(anonymous_4)
FN:81,(anonymous_5)
FNF:6
FNH:6
FNDA:65,(anonymous_0)
FNDA:256,(anonymous_1)
FNDA:127,(anonymous_2)
FNDA:2,(anonymous_3)
FNDA:47,(anonymous_4)
FNDA:32,(anonymous_5)
DA:2,18
DA:3,18
DA:6,18
DA:21,18
DA:22,65
DA:23,65
DA:24,65
DA:27,65
DA:28,770
DA:30,770
DA:32,256
DA:35,0
DA:41,127
DA:45,2
DA:58,47
DA:59,47
DA:60,47
DA:61,47
DA:62,0
DA:65,47
DA:66,37
DA:68,47
DA:82,32
LF:23
LH:21
BRDA:30,0,0,0
BRDA:58,1,0,47
BRDA:58,1,1,41
BRDA:61,2,0,0
BRDA:65,3,0,37
BRDA:76,4,0,47
BRDA:76,4,1,33
BRF:7
BRH:5
end_of_record
TN:
SF:src/items/potionEffects.ts
FN:4,drinkPotion
FNF:1
FNH:1
FNDA:4,drinkPotion
DA:2,18
DA:4,18
DA:5,4
DA:9,4
DA:10,0
DA:11,0
DA:12,0
DA:13,4
DA:14,4
DA:15,4
DA:16,4
DA:19,4
DA:21,4
DA:24,0
LF:14
LH:10
BRDA:9,0,0,0
BRDA:9,0,1,4
BRDA:13,1,0,4
BRF:3
BRH:2
end_of_record
TN:
SF:src/items/purchasable.ts
FN:8,(anonymous_0)
FN:12,(anonymous_1)
FN:25,(anonymous_2)
FN:29,(anonymous_3)
FN:33,(anonymous_4)
FN:37,(anonymous_5)
FN:41,(anonymous_6)
FN:59,(anonymous_7)
FN:64,(anonymous_8)
FN:68,(anonymous_9)
FN:75,(anonymous_10)
FN:92,(anonymous_11)
FNF:12
FNH:0
FNDA:0,(anonymous_0)
FNDA:0,(anonymous_1)
FNDA:0,(anonymous_2)
FNDA:0,(anonymous_3)
FNDA:0,(anonymous_4)
FNDA:0,(anonymous_5)
FNDA:0,(anonymous_6)
FNDA:0,(anonymous_7)
FNDA:0,(anonymous_8)
FNDA:0,(anonymous_9)
FNDA:0,(anonymous_10)
FNDA:0,(anonymous_11)
DA:3,18
DA:5,18
DA:9,0
DA:13,0
DA:19,0
DA:22,0
DA:26,0
DA:30,0
DA:34,0
DA:38,0
DA:42,0
DA:43,0
DA:46,0
DA:47,0
DA:48,0
DA:50,0
DA:56,0
DA:60,0
DA:61,0
DA:65,0
DA:69,0
DA:70,0
DA:71,0
DA:76,0
DA:87,0
DA:89,0
DA:93,0
DA:95,0
LF:28
LH:2
BRDA:13,0,0,0
BRDA:14,1,0,0
BRDA:14,1,1,0
BRDA:14,1,2,0
BRDA:14,1,3,0
BRDA:42,2,0,0
BRDA:42,3,0,0
BRDA:42,3,1,0
BRDA:70,4,0,0
BRF:9
BRH:0
end_of_record
TN:
SF:src/items/smashable.ts
FN:8,(anonymous_0)
FN:12,(anonymous_1)
FN:27,(anonymous_2)
FN:35,(anonymous_3)
FN:46,(anonymous_4)
FN:54,(anonymous_5)
FNF:6
FNH:6
FNDA:7,(anonymous_0)
FNDA:7,(anonymous_1)
FNDA:9,(anonymous_2)
FNDA:9,(anonymous_3)
FNDA:3,(anonymous_4)
FNDA:4,(anonymous_5)
DA:2,18
DA:3,18
DA:5,18
DA:9,7
DA:13,7
DA:14,7
DA:17,0
DA:28,9
DA:29,9
DA:31,9
DA:32,9
DA:36,9
DA:37,9
DA:38,4
DA:39,4
DA:40,4
DA:41,3
DA:47,3
DA:55,4
DA:56,4
DA:57,1
DA:58,1
DA:64,4
DA:65,4
DA:66,1
DA:67,1
DA:68,1
LF:27
LH:26
BRDA:13,0,0,7
BRDA:27,1,0,6
BRDA:31,2,0,8
BRDA:31,2,1,1
BRDA:37,3,0,4
BRDA:40,4,0,3
BRDA:56,5,0,1
BRDA:65,6,0,1
BRF:8
BRH:8
end_of_record
TN:
SF:src/items/on_ticks/onTickConfig.ts
FNF:0
FNH:0
DA:1,18
DA:2,18
DA:4,18
LF:3
LH:3
BRF:0
BRH:0
end_of_record
TN:
SF:src/items/on_ticks/onTickRegistry.ts
FN:8,(anonymous_0)
FN:12,(anonymous_1)
FN:13,(anonymous_2)
FN:18,(anonymous_3)
FN:22,(anonymous_4)
FNF:5
FNH:5
FNDA:18,(anonymous_0)
FNDA:32,(anonymous_1)
FNDA:64,(anonymous_2)
FNDA:64,(anonymous_3)
FNDA:2,(anonymous_4)
DA:2,18
DA:4,18
DA:5,18
DA:9,18
DA:13,32
DA:14,64
DA:19,64
DA:23,2
LF:8
LH:8
BRF:0
BRH:0
end_of_record
TN:
SF:src/items/on_ticks/spawnItem.ts
FN:7,(anonymous_0)
FN:11,(anonymous_1)
FNF:2
FNH:2
FNDA:32,(anonymous_0)
FNDA:2,(anonymous_1)
DA:1,18
DA:2,18
DA:5,18
DA:8,32
DA:12,2
DA:13,0
DA:16,2
DA:17,2
DA:18,2
DA:19,2
DA:25,2
DA:26,2
DA:27,2
DA:29,2
DA:34,1
DA:40,2
LF:16
LH:15
BRDA:12,0,0,0
BRDA:29,1,0,1
BRDA:30,2,0,2
BRDA:30,2,1,2
BRDA:30,2,2,1
BRF:5
BRH:4
end_of_record
TN:
SF:src/items/on_ticks/spawnMob.ts
FN:8,(anonymous_0)
FN:12,(anonymous_1)
FNF:2
FNH:1
FNDA:32,(anonymous_0)
FNDA:0,(anonymous_1)
DA:1,18
DA:2,18
DA:6,18
DA:9,32
DA:13,0
DA:14,0
DA:16,0
DA:17,0
DA:18,0
DA:19,0
DA:21,0
DA:22,0
DA:25,0
LF:13
LH:4
BRDA:13,0,0,0
BRDA:21,1,0,0
BRDA:21,2,0,0
BRDA:21,2,1,0
BRF:4
BRH:0
end_of_record
TN:
SF:src/items/uses/drink.ts
FN:9,(anonymous_0)
FN:13,(anonymous_1)
FN:17,(anonymous_2)
FNF:3
FNH:2
FNDA:36,(anonymous_0)
FNDA:0,(anonymous_1)
FNDA:4,(anonymous_2)
DA:4,18
DA:6,18
DA:7,18
DA:10,36
DA:14,0
DA:18,4
DA:19,0
DA:22,4
DA:23,4
DA:25,4
LF:10
LH:8
BRDA:18,0,0,0
BRF:1
BRH:0
end_of_record
TN:
SF:src/items/uses/drop.ts
FN:8,(anonymous_0)
FN:12,(anonymous_1)
FN:16,(anonymous_2)
FNF:3
FNH:1
FNDA:32,(anonymous_0)
FNDA:0,(anonymous_1)
FNDA:0,(anonymous_2)
DA:2,18
DA:6,18
DA:9,32
DA:13,0
DA:17,0
DA:18,0
DA:19,0
DA:22,0
DA:23,0
LF:9
LH:3
BRDA:18,0,0,0
BRDA:18,1,0,0
BRDA:18,1,1,0
BRF:3
BRH:0
end_of_record
TN:
SF:src/items/uses/eat.ts
FN:8,(anonymous_0)
FN:12,(anonymous_1)
FN:16,(anonymous_2)
FNF:3
FNH:1
FNDA:32,(anonymous_0)
FNDA:0,(anonymous_1)
FNDA:0,(anonymous_2)
DA:5,18
DA:6,18
DA:9,32
DA:13,0
DA:17,0
DA:18,0
DA:21,0
DA:22,0
DA:24,0
LF:9
LH:3
BRDA:17,0,0,0
BRF:1
BRH:0
end_of_record
TN:
SF:src/items/uses/enterPortal.ts
FN:7,(anonymous_0)
FN:11,(anonymous_1)
FN:15,(anonymous_2)
FNF:3
FNH:2
FNDA:33,(anonymous_0)
FNDA:0,(anonymous_1)
FNDA:1,(anonymous_2)
DA:5,19
DA:8,33
DA:12,0
DA:16,1
LF:4
LH:3
BRF:0
BRH:0
end_of_record
TN:
SF:src/items/uses/give.ts
FN:8,(anonymous_0)
FN:12,(anonymous_1)
FN:16,(anonymous_2)
FNF:3
FNH:1
FNDA:32,(anonymous_0)
FNDA:0,(anonymous_1)
FNDA:0,(anonymous_2)
DA:2,18
DA:6,18
DA:9,32
DA:13,0
DA:17,0
DA:19,0
DA:20,0
DA:23,0
LF:8
LH:3
BRDA:19,0,0,0
BRDA:19,1,0,0
BRDA:19,1,1,0
BRDA:19,1,2,0
BRF:4
BRH:0
end_of_record
TN:
SF:src/items/uses/pickup.ts
FN:8,(anonymous_0)
FN:12,(anonymous_1)
FN:16,(anonymous_2)
FNF:3
FNH:2
FNDA:33,(anonymous_0)
FNDA:0,(anonymous_1)
FNDA:1,(anonymous_2)
DA:2,18
DA:6,18
DA:9,33
DA:13,0
DA:17,1
DA:18,1
DA:19,0
DA:21,1
DA:22,0
DA:23,0
DA:25,0
DA:28,1
DA:30,1
LF:13
LH:8
BRDA:18,0,0,0
BRDA:18,1,0,1
BRDA:18,1,1,1
BRDA:21,2,0,0
BRF:4
BRH:2
end_of_record
TN:
SF:src/items/uses/smash.ts
FN:8,(anonymous_0)
FN:12,(anonymous_1)
FN:16,(anonymous_2)
FNF:3
FNH:1
FNDA:32,(anonymous_0)
FNDA:0,(anonymous_1)
FNDA:0,(anonymous_2)
DA:3,18
DA:6,18
DA:9,32
DA:13,0
DA:17,0
DA:19,0
LF:6
LH:3
BRF:0
BRH:0
end_of_record
TN:
SF:src/items/uses/usesConfig.ts
FNF:0
FNH:0
DA:2,18
DA:3,18
DA:4,18
DA:5,18
DA:6,18
DA:7,18
DA:8,18
DA:9,18
DA:10,18
DA:11,18
DA:12,18
DA:13,18
DA:14,18
DA:15,18
DA:16,18
DA:17,18
DA:18,18
DA:19,18
DA:20,18
DA:23,18
DA:45,18
LF:21
LH:21
BRF:0
BRH:0
end_of_record
TN:
SF:src/items/uses/usesRegistry.ts
FN:8,(anonymous_1)
FN:12,(anonymous_2)
FN:13,(anonymous_3)
FN:18,(anonymous_4)
FN:22,(anonymous_5)
FNF:5
FNH:4
FNDA:18,(anonymous_1)
FNDA:32,(anonymous_2)
FNDA:608,(anonymous_3)
FNDA:608,(anonymous_4)
FNDA:0,(anonymous_5)
DA:1,18
DA:4,18
DA:5,18
DA:9,18
DA:13,32
DA:14,608
DA:19,608
DA:23,0
LF:8
LH:7
BRF:0
BRH:0
end_of_record
TN:
SF:src/items/uses/building/buildWall.ts
FN:9,(anonymous_0)
FN:13,(anonymous_1)
FNF:2
FNH:1
FNDA:0,(anonymous_0)
FNDA:1,(anonymous_1)
DA:1,18
DA:3,18
DA:6,18
DA:7,33
DA:10,0
DA:14,1
DA:15,0
DA:18,1
DA:20,1
DA:21,0
DA:24,1
DA:26,1
DA:27,1
DA:29,1
DA:30,1
DA:31,1
DA:32,1
DA:37,1
LF:18
LH:15
BRDA:14,0,0,0
BRDA:20,1,0,0
BRDA:29,2,0,1
BRF:3
BRH:1
end_of_record
TN:
SF:src/items/uses/building/startWall.ts
FN:9,(anonymous_0)
FN:13,(anonymous_1)
FNF:2
FNH:0
FNDA:0,(anonymous_0)
FNDA:0,(anonymous_1)
DA:3,18
DA:6,18
DA:7,32
DA:10,0
DA:14,0
DA:15,0
DA:20,0
LF:7
LH:3
BRF:0
BRH:0
end_of_record
TN:
SF:src/items/uses/cauldron/addIngredient.ts
FN:8,(anonymous_0)
FN:12,(anonymous_1)
FN:16,(anonymous_2)
FNF:3
FNH:2
FNDA:38,(anonymous_0)
FNDA:0,(anonymous_1)
FNDA:6,(anonymous_2)
DA:4,18
DA:6,18
DA:9,38
DA:13,0
DA:17,6
DA:18,0
DA:21,6
DA:23,6
DA:24,0
DA:27,6
LF:10
LH:7
BRDA:17,0,0,0
BRDA:23,1,0,0
BRF:2
BRH:0
end_of_record
TN:
SF:src/items/uses/cauldron/bottlePotion.ts
FN:8,(anonymous_0)
FN:12,(anonymous_1)
FN:16,(anonymous_2)
FNF:3
FNH:2
FNDA:35,(anonymous_0)
FNDA:0,(anonymous_1)
FNDA:3,(anonymous_2)
DA:4,18
DA:6,18
DA:9,35
DA:13,0
DA:17,3
DA:18,0
DA:21,3
DA:23,3
DA:24,0
DA:27,3
LF:10
LH:7
BRDA:17,0,0,0
BRDA:23,1,0,0
BRF:2
BRH:0
end_of_record
TN:
SF:src/items/uses/cauldron/dumpCauldron.ts
FN:8,(anonymous_0)
FN:12,(anonymous_1)
FN:16,(anonymous_2)
FNF:3
FNH:2
FNDA:33,(anonymous_0)
FNDA:0,(anonymous_1)
FNDA:1,(anonymous_2)
DA:4,18
DA:6,18
DA:9,33
DA:13,0
DA:17,1
DA:18,0
DA:21,1
DA:23,1
DA:24,0
DA:27,1
LF:10
LH:7
BRDA:17,0,0,0
BRDA:23,1,0,0
BRF:2
BRH:0
end_of_record
TN:
SF:src/items/uses/container/addItem.ts
FN:8,(anonymous_0)
FN:12,(anonymous_1)
FN:16,(anonymous_2)
FNF:3
FNH:2
FNDA:35,(anonymous_0)
FNDA:0,(anonymous_1)
FNDA:3,(anonymous_2)
DA:2,18
DA:6,18
DA:9,35
DA:13,0
DA:17,3
DA:18,0
DA:20,3
DA:22,3
DA:23,0
DA:26,3
LF:10
LH:7
BRDA:17,0,0,0
BRDA:22,1,0,0
BRF:2
BRH:0
end_of_record
TN:
SF:src/items/uses/container/getItem.ts
FN:8,(anonymous_0)
FN:12,(anonymous_1)
FN:16,(anonymous_2)
FNF:3
FNH:2
FNDA:33,(anonymous_0)
FNDA:0,(anonymous_1)
FNDA:1,(anonymous_2)
DA:4,18
DA:6,18
DA:9,33
DA:13,0
DA:17,1
DA:19,1
DA:20,0
DA:23,1
LF:8
LH:6
BRDA:19,0,0,0
BRF:1
BRH:0
end_of_record
TN:
SF:src/items/uses/stand/collectGold.ts
FN:8,(anonymous_0)
FN:12,(anonymous_1)
FN:16,(anonymous_2)
FNF:3
FNH:1
FNDA:32,(anonymous_0)
FNDA:0,(anonymous_1)
FNDA:0,(anonymous_2)
DA:4,18
DA:6,18
DA:9,32
DA:13,0
DA:17,0
DA:19,0
DA:20,0
DA:23,0
DA:25,0
LF:9
LH:3
BRDA:19,0,0,0
BRF:1
BRH:0
end_of_record
TN:
SF:src/items/uses/stand/createStand.ts
FN:8,(anonymous_0)
FN:12,(anonymous_1)
FN:16,(anonymous_2)
FNF:3
FNH:1
FNDA:32,(anonymous_0)
FNDA:0,(anonymous_1)
FNDA:0,(anonymous_2)
DA:4,18
DA:6,18
DA:9,32
DA:13,0
DA:17,0
LF:5
LH:3
BRF:0
BRH:0
end_of_record
TN:
SF:src/items/uses/stand/lowerPrice.ts
FN:8,(anonymous_0)
FN:12,(anonymous_1)
FN:16,(anonymous_2)
FNF:3
FNH:1
FNDA:32,(anonymous_0)
FNDA:0,(anonymous_1)
FNDA:0,(anonymous_2)
DA:4,18
DA:6,18
DA:9,32
DA:13,0
DA:17,0
DA:19,0
DA:20,0
DA:23,0
DA:24,0
LF:9
LH:3
BRDA:19,0,0,0
BRF:1
BRH:0
end_of_record
TN:
SF:src/items/uses/stand/purchase.ts
FN:8,(anonymous_0)
FN:12,(anonymous_1)
FN:16,(anonymous_2)
FNF:3
FNH:1
FNDA:32,(anonymous_0)
FNDA:0,(anonymous_1)
FNDA:0,(anonymous_2)
DA:4,18
DA:6,18
DA:9,32
DA:13,0
DA:17,0
DA:19,0
DA:20,0
DA:23,0
LF:8
LH:3
BRDA:19,0,0,0
BRF:1
BRH:0
end_of_record
TN:
SF:src/items/uses/stand/raisePrice.ts
FN:8,(anonymous_0)
FN:12,(anonymous_1)
FN:16,(anonymous_2)
FNF:3
FNH:1
FNDA:32,(anonymous_0)
FNDA:0,(anonymous_1)
FNDA:0,(anonymous_2)
DA:4,18
DA:6,18
DA:9,32
DA:13,0
DA:17,0
DA:19,0
DA:20,0
DA:23,0
DA:24,0
LF:9
LH:3
BRDA:19,0,0,0
BRF:1
BRH:0
end_of_record
TN:
SF:src/mobs/mob.ts
FN:86,(anonymous_0)
FN:126,(anonymous_1)
FN:150,(anonymous_2)
FN:154,(anonymous_3)
FN:158,(anonymous_4)
FN:162,(anonymous_5)
FN:166,(anonymous_6)
FN:170,(anonymous_7)
FN:174,(anonymous_8)
FN:178,(anonymous_9)
FN:182,(anonymous_10)
FN:186,(anonymous_11)
FN:200,(anonymous_12)
FN:204,(anonymous_13)
FN:208,(anonymous_14)
FN:220,(anonymous_15)
FN:229,(anonymous_16)
FN:243,(anonymous_17)
FN:248,(anonymous_18)
FN:279,(anonymous_19)
FN:285,(anonymous_20)
FN:301,(anonymous_21)
FN:304,(anonymous_22)
FN:327,(anonymous_23)
FN:355,(anonymous_24)
FN:359,(anonymous_25)
FN:384,(anonymous_26)
FN:388,(anonymous_27)
FN:416,(anonymous_28)
FN:435,(anonymous_29)
FN:455,(anonymous_30)
FN:467,(anonymous_31)
FN:484,(anonymous_32)
FN:519,(anonymous_33)
FN:524,(anonymous_34)
FN:539,(anonymous_35)
FN:550,(anonymous_36)
FN:569,(anonymous_37)
FN:605,(anonymous_38)
FN:619,(anonymous_39)
FN:623,(anonymous_40)
FN:634,(anonymous_41)
FN:637,(anonymous_42)
FN:650,(anonymous_43)
FN:654,(anonymous_44)
FN:662,(anonymous_45)
FN:665,(anonymous_46)
FNF:47
FNH:33
FNDA:70,(anonymous_0)
FNDA:2,(anonymous_1)
FNDA:7,(anonymous_2)
FNDA:0,(anonymous_3)
FNDA:66,(anonymous_4)
FNDA:4,(anonymous_5)
FNDA:52,(anonymous_6)
FNDA:4,(anonymous_7)
FNDA:22,(anonymous_8)
FNDA:6,(anonymous_9)
FNDA:4,(anonymous_10)
FNDA:22,(anonymous_11)
FNDA:93,(anonymous_12)
FNDA:0,(anonymous_13)
FNDA:0,(anonymous_14)
FNDA:1,(anonymous_15)
FNDA:4,(anonymous_16)
FNDA:4,(anonymous_17)
FNDA:4,(anonymous_18)
FNDA:7,(anonymous_19)
FNDA:7,(anonymous_20)
FNDA:3,(anonymous_21)
FNDA:2,(anonymous_22)
FNDA:2,(anonymous_23)
FNDA:0,(anonymous_24)
FNDA:10,(anonymous_25)
FNDA:0,(anonymous_26)
FNDA:4,(anonymous_27)
FNDA:4,(anonymous_28)
FNDA:0,(anonymous_29)
FNDA:0,(anonymous_30)
FNDA:3,(anonymous_31)
FNDA:4,(anonymous_32)
FNDA:0,(anonymous_33)
FNDA:0,(anonymous_34)
FNDA:0,(anonymous_35)
FNDA:2,(anonymous_36)
FNDA:72,(anonymous_37)
FNDA:1,(anonymous_38)
FNDA:1,(anonymous_39)
FNDA:2,(anonymous_40)
FNDA:0,(anonymous_41)
FNDA:0,(anonymous_42)
FNDA:24,(anonymous_43)
FNDA:0,(anonymous_44)
FNDA:0,(anonymous_45)
FNDA:4,(anonymous_46)
DA:1,18
DA:8,18
DA:9,18
DA:10,18
DA:11,18
DA:12,18
DA:13,18
DA:14,18
DA:15,18
DA:16,18
DA:17,18
DA:18,18
DA:60,18
DA:65,70
DA:66,70
DA:76,70
DA:78,70
DA:104,70
DA:105,70
DA:106,70
DA:107,70
DA:108,70
DA:110,70
DA:111,70
DA:112,70
DA:113,70
DA:114,70
DA:115,70
DA:116,70
DA:117,70
DA:118,70
DA:119,70
DA:121,70
DA:122,70
DA:123,70
DA:127,2
DA:128,0
DA:131,2
DA:132,0
DA:134,2
DA:137,2
DA:145,2
DA:146,2
DA:151,7
DA:155,0
DA:159,66
DA:163,4
DA:167,52
DA:171,4
DA:175,22
DA:179,6
DA:183,4
DA:187,22
DA:188,0
DA:190,22
DA:191,22
DA:201,93
DA:205,0
DA:209,0
DA:210,0
DA:211,0
DA:221,1
DA:230,4
DA:236,4
DA:243,4
DA:244,4
DA:252,4
DA:253,4
DA:268,4
DA:274,4
DA:276,4
DA:284,7
DA:285,7
DA:286,7
DA:295,7
DA:301,7
DA:305,2
DA:306,2
DA:307,2
DA:312,0
DA:314,2
DA:315,0
DA:316,0
DA:319,2
DA:320,2
DA:321,0
DA:323,2
DA:324,2
DA:328,2
DA:332,0
DA:334,2
DA:335,0
DA:338,2
DA:339,2
DA:340,2
DA:352,2
DA:356,0
DA:360,10
DA:361,7
DA:362,7
DA:363,7
DA:364,7
DA:371,7
DA:372,7
DA:373,7
DA:374,3
DA:380,3
DA:385,0
DA:390,4
DA:391,3
DA:393,4
DA:396,4
DA:408,4
DA:409,4
DA:418,4
DA:422,1
DA:423,1
DA:424,1
DA:431,1
DA:436,0
DA:444,0
DA:456,0
DA:457,0
DA:464,0
DA:468,3
DA:469,0
DA:470,0
DA:477,3
DA:478,3
DA:479,0
DA:481,3
DA:485,4
DA:486,4
DA:488,0
DA:495,0
DA:501,0
DA:503,0
DA:520,0
DA:521,0
DA:525,0
DA:532,0
DA:533,0
DA:536,0
DA:540,0
DA:547,0
DA:556,2
DA:566,2
DA:570,72
DA:577,72
DA:578,2
DA:580,70
DA:602,70
DA:611,1
DA:612,0
DA:614,1
DA:615,1
DA:620,1
DA:624,2
DA:634,2
DA:638,0
DA:647,0
DA:651,24
DA:655,0
DA:662,0
DA:666,4
DA:668,4
DA:669,2
DA:670,2
DA:672,2
DA:676,4
DA:678,4
DA:681,18
LF:172
LH:131
BRDA:126,0,0,0
BRDA:127,1,0,0
BRDA:127,2,0,2
BRDA:127,2,1,0
BRDA:131,3,0,0
BRDA:131,3,1,2
BRDA:145,4,0,2
BRDA:187,5,0,0
BRDA:187,6,0,22
BRDA:187,6,1,1
BRDA:190,7,0,21
BRDA:190,7,1,1
BRDA:197,8,0,21
BRDA:197,8,1,1
BRDA:201,9,0,68
BRDA:201,9,1,25
BRDA:250,10,0,0
BRDA:276,11,0,4
BRDA:276,11,1,0
BRDA:282,12,0,0
BRDA:299,13,0,3
BRDA:299,13,1,4
BRDA:301,14,0,7
BRDA:301,14,1,0
BRDA:304,15,0,1
BRDA:307,16,0,0
BRDA:309,17,0,2
BRDA:309,17,1,0
BRDA:314,18,0,0
BRDA:320,19,0,0
BRDA:328,20,0,0
BRDA:329,21,0,2
BRDA:329,21,1,2
BRDA:329,21,2,2
BRDA:334,22,0,0
BRDA:348,23,0,2
BRDA:348,23,1,0
BRDA:349,24,0,2
BRDA:349,24,1,0
BRDA:360,25,0,3
BRDA:360,26,0,10
BRDA:360,26,1,9
BRDA:373,27,0,3
BRDA:390,28,0,3
BRDA:390,29,0,4
BRDA:390,29,1,2
BRDA:418,30,0,1
BRDA:419,31,0,4
BRDA:419,31,1,2
BRDA:419,31,2,2
BRDA:444,32,0,0
BRDA:444,32,1,0
BRDA:468,33,0,0
BRDA:468,34,0,3
BRDA:468,34,1,0
BRDA:478,35,0,0
BRDA:485,36,0,4
BRDA:495,37,0,0
BRDA:496,38,0,0
BRDA:496,38,1,0
BRDA:496,38,2,0
BRDA:496,38,3,0
BRDA:514,39,0,0
BRDA:514,39,1,0
BRDA:515,40,0,0
BRDA:515,40,1,0
BRDA:532,41,0,0
BRDA:577,42,0,2
BRDA:595,43,0,2
BRDA:595,43,1,68
BRDA:597,44,0,2
BRDA:597,44,1,68
BRDA:597,45,0,70
BRDA:597,45,1,2
BRDA:609,46,0,1
BRDA:611,47,0,0
BRDA:611,47,1,1
BRDA:647,48,0,0
BRDA:647,48,1,0
BRDA:668,49,0,2
BRF:80
BRH:45
end_of_record
TN:
SF:src/mobs/mobFactory.ts
FN:34,(anonymous_0)
FN:38,(anonymous_1)
FN:133,(anonymous_2)
FN:166,(anonymous_3)
FN:172,(anonymous_4)
FNF:5
FNH:5
FNDA:18,(anonymous_0)
FNDA:31,(anonymous_1)
FNDA:2,(anonymous_2)
FNDA:60,(anonymous_3)
FNDA:31,(anonymous_4)
DA:2,18
DA:8,18
DA:9,18
DA:10,18
DA:12,18
DA:13,18
DA:14,18
DA:15,18
DA:16,18
DA:17,18
DA:18,18
DA:19,18
DA:20,18
DA:21,18
DA:22,18
DA:23,18
DA:24,18
DA:25,18
DA:26,18
DA:27,18
DA:29,18
DA:35,18
DA:45,31
DA:46,0
DA:48,31
DA:49,31
DA:50,31
DA:52,31
DA:53,31
DA:55,31
DA:56,31
DA:58,31
DA:59,0
DA:61,31
DA:62,31
DA:63,31
DA:64,31
DA:66,31
DA:68,31
DA:90,31
DA:108,31
DA:110,31
DA:111,31
DA:112,0
DA:117,31
DA:127,31
DA:128,31
DA:129,27
DA:134,2
DA:135,0
DA:138,2
DA:150,2
DA:152,2
DA:153,0
DA:154,0
DA:156,0
DA:157,0
DA:159,0
DA:160,0
DA:163,2
DA:167,60
DA:168,180
DA:173,31
DA:174,31
DA:175,0
DA:179,31
DA:183,18
LF:67
LH:56
BRDA:45,0,0,0
BRDA:52,1,0,31
BRDA:58,2,0,0
BRDA:111,3,0,0
BRDA:128,4,0,27
BRDA:134,5,0,0
BRDA:156,6,0,0
BRDA:174,7,0,0
BRF:8
BRH:2
end_of_record
TN:
SF:src/mobs/names/frenchRomanNames.ts
FN:91,(anonymous_0)
FN:107,(anonymous_1)
FN:127,(anonymous_2)
FN:132,(anonymous_3)
FN:137,(anonymous_4)
FNF:5
FNH:0
FNDA:0,(anonymous_0)
FNDA:0,(anonymous_1)
FNDA:0,(anonymous_2)
FNDA:0,(anonymous_3)
FNDA:0,(anonymous_4)
DA:5,18
DA:6,18
DA:18,18
DA:20,18
DA:33,18
DA:46,18
DA:59,18
DA:68,18
DA:92,0
DA:93,0
DA:95,0
DA:99,0
DA:103,0
DA:111,0
DA:112,0
DA:114,0
DA:115,0
DA:116,0
DA:118,0
DA:119,0
DA:123,0
DA:128,0
DA:133,0
DA:138,0
LF:24
LH:8
BRDA:95,0,0,0
BRDA:95,0,1,0
BRDA:99,1,0,0
BRDA:99,1,1,0
BRDA:108,2,0,0
BRDA:109,3,0,0
BRDA:118,4,0,0
BRF:7
BRH:0
end_of_record
TN:
SF:src/mobs/names/monstrousNames.ts
FN:75,(anonymous_0)
FN:85,(anonymous_1)
FN:105,(anonymous_2)
FN:110,(anonymous_3)
FN:115,(anonymous_4)
FNF:5
FNH:0
FNDA:0,(anonymous_0)
FNDA:0,(anonymous_1)
FNDA:0,(anonymous_2)
FNDA:0,(anonymous_3)
FNDA:0,(anonymous_4)
DA:5,18
DA:6,18
DA:19,18
DA:32,18
DA:45,18
DA:53,18
DA:76,0
DA:78,0
DA:79,0
DA:81,0
DA:89,0
DA:90,0
DA:92,0
DA:93,0
DA:94,0
DA:96,0
DA:97,0
DA:101,0
DA:106,0
DA:111,0
DA:116,0
LF:21
LH:6
BRDA:78,0,0,0
BRDA:78,0,1,0
BRDA:86,1,0,0
BRDA:87,2,0,0
BRDA:96,3,0,0
BRF:5
BRH:0
end_of_record
TN:
SF:src/mobs/names/nameGenerator.ts
FN:12,(anonymous_0)
FN:18,(anonymous_1)
FNF:2
FNH:1
FNDA:18,(anonymous_0)
FNDA:0,(anonymous_1)
DA:1,18
DA:2,18
DA:3,18
DA:9,18
DA:10,18
DA:13,18
DA:14,18
DA:15,18
DA:19,0
DA:20,0
DA:21,0
DA:23,0
DA:27,18
LF:13
LH:9
BRDA:20,0,0,0
BRF:1
BRH:0
end_of_record
TN:
SF:src/mobs/names/norseEnglishNames.ts
FN:102,(anonymous_0)
FN:118,(anonymous_1)
FN:138,(anonymous_2)
FN:143,(anonymous_3)
FN:148,(anonymous_4)
FNF:5
FNH:0
FNDA:0,(anonymous_0)
FNDA:0,(anonymous_1)
FNDA:0,(anonymous_2)
FNDA:0,(anonymous_3)
FNDA:0,(anonymous_4)
DA:5,18
DA:6,18
DA:27,18
DA:40,18
DA:58,18
DA:71,18
DA:80,18
DA:103,0
DA:104,0
DA:106,0
DA:110,0
DA:114,0
DA:122,0
DA:123,0
DA:125,0
DA:126,0
DA:127,0
DA:129,0
DA:130,0
DA:134,0
DA:139,0
DA:144,0
DA:149,0
LF:23
LH:7
BRDA:106,0,0,0
BRDA:106,0,1,0
BRDA:110,1,0,0
BRDA:110,1,1,0
BRDA:119,2,0,0
BRDA:120,3,0,0
BRDA:129,4,0,0
BRF:7
BRH:0
end_of_record
TN:
SF:src/mobs/plans/acquireWealth.ts
FN:6,(anonymous_0)
FN:10,(anonymous_1)
FN:14,(anonymous_2)
FN:18,(anonymous_3)
FN:22,(anonymous_4)
FNF:5
FNH:3
FNDA:2,(anonymous_0)
FNDA:2,(anonymous_1)
FNDA:0,(anonymous_2)
FNDA:0,(anonymous_3)
FNDA:3,(anonymous_4)
DA:2,18
DA:3,18
DA:5,18
DA:7,2
DA:11,2
DA:15,0
DA:19,0
DA:23,3
LF:8
LH:6
BRF:0
BRH:0
end_of_record
TN:
SF:src/mobs/plans/actionRunner.ts
FN:6,selectAction
FNF:1
FNH:1
FNDA:2,selectAction
DA:2,18
DA:4,18
DA:6,18
DA:7,2
DA:10,2
DA:11,2
DA:13,18
DA:16,18
DA:18,18
DA:19,5
DA:20,5
DA:23,2
DA:24,0
DA:27,2
LF:14
LH:13
BRDA:13,0,0,0
BRDA:13,0,1,18
BRDA:18,1,0,5
BRDA:23,2,0,0
BRF:4
BRH:2
end_of_record
TN:
SF:src/mobs/plans/chat.ts
FN:9,(anonymous_0)
FN:25,(anonymous_1)
FN:58,(anonymous_2)
FN:62,(anonymous_3)
FN:66,(anonymous_4)
FNF:5
FNH:2
FNDA:0,(anonymous_0)
FNDA:2,(anonymous_1)
FNDA:0,(anonymous_2)
FNDA:0,(anonymous_3)
FNDA:2,(anonymous_4)
DA:2,18
DA:3,18
DA:4,18
DA:6,18
DA:10,0
DA:11,0
DA:14,0
DA:15,0
DA:16,0
DA:18,0
DA:19,0
DA:22,0
DA:26,2
DA:27,0
DA:30,2
DA:31,2
DA:32,2
DA:33,2
DA:35,2
DA:36,2
DA:37,2
DA:38,2
DA:40,2
DA:46,2
DA:51,2
DA:52,2
DA:54,0
DA:59,0
DA:63,0
DA:67,2
LF:30
LH:18
BRDA:10,0,0,0
BRDA:18,1,0,0
BRDA:26,2,0,0
BRDA:31,3,0,0
BRDA:31,3,1,2
BRDA:32,4,0,2
BRDA:37,5,0,2
BRDA:51,6,0,2
BRDA:51,6,1,0
BRDA:51,7,0,2
BRDA:51,7,1,2
BRF:11
BRH:6
end_of_record
TN:
SF:src/mobs/plans/flee.ts
FN:14,(anonymous_0)
FN:56,(anonymous_1)
FN:81,(anonymous_2)
FN:85,(anonymous_3)
FN:89,(anonymous_4)
FNF:5
FNH:3
FNDA:1,(anonymous_0)
FNDA:2,(anonymous_1)
FNDA:0,(anonymous_2)
FNDA:0,(anonymous_3)
FNDA:5,(anonymous_4)
DA:1,18
DA:6,18
DA:7,18
DA:9,18
DA:11,18
DA:12,2
DA:15,1
DA:18,1
DA:22,1
DA:23,1
DA:27,0
DA:28,0
DA:35,0
DA:38,0
DA:39,0
DA:41,0
DA:46,0
DA:47,0
DA:53,0
DA:57,2
DA:59,2
DA:61,2
DA:66,2
DA:68,2
DA:72,2
DA:74,2
DA:82,0
DA:86,0
DA:90,5
LF:29
LH:18
BRDA:15,0,0,0
BRDA:15,1,0,1
BRDA:15,1,1,1
BRDA:15,1,2,1
BRDA:18,2,0,1
BRDA:19,3,0,1
BRDA:19,3,1,1
BRDA:39,4,0,0
BRDA:46,5,0,0
BRDA:57,6,0,0
BRDA:59,7,0,0
BRDA:59,7,1,2
BRDA:66,8,0,0
BRF:13
BRH:7
end_of_record
TN:
SF:src/mobs/plans/gather.ts
FN:17,(anonymous_0)
FN:31,(anonymous_1)
FN:51,(anonymous_2)
FN:55,(anonymous_3)
FN:59,(anonymous_4)
FNF:5
FNH:0
FNDA:0,(anonymous_0)
FNDA:0,(anonymous_1)
FNDA:0,(anonymous_2)
FNDA:0,(anonymous_3)
FNDA:0,(anonymous_4)
DA:3,18
DA:4,18
DA:5,18
DA:6,18
DA:7,18
DA:8,18
DA:9,18
DA:11,18
DA:12,0
DA:18,0
DA:23,0
DA:24,0
DA:26,0
DA:27,0
DA:28,0
DA:32,0
DA:33,0
DA:34,0
DA:36,0
DA:37,0
DA:38,0
DA:40,0
DA:44,0
DA:52,0
DA:56,0
DA:60,0
LF:26
LH:8
BRDA:23,0,0,0
BRDA:33,1,0,0
BRF:2
BRH:0
end_of_record
TN:
SF:src/mobs/plans/heal.ts
FN:12,(anonymous_0)
FN:21,(anonymous_1)
FN:55,(anonymous_2)
FN:59,(anonymous_3)
FN:63,(anonymous_4)
FNF:5
FNH:3
FNDA:2,(anonymous_0)
FNDA:2,(anonymous_1)
FNDA:0,(anonymous_2)
FNDA:0,(anonymous_3)
FNDA:2,(anonymous_4)
DA:2,18
DA:3,18
DA:4,18
DA:5,18
DA:6,18
DA:7,18
DA:8,18
DA:9,18
DA:11,18
DA:13,2
DA:22,2
DA:24,0
DA:27,2
DA:29,2
DA:33,2
DA:56,0
DA:60,0
DA:64,2
LF:18
LH:15
BRDA:22,0,0,0
BRF:1
BRH:0
end_of_record
TN:
SF:src/mobs/plans/hunt.ts
FN:8,(anonymous_0)
FN:12,(anonymous_1)
FN:27,(anonymous_2)
FN:47,(anonymous_3)
FN:51,(anonymous_4)
FN:55,(anonymous_5)
FNF:6
FNH:2
FNDA:0,(anonymous_0)
FNDA:0,(anonymous_1)
FNDA:2,(anonymous_2)
FNDA:0,(anonymous_3)
FNDA:0,(anonymous_4)
FNDA:4,(anonymous_5)
DA:1,18
DA:2,18
DA:5,18
DA:6,2
DA:9,0
DA:12,0
DA:13,0
DA:14,0
DA:16,0
DA:19,0
DA:20,0
DA:21,0
DA:24,0
DA:28,2
DA:30,2
DA:31,2
DA:36,2
DA:38,2
DA:41,2
DA:44,2
DA:48,0
DA:52,0
DA:56,4
LF:23
LH:12
BRDA:9,0,0,0
BRDA:9,1,0,0
BRDA:9,1,1,0
BRDA:9,1,2,0
BRDA:19,2,0,0
BRDA:28,3,0,0
BRDA:30,4,0,0
BRDA:30,4,1,2
BRDA:36,5,0,0
BRF:9
BRH:1
end_of_record
TN:
SF:src/mobs/plans/meal.ts
FN:13,(anonymous_0)
FN:29,(anonymous_1)
FN:37,(anonymous_2)
FN:41,(anonymous_3)
FN:45,(anonymous_4)
FNF:5
FNH:3
FNDA:2,(anonymous_0)
FNDA:2,(anonymous_1)
FNDA:0,(anonymous_2)
FNDA:0,(anonymous_3)
FNDA:2,(anonymous_4)
DA:2,18
DA:3,18
DA:4,18
DA:5,18
DA:6,18
DA:7,18
DA:8,18
DA:9,18
DA:10,18
DA:12,18
DA:14,2
DA:15,2
DA:17,2
DA:18,0
DA:19,0
DA:20,0
DA:21,0
DA:22,0
DA:23,0
DA:26,2
DA:31,2
DA:34,2
DA:38,0
DA:42,0
DA:46,2
LF:25
LH:17
BRDA:22,0,0,0
BRF:1
BRH:0
end_of_record
TN:
SF:src/mobs/plans/planMeans.ts
FN:19,(anonymous_0)
FN:23,(anonymous_1)
FN:32,(anonymous_2)
FNF:3
FNH:3
FNDA:6,(anonymous_0)
FNDA:1,(anonymous_1)
FNDA:6,(anonymous_2)
DA:9,18
DA:16,6
DA:17,6
DA:20,6
DA:24,1
DA:25,0
DA:27,1
DA:29,1
DA:33,6
DA:35,6
DA:36,6
DA:37,6
DA:38,10
DA:39,10
DA:40,1
DA:41,1
DA:45,6
DA:46,5
DA:48,1
LF:19
LH:18
BRDA:24,0,0,0
BRDA:39,1,0,1
BRDA:45,2,0,5
BRF:3
BRH:2
end_of_record
TN:
SF:src/mobs/plans/relax.ts
FN:5,(anonymous_0)
FN:12,(anonymous_1)
FN:16,(anonymous_2)
FN:20,(anonymous_3)
FN:24,(anonymous_4)
FNF:5
FNH:2
FNDA:0,(anonymous_0)
FNDA:2,(anonymous_1)
FNDA:0,(anonymous_2)
FNDA:0,(anonymous_3)
FNDA:2,(anonymous_4)
DA:4,18
DA:6,0
DA:7,0
DA:9,0
DA:13,2
DA:17,0
DA:21,0
DA:25,2
LF:8
LH:3
BRF:0
BRH:0
end_of_record
TN:
SF:src/mobs/plans/sleep.ts
FN:9,(anonymous_0)
FN:20,(anonymous_1)
FN:39,(anonymous_2)
FN:59,(anonymous_3)
FN:63,(anonymous_4)
FN:67,(anonymous_5)
FNF:6
FNH:2
FNDA:0,(anonymous_0)
FNDA:0,(anonymous_1)
FNDA:2,(anonymous_2)
FNDA:0,(anonymous_3)
FNDA:0,(anonymous_4)
FNDA:2,(anonymous_5)
DA:2,18
DA:3,18
DA:4,18
DA:6,18
DA:8,18
DA:11,0
DA:12,0
DA:14,0
DA:16,0
DA:17,0
DA:18,0
DA:20,0
DA:21,0
DA:22,0
DA:26,0
DA:27,0
DA:28,0
DA:29,0
DA:31,0
DA:32,0
DA:36,0
DA:40,2
DA:44,2
DA:45,2
DA:48,2
DA:52,2
DA:60,0
DA:64,0
DA:68,2
LF:29
LH:11
BRDA:12,0,0,0
BRDA:12,0,1,0
BRDA:17,1,0,0
BRDA:26,2,0,0
BRDA:31,3,0,0
BRF:5
BRH:0
end_of_record
TN:
SF:src/mobs/plans/wander.ts
FN:7,(anonymous_0)
FN:14,(anonymous_1)
FN:18,(anonymous_2)
FN:22,(anonymous_3)
FN:26,(anonymous_4)
FNF:5
FNH:2
FNDA:0,(anonymous_0)
FNDA:2,(anonymous_1)
FNDA:0,(anonymous_2)
FNDA:0,(anonymous_3)
FNDA:2,(anonymous_4)
DA:2,18
DA:4,18
DA:6,18
DA:8,0
DA:9,0
DA:11,0
DA:15,2
DA:19,0
DA:23,0
DA:27,2
LF:10
LH:5
BRDA:8,0,0,0
BRF:1
BRH:0
end_of_record
TN:
SF:src/mobs/plans/means/askForItem.ts
FN:13,(anonymous_0)
FN:17,(anonymous_1)
FN:59,(anonymous_2)
FNF:3
FNH:2
FNDA:2,(anonymous_0)
FNDA:0,(anonymous_1)
FNDA:2,(anonymous_2)
DA:2,18
DA:4,18
DA:7,18
DA:8,2
DA:9,2
DA:11,2
DA:14,2
DA:56,0
DA:60,2
DA:61,0
DA:63,2
DA:64,0
DA:67,2
DA:69,2
DA:70,2
DA:71,2
DA:72,0
DA:73,0
DA:74,0
DA:75,0
DA:76,0
DA:81,2
LF:22
LH:14
BRDA:60,0,0,0
BRDA:63,1,0,0
BRDA:71,2,0,0
BRDA:73,3,0,0
BRDA:73,4,0,0
BRDA:73,4,1,0
BRF:6
BRH:0
end_of_record
TN:
SF:src/mobs/plans/means/deliverItem.ts
FN:9,(anonymous_0)
FN:14,(anonymous_1)
FN:17,(anonymous_2)
FN:25,(anonymous_3)
FNF:4
FNH:0
FNDA:0,(anonymous_0)
FNDA:0,(anonymous_1)
FNDA:0,(anonymous_2)
FNDA:0,(anonymous_3)
DA:5,18
DA:10,0
DA:11,0
DA:15,0
DA:17,0
DA:18,0
DA:19,0
DA:22,0
DA:26,0
DA:27,0
DA:30,0
DA:31,0
DA:32,0
DA:33,0
DA:37,0
LF:15
LH:1
BRDA:15,0,0,0
BRDA:15,1,0,0
BRDA:15,1,1,0
BRDA:26,2,0,0
BRDA:31,3,0,0
BRDA:32,4,0,0
BRF:6
BRH:0
end_of_record
TN:
SF:src/mobs/plans/means/findItem.ts
FN:11,(anonymous_0)
FN:16,(anonymous_1)
FN:19,(anonymous_2)
FN:28,(anonymous_3)
FNF:4
FNH:3
FNDA:4,(anonymous_0)
FNDA:1,(anonymous_1)
FNDA:0,(anonymous_2)
FNDA:4,(anonymous_3)
DA:1,18
DA:2,18
DA:6,18
DA:7,4
DA:12,4
DA:13,4
DA:17,1
DA:19,1
DA:20,0
DA:22,0
DA:25,1
DA:29,4
DA:30,0
DA:32,4
DA:33,4
DA:34,4
DA:39,4
DA:41,4
DA:42,2
DA:45,2
DA:46,2
DA:47,2
DA:52,2
DA:54,1
DA:55,1
DA:60,3
DA:63,0
LF:27
LH:23
BRDA:17,0,0,0
BRDA:17,1,0,1
BRDA:17,1,1,1
BRDA:17,1,2,1
BRDA:29,2,0,0
BRDA:39,3,0,4
BRDA:39,3,1,0
BRDA:52,4,0,1
BRF:8
BRH:5
end_of_record
TN:
SF:src/mobs/plans/means/getFromBasket.ts
FN:10,(anonymous_0)
FN:14,(anonymous_1)
FN:18,(anonymous_2)
FN:27,(anonymous_3)
FNF:4
FNH:0
FNDA:0,(anonymous_0)
FNDA:0,(anonymous_1)
FNDA:0,(anonymous_2)
FNDA:0,(anonymous_3)
DA:4,18
DA:5,18
DA:7,18
DA:11,0
DA:15,0
DA:18,0
DA:19,0
DA:21,0
DA:24,0
DA:28,0
DA:29,0
DA:31,0
DA:32,0
DA:33,0
DA:36,0
LF:15
LH:3
BRDA:15,0,0,0
BRDA:15,1,0,0
BRDA:15,1,1,0
BRDA:28,2,0,0
BRDA:32,3,0,0
BRF:5
BRH:0
end_of_record
TN:
SF:src/mobs/plans/means/goToLastSeen.ts
FN:10,(anonymous_0)
FN:14,(anonymous_1)
FN:22,(anonymous_2)
FNF:3
FNH:0
FNDA:0,(anonymous_0)
FNDA:0,(anonymous_1)
FNDA:0,(anonymous_2)
DA:1,18
DA:4,18
DA:6,18
DA:11,0
DA:15,0
DA:17,0
DA:19,0
DA:23,0
DA:24,0
DA:27,0
DA:31,0
DA:34,0
DA:39,0
DA:40,0
DA:43,0
DA:45,0
DA:47,0
LF:17
LH:3
BRDA:15,0,0,0
BRDA:15,1,0,0
BRDA:15,1,1,0
BRDA:23,2,0,0
BRDA:27,3,0,0
BRDA:28,4,0,0
BRDA:28,4,1,0
BRDA:39,5,0,0
BRDA:39,6,0,0
BRDA:39,6,1,0
BRDA:43,7,0,0
BRDA:43,7,1,0
BRF:12
BRH:0
end_of_record
TN:
SF:src/mobs/plans/means/purchaseItem.ts
FN:9,(anonymous_0)
FN:17,(anonymous_1)
FN:26,(anonymous_2)
FNF:3
FNH:1
FNDA:0,(anonymous_0)
FNDA:0,(anonymous_1)
FNDA:2,(anonymous_2)
DA:1,18
DA:2,18
DA:6,18
DA:7,2
DA:10,0
DA:15,0
DA:17,0
DA:18,0
DA:20,0
DA:23,0
DA:27,2
DA:28,0
DA:31,2
DA:36,2
DA:37,2
DA:39,0
DA:40,0
DA:41,0
DA:42,0
DA:43,0
DA:49,0
LF:21
LH:8
BRDA:10,0,0,0
BRDA:11,1,0,0
BRDA:11,1,1,0
BRDA:11,1,2,0
BRDA:27,2,0,0
BRDA:36,3,0,2
BRDA:36,4,0,2
BRDA:36,4,1,2
BRDA:42,5,0,0
BRDA:42,6,0,0
BRDA:42,6,1,0
BRF:11
BRH:3
end_of_record
TN:
SF:src/mobs/plans/means/useItem.ts
FN:8,(anonymous_0)
FN:13,(anonymous_1)
FN:26,(anonymous_2)
FNF:3
FNH:2
FNDA:2,(anonymous_0)
FNDA:0,(anonymous_1)
FNDA:2,(anonymous_2)
DA:4,18
DA:9,2
DA:10,2
DA:14,0
DA:16,0
DA:18,0
DA:19,0
DA:21,0
DA:23,0
DA:27,2
DA:28,0
DA:31,2
DA:32,0
DA:33,0
DA:34,0
DA:37,2
LF:16
LH:6
BRDA:14,0,0,0
BRDA:18,1,0,0
BRDA:27,2,0,0
BRDA:31,3,0,0
BRDA:33,4,0,0
BRDA:33,5,0,0
BRDA:33,5,1,0
BRF:7
BRH:0
end_of_record
TN:
SF:src/mobs/social/conversationTracker.ts
FN:15,(anonymous_0)
FN:16,(anonymous_1)
FN:19,(anonymous_2)
FN:23,(anonymous_3)
FN:27,(anonymous_4)
FN:33,(anonymous_5)
FN:38,(anonymous_6)
FN:53,(anonymous_7)
FN:54,(anonymous_8)
FN:57,(anonymous_9)
FN:61,(anonymous_10)
FN:77,(anonymous_11)
FN:91,(anonymous_12)
FN:93,(anonymous_13)
FNF:14
FNH:1
FNDA:4,(anonymous_0)
FNDA:0,(anonymous_1)
FNDA:0,(anonymous_2)
FNDA:0,(anonymous_3)
FNDA:0,(anonymous_4)
FNDA:0,(anonymous_5)
FNDA:0,(anonymous_6)
FNDA:0,(anonymous_7)
FNDA:0,(anonymous_8)
FNDA:0,(anonymous_9)
FNDA:0,(anonymous_10)
FNDA:0,(anonymous_11)
FNDA:0,(anonymous_12)
FNDA:0,(anonymous_13)
DA:2,18
DA:3,18
DA:8,18
DA:9,18
DA:11,18
DA:12,18
DA:13,18
DA:16,4
DA:17,0
DA:19,0
DA:24,0
DA:28,0
DA:30,0
DA:34,0
DA:35,0
DA:39,0
DA:40,0
DA:42,0
DA:43,0
DA:44,0
DA:45,0
DA:47,0
DA:48,0
DA:50,0
DA:54,0
DA:55,0
DA:57,0
DA:62,0
DA:64,0
DA:65,0
DA:67,0
DA:68,0
DA:69,0
DA:72,0
DA:73,0
DA:74,0
DA:78,0
DA:79,0
DA:80,0
DA:81,0
DA:82,0
DA:83,0
DA:84,0
DA:88,0
DA:92,0
DA:93,0
DA:95,0
DA:96,0
DA:101,18
LF:49
LH:9
BRDA:39,0,0,0
BRDA:64,1,0,0
BRDA:68,2,0,0
BRDA:81,3,0,0
BRDA:81,4,0,0
BRDA:81,4,1,0
BRDA:82,5,0,0
BRF:7
BRH:0
end_of_record
TN:
SF:src/mobs/traits/needs.ts
FN:11,(anonymous_0)
FN:15,(anonymous_1)
FN:27,(anonymous_2)
FN:37,(anonymous_3)
FNF:4
FNH:4
FNDA:70,(anonymous_0)
FNDA:10,(anonymous_1)
FNDA:16,(anonymous_2)
FNDA:4,(anonymous_3)
DA:1,18
DA:6,18
DA:8,18
DA:12,70
DA:16,10
DA:24,10
DA:28,16
DA:38,4
DA:39,4
DA:40,4
DA:41,4
LF:11
LH:11
BRF:0
BRH:0
end_of_record
TN:
SF:src/mobs/traits/personality.ts
FN:4,(anonymous_0)
FN:30,(anonymous_1)
FN:50,(anonymous_2)
FNF:3
FNH:3
FNDA:18,(anonymous_0)
FNDA:70,(anonymous_1)
FNDA:70,(anonymous_2)
DA:1,18
DA:4,18
DA:5,18
DA:6,18
DA:7,18
DA:8,18
DA:9,18
DA:10,18
DA:11,18
DA:12,18
DA:27,18
DA:31,70
DA:47,70
DA:51,70
DA:63,18
LF:15
LH:15
BRDA:4,0,0,18
BRDA:4,0,1,18
BRF:2
BRH:2
end_of_record
TN:
SF:src/services/database.ts
FN:12,initializeTestServerDatabase
FN:16,initializeServerDatabase
FN:34,(anonymous_12)
FN:42,(anonymous_13)
FN:45,(anonymous_14)
FNF:5
FNH:1
FNDA:32,initializeTestServerDatabase
FNDA:0,initializeServerDatabase
FNDA:0,(anonymous_12)
FNDA:0,(anonymous_13)
FNDA:0,(anonymous_14)
DA:2,18
DA:3,18
DA:4,18
DA:5,18
DA:8,18
DA:12,18
DA:13,32
DA:16,18
DA:20,0
DA:22,0
DA:23,0
DA:24,0
DA:30,0
DA:31,0
DA:34,0
DA:35,0
DA:36,0
DA:37,0
DA:41,0
DA:42,0
DA:43,0
DA:45,0
DA:46,0
DA:49,0
LF:24
LH:8
BRDA:18,0,0,0
BRDA:22,1,0,0
BRDA:23,2,0,0
BRDA:35,3,0,0
BRF:4
BRH:0
end_of_record
TN:
SF:src/services/clientCommunication/pubsub.ts
FN:37,initializePubSub
FNF:1
FNH:1
FNDA:32,initializePubSub
DA:37,18
DA:38,32
LF:2
LH:2
BRF:0
BRH:0
end_of_record
TN:
SF:src/services/clientCommunication/stubbedPubSub.ts
FN:7,(anonymous_0)
FN:9,(anonymous_1)
FN:11,(anonymous_2)
FN:13,(anonymous_3)
FN:15,(anonymous_4)
FN:19,(anonymous_5)
FN:21,(anonymous_6)
FN:23,(anonymous_7)
FN:25,(anonymous_8)
FN:27,(anonymous_9)
FN:29,(anonymous_10)
FN:31,(anonymous_11)
FN:33,(anonymous_12)
FN:35,(anonymous_13)
FN:41,(anonymous_14)
FN:43,(anonymous_15)
FN:45,(anonymous_16)
FN:47,(anonymous_17)
FN:49,(anonymous_18)
FN:51,(anonymous_19)
FN:53,(anonymous_20)
FN:55,(anonymous_21)
FNF:22
FNH:12
FNDA:0,(anonymous_0)
FNDA:31,(anonymous_1)
FNDA:47,(anonymous_2)
FNDA:0,(anonymous_3)
FNDA:0,(anonymous_4)
FNDA:0,(anonymous_5)
FNDA:0,(anonymous_6)
FNDA:2,(anonymous_7)
FNDA:17,(anonymous_8)
FNDA:7,(anonymous_9)
FNDA:5,(anonymous_10)
FNDA:4,(anonymous_11)
FNDA:0,(anonymous_12)
FNDA:22,(anonymous_13)
FNDA:0,(anonymous_14)
FNDA:0,(anonymous_15)
FNDA:3,(anonymous_16)
FNDA:0,(anonymous_17)
FNDA:3,(anonymous_18)
FNDA:1,(anonymous_19)
FNDA:0,(anonymous_20)
FNDA:2,(anonymous_21)
DA:6,18
DA:16,0
LF:2
LH:1
BRF:0
BRH:0
end_of_record
TN:
SF:src/services/gameWorld/gameWorld.ts
FN:21,initializeGameWorld
FNF:1
FNH:1
FNDA:32,initializeGameWorld
DA:21,18
DA:22,32
LF:2
LH:2
BRF:0
BRH:0
end_of_record
TN:
SF:src/services/gameWorld/serverWorld.ts
FN:21,(anonymous_0)
FN:35,(anonymous_1)
FN:44,(anonymous_2)
FN:48,(anonymous_3)
FN:52,(anonymous_4)
FN:73,(anonymous_5)
FN:84,(anonymous_6)
FN:97,(anonymous_7)
FN:106,(anonymous_8)
FN:125,(anonymous_9)
FNF:10
FNH:5
FNDA:32,(anonymous_0)
FNDA:2,(anonymous_1)
FNDA:1,(anonymous_2)
FNDA:7,(anonymous_3)
FNDA:0,(anonymous_4)
FNDA:0,(anonymous_5)
FNDA:0,(anonymous_6)
FNDA:0,(anonymous_7)
FNDA:0,(anonymous_8)
FNDA:8,(anonymous_9)
DA:1,18
DA:2,18
DA:3,18
DA:4,18
DA:5,18
DA:6,18
DA:7,18
DA:9,18
DA:11,18
DA:12,18
DA:13,18
DA:15,18
DA:22,32
DA:23,32
DA:24,32
DA:25,32
DA:27,32
DA:29,32
DA:31,32
DA:32,32
DA:41,2
DA:45,1
DA:49,7
DA:53,0
DA:54,0
DA:55,0
DA:56,0
DA:57,0
DA:58,0
DA:61,0
DA:62,0
DA:68,0
DA:70,0
DA:74,0
DA:76,0
DA:77,0
DA:78,0
DA:79,0
DA:87,0
DA:88,0
DA:90,0
DA:91,0
DA:98,0
DA:99,0
DA:100,0
DA:103,0
DA:107,0
DA:116,0
DA:118,0
DA:119,0
DA:122,0
DA:126,8
LF:52
LH:24
BRDA:57,0,0,0
BRDA:61,1,0,0
BRDA:61,2,0,0
BRDA:61,2,1,0
BRDA:61,2,2,0
BRDA:65,3,0,0
BRDA:65,3,1,0
BRDA:78,4,0,0
BRDA:99,5,0,0
BRDA:118,6,0,0
BRF:10
BRH:0
end_of_record
TN:
SF:src/util/colorUtil.ts
FN:1,hexStringToNumber
FN:10,combineHexColors
FN:12,(anonymous_2)
FN:25,(anonymous_3)
FN:46,numberToHexString
FN:55,getRandomColor
FNF:6
FNH:6
FNDA:99,hexStringToNumber
FNDA:3,combineHexColors
FNDA:6,(anonymous_2)
FNDA:3,(anonymous_3)
FNDA:15,numberToHexString
FNDA:93,getRandomColor
DA:1,18
DA:3,99
DA:4,99
DA:7,99
DA:10,18
DA:12,3
DA:13,6
DA:14,6
DA:16,6
DA:17,6
DA:25,3
DA:26,3
DA:32,3
DA:33,3
DA:36,3
DA:43,3
DA:46,18
DA:48,15
DA:50,15
DA:52,15
DA:55,18
DA:56,93
DA:71,93
DA:72,93
LF:24
LH:24
BRDA:3,0,0,99
BRDA:13,1,0,6
BRF:2
BRH:2
end_of_record
TN:
SF:src/util/descriptionUtil.ts
FN:3,personalityToDescription
FNF:1
FNH:1
FNDA:31,personalityToDescription
DA:3,18
DA:4,31
LF:2
LH:2
BRF:0
BRH:0
end_of_record
TN:
SF:src/util/mathUtil.ts
FN:1,logistic
FN:7,evaluateUtility
FNF:2
FNH:1
FNDA:4,logistic
FNDA:0,evaluateUtility
DA:1,18
DA:2,4
DA:4,4
DA:7,18
DA:8,0
LF:5
LH:4
BRDA:1,0,0,0
BRDA:1,1,0,0
BRDA:8,2,0,0
BRDA:8,2,1,0
BRF:4
BRH:0
end_of_record
TN:
SF:test/testSetup.ts
FN:25,(anonymous_0)
FN:35,(anonymous_1)
FNF:2
FNH:2
FNDA:32,(anonymous_0)
FNDA:67,(anonymous_1)
DA:2,18
DA:3,18
DA:4,18
DA:5,18
DA:6,18
DA:7,18
DA:8,18
DA:14,18
DA:15,18
DA:25,18
DA:27,32
DA:29,32
DA:30,32
DA:31,32
DA:33,32
DA:35,67
DA:375,32
DA:376,32
DA:377,32
DA:378,32
DA:379,32
DA:380,32
LF:22
LH:22
BRDA:25,0,0,31
BRF:1
BRH:1
end_of_record
