{"/Users/Ryan/Documents/CSC369/potions/packages/client/src/components/chatButtonManager.ts": {"path":"/Users/Ryan/Documents/CSC369/potions/packages/client/src/components/chatButtonManager.ts","statementMap":{"0":{"start":{"line":6,"column":4},"end":{"line":6,"column":35}},"1":{"start":{"line":10,"column":4},"end":{"line":10,"column":34}},"2":{"start":{"line":14,"column":4},"end":{"line":14,"column":67}},"3":{"start":{"line":14,"column":49},"end":{"line":14,"column":65}},"4":{"start":{"line":15,"column":4},"end":{"line":15,"column":26}},"5":{"start":{"line":3,"column":0},"end":{"line":3,"column":13}}},"fnMap":{"0":{"name":"(anonymous_0)","decl":{"start":{"line":5,"column":2},"end":{"line":5,"column":14}},"loc":{"start":{"line":5,"column":35},"end":{"line":7,"column":3}}},"1":{"name":"(anonymous_1)","decl":{"start":{"line":9,"column":2},"end":{"line":9,"column":6}},"loc":{"start":{"line":9,"column":21},"end":{"line":11,"column":3}}},"2":{"name":"(anonymous_2)","decl":{"start":{"line":13,"column":2},"end":{"line":13,"column":18}},"loc":{"start":{"line":13,"column":18},"end":{"line":16,"column":3}}},"3":{"name":"(anonymous_3)","decl":{"start":{"line":14,"column":29},"end":{"line":14,"column":30}},"loc":{"start":{"line":14,"column":49},"end":{"line":14,"column":65}}}},"branchMap":{},"s":{"0":1,"1":2,"2":1,"3":2,"4":1,"5":1},"f":{"0":1,"1":2,"2":1,"3":2},"b":{}}
,"/Users/Ryan/Documents/CSC369/potions/packages/client/src/sprite/palette_swapper.ts": {"path":"/Users/Ryan/Documents/CSC369/potions/packages/client/src/sprite/palette_swapper.ts","statementMap":{"0":{"start":{"line":1,"column":13},"end":{"line":8,"column":44}},"1":{"start":{"line":13,"column":27},"end":{"line":13,"column":44}},"2":{"start":{"line":17,"column":4},"end":{"line":17,"column":36}},"3":{"start":{"line":22,"column":4},"end":{"line":26,"column":6}},"4":{"start":{"line":36,"column":4},"end":{"line":38,"column":5}},"5":{"start":{"line":37,"column":6},"end":{"line":37,"column":13}},"6":{"start":{"line":40,"column":25},"end":{"line":40,"column":57}},"7":{"start":{"line":41,"column":4},"end":{"line":44,"column":5}},"8":{"start":{"line":42,"column":6},"end":{"line":42,"column":72}},"9":{"start":{"line":43,"column":6},"end":{"line":43,"column":13}},"10":{"start":{"line":46,"column":64},"end":{"line":46,"column":66}},"11":{"start":{"line":48,"column":4},"end":{"line":59,"column":5}},"12":{"start":{"line":49,"column":24},"end":{"line":49,"column":44}},"13":{"start":{"line":50,"column":26},"end":{"line":50,"column":48}},"14":{"start":{"line":52,"column":6},"end":{"line":54,"column":7}},"15":{"start":{"line":53,"column":8},"end":{"line":53,"column":75}},"16":{"start":{"line":56,"column":6},"end":{"line":58,"column":9}},"17":{"start":{"line":61,"column":4},"end":{"line":66,"column":7}},"18":{"start":{"line":76,"column":4},"end":{"line":78,"column":5}},"19":{"start":{"line":77,"column":6},"end":{"line":77,"column":13}},"20":{"start":{"line":80,"column":20},"end":{"line":80,"column":65}},"21":{"start":{"line":81,"column":4},"end":{"line":84,"column":5}},"22":{"start":{"line":82,"column":6},"end":{"line":82,"column":71}},"23":{"start":{"line":83,"column":6},"end":{"line":83,"column":13}},"24":{"start":{"line":86,"column":30},"end":{"line":86,"column":37}},"25":{"start":{"line":88,"column":26},"end":{"line":88,"column":79}},"26":{"start":{"line":89,"column":4},"end":{"line":92,"column":5}},"27":{"start":{"line":90,"column":6},"end":{"line":90,"column":55}},"28":{"start":{"line":91,"column":6},"end":{"line":91,"column":13}},"29":{"start":{"line":94,"column":4},"end":{"line":94,"column":51}},"30":{"start":{"line":96,"column":20},"end":{"line":96,"column":46}},"31":{"start":{"line":97,"column":22},"end":{"line":97,"column":63}},"32":{"start":{"line":99,"column":4},"end":{"line":116,"column":5}},"33":{"start":{"line":99,"column":17},"end":{"line":99,"column":18}},"34":{"start":{"line":100,"column":25},"end":{"line":103,"column":null}},"35":{"start":{"line":106,"column":6},"end":{"line":115,"column":7}},"36":{"start":{"line":107,"column":28},"end":{"line":107,"column":50}},"37":{"start":{"line":108,"column":8},"end":{"line":114,"column":9}},"38":{"start":{"line":109,"column":30},"end":{"line":109,"column":54}},"39":{"start":{"line":111,"column":10},"end":{"line":111,"column":32}},"40":{"start":{"line":112,"column":10},"end":{"line":112,"column":36}},"41":{"start":{"line":113,"column":10},"end":{"line":113,"column":36}},"42":{"start":{"line":118,"column":4},"end":{"line":118,"column":42}},"43":{"start":{"line":119,"column":4},"end":{"line":119,"column":28}},"44":{"start":{"line":121,"column":4},"end":{"line":121,"column":39}},"45":{"start":{"line":124,"column":20},"end":{"line":124,"column":40}},"46":{"start":{"line":126,"column":4},"end":{"line":126,"column":35}},"47":{"start":{"line":12,"column":0},"end":{"line":12,"column":13}}},"fnMap":{"0":{"name":"(anonymous_0)","decl":{"start":{"line":16,"column":2},"end":{"line":16,"column":10}},"loc":{"start":{"line":16,"column":42},"end":{"line":18,"column":3}}},"1":{"name":"(anonymous_1)","decl":{"start":{"line":21,"column":2},"end":{"line":21,"column":10}},"loc":{"start":{"line":21,"column":22},"end":{"line":27,"column":3}}},"2":{"name":"(anonymous_2)","decl":{"start":{"line":29,"column":2},"end":{"line":29,"column":22}},"loc":{"start":{"line":34,"column":56},"end":{"line":67,"column":3}}},"3":{"name":"(anonymous_3)","decl":{"start":{"line":69,"column":2},"end":{"line":69,"column":13}},"loc":{"start":{"line":74,"column":56},"end":{"line":122,"column":3}}},"4":{"name":"(anonymous_4)","decl":{"start":{"line":125,"column":2},"end":{"line":125,"column":8}},"loc":{"start":{"line":125,"column":20},"end":{"line":127,"column":3}}}},"branchMap":{"0":{"loc":{"start":{"line":36,"column":4},"end":{"line":38,"column":5}},"type":"if","locations":[{"start":{"line":36,"column":4},"end":{"line":38,"column":5}}]},"1":{"loc":{"start":{"line":41,"column":4},"end":{"line":44,"column":5}},"type":"if","locations":[{"start":{"line":41,"column":4},"end":{"line":44,"column":5}}]},"2":{"loc":{"start":{"line":52,"column":6},"end":{"line":54,"column":7}},"type":"if","locations":[{"start":{"line":52,"column":6},"end":{"line":54,"column":7}}]},"3":{"loc":{"start":{"line":76,"column":4},"end":{"line":78,"column":5}},"type":"if","locations":[{"start":{"line":76,"column":4},"end":{"line":78,"column":5}}]},"4":{"loc":{"start":{"line":81,"column":4},"end":{"line":84,"column":5}},"type":"if","locations":[{"start":{"line":81,"column":4},"end":{"line":84,"column":5}}]},"5":{"loc":{"start":{"line":89,"column":4},"end":{"line":92,"column":5}},"type":"if","locations":[{"start":{"line":89,"column":4},"end":{"line":92,"column":5}}]},"6":{"loc":{"start":{"line":108,"column":8},"end":{"line":114,"column":9}},"type":"if","locations":[{"start":{"line":108,"column":8},"end":{"line":114,"column":9}}]}},"s":{"0":2,"1":2,"2":0,"3":0,"4":0,"5":0,"6":0,"7":0,"8":0,"9":0,"10":0,"11":0,"12":0,"13":0,"14":0,"15":0,"16":0,"17":0,"18":0,"19":0,"20":0,"21":0,"22":0,"23":0,"24":0,"25":0,"26":0,"27":0,"28":0,"29":0,"30":0,"31":0,"32":0,"33":0,"34":0,"35":0,"36":0,"37":0,"38":0,"39":0,"40":0,"41":0,"42":0,"43":0,"44":0,"45":2,"46":0,"47":2},"f":{"0":0,"1":0,"2":0,"3":0,"4":0},"b":{"0":[0],"1":[0],"2":[0],"3":[0],"4":[0],"5":[0],"6":[0]}}
,"/Users/Ryan/Documents/CSC369/potions/packages/client/src/sprite/sprite_item.ts": {"path":"/Users/Ryan/Documents/CSC369/potions/packages/client/src/sprite/sprite_item.ts","statementMap":{"0":{"start":{"line":3,"column":0},"end":{"line":3,"column":45}},"1":{"start":{"line":4,"column":0},"end":{"line":4,"column":45}},"2":{"start":{"line":5,"column":0},"end":{"line":5,"column":51}},"3":{"start":{"line":6,"column":0},"end":{"line":6,"column":37}},"4":{"start":{"line":17,"column":30},"end":{"line":17,"column":35}},"5":{"start":{"line":22,"column":4},"end":{"line":22,"column":69}},"6":{"start":{"line":23,"column":4},"end":{"line":23,"column":43}},"7":{"start":{"line":24,"column":4},"end":{"line":24,"column":26}},"8":{"start":{"line":25,"column":4},"end":{"line":25,"column":32}},"9":{"start":{"line":26,"column":4},"end":{"line":26,"column":42}},"10":{"start":{"line":27,"column":4},"end":{"line":27,"column":28}},"11":{"start":{"line":28,"column":4},"end":{"line":28,"column":38}},"12":{"start":{"line":29,"column":4},"end":{"line":29,"column":26}},"13":{"start":{"line":32,"column":4},"end":{"line":34,"column":5}},"14":{"start":{"line":33,"column":6},"end":{"line":33,"column":50}},"15":{"start":{"line":36,"column":4},"end":{"line":43,"column":5}},"16":{"start":{"line":37,"column":6},"end":{"line":37,"column":44}},"17":{"start":{"line":38,"column":6},"end":{"line":42,"column":9}},"18":{"start":{"line":39,"column":8},"end":{"line":41,"column":9}},"19":{"start":{"line":40,"column":10},"end":{"line":40,"column":54}},"20":{"start":{"line":47,"column":4},"end":{"line":58,"column":5}},"21":{"start":{"line":48,"column":6},"end":{"line":48,"column":50}},"22":{"start":{"line":49,"column":11},"end":{"line":58,"column":5}},"23":{"start":{"line":50,"column":18},"end":{"line":50,"column":54}},"24":{"start":{"line":51,"column":6},"end":{"line":53,"column":7}},"25":{"start":{"line":52,"column":8},"end":{"line":52,"column":51}},"26":{"start":{"line":54,"column":6},"end":{"line":54,"column":30}},"27":{"start":{"line":57,"column":6},"end":{"line":57,"column":57}},"28":{"start":{"line":60,"column":4},"end":{"line":63,"column":6}},"29":{"start":{"line":64,"column":4},"end":{"line":64,"column":28}},"30":{"start":{"line":65,"column":4},"end":{"line":73,"column":5}},"31":{"start":{"line":66,"column":22},"end":{"line":68,"column":23}},"32":{"start":{"line":70,"column":6},"end":{"line":72,"column":7}},"33":{"start":{"line":71,"column":8},"end":{"line":71,"column":41}},"34":{"start":{"line":75,"column":4},"end":{"line":81,"column":5}},"35":{"start":{"line":80,"column":6},"end":{"line":80,"column":35}},"36":{"start":{"line":83,"column":4},"end":{"line":83,"column":23}},"37":{"start":{"line":85,"column":4},"end":{"line":108,"column":5}},"38":{"start":{"line":86,"column":20},"end":{"line":86,"column":43}},"39":{"start":{"line":88,"column":21},"end":{"line":88,"column":37}},"40":{"start":{"line":89,"column":25},"end":{"line":89,"column":48}},"41":{"start":{"line":90,"column":29},"end":{"line":90,"column":57}},"42":{"start":{"line":92,"column":6},"end":{"line":98,"column":8}},"43":{"start":{"line":99,"column":6},"end":{"line":107,"column":7}},"44":{"start":{"line":100,"column":8},"end":{"line":106,"column":10}},"45":{"start":{"line":110,"column":4},"end":{"line":120,"column":5}},"46":{"start":{"line":111,"column":6},"end":{"line":118,"column":22}},"47":{"start":{"line":119,"column":6},"end":{"line":119,"column":55}},"48":{"start":{"line":122,"column":4},"end":{"line":134,"column":5}},"49":{"start":{"line":123,"column":6},"end":{"line":132,"column":24}},"50":{"start":{"line":133,"column":6},"end":{"line":133,"column":53}},"51":{"start":{"line":136,"column":4},"end":{"line":146,"column":5}},"52":{"start":{"line":137,"column":23},"end":{"line":137,"column":55}},"53":{"start":{"line":138,"column":22},"end":{"line":138,"column":54}},"54":{"start":{"line":139,"column":22},"end":{"line":139,"column":54}},"55":{"start":{"line":140,"column":6},"end":{"line":144,"column":8}},"56":{"start":{"line":145,"column":6},"end":{"line":145,"column":40}},"57":{"start":{"line":148,"column":4},"end":{"line":148,"column":19}},"58":{"start":{"line":149,"column":4},"end":{"line":172,"column":5}},"59":{"start":{"line":155,"column":20},"end":{"line":155,"column":75}},"60":{"start":{"line":156,"column":20},"end":{"line":156,"column":75}},"61":{"start":{"line":157,"column":19},"end":{"line":157,"column":74}},"62":{"start":{"line":158,"column":20},"end":{"line":158,"column":75}},"63":{"start":{"line":160,"column":6},"end":{"line":162,"column":7}},"64":{"start":{"line":161,"column":9},"end":{"line":161,"column":40}},"65":{"start":{"line":163,"column":6},"end":{"line":165,"column":7}},"66":{"start":{"line":164,"column":9},"end":{"line":164,"column":40}},"67":{"start":{"line":166,"column":6},"end":{"line":168,"column":7}},"68":{"start":{"line":167,"column":9},"end":{"line":167,"column":39}},"69":{"start":{"line":169,"column":6},"end":{"line":171,"column":7}},"70":{"start":{"line":170,"column":9},"end":{"line":170,"column":40}},"71":{"start":{"line":176,"column":4},"end":{"line":176,"column":25}},"72":{"start":{"line":178,"column":4},"end":{"line":178,"column":30}},"73":{"start":{"line":179,"column":4},"end":{"line":179,"column":26}},"74":{"start":{"line":180,"column":4},"end":{"line":182,"column":5}},"75":{"start":{"line":181,"column":6},"end":{"line":181,"column":31}},"76":{"start":{"line":183,"column":4},"end":{"line":185,"column":5}},"77":{"start":{"line":184,"column":6},"end":{"line":184,"column":29}},"78":{"start":{"line":189,"column":4},"end":{"line":193,"column":6}},"79":{"start":{"line":199,"column":4},"end":{"line":201,"column":5}},"80":{"start":{"line":200,"column":6},"end":{"line":200,"column":54}},"81":{"start":{"line":203,"column":4},"end":{"line":302,"column":5}},"82":{"start":{"line":204,"column":6},"end":{"line":215,"column":7}},"83":{"start":{"line":205,"column":27},"end":{"line":205,"column":79}},"84":{"start":{"line":207,"column":8},"end":{"line":214,"column":9}},"85":{"start":{"line":207,"column":37},"end":{"line":207,"column":69}},"86":{"start":{"line":209,"column":10},"end":{"line":209,"column":52}},"87":{"start":{"line":210,"column":10},"end":{"line":210,"column":36}},"88":{"start":{"line":212,"column":10},"end":{"line":212,"column":54}},"89":{"start":{"line":213,"column":10},"end":{"line":213,"column":37}},"90":{"start":{"line":216,"column":11},"end":{"line":302,"column":5}},"91":{"start":{"line":217,"column":20},"end":{"line":218,"column":null}},"92":{"start":{"line":220,"column":20},"end":{"line":221,"column":null}},"93":{"start":{"line":223,"column":19},"end":{"line":224,"column":null}},"94":{"start":{"line":226,"column":20},"end":{"line":227,"column":null}},"95":{"start":{"line":230,"column":27},"end":{"line":230,"column":38}},"96":{"start":{"line":231,"column":6},"end":{"line":233,"column":7}},"97":{"start":{"line":232,"column":8},"end":{"line":232,"column":31}},"98":{"start":{"line":234,"column":6},"end":{"line":236,"column":7}},"99":{"start":{"line":235,"column":8},"end":{"line":235,"column":31}},"100":{"start":{"line":237,"column":6},"end":{"line":239,"column":7}},"101":{"start":{"line":238,"column":8},"end":{"line":238,"column":31}},"102":{"start":{"line":240,"column":6},"end":{"line":242,"column":7}},"103":{"start":{"line":241,"column":8},"end":{"line":241,"column":31}},"104":{"start":{"line":244,"column":6},"end":{"line":244,"column":50}},"105":{"start":{"line":245,"column":6},"end":{"line":245,"column":42}},"106":{"start":{"line":246,"column":11},"end":{"line":302,"column":5}},"107":{"start":{"line":247,"column":20},"end":{"line":247,"column":64}},"108":{"start":{"line":249,"column":20},"end":{"line":250,"column":null}},"109":{"start":{"line":252,"column":20},"end":{"line":253,"column":null}},"110":{"start":{"line":255,"column":19},"end":{"line":256,"column":null}},"111":{"start":{"line":258,"column":20},"end":{"line":259,"column":null}},"112":{"start":{"line":264,"column":6},"end":{"line":287,"column":7}},"113":{"start":{"line":266,"column":8},"end":{"line":266,"column":58}},"114":{"start":{"line":267,"column":13},"end":{"line":287,"column":7}},"115":{"start":{"line":268,"column":8},"end":{"line":268,"column":57}},"116":{"start":{"line":269,"column":13},"end":{"line":287,"column":7}},"117":{"start":{"line":270,"column":8},"end":{"line":270,"column":55}},"118":{"start":{"line":271,"column":13},"end":{"line":287,"column":7}},"119":{"start":{"line":272,"column":8},"end":{"line":272,"column":54}},"120":{"start":{"line":273,"column":13},"end":{"line":287,"column":7}},"121":{"start":{"line":274,"column":8},"end":{"line":284,"column":9}},"122":{"start":{"line":275,"column":10},"end":{"line":281,"column":11}},"123":{"start":{"line":277,"column":12},"end":{"line":277,"column":54}},"124":{"start":{"line":280,"column":12},"end":{"line":280,"column":55}},"125":{"start":{"line":283,"column":10},"end":{"line":283,"column":53}},"126":{"start":{"line":286,"column":8},"end":{"line":286,"column":49}},"127":{"start":{"line":288,"column":11},"end":{"line":302,"column":5}},"128":{"start":{"line":289,"column":6},"end":{"line":293,"column":7}},"129":{"start":{"line":290,"column":8},"end":{"line":290,"column":65}},"130":{"start":{"line":292,"column":8},"end":{"line":292,"column":55}},"131":{"start":{"line":294,"column":6},"end":{"line":294,"column":44}},"132":{"start":{"line":296,"column":6},"end":{"line":300,"column":7}},"133":{"start":{"line":297,"column":8},"end":{"line":297,"column":49}},"134":{"start":{"line":299,"column":8},"end":{"line":299,"column":39}},"135":{"start":{"line":301,"column":6},"end":{"line":301,"column":42}},"136":{"start":{"line":305,"column":4},"end":{"line":307,"column":5}},"137":{"start":{"line":306,"column":6},"end":{"line":306,"column":66}},"138":{"start":{"line":309,"column":4},"end":{"line":315,"column":5}},"139":{"start":{"line":310,"column":6},"end":{"line":314,"column":7}},"140":{"start":{"line":311,"column":8},"end":{"line":311,"column":40}},"141":{"start":{"line":313,"column":8},"end":{"line":313,"column":39}},"142":{"start":{"line":319,"column":4},"end":{"line":319,"column":29}},"143":{"start":{"line":321,"column":4},"end":{"line":321,"column":19}},"144":{"start":{"line":325,"column":4},"end":{"line":325,"column":37}},"145":{"start":{"line":326,"column":4},"end":{"line":326,"column":28}},"146":{"start":{"line":327,"column":4},"end":{"line":331,"column":5}},"147":{"start":{"line":328,"column":6},"end":{"line":330,"column":8}},"148":{"start":{"line":332,"column":4},"end":{"line":332,"column":19}},"149":{"start":{"line":336,"column":4},"end":{"line":336,"column":63}},"150":{"start":{"line":340,"column":4},"end":{"line":340,"column":63}},"151":{"start":{"line":344,"column":4},"end":{"line":344,"column":28}},"152":{"start":{"line":346,"column":4},"end":{"line":361,"column":5}},"153":{"start":{"line":347,"column":23},"end":{"line":347,"column":25}},"154":{"start":{"line":348,"column":24},"end":{"line":348,"column":25}},"155":{"start":{"line":350,"column":31},"end":{"line":350,"column":63}},"156":{"start":{"line":352,"column":16},"end":{"line":352,"column":44}},"157":{"start":{"line":353,"column":16},"end":{"line":353,"column":34}},"158":{"start":{"line":355,"column":6},"end":{"line":355,"column":42}},"159":{"start":{"line":356,"column":6},"end":{"line":356,"column":58}},"160":{"start":{"line":358,"column":6},"end":{"line":358,"column":42}},"161":{"start":{"line":359,"column":6},"end":{"line":359,"column":77}},"162":{"start":{"line":360,"column":6},"end":{"line":360,"column":37}},"163":{"start":{"line":365,"column":4},"end":{"line":365,"column":33}},"164":{"start":{"line":366,"column":4},"end":{"line":368,"column":5}},"165":{"start":{"line":367,"column":6},"end":{"line":367,"column":29}},"166":{"start":{"line":369,"column":4},"end":{"line":385,"column":5}},"167":{"start":{"line":370,"column":18},"end":{"line":370,"column":39}},"168":{"start":{"line":371,"column":6},"end":{"line":373,"column":7}},"169":{"start":{"line":372,"column":8},"end":{"line":372,"column":18}},"170":{"start":{"line":374,"column":6},"end":{"line":376,"column":7}},"171":{"start":{"line":375,"column":8},"end":{"line":375,"column":19}},"172":{"start":{"line":377,"column":6},"end":{"line":377,"column":34}},"173":{"start":{"line":378,"column":6},"end":{"line":380,"column":7}},"174":{"start":{"line":379,"column":8},"end":{"line":379,"column":51}},"175":{"start":{"line":382,"column":6},"end":{"line":384,"column":7}},"176":{"start":{"line":383,"column":8},"end":{"line":383,"column":23}},"177":{"start":{"line":10,"column":0},"end":{"line":10,"column":13}}},"fnMap":{"0":{"name":"(anonymous_0)","decl":{"start":{"line":21,"column":2},"end":{"line":21,"column":14}},"loc":{"start":{"line":21,"column":44},"end":{"line":173,"column":3}}},"1":{"name":"(anonymous_1)","decl":{"start":{"line":38,"column":53},"end":{"line":38,"column":54}},"loc":{"start":{"line":38,"column":67},"end":{"line":42,"column":7}}},"2":{"name":"(anonymous_2)","decl":{"start":{"line":175,"column":2},"end":{"line":175,"column":9}},"loc":{"start":{"line":175,"column":22},"end":{"line":186,"column":3}}},"3":{"name":"(anonymous_3)","decl":{"start":{"line":188,"column":2},"end":{"line":188,"column":15}},"loc":{"start":{"line":188,"column":38},"end":{"line":194,"column":3}}},"4":{"name":"(anonymous_4)","decl":{"start":{"line":196,"column":2},"end":{"line":196,"column":9}},"loc":{"start":{"line":196,"column":9},"end":{"line":316,"column":3}}},"5":{"name":"(anonymous_5)","decl":{"start":{"line":207,"column":28},"end":{"line":207,"column":29}},"loc":{"start":{"line":207,"column":37},"end":{"line":207,"column":69}}},"6":{"name":"(anonymous_6)","decl":{"start":{"line":318,"column":2},"end":{"line":318,"column":8}},"loc":{"start":{"line":318,"column":31},"end":{"line":322,"column":3}}},"7":{"name":"(anonymous_7)","decl":{"start":{"line":324,"column":2},"end":{"line":324,"column":6}},"loc":{"start":{"line":324,"column":46},"end":{"line":333,"column":3}}},"8":{"name":"(anonymous_8)","decl":{"start":{"line":335,"column":2},"end":{"line":335,"column":27}},"loc":{"start":{"line":335,"column":27},"end":{"line":337,"column":3}}},"9":{"name":"(anonymous_9)","decl":{"start":{"line":339,"column":2},"end":{"line":339,"column":18}},"loc":{"start":{"line":339,"column":18},"end":{"line":341,"column":3}}},"10":{"name":"(anonymous_10)","decl":{"start":{"line":343,"column":2},"end":{"line":343,"column":17}},"loc":{"start":{"line":343,"column":17},"end":{"line":362,"column":3}}},"11":{"name":"(anonymous_11)","decl":{"start":{"line":364,"column":2},"end":{"line":364,"column":6}},"loc":{"start":{"line":364,"column":38},"end":{"line":386,"column":3}}}},"branchMap":{"0":{"loc":{"start":{"line":36,"column":4},"end":{"line":43,"column":5}},"type":"if","locations":[{"start":{"line":36,"column":4},"end":{"line":43,"column":5}}]},"1":{"loc":{"start":{"line":39,"column":8},"end":{"line":41,"column":9}},"type":"if","locations":[{"start":{"line":39,"column":8},"end":{"line":41,"column":9}}]},"2":{"loc":{"start":{"line":47,"column":4},"end":{"line":58,"column":5}},"type":"if","locations":[{"start":{"line":47,"column":4},"end":{"line":58,"column":5}},{"start":{"line":49,"column":11},"end":{"line":58,"column":5}}]},"3":{"loc":{"start":{"line":49,"column":11},"end":{"line":58,"column":5}},"type":"if","locations":[{"start":{"line":49,"column":11},"end":{"line":58,"column":5}},{"start":{"line":55,"column":11},"end":{"line":58,"column":5}}]},"4":{"loc":{"start":{"line":51,"column":6},"end":{"line":53,"column":7}},"type":"if","locations":[{"start":{"line":51,"column":6},"end":{"line":53,"column":7}}]},"5":{"loc":{"start":{"line":65,"column":4},"end":{"line":73,"column":5}},"type":"if","locations":[{"start":{"line":65,"column":4},"end":{"line":73,"column":5}}]},"6":{"loc":{"start":{"line":70,"column":6},"end":{"line":72,"column":7}},"type":"if","locations":[{"start":{"line":70,"column":6},"end":{"line":72,"column":7}}]},"7":{"loc":{"start":{"line":75,"column":4},"end":{"line":81,"column":5}},"type":"if","locations":[{"start":{"line":75,"column":4},"end":{"line":81,"column":5}}]},"8":{"loc":{"start":{"line":85,"column":4},"end":{"line":108,"column":5}},"type":"if","locations":[{"start":{"line":85,"column":4},"end":{"line":108,"column":5}}]},"9":{"loc":{"start":{"line":99,"column":6},"end":{"line":107,"column":7}},"type":"if","locations":[{"start":{"line":99,"column":6},"end":{"line":107,"column":7}}]},"10":{"loc":{"start":{"line":110,"column":4},"end":{"line":120,"column":5}},"type":"if","locations":[{"start":{"line":110,"column":4},"end":{"line":120,"column":5}}]},"11":{"loc":{"start":{"line":110,"column":8},"end":{"line":110,"column":65}},"type":"binary-expr","locations":[{"start":{"line":110,"column":8},"end":{"line":110,"column":35}},{"start":{"line":110,"column":39},"end":{"line":110,"column":65}}]},"12":{"loc":{"start":{"line":122,"column":4},"end":{"line":134,"column":5}},"type":"if","locations":[{"start":{"line":122,"column":4},"end":{"line":134,"column":5}}]},"13":{"loc":{"start":{"line":136,"column":4},"end":{"line":146,"column":5}},"type":"if","locations":[{"start":{"line":136,"column":4},"end":{"line":146,"column":5}}]},"14":{"loc":{"start":{"line":136,"column":8},"end":{"line":136,"column":59}},"type":"binary-expr","locations":[{"start":{"line":136,"column":8},"end":{"line":136,"column":25}},{"start":{"line":136,"column":29},"end":{"line":136,"column":59}}]},"15":{"loc":{"start":{"line":149,"column":4},"end":{"line":172,"column":5}},"type":"if","locations":[{"start":{"line":149,"column":4},"end":{"line":172,"column":5}}]},"16":{"loc":{"start":{"line":150,"column":6},"end":{"line":153,"column":26}},"type":"binary-expr","locations":[{"start":{"line":150,"column":6},"end":{"line":150,"column":26}},{"start":{"line":151,"column":6},"end":{"line":151,"column":26}},{"start":{"line":152,"column":6},"end":{"line":152,"column":27}},{"start":{"line":153,"column":6},"end":{"line":153,"column":26}}]},"17":{"loc":{"start":{"line":160,"column":6},"end":{"line":162,"column":7}},"type":"if","locations":[{"start":{"line":160,"column":6},"end":{"line":162,"column":7}}]},"18":{"loc":{"start":{"line":163,"column":6},"end":{"line":165,"column":7}},"type":"if","locations":[{"start":{"line":163,"column":6},"end":{"line":165,"column":7}}]},"19":{"loc":{"start":{"line":166,"column":6},"end":{"line":168,"column":7}},"type":"if","locations":[{"start":{"line":166,"column":6},"end":{"line":168,"column":7}}]},"20":{"loc":{"start":{"line":169,"column":6},"end":{"line":171,"column":7}},"type":"if","locations":[{"start":{"line":169,"column":6},"end":{"line":171,"column":7}}]},"21":{"loc":{"start":{"line":180,"column":4},"end":{"line":182,"column":5}},"type":"if","locations":[{"start":{"line":180,"column":4},"end":{"line":182,"column":5}}]},"22":{"loc":{"start":{"line":183,"column":4},"end":{"line":185,"column":5}},"type":"if","locations":[{"start":{"line":183,"column":4},"end":{"line":185,"column":5}}]},"23":{"loc":{"start":{"line":190,"column":6},"end":{"line":192,"column":59}},"type":"binary-expr","locations":[{"start":{"line":190,"column":6},"end":{"line":190,"column":18}},{"start":{"line":191,"column":6},"end":{"line":191,"column":44}},{"start":{"line":192,"column":6},"end":{"line":192,"column":59}}]},"24":{"loc":{"start":{"line":199,"column":4},"end":{"line":201,"column":5}},"type":"if","locations":[{"start":{"line":199,"column":4},"end":{"line":201,"column":5}}]},"25":{"loc":{"start":{"line":199,"column":8},"end":{"line":199,"column":48}},"type":"binary-expr","locations":[{"start":{"line":199,"column":8},"end":{"line":199,"column":27}},{"start":{"line":199,"column":31},"end":{"line":199,"column":48}}]},"26":{"loc":{"start":{"line":203,"column":4},"end":{"line":302,"column":5}},"type":"if","locations":[{"start":{"line":203,"column":4},"end":{"line":302,"column":5}},{"start":{"line":216,"column":11},"end":{"line":302,"column":5}}]},"27":{"loc":{"start":{"line":204,"column":6},"end":{"line":215,"column":7}},"type":"if","locations":[{"start":{"line":204,"column":6},"end":{"line":215,"column":7}}]},"28":{"loc":{"start":{"line":207,"column":8},"end":{"line":214,"column":9}},"type":"if","locations":[{"start":{"line":207,"column":8},"end":{"line":214,"column":9}},{"start":{"line":211,"column":15},"end":{"line":214,"column":9}}]},"29":{"loc":{"start":{"line":216,"column":11},"end":{"line":302,"column":5}},"type":"if","locations":[{"start":{"line":216,"column":11},"end":{"line":302,"column":5}},{"start":{"line":246,"column":11},"end":{"line":302,"column":5}}]},"30":{"loc":{"start":{"line":231,"column":6},"end":{"line":233,"column":7}},"type":"if","locations":[{"start":{"line":231,"column":6},"end":{"line":233,"column":7}}]},"31":{"loc":{"start":{"line":234,"column":6},"end":{"line":236,"column":7}},"type":"if","locations":[{"start":{"line":234,"column":6},"end":{"line":236,"column":7}}]},"32":{"loc":{"start":{"line":237,"column":6},"end":{"line":239,"column":7}},"type":"if","locations":[{"start":{"line":237,"column":6},"end":{"line":239,"column":7}}]},"33":{"loc":{"start":{"line":240,"column":6},"end":{"line":242,"column":7}},"type":"if","locations":[{"start":{"line":240,"column":6},"end":{"line":242,"column":7}}]},"34":{"loc":{"start":{"line":246,"column":11},"end":{"line":302,"column":5}},"type":"if","locations":[{"start":{"line":246,"column":11},"end":{"line":302,"column":5}},{"start":{"line":288,"column":11},"end":{"line":302,"column":5}}]},"35":{"loc":{"start":{"line":247,"column":20},"end":{"line":247,"column":64}},"type":"cond-expr","locations":[{"start":{"line":247,"column":33},"end":{"line":247,"column":57}},{"start":{"line":247,"column":60},"end":{"line":247,"column":64}}]},"36":{"loc":{"start":{"line":264,"column":6},"end":{"line":287,"column":7}},"type":"if","locations":[{"start":{"line":264,"column":6},"end":{"line":287,"column":7}},{"start":{"line":267,"column":13},"end":{"line":287,"column":7}}]},"37":{"loc":{"start":{"line":264,"column":10},"end":{"line":264,"column":23}},"type":"binary-expr","locations":[{"start":{"line":264,"column":10},"end":{"line":264,"column":15}},{"start":{"line":264,"column":19},"end":{"line":264,"column":23}}]},"38":{"loc":{"start":{"line":267,"column":13},"end":{"line":287,"column":7}},"type":"if","locations":[{"start":{"line":267,"column":13},"end":{"line":287,"column":7}},{"start":{"line":269,"column":13},"end":{"line":287,"column":7}}]},"39":{"loc":{"start":{"line":267,"column":17},"end":{"line":267,"column":31}},"type":"binary-expr","locations":[{"start":{"line":267,"column":17},"end":{"line":267,"column":22}},{"start":{"line":267,"column":26},"end":{"line":267,"column":31}}]},"40":{"loc":{"start":{"line":269,"column":13},"end":{"line":287,"column":7}},"type":"if","locations":[{"start":{"line":269,"column":13},"end":{"line":287,"column":7}},{"start":{"line":271,"column":13},"end":{"line":287,"column":7}}]},"41":{"loc":{"start":{"line":269,"column":17},"end":{"line":269,"column":30}},"type":"binary-expr","locations":[{"start":{"line":269,"column":17},"end":{"line":269,"column":22}},{"start":{"line":269,"column":26},"end":{"line":269,"column":30}}]},"42":{"loc":{"start":{"line":271,"column":13},"end":{"line":287,"column":7}},"type":"if","locations":[{"start":{"line":271,"column":13},"end":{"line":287,"column":7}},{"start":{"line":273,"column":13},"end":{"line":287,"column":7}}]},"43":{"loc":{"start":{"line":271,"column":17},"end":{"line":271,"column":31}},"type":"binary-expr","locations":[{"start":{"line":271,"column":17},"end":{"line":271,"column":22}},{"start":{"line":271,"column":26},"end":{"line":271,"column":31}}]},"44":{"loc":{"start":{"line":273,"column":13},"end":{"line":287,"column":7}},"type":"if","locations":[{"start":{"line":273,"column":13},"end":{"line":287,"column":7}},{"start":{"line":285,"column":13},"end":{"line":287,"column":7}}]},"45":{"loc":{"start":{"line":274,"column":8},"end":{"line":284,"column":9}},"type":"if","locations":[{"start":{"line":274,"column":8},"end":{"line":284,"column":9}},{"start":{"line":282,"column":15},"end":{"line":284,"column":9}}]},"46":{"loc":{"start":{"line":275,"column":10},"end":{"line":281,"column":11}},"type":"if","locations":[{"start":{"line":275,"column":10},"end":{"line":281,"column":11}},{"start":{"line":278,"column":17},"end":{"line":281,"column":11}}]},"47":{"loc":{"start":{"line":288,"column":11},"end":{"line":302,"column":5}},"type":"if","locations":[{"start":{"line":288,"column":11},"end":{"line":302,"column":5}},{"start":{"line":295,"column":11},"end":{"line":302,"column":5}}]},"48":{"loc":{"start":{"line":289,"column":6},"end":{"line":293,"column":7}},"type":"if","locations":[{"start":{"line":289,"column":6},"end":{"line":293,"column":7}},{"start":{"line":291,"column":13},"end":{"line":293,"column":7}}]},"49":{"loc":{"start":{"line":296,"column":6},"end":{"line":300,"column":7}},"type":"if","locations":[{"start":{"line":296,"column":6},"end":{"line":300,"column":7}},{"start":{"line":298,"column":13},"end":{"line":300,"column":7}}]},"50":{"loc":{"start":{"line":296,"column":10},"end":{"line":296,"column":50}},"type":"binary-expr","locations":[{"start":{"line":296,"column":10},"end":{"line":296,"column":31}},{"start":{"line":296,"column":35},"end":{"line":296,"column":50}}]},"51":{"loc":{"start":{"line":305,"column":4},"end":{"line":307,"column":5}},"type":"if","locations":[{"start":{"line":305,"column":4},"end":{"line":307,"column":5}}]},"52":{"loc":{"start":{"line":305,"column":8},"end":{"line":305,"column":50}},"type":"binary-expr","locations":[{"start":{"line":305,"column":8},"end":{"line":305,"column":22}},{"start":{"line":305,"column":26},"end":{"line":305,"column":50}}]},"53":{"loc":{"start":{"line":309,"column":4},"end":{"line":315,"column":5}},"type":"if","locations":[{"start":{"line":309,"column":4},"end":{"line":315,"column":5}}]},"54":{"loc":{"start":{"line":310,"column":6},"end":{"line":314,"column":7}},"type":"if","locations":[{"start":{"line":310,"column":6},"end":{"line":314,"column":7}},{"start":{"line":312,"column":13},"end":{"line":314,"column":7}}]},"55":{"loc":{"start":{"line":327,"column":4},"end":{"line":331,"column":5}},"type":"if","locations":[{"start":{"line":327,"column":4},"end":{"line":331,"column":5}}]},"56":{"loc":{"start":{"line":346,"column":4},"end":{"line":361,"column":5}},"type":"if","locations":[{"start":{"line":346,"column":4},"end":{"line":361,"column":5}}]},"57":{"loc":{"start":{"line":366,"column":4},"end":{"line":368,"column":5}},"type":"if","locations":[{"start":{"line":366,"column":4},"end":{"line":368,"column":5}}]},"58":{"loc":{"start":{"line":369,"column":4},"end":{"line":385,"column":5}},"type":"if","locations":[{"start":{"line":369,"column":4},"end":{"line":385,"column":5}}]},"59":{"loc":{"start":{"line":371,"column":6},"end":{"line":373,"column":7}},"type":"if","locations":[{"start":{"line":371,"column":6},"end":{"line":373,"column":7}}]},"60":{"loc":{"start":{"line":374,"column":6},"end":{"line":376,"column":7}},"type":"if","locations":[{"start":{"line":374,"column":6},"end":{"line":376,"column":7}}]},"61":{"loc":{"start":{"line":378,"column":6},"end":{"line":380,"column":7}},"type":"if","locations":[{"start":{"line":378,"column":6},"end":{"line":380,"column":7}}]},"62":{"loc":{"start":{"line":382,"column":6},"end":{"line":384,"column":7}},"type":"if","locations":[{"start":{"line":382,"column":6},"end":{"line":384,"column":7}}]},"63":{"loc":{"start":{"line":382,"column":10},"end":{"line":382,"column":54}},"type":"binary-expr","locations":[{"start":{"line":382,"column":10},"end":{"line":382,"column":30}},{"start":{"line":382,"column":34},"end":{"line":382,"column":54}}]}},"s":{"0":2,"1":2,"2":2,"3":2,"4":0,"5":0,"6":0,"7":0,"8":0,"9":0,"10":0,"11":0,"12":0,"13":0,"14":0,"15":0,"16":0,"17":0,"18":0,"19":0,"20":0,"21":0,"22":0,"23":0,"24":0,"25":0,"26":0,"27":0,"28":0,"29":0,"30":0,"31":0,"32":0,"33":0,"34":0,"35":0,"36":0,"37":0,"38":0,"39":0,"40":0,"41":0,"42":0,"43":0,"44":0,"45":0,"46":0,"47":0,"48":0,"49":0,"50":0,"51":0,"52":0,"53":0,"54":0,"55":0,"56":0,"57":0,"58":0,"59":0,"60":0,"61":0,"62":0,"63":0,"64":0,"65":0,"66":0,"67":0,"68":0,"69":0,"70":0,"71":0,"72":0,"73":0,"74":0,"75":0,"76":0,"77":0,"78":0,"79":0,"80":0,"81":0,"82":0,"83":0,"84":0,"85":0,"86":0,"87":0,"88":0,"89":0,"90":0,"91":0,"92":0,"93":0,"94":0,"95":0,"96":0,"97":0,"98":0,"99":0,"100":0,"101":0,"102":0,"103":0,"104":0,"105":0,"106":0,"107":0,"108":0,"109":0,"110":0,"111":0,"112":0,"113":0,"114":0,"115":0,"116":0,"117":0,"118":0,"119":0,"120":0,"121":0,"122":0,"123":0,"124":0,"125":0,"126":0,"127":0,"128":0,"129":0,"130":0,"131":0,"132":0,"133":0,"134":0,"135":0,"136":0,"137":0,"138":0,"139":0,"140":0,"141":0,"142":0,"143":0,"144":0,"145":0,"146":0,"147":0,"148":0,"149":2,"150":2,"151":0,"152":0,"153":0,"154":0,"155":0,"156":0,"157":0,"158":0,"159":0,"160":0,"161":0,"162":0,"163":0,"164":0,"165":0,"166":0,"167":0,"168":0,"169":0,"170":0,"171":0,"172":0,"173":0,"174":0,"175":0,"176":0,"177":2},"f":{"0":0,"1":0,"2":0,"3":0,"4":0,"5":0,"6":0,"7":0,"8":2,"9":2,"10":0,"11":0},"b":{"0":[0],"1":[0],"2":[0,0],"3":[0,0],"4":[0],"5":[0],"6":[0],"7":[0],"8":[0],"9":[0],"10":[0],"11":[0,0],"12":[0],"13":[0],"14":[0,0],"15":[0],"16":[0,0,0,0],"17":[0],"18":[0],"19":[0],"20":[0],"21":[0],"22":[0],"23":[0,0,0],"24":[0],"25":[0,0],"26":[0,0],"27":[0],"28":[0,0],"29":[0,0],"30":[0],"31":[0],"32":[0],"33":[0],"34":[0,0],"35":[0,0],"36":[0,0],"37":[0,0],"38":[0,0],"39":[0,0],"40":[0,0],"41":[0,0],"42":[0,0],"43":[0,0],"44":[0,0],"45":[0,0],"46":[0,0],"47":[0,0],"48":[0,0],"49":[0,0],"50":[0,0],"51":[0],"52":[0,0],"53":[0],"54":[0,0],"55":[0],"56":[0],"57":[0],"58":[0],"59":[0],"60":[0],"61":[0],"62":[0],"63":[0,0]}}
,"/Users/Ryan/Documents/CSC369/potions/packages/client/src/utils/color.ts": {"path":"/Users/Ryan/Documents/CSC369/potions/packages/client/src/utils/color.ts","statementMap":{"0":{"start":{"line":1,"column":0},"end":{"line":1,"column":16}},"1":{"start":{"line":10,"column":0},"end":{"line":10,"column":16}},"2":{"start":{"line":30,"column":0},"end":{"line":30,"column":16}},"3":{"start":{"line":39,"column":0},"end":{"line":39,"column":16}},"4":{"start":{"line":3,"column":2},"end":{"line":5,"column":3}},"5":{"start":{"line":4,"column":4},"end":{"line":4,"column":35}},"6":{"start":{"line":7,"column":2},"end":{"line":7,"column":33}},"7":{"start":{"line":12,"column":2},"end":{"line":12,"column":48}},"8":{"start":{"line":15,"column":12},"end":{"line":15,"column":35}},"9":{"start":{"line":16,"column":12},"end":{"line":16,"column":34}},"10":{"start":{"line":17,"column":12},"end":{"line":17,"column":27}},"11":{"start":{"line":20,"column":15},"end":{"line":20,"column":50}},"12":{"start":{"line":21,"column":15},"end":{"line":21,"column":50}},"13":{"start":{"line":22,"column":15},"end":{"line":22,"column":50}},"14":{"start":{"line":25,"column":27},"end":{"line":25,"column":60}},"15":{"start":{"line":27,"column":2},"end":{"line":27,"column":26}},"16":{"start":{"line":32,"column":18},"end":{"line":32,"column":34}},"17":{"start":{"line":34,"column":2},"end":{"line":34,"column":41}},"18":{"start":{"line":36,"column":2},"end":{"line":36,"column":25}},"19":{"start":{"line":40,"column":17},"end":{"line":53,"column":41}},"20":{"start":{"line":55,"column":22},"end":{"line":55,"column":63}},"21":{"start":{"line":56,"column":2},"end":{"line":56,"column":29}}},"fnMap":{"0":{"name":"hexStringToNumber","decl":{"start":{"line":1,"column":16},"end":{"line":1,"column":33}},"loc":{"start":{"line":1,"column":51},"end":{"line":8,"column":1}}},"1":{"name":"darkenColor","decl":{"start":{"line":10,"column":16},"end":{"line":10,"column":27}},"loc":{"start":{"line":10,"column":61},"end":{"line":28,"column":1}}},"2":{"name":"numberToHexString","decl":{"start":{"line":30,"column":16},"end":{"line":30,"column":33}},"loc":{"start":{"line":30,"column":45},"end":{"line":37,"column":1}}},"3":{"name":"getRandomColor","decl":{"start":{"line":39,"column":16},"end":{"line":39,"column":30}},"loc":{"start":{"line":39,"column":30},"end":{"line":57,"column":1}}}},"branchMap":{"0":{"loc":{"start":{"line":3,"column":2},"end":{"line":5,"column":3}},"type":"if","locations":[{"start":{"line":3,"column":2},"end":{"line":5,"column":3}}]}},"s":{"0":2,"1":2,"2":2,"3":2,"4":0,"5":0,"6":0,"7":0,"8":0,"9":0,"10":0,"11":0,"12":0,"13":0,"14":0,"15":0,"16":0,"17":0,"18":0,"19":0,"20":0,"21":0},"f":{"0":0,"1":0,"2":0,"3":0},"b":{"0":[0]}}
,"/Users/Ryan/Documents/CSC369/potions/packages/client/src/utils/nightOverlayHandler.ts": {"path":"/Users/Ryan/Documents/CSC369/potions/packages/client/src/utils/nightOverlayHandler.ts","statementMap":{"0":{"start":{"line":20,"column":0},"end":{"line":20,"column":16}},"1":{"start":{"line":1,"column":0},"end":{"line":1,"column":33}},"2":{"start":{"line":3,"column":0},"end":{"line":3,"column":null}},"3":{"start":{"line":4,"column":2},"end":{"line":4,"column":null}},"4":{"start":{"line":5,"column":2},"end":{"line":5,"column":null}},"5":{"start":{"line":6,"column":2},"end":{"line":6,"column":null}},"6":{"start":{"line":7,"column":2},"end":{"line":7,"column":null}},"7":{"start":{"line":8,"column":2},"end":{"line":8,"column":null}},"8":{"start":{"line":21,"column":25},"end":{"line":21,"column":26}},"9":{"start":{"line":25,"column":4},"end":{"line":26,"column":53}},"10":{"start":{"line":27,"column":2},"end":{"line":29,"column":36}},"11":{"start":{"line":32,"column":24},"end":{"line":34,"column":null}},"12":{"start":{"line":37,"column":2},"end":{"line":37,"column":23}}},"fnMap":{"0":{"name":"(anonymous_9)","decl":{"start":{"line":3,"column":0},"end":{"line":3,"column":5}},"loc":{"start":{"line":3,"column":26},"end":{"line":9,"column":1}}},"1":{"name":"getNightSkyOpacity","decl":{"start":{"line":20,"column":16},"end":{"line":20,"column":34}},"loc":{"start":{"line":20,"column":76},"end":{"line":38,"column":1}}}},"branchMap":{"0":{"loc":{"start":{"line":3,"column":5},"end":{"line":3,"column":null}},"type":"binary-expr","locations":[{"start":{"line":3,"column":5},"end":{"line":3,"column":26}},{"start":{"line":3,"column":5},"end":{"line":3,"column":null}}]},"1":{"loc":{"start":{"line":33,"column":5},"end":{"line":33,"column":58}},"type":"binary-expr","locations":[{"start":{"line":33,"column":5},"end":{"line":33,"column":17}},{"start":{"line":33,"column":21},"end":{"line":33,"column":58}}]}},"s":{"0":1,"1":1,"2":1,"3":1,"4":1,"5":1,"6":1,"7":1,"8":16,"9":16,"10":16,"11":16,"12":16},"f":{"0":1,"1":16},"b":{"0":[1,1],"1":[16,16]}}
,"/Users/Ryan/Documents/CSC369/potions/packages/client/src/utils/validators.ts": {"path":"/Users/Ryan/Documents/CSC369/potions/packages/client/src/utils/validators.ts","statementMap":{"0":{"start":{"line":7,"column":0},"end":{"line":7,"column":16}},"1":{"start":{"line":8,"column":22},"end":{"line":8,"column":33}},"2":{"start":{"line":9,"column":2},"end":{"line":11,"column":3}},"3":{"start":{"line":10,"column":4},"end":{"line":10,"column":23}},"4":{"start":{"line":12,"column":2},"end":{"line":12,"column":14}}},"fnMap":{"0":{"name":"parseName","decl":{"start":{"line":7,"column":16},"end":{"line":7,"column":25}},"loc":{"start":{"line":7,"column":38},"end":{"line":13,"column":1}}}},"branchMap":{"0":{"loc":{"start":{"line":9,"column":2},"end":{"line":11,"column":3}},"type":"if","locations":[{"start":{"line":9,"column":2},"end":{"line":11,"column":3}}]},"1":{"loc":{"start":{"line":9,"column":6},"end":{"line":9,"column":56}},"type":"binary-expr","locations":[{"start":{"line":9,"column":6},"end":{"line":9,"column":28}},{"start":{"line":9,"column":32},"end":{"line":9,"column":56}}]}},"s":{"0":1,"1":14,"2":14,"3":9,"4":5},"f":{"0":14},"b":{"0":[9],"1":[14,11]}}
,"/Users/Ryan/Documents/CSC369/potions/packages/client/src/world/item.ts": {"path":"/Users/Ryan/Documents/CSC369/potions/packages/client/src/world/item.ts","statementMap":{"0":{"start":{"line":3,"column":0},"end":{"line":3,"column":38}},"1":{"start":{"line":10,"column":24},"end":{"line":10,"column":26}},"2":{"start":{"line":12,"column":48},"end":{"line":12,"column":50}},"3":{"start":{"line":26,"column":4},"end":{"line":26,"column":47}},"4":{"start":{"line":27,"column":4},"end":{"line":27,"column":29}},"5":{"start":{"line":28,"column":4},"end":{"line":28,"column":27}},"6":{"start":{"line":30,"column":4},"end":{"line":32,"column":5}},"7":{"start":{"line":31,"column":6},"end":{"line":31,"column":32}},"8":{"start":{"line":36,"column":4},"end":{"line":42,"column":5}},"9":{"start":{"line":37,"column":6},"end":{"line":39,"column":7}},"10":{"start":{"line":38,"column":8},"end":{"line":38,"column":20}},"11":{"start":{"line":41,"column":6},"end":{"line":41,"column":41}},"12":{"start":{"line":43,"column":4},"end":{"line":43,"column":49}},"13":{"start":{"line":47,"column":4},"end":{"line":47,"column":41}},"14":{"start":{"line":51,"column":4},"end":{"line":53,"column":5}},"15":{"start":{"line":52,"column":6},"end":{"line":52,"column":37}},"16":{"start":{"line":54,"column":4},"end":{"line":56,"column":5}},"17":{"start":{"line":55,"column":6},"end":{"line":55,"column":55}},"18":{"start":{"line":57,"column":4},"end":{"line":57,"column":33}},"19":{"start":{"line":61,"column":4},"end":{"line":63,"column":5}},"20":{"start":{"line":62,"column":6},"end":{"line":62,"column":54}},"21":{"start":{"line":64,"column":4},"end":{"line":66,"column":5}},"22":{"start":{"line":65,"column":6},"end":{"line":65,"column":59}},"23":{"start":{"line":67,"column":4},"end":{"line":69,"column":5}},"24":{"start":{"line":68,"column":6},"end":{"line":68,"column":58}},"25":{"start":{"line":72,"column":4},"end":{"line":72,"column":30}},"26":{"start":{"line":73,"column":4},"end":{"line":73,"column":27}},"27":{"start":{"line":74,"column":4},"end":{"line":74,"column":29}},"28":{"start":{"line":76,"column":4},"end":{"line":76,"column":25}},"29":{"start":{"line":81,"column":4},"end":{"line":81,"column":28}},"30":{"start":{"line":82,"column":4},"end":{"line":82,"column":30}},"31":{"start":{"line":83,"column":4},"end":{"line":85,"column":5}},"32":{"start":{"line":84,"column":6},"end":{"line":84,"column":37}},"33":{"start":{"line":86,"column":4},"end":{"line":86,"column":25}},"34":{"start":{"line":90,"column":4},"end":{"line":92,"column":5}},"35":{"start":{"line":91,"column":6},"end":{"line":91,"column":45}},"36":{"start":{"line":94,"column":4},"end":{"line":94,"column":29}},"37":{"start":{"line":95,"column":4},"end":{"line":95,"column":32}},"38":{"start":{"line":96,"column":4},"end":{"line":96,"column":29}},"39":{"start":{"line":97,"column":4},"end":{"line":97,"column":30}},"40":{"start":{"line":102,"column":4},"end":{"line":102,"column":33}},"41":{"start":{"line":106,"column":24},"end":{"line":106,"column":28}},"42":{"start":{"line":107,"column":4},"end":{"line":130,"column":5}},"43":{"start":{"line":108,"column":6},"end":{"line":129,"column":9}},"44":{"start":{"line":109,"column":30},"end":{"line":110,"column":null}},"45":{"start":{"line":112,"column":8},"end":{"line":128,"column":9}},"46":{"start":{"line":114,"column":12},"end":{"line":114,"column":79}},"47":{"start":{"line":115,"column":12},"end":{"line":115,"column":18}},"48":{"start":{"line":117,"column":12},"end":{"line":117,"column":77}},"49":{"start":{"line":118,"column":12},"end":{"line":118,"column":18}},"50":{"start":{"line":120,"column":12},"end":{"line":120,"column":77}},"51":{"start":{"line":121,"column":12},"end":{"line":121,"column":18}},"52":{"start":{"line":123,"column":12},"end":{"line":123,"column":78}},"53":{"start":{"line":124,"column":12},"end":{"line":124,"column":18}},"54":{"start":{"line":126,"column":12},"end":{"line":126,"column":78}},"55":{"start":{"line":127,"column":12},"end":{"line":127,"column":18}},"56":{"start":{"line":131,"column":4},"end":{"line":131,"column":25}},"57":{"start":{"line":7,"column":0},"end":{"line":7,"column":13}}},"fnMap":{"0":{"name":"(anonymous_0)","decl":{"start":{"line":19,"column":2},"end":{"line":19,"column":null}},"loc":{"start":{"line":24,"column":20},"end":{"line":33,"column":3}}},"1":{"name":"(anonymous_1)","decl":{"start":{"line":35,"column":2},"end":{"line":35,"column":12}},"loc":{"start":{"line":35,"column":30},"end":{"line":44,"column":3}}},"2":{"name":"(anonymous_2)","decl":{"start":{"line":46,"column":2},"end":{"line":46,"column":11}},"loc":{"start":{"line":46,"column":33},"end":{"line":48,"column":3}}},"3":{"name":"(anonymous_3)","decl":{"start":{"line":50,"column":2},"end":{"line":50,"column":9}},"loc":{"start":{"line":50,"column":22},"end":{"line":58,"column":3}}},"4":{"name":"(anonymous_4)","decl":{"start":{"line":60,"column":2},"end":{"line":60,"column":10}},"loc":{"start":{"line":60,"column":43},"end":{"line":77,"column":3}}},"5":{"name":"(anonymous_5)","decl":{"start":{"line":79,"column":2},"end":{"line":79,"column":8}},"loc":{"start":{"line":79,"column":31},"end":{"line":87,"column":3}}},"6":{"name":"(anonymous_6)","decl":{"start":{"line":89,"column":2},"end":{"line":89,"column":6}},"loc":{"start":{"line":89,"column":46},"end":{"line":99,"column":3}}},"7":{"name":"(anonymous_7)","decl":{"start":{"line":101,"column":2},"end":{"line":101,"column":6}},"loc":{"start":{"line":101,"column":38},"end":{"line":103,"column":3}}},"8":{"name":"(anonymous_8)","decl":{"start":{"line":105,"column":2},"end":{"line":105,"column":14}},"loc":{"start":{"line":105,"column":43},"end":{"line":132,"column":3}}},"9":{"name":"(anonymous_9)","decl":{"start":{"line":108,"column":37},"end":{"line":108,"column":38}},"loc":{"start":{"line":108,"column":51},"end":{"line":129,"column":7}}}},"branchMap":{"0":{"loc":{"start":{"line":30,"column":4},"end":{"line":32,"column":5}},"type":"if","locations":[{"start":{"line":30,"column":4},"end":{"line":32,"column":5}}]},"1":{"loc":{"start":{"line":36,"column":4},"end":{"line":42,"column":5}},"type":"if","locations":[{"start":{"line":36,"column":4},"end":{"line":42,"column":5}}]},"2":{"loc":{"start":{"line":37,"column":6},"end":{"line":39,"column":7}},"type":"if","locations":[{"start":{"line":37,"column":6},"end":{"line":39,"column":7}}]},"3":{"loc":{"start":{"line":37,"column":10},"end":{"line":37,"column":68}},"type":"binary-expr","locations":[{"start":{"line":37,"column":10},"end":{"line":37,"column":46}},{"start":{"line":37,"column":50},"end":{"line":37,"column":68}}]},"4":{"loc":{"start":{"line":43,"column":11},"end":{"line":43,"column":48}},"type":"cond-expr","locations":[{"start":{"line":43,"column":36},"end":{"line":43,"column":40}},{"start":{"line":43,"column":43},"end":{"line":43,"column":48}}]},"5":{"loc":{"start":{"line":51,"column":4},"end":{"line":53,"column":5}},"type":"if","locations":[{"start":{"line":51,"column":4},"end":{"line":53,"column":5}}]},"6":{"loc":{"start":{"line":54,"column":4},"end":{"line":56,"column":5}},"type":"if","locations":[{"start":{"line":54,"column":4},"end":{"line":56,"column":5}}]},"7":{"loc":{"start":{"line":61,"column":4},"end":{"line":63,"column":5}},"type":"if","locations":[{"start":{"line":61,"column":4},"end":{"line":63,"column":5}}]},"8":{"loc":{"start":{"line":64,"column":4},"end":{"line":66,"column":5}},"type":"if","locations":[{"start":{"line":64,"column":4},"end":{"line":66,"column":5}}]},"9":{"loc":{"start":{"line":67,"column":4},"end":{"line":69,"column":5}},"type":"if","locations":[{"start":{"line":67,"column":4},"end":{"line":69,"column":5}}]},"10":{"loc":{"start":{"line":83,"column":4},"end":{"line":85,"column":5}},"type":"if","locations":[{"start":{"line":83,"column":4},"end":{"line":85,"column":5}}]},"11":{"loc":{"start":{"line":90,"column":4},"end":{"line":92,"column":5}},"type":"if","locations":[{"start":{"line":90,"column":4},"end":{"line":92,"column":5}}]},"12":{"loc":{"start":{"line":107,"column":4},"end":{"line":130,"column":5}},"type":"if","locations":[{"start":{"line":107,"column":4},"end":{"line":130,"column":5}}]},"13":{"loc":{"start":{"line":112,"column":8},"end":{"line":128,"column":9}},"type":"switch","locations":[{"start":{"line":113,"column":10},"end":{"line":115,"column":18}},{"start":{"line":116,"column":10},"end":{"line":118,"column":18}},{"start":{"line":119,"column":10},"end":{"line":121,"column":18}},{"start":{"line":122,"column":10},"end":{"line":124,"column":18}},{"start":{"line":125,"column":10},"end":{"line":127,"column":18}}]},"14":{"loc":{"start":{"line":114,"column":28},"end":{"line":114,"column":78}},"type":"binary-expr","locations":[{"start":{"line":114,"column":28},"end":{"line":114,"column":41}},{"start":{"line":114,"column":45},"end":{"line":114,"column":78}}]},"15":{"loc":{"start":{"line":117,"column":28},"end":{"line":117,"column":76}},"type":"binary-expr","locations":[{"start":{"line":117,"column":28},"end":{"line":117,"column":41}},{"start":{"line":117,"column":45},"end":{"line":117,"column":76}}]},"16":{"loc":{"start":{"line":120,"column":28},"end":{"line":120,"column":76}},"type":"binary-expr","locations":[{"start":{"line":120,"column":28},"end":{"line":120,"column":41}},{"start":{"line":120,"column":45},"end":{"line":120,"column":76}}]},"17":{"loc":{"start":{"line":123,"column":28},"end":{"line":123,"column":77}},"type":"binary-expr","locations":[{"start":{"line":123,"column":28},"end":{"line":123,"column":41}},{"start":{"line":123,"column":45},"end":{"line":123,"column":77}}]},"18":{"loc":{"start":{"line":126,"column":28},"end":{"line":126,"column":77}},"type":"binary-expr","locations":[{"start":{"line":126,"column":28},"end":{"line":126,"column":41}},{"start":{"line":126,"column":45},"end":{"line":126,"column":77}}]}},"s":{"0":3,"1":1,"2":1,"3":1,"4":1,"5":1,"6":1,"7":1,"8":0,"9":0,"10":0,"11":0,"12":0,"13":0,"14":0,"15":0,"16":0,"17":0,"18":0,"19":0,"20":0,"21":0,"22":0,"23":0,"24":0,"25":0,"26":0,"27":0,"28":0,"29":0,"30":0,"31":0,"32":0,"33":0,"34":0,"35":0,"36":0,"37":0,"38":0,"39":0,"40":0,"41":0,"42":0,"43":0,"44":0,"45":0,"46":0,"47":0,"48":0,"49":0,"50":0,"51":0,"52":0,"53":0,"54":0,"55":0,"56":0,"57":3},"f":{"0":1,"1":0,"2":0,"3":0,"4":0,"5":0,"6":0,"7":0,"8":0,"9":0},"b":{"0":[1],"1":[0],"2":[0],"3":[0,0],"4":[0,0],"5":[0],"6":[0],"7":[0],"8":[0],"9":[0],"10":[0],"11":[0],"12":[0],"13":[0,0,0,0,0],"14":[0,0],"15":[0,0],"16":[0,0],"17":[0,0],"18":[0,0]}}
,"/Users/Ryan/Documents/CSC369/potions/packages/client/src/world/mob.ts": {"path":"/Users/Ryan/Documents/CSC369/potions/packages/client/src/world/mob.ts","statementMap":{"0":{"start":{"line":1,"column":0},"end":{"line":1,"column":54}},"1":{"start":{"line":2,"column":0},"end":{"line":2,"column":38}},"2":{"start":{"line":7,"column":18},"end":{"line":7,"column":20}},"3":{"start":{"line":10,"column":18},"end":{"line":10,"column":23}},"4":{"start":{"line":12,"column":39},"end":{"line":12,"column":41}},"5":{"start":{"line":13,"column":42},"end":{"line":13,"column":44}},"6":{"start":{"line":14,"column":22},"end":{"line":14,"column":24}},"7":{"start":{"line":15,"column":18},"end":{"line":15,"column":20}},"8":{"start":{"line":27,"column":4},"end":{"line":27,"column":38}},"9":{"start":{"line":28,"column":4},"end":{"line":28,"column":21}},"10":{"start":{"line":29,"column":4},"end":{"line":29,"column":31}},"11":{"start":{"line":30,"column":4},"end":{"line":32,"column":5}},"12":{"start":{"line":31,"column":6},"end":{"line":31,"column":31}},"13":{"start":{"line":34,"column":4},"end":{"line":36,"column":5}},"14":{"start":{"line":35,"column":6},"end":{"line":35,"column":35}},"15":{"start":{"line":37,"column":4},"end":{"line":39,"column":5}},"16":{"start":{"line":38,"column":6},"end":{"line":38,"column":38}},"17":{"start":{"line":43,"column":4},"end":{"line":43,"column":25}},"18":{"start":{"line":47,"column":4},"end":{"line":47,"column":24}},"19":{"start":{"line":51,"column":4},"end":{"line":51,"column":21}},"20":{"start":{"line":53,"column":4},"end":{"line":55,"column":5}},"21":{"start":{"line":54,"column":6},"end":{"line":54,"column":36}},"22":{"start":{"line":56,"column":4},"end":{"line":56,"column":32}},"23":{"start":{"line":61,"column":4},"end":{"line":61,"column":37}},"24":{"start":{"line":62,"column":4},"end":{"line":62,"column":32}},"25":{"start":{"line":66,"column":4},"end":{"line":66,"column":33}},"26":{"start":{"line":68,"column":4},"end":{"line":70,"column":5}},"27":{"start":{"line":69,"column":6},"end":{"line":69,"column":13}},"28":{"start":{"line":72,"column":4},"end":{"line":89,"column":5}},"29":{"start":{"line":74,"column":23},"end":{"line":74,"column":35}},"30":{"start":{"line":75,"column":23},"end":{"line":75,"column":54}},"31":{"start":{"line":76,"column":23},"end":{"line":76,"column":62}},"32":{"start":{"line":77,"column":6},"end":{"line":79,"column":7}},"33":{"start":{"line":78,"column":8},"end":{"line":78,"column":78}},"34":{"start":{"line":81,"column":32},"end":{"line":85,"column":null}},"35":{"start":{"line":87,"column":6},"end":{"line":87,"column":43}},"36":{"start":{"line":88,"column":6},"end":{"line":88,"column":25}},"37":{"start":{"line":91,"column":4},"end":{"line":99,"column":5}},"38":{"start":{"line":98,"column":6},"end":{"line":98,"column":30}},"39":{"start":{"line":5,"column":0},"end":{"line":5,"column":13}}},"fnMap":{"0":{"name":"(anonymous_0)","decl":{"start":{"line":17,"column":2},"end":{"line":17,"column":null}},"loc":{"start":{"line":25,"column":41},"end":{"line":40,"column":3}}},"1":{"name":"(anonymous_1)","decl":{"start":{"line":42,"column":2},"end":{"line":42,"column":6}},"loc":{"start":{"line":42,"column":37},"end":{"line":44,"column":3}}},"2":{"name":"(anonymous_2)","decl":{"start":{"line":46,"column":2},"end":{"line":46,"column":6}},"loc":{"start":{"line":46,"column":12},"end":{"line":48,"column":3}}},"3":{"name":"(anonymous_3)","decl":{"start":{"line":50,"column":2},"end":{"line":50,"column":9}},"loc":{"start":{"line":50,"column":22},"end":{"line":57,"column":3}}},"4":{"name":"(anonymous_4)","decl":{"start":{"line":59,"column":2},"end":{"line":59,"column":16}},"loc":{"start":{"line":59,"column":49},"end":{"line":63,"column":3}}},"5":{"name":"(anonymous_5)","decl":{"start":{"line":65,"column":2},"end":{"line":65,"column":6}},"loc":{"start":{"line":65,"column":38},"end":{"line":100,"column":3}}}},"branchMap":{"0":{"loc":{"start":{"line":30,"column":4},"end":{"line":32,"column":5}},"type":"if","locations":[{"start":{"line":30,"column":4},"end":{"line":32,"column":5}}]},"1":{"loc":{"start":{"line":53,"column":4},"end":{"line":55,"column":5}},"type":"if","locations":[{"start":{"line":53,"column":4},"end":{"line":55,"column":5}}]},"2":{"loc":{"start":{"line":68,"column":4},"end":{"line":70,"column":5}},"type":"if","locations":[{"start":{"line":68,"column":4},"end":{"line":70,"column":5}}]},"3":{"loc":{"start":{"line":72,"column":4},"end":{"line":89,"column":5}},"type":"if","locations":[{"start":{"line":72,"column":4},"end":{"line":89,"column":5}}]},"4":{"loc":{"start":{"line":77,"column":6},"end":{"line":79,"column":7}},"type":"if","locations":[{"start":{"line":77,"column":6},"end":{"line":79,"column":7}}]},"5":{"loc":{"start":{"line":77,"column":10},"end":{"line":77,"column":58}},"type":"binary-expr","locations":[{"start":{"line":77,"column":10},"end":{"line":77,"column":20}},{"start":{"line":77,"column":24},"end":{"line":77,"column":58}}]},"6":{"loc":{"start":{"line":91,"column":4},"end":{"line":99,"column":5}},"type":"if","locations":[{"start":{"line":91,"column":4},"end":{"line":99,"column":5}}]},"7":{"loc":{"start":{"line":92,"column":6},"end":{"line":96,"column":38}},"type":"binary-expr","locations":[{"start":{"line":92,"column":6},"end":{"line":92,"column":28}},{"start":{"line":93,"column":6},"end":{"line":93,"column":17}},{"start":{"line":94,"column":6},"end":{"line":94,"column":19}},{"start":{"line":95,"column":6},"end":{"line":95,"column":38}},{"start":{"line":96,"column":6},"end":{"line":96,"column":38}}]}},"s":{"0":1,"1":1,"2":4,"3":4,"4":4,"5":4,"6":4,"7":4,"8":4,"9":4,"10":4,"11":4,"12":4,"13":4,"14":0,"15":4,"16":0,"17":0,"18":0,"19":0,"20":0,"21":0,"22":0,"23":3,"24":3,"25":3,"26":3,"27":0,"28":3,"29":3,"30":3,"31":3,"32":3,"33":1,"34":3,"35":3,"36":3,"37":3,"38":0,"39":1},"f":{"0":4,"1":0,"2":0,"3":0,"4":3,"5":3},"b":{"0":[4],"1":[0],"2":[0],"3":[3],"4":[1],"5":[3,2],"6":[0],"7":[3,0,0,0,0]}}
,"/Users/Ryan/Documents/CSC369/potions/packages/client/src/world/physical.ts": {"path":"/Users/Ryan/Documents/CSC369/potions/packages/client/src/world/physical.ts","statementMap":{"0":{"start":{"line":5,"column":27},"end":{"line":5,"column":31}},"1":{"start":{"line":6,"column":18},"end":{"line":6,"column":19}},"2":{"start":{"line":7,"column":18},"end":{"line":7,"column":23}},"3":{"start":{"line":10,"column":27},"end":{"line":10,"column":31}},"4":{"start":{"line":13,"column":4},"end":{"line":13,"column":19}},"5":{"start":{"line":14,"column":4},"end":{"line":14,"column":21}},"6":{"start":{"line":15,"column":4},"end":{"line":17,"column":5}},"7":{"start":{"line":16,"column":6},"end":{"line":16,"column":55}},"8":{"start":{"line":21,"column":4},"end":{"line":23,"column":5}},"9":{"start":{"line":22,"column":6},"end":{"line":22,"column":13}},"10":{"start":{"line":4,"column":0},"end":{"line":4,"column":13}}},"fnMap":{"0":{"name":"(anonymous_0)","decl":{"start":{"line":12,"column":2},"end":{"line":12,"column":14}},"loc":{"start":{"line":12,"column":77},"end":{"line":18,"column":3}}},"1":{"name":"(anonymous_1)","decl":{"start":{"line":20,"column":2},"end":{"line":20,"column":6}},"loc":{"start":{"line":20,"column":40},"end":{"line":24,"column":3}}}},"branchMap":{"0":{"loc":{"start":{"line":15,"column":4},"end":{"line":17,"column":5}},"type":"if","locations":[{"start":{"line":15,"column":4},"end":{"line":17,"column":5}}]},"1":{"loc":{"start":{"line":21,"column":4},"end":{"line":23,"column":5}},"type":"if","locations":[{"start":{"line":21,"column":4},"end":{"line":23,"column":5}}]}},"s":{"0":5,"1":5,"2":5,"3":5,"4":5,"5":5,"6":5,"7":5,"8":3,"9":0,"10":4},"f":{"0":5,"1":3},"b":{"0":[5],"1":[0]}}
,"/Users/Ryan/Documents/CSC369/potions/packages/client/src/world/world.ts": {"path":"/Users/Ryan/Documents/CSC369/potions/packages/client/src/world/world.ts","statementMap":{"0":{"start":{"line":1,"column":0},"end":{"line":1,"column":null}},"1":{"start":{"line":24,"column":30},"end":{"line":24,"column":32}},"2":{"start":{"line":25,"column":32},"end":{"line":25,"column":34}},"3":{"start":{"line":26,"column":40},"end":{"line":26,"column":42}},"4":{"start":{"line":34,"column":4},"end":{"line":37,"column":6}},"5":{"start":{"line":38,"column":4},"end":{"line":38,"column":52}},"6":{"start":{"line":39,"column":4},"end":{"line":39,"column":56}},"7":{"start":{"line":40,"column":4},"end":{"line":40,"column":65}},"8":{"start":{"line":41,"column":4},"end":{"line":41,"column":40}},"9":{"start":{"line":44,"column":4},"end":{"line":44,"column":29}},"10":{"start":{"line":45,"column":4},"end":{"line":50,"column":5}},"11":{"start":{"line":45,"column":17},"end":{"line":45,"column":18}},"12":{"start":{"line":46,"column":6},"end":{"line":49,"column":7}},"13":{"start":{"line":46,"column":19},"end":{"line":46,"column":20}},"14":{"start":{"line":48,"column":8},"end":{"line":48,"column":42}},"15":{"start":{"line":52,"column":4},"end":{"line":52,"column":30}},"16":{"start":{"line":54,"column":4},"end":{"line":54,"column":34}},"17":{"start":{"line":55,"column":4},"end":{"line":57,"column":5}},"18":{"start":{"line":56,"column":6},"end":{"line":56,"column":39}},"19":{"start":{"line":59,"column":4},"end":{"line":59,"column":31}},"20":{"start":{"line":63,"column":4},"end":{"line":69,"column":5}},"21":{"start":{"line":64,"column":6},"end":{"line":68,"column":7}},"22":{"start":{"line":65,"column":8},"end":{"line":65,"column":26}},"23":{"start":{"line":67,"column":8},"end":{"line":67,"column":34}},"24":{"start":{"line":70,"column":4},"end":{"line":72,"column":5}},"25":{"start":{"line":71,"column":6},"end":{"line":71,"column":33}},"26":{"start":{"line":76,"column":4},"end":{"line":78,"column":5}},"27":{"start":{"line":77,"column":6},"end":{"line":77,"column":53}},"28":{"start":{"line":82,"column":4},"end":{"line":84,"column":5}},"29":{"start":{"line":83,"column":6},"end":{"line":83,"column":48}},"30":{"start":{"line":86,"column":18},"end":{"line":86,"column":37}},"31":{"start":{"line":89,"column":19},"end":{"line":89,"column":42}},"32":{"start":{"line":90,"column":4},"end":{"line":90,"column":40}},"33":{"start":{"line":94,"column":4},"end":{"line":96,"column":5}},"34":{"start":{"line":95,"column":6},"end":{"line":95,"column":48}},"35":{"start":{"line":98,"column":18},"end":{"line":98,"column":38}},"36":{"start":{"line":100,"column":4},"end":{"line":100,"column":53}},"37":{"start":{"line":104,"column":4},"end":{"line":106,"column":5}},"38":{"start":{"line":105,"column":6},"end":{"line":105,"column":48}},"39":{"start":{"line":107,"column":18},"end":{"line":107,"column":38}},"40":{"start":{"line":109,"column":19},"end":{"line":109,"column":42}},"41":{"start":{"line":110,"column":4},"end":{"line":110,"column":33}},"42":{"start":{"line":114,"column":4},"end":{"line":116,"column":5}},"43":{"start":{"line":115,"column":6},"end":{"line":115,"column":48}},"44":{"start":{"line":117,"column":18},"end":{"line":117,"column":37}},"45":{"start":{"line":119,"column":19},"end":{"line":119,"column":42}},"46":{"start":{"line":120,"column":4},"end":{"line":120,"column":80}},"47":{"start":{"line":124,"column":4},"end":{"line":126,"column":5}},"48":{"start":{"line":125,"column":6},"end":{"line":125,"column":48}},"49":{"start":{"line":127,"column":23},"end":{"line":127,"column":42}},"50":{"start":{"line":128,"column":26},"end":{"line":128,"column":39}},"51":{"start":{"line":129,"column":4},"end":{"line":131,"column":5}},"52":{"start":{"line":130,"column":6},"end":{"line":130,"column":13}},"53":{"start":{"line":133,"column":19},"end":{"line":133,"column":52}},"54":{"start":{"line":134,"column":4},"end":{"line":134,"column":80}},"55":{"start":{"line":137,"column":19},"end":{"line":137,"column":58}},"56":{"start":{"line":138,"column":4},"end":{"line":138,"column":40}},"57":{"start":{"line":143,"column":17},"end":{"line":143,"column":47}},"58":{"start":{"line":144,"column":4},"end":{"line":144,"column":29}},"59":{"start":{"line":149,"column":4},"end":{"line":152,"column":5}},"60":{"start":{"line":150,"column":19},"end":{"line":150,"column":49}},"61":{"start":{"line":151,"column":6},"end":{"line":151,"column":32}},"62":{"start":{"line":154,"column":34},"end":{"line":154,"column":36}},"63":{"start":{"line":157,"column":17},"end":{"line":157,"column":40}},"64":{"start":{"line":158,"column":17},"end":{"line":158,"column":58}},"65":{"start":{"line":159,"column":17},"end":{"line":159,"column":40}},"66":{"start":{"line":160,"column":17},"end":{"line":160,"column":59}},"67":{"start":{"line":163,"column":4},"end":{"line":170,"column":5}},"68":{"start":{"line":163,"column":17},"end":{"line":163,"column":21}},"69":{"start":{"line":164,"column":6},"end":{"line":169,"column":7}},"70":{"start":{"line":164,"column":19},"end":{"line":164,"column":23}},"71":{"start":{"line":165,"column":21},"end":{"line":165,"column":51}},"72":{"start":{"line":166,"column":8},"end":{"line":168,"column":9}},"73":{"start":{"line":167,"column":10},"end":{"line":167,"column":35}},"74":{"start":{"line":172,"column":4},"end":{"line":172,"column":25}},"75":{"start":{"line":177,"column":4},"end":{"line":179,"column":5}},"76":{"start":{"line":178,"column":6},"end":{"line":178,"column":49}},"77":{"start":{"line":181,"column":32},"end":{"line":181,"column":34}},"78":{"start":{"line":184,"column":17},"end":{"line":184,"column":40}},"79":{"start":{"line":185,"column":17},"end":{"line":185,"column":58}},"80":{"start":{"line":186,"column":17},"end":{"line":186,"column":40}},"81":{"start":{"line":187,"column":17},"end":{"line":187,"column":59}},"82":{"start":{"line":190,"column":4},"end":{"line":201,"column":5}},"83":{"start":{"line":190,"column":17},"end":{"line":190,"column":21}},"84":{"start":{"line":191,"column":6},"end":{"line":200,"column":7}},"85":{"start":{"line":191,"column":19},"end":{"line":191,"column":23}},"86":{"start":{"line":192,"column":34},"end":{"line":192,"column":69}},"87":{"start":{"line":193,"column":8},"end":{"line":199,"column":9}},"88":{"start":{"line":195,"column":27},"end":{"line":195,"column":65}},"89":{"start":{"line":196,"column":10},"end":{"line":198,"column":11}},"90":{"start":{"line":197,"column":12},"end":{"line":197,"column":38}},"91":{"start":{"line":203,"column":4},"end":{"line":203,"column":24}},"92":{"start":{"line":207,"column":4},"end":{"line":209,"column":5}},"93":{"start":{"line":208,"column":6},"end":{"line":208,"column":52}},"94":{"start":{"line":210,"column":4},"end":{"line":210,"column":41}},"95":{"start":{"line":212,"column":4},"end":{"line":226,"column":5}},"96":{"start":{"line":213,"column":6},"end":{"line":215,"column":7}},"97":{"start":{"line":214,"column":8},"end":{"line":214,"column":17}},"98":{"start":{"line":216,"column":6},"end":{"line":225,"column":7}},"99":{"start":{"line":220,"column":8},"end":{"line":224,"column":10}},"100":{"start":{"line":227,"column":4},"end":{"line":227,"column":59}},"101":{"start":{"line":13,"column":0},"end":{"line":13,"column":13}},"102":{"start":{"line":231,"column":13},"end":{"line":231,"column":33}}},"fnMap":{"0":{"name":"(anonymous_0)","decl":{"start":{"line":31,"column":2},"end":{"line":31,"column":17}},"loc":{"start":{"line":31,"column":2},"end":{"line":31,"column":18}}},"1":{"name":"(anonymous_1)","decl":{"start":{"line":33,"column":2},"end":{"line":33,"column":6}},"loc":{"start":{"line":33,"column":41},"end":{"line":60,"column":3}}},"2":{"name":"(anonymous_2)","decl":{"start":{"line":62,"column":2},"end":{"line":62,"column":6}},"loc":{"start":{"line":62,"column":24},"end":{"line":73,"column":3}}},"3":{"name":"(anonymous_3)","decl":{"start":{"line":75,"column":2},"end":{"line":75,"column":16}},"loc":{"start":{"line":75,"column":49},"end":{"line":79,"column":3}}},"4":{"name":"(anonymous_4)","decl":{"start":{"line":81,"column":2},"end":{"line":81,"column":14}},"loc":{"start":{"line":81,"column":23},"end":{"line":91,"column":3}}},"5":{"name":"(anonymous_5)","decl":{"start":{"line":93,"column":2},"end":{"line":93,"column":15}},"loc":{"start":{"line":93,"column":26},"end":{"line":101,"column":3}}},"6":{"name":"(anonymous_6)","decl":{"start":{"line":103,"column":2},"end":{"line":103,"column":20}},"loc":{"start":{"line":103,"column":31},"end":{"line":111,"column":3}}},"7":{"name":"(anonymous_7)","decl":{"start":{"line":113,"column":2},"end":{"line":113,"column":19}},"loc":{"start":{"line":113,"column":28},"end":{"line":121,"column":3}}},"8":{"name":"(anonymous_8)","decl":{"start":{"line":123,"column":2},"end":{"line":123,"column":9}},"loc":{"start":{"line":123,"column":33},"end":{"line":140,"column":3}}},"9":{"name":"(anonymous_9)","decl":{"start":{"line":142,"column":2},"end":{"line":142,"column":11}},"loc":{"start":{"line":142,"column":32},"end":{"line":145,"column":3}}},"10":{"name":"(anonymous_10)","decl":{"start":{"line":147,"column":2},"end":{"line":147,"column":12}},"loc":{"start":{"line":147,"column":53},"end":{"line":173,"column":3}}},"11":{"name":"(anonymous_11)","decl":{"start":{"line":175,"column":2},"end":{"line":175,"column":11}},"loc":{"start":{"line":175,"column":52},"end":{"line":204,"column":3}}},"12":{"name":"(anonymous_12)","decl":{"start":{"line":206,"column":2},"end":{"line":206,"column":14}},"loc":{"start":{"line":206,"column":56},"end":{"line":228,"column":3}}}},"branchMap":{"0":{"loc":{"start":{"line":64,"column":6},"end":{"line":68,"column":7}},"type":"if","locations":[{"start":{"line":64,"column":6},"end":{"line":68,"column":7}},{"start":{"line":66,"column":13},"end":{"line":68,"column":7}}]},"1":{"loc":{"start":{"line":82,"column":4},"end":{"line":84,"column":5}},"type":"if","locations":[{"start":{"line":82,"column":4},"end":{"line":84,"column":5}}]},"2":{"loc":{"start":{"line":94,"column":4},"end":{"line":96,"column":5}},"type":"if","locations":[{"start":{"line":94,"column":4},"end":{"line":96,"column":5}}]},"3":{"loc":{"start":{"line":104,"column":4},"end":{"line":106,"column":5}},"type":"if","locations":[{"start":{"line":104,"column":4},"end":{"line":106,"column":5}}]},"4":{"loc":{"start":{"line":114,"column":4},"end":{"line":116,"column":5}},"type":"if","locations":[{"start":{"line":114,"column":4},"end":{"line":116,"column":5}}]},"5":{"loc":{"start":{"line":124,"column":4},"end":{"line":126,"column":5}},"type":"if","locations":[{"start":{"line":124,"column":4},"end":{"line":126,"column":5}}]},"6":{"loc":{"start":{"line":129,"column":4},"end":{"line":131,"column":5}},"type":"if","locations":[{"start":{"line":129,"column":4},"end":{"line":131,"column":5}}]},"7":{"loc":{"start":{"line":144,"column":11},"end":{"line":144,"column":28}},"type":"binary-expr","locations":[{"start":{"line":144,"column":11},"end":{"line":144,"column":15}},{"start":{"line":144,"column":19},"end":{"line":144,"column":28}}]},"8":{"loc":{"start":{"line":147,"column":35},"end":{"line":147,"column":53}},"type":"default-arg","locations":[{"start":{"line":147,"column":52},"end":{"line":147,"column":53}}]},"9":{"loc":{"start":{"line":149,"column":4},"end":{"line":152,"column":5}},"type":"if","locations":[{"start":{"line":149,"column":4},"end":{"line":152,"column":5}}]},"10":{"loc":{"start":{"line":151,"column":13},"end":{"line":151,"column":31}},"type":"cond-expr","locations":[{"start":{"line":151,"column":20},"end":{"line":151,"column":26}},{"start":{"line":151,"column":29},"end":{"line":151,"column":31}}]},"11":{"loc":{"start":{"line":166,"column":8},"end":{"line":168,"column":9}},"type":"if","locations":[{"start":{"line":166,"column":8},"end":{"line":168,"column":9}}]},"12":{"loc":{"start":{"line":175,"column":34},"end":{"line":175,"column":52}},"type":"default-arg","locations":[{"start":{"line":175,"column":51},"end":{"line":175,"column":52}}]},"13":{"loc":{"start":{"line":177,"column":4},"end":{"line":179,"column":5}},"type":"if","locations":[{"start":{"line":177,"column":4},"end":{"line":179,"column":5}}]},"14":{"loc":{"start":{"line":178,"column":13},"end":{"line":178,"column":48}},"type":"binary-expr","locations":[{"start":{"line":178,"column":13},"end":{"line":178,"column":42}},{"start":{"line":178,"column":46},"end":{"line":178,"column":48}}]},"15":{"loc":{"start":{"line":192,"column":34},"end":{"line":192,"column":69}},"type":"binary-expr","locations":[{"start":{"line":192,"column":34},"end":{"line":192,"column":63}},{"start":{"line":192,"column":67},"end":{"line":192,"column":69}}]},"16":{"loc":{"start":{"line":196,"column":10},"end":{"line":198,"column":11}},"type":"if","locations":[{"start":{"line":196,"column":10},"end":{"line":198,"column":11}}]},"17":{"loc":{"start":{"line":207,"column":4},"end":{"line":209,"column":5}},"type":"if","locations":[{"start":{"line":207,"column":4},"end":{"line":209,"column":5}}]},"18":{"loc":{"start":{"line":213,"column":6},"end":{"line":215,"column":7}},"type":"if","locations":[{"start":{"line":213,"column":6},"end":{"line":215,"column":7}}]},"19":{"loc":{"start":{"line":216,"column":6},"end":{"line":225,"column":7}},"type":"if","locations":[{"start":{"line":216,"column":6},"end":{"line":225,"column":7}}]},"20":{"loc":{"start":{"line":217,"column":8},"end":{"line":218,"column":21}},"type":"binary-expr","locations":[{"start":{"line":217,"column":9},"end":{"line":217,"column":32}},{"start":{"line":217,"column":37},"end":{"line":217,"column":46}},{"start":{"line":217,"column":50},"end":{"line":217,"column":69}},{"start":{"line":218,"column":8},"end":{"line":218,"column":21}}]},"21":{"loc":{"start":{"line":223,"column":10},"end":{"line":223,"column":41}},"type":"cond-expr","locations":[{"start":{"line":223,"column":22},"end":{"line":223,"column":31}},{"start":{"line":223,"column":34},"end":{"line":223,"column":41}}]}},"s":{"0":1,"1":2,"2":2,"3":2,"4":1,"5":1,"6":1,"7":1,"8":1,"9":1,"10":1,"11":1,"12":3,"13":3,"14":9,"15":1,"16":1,"17":1,"18":1,"19":1,"20":0,"21":0,"22":0,"23":0,"24":0,"25":0,"26":0,"27":0,"28":0,"29":0,"30":0,"31":0,"32":0,"33":2,"34":0,"35":2,"36":2,"37":0,"38":0,"39":0,"40":0,"41":0,"42":0,"43":0,"44":0,"45":0,"46":0,"47":0,"48":0,"49":0,"50":0,"51":0,"52":0,"53":0,"54":0,"55":0,"56":0,"57":0,"58":0,"59":0,"60":0,"61":0,"62":0,"63":0,"64":0,"65":0,"66":0,"67":0,"68":0,"69":0,"70":0,"71":0,"72":0,"73":0,"74":0,"75":0,"76":0,"77":0,"78":0,"79":0,"80":0,"81":0,"82":0,"83":0,"84":0,"85":0,"86":0,"87":0,"88":0,"89":0,"90":0,"91":0,"92":3,"93":0,"94":3,"95":3,"96":3,"97":0,"98":3,"99":2,"100":3,"101":1,"102":1},"f":{"0":2,"1":1,"2":0,"3":0,"4":0,"5":2,"6":0,"7":0,"8":0,"9":0,"10":0,"11":0,"12":3},"b":{"0":[0,0],"1":[0],"2":[0],"3":[0],"4":[0],"5":[0],"6":[0],"7":[0,0],"8":[0],"9":[0],"10":[0,0],"11":[0],"12":[0],"13":[0],"14":[0,0],"15":[0,0],"16":[0],"17":[0],"18":[0],"19":[2],"20":[3,3,3,2],"21":[2,0]}}
}
