{"/Users/Ryan/Documents/CSC369/potions/packages/client/src/config.ts": {"path":"/Users/Ryan/Documents/CSC369/potions/packages/client/src/config.ts","statementMap":{"0":{"start":{"line":1,"column":0},"end":{"line":1,"column":33}},"1":{"start":{"line":2,"column":0},"end":{"line":2,"column":49}},"2":{"start":{"line":3,"column":0},"end":{"line":3,"column":43}},"3":{"start":{"line":4,"column":0},"end":{"line":4,"column":57}},"4":{"start":{"line":5,"column":0},"end":{"line":5,"column":65}},"5":{"start":{"line":6,"column":0},"end":{"line":6,"column":49}},"6":{"start":{"line":7,"column":0},"end":{"line":7,"column":49}},"7":{"start":{"line":9,"column":13},"end":{"line":9,"column":32}},"8":{"start":{"line":10,"column":13},"end":{"line":10,"column":33}},"9":{"start":{"line":12,"column":45},"end":{"line":34,"column":2}},"10":{"start":{"line":36,"column":0},"end":{"line":36,"column":22}}},"fnMap":{},"branchMap":{},"s":{"0":5,"1":5,"2":5,"3":5,"4":5,"5":5,"6":5,"7":5,"8":5,"9":5,"10":5},"f":{},"b":{}}
,"/Users/Ryan/Documents/CSC369/potions/packages/client/src/main.ts": {"path":"/Users/Ryan/Documents/CSC369/potions/packages/client/src/main.ts","statementMap":{"0":{"start":{"line":1,"column":0},"end":{"line":1,"column":33}},"1":{"start":{"line":2,"column":0},"end":{"line":2,"column":30}},"2":{"start":{"line":3,"column":0},"end":{"line":3,"column":61}},"3":{"start":{"line":4,"column":0},"end":{"line":4,"column":58}},"4":{"start":{"line":6,"column":13},"end":{"line":6,"column":36}},"5":{"start":{"line":8,"column":11},"end":{"line":8,"column":26}},"6":{"start":{"line":10,"column":0},"end":{"line":23,"column":3}},"7":{"start":{"line":11,"column":2},"end":{"line":11,"column":33}},"8":{"start":{"line":13,"column":2},"end":{"line":15,"column":3}},"9":{"start":{"line":14,"column":4},"end":{"line":14,"column":11}},"10":{"start":{"line":17,"column":2},"end":{"line":20,"column":3}},"11":{"start":{"line":18,"column":4},"end":{"line":18,"column":34}},"12":{"start":{"line":19,"column":4},"end":{"line":19,"column":32}},"13":{"start":{"line":22,"column":2},"end":{"line":22,"column":18}},"14":{"start":{"line":25,"column":0},"end":{"line":32,"column":3}},"15":{"start":{"line":26,"column":2},"end":{"line":26,"column":35}},"16":{"start":{"line":27,"column":2},"end":{"line":27,"column":17}},"17":{"start":{"line":29,"column":2},"end":{"line":31,"column":3}},"18":{"start":{"line":30,"column":4},"end":{"line":30,"column":35}}},"fnMap":{"0":{"name":"(anonymous_10)","decl":{"start":{"line":10,"column":23},"end":{"line":10,"column":26}},"loc":{"start":{"line":10,"column":28},"end":{"line":23,"column":1}}},"1":{"name":"(anonymous_11)","decl":{"start":{"line":25,"column":24},"end":{"line":25,"column":27}},"loc":{"start":{"line":25,"column":29},"end":{"line":32,"column":1}}}},"branchMap":{"0":{"loc":{"start":{"line":13,"column":2},"end":{"line":15,"column":3}},"type":"if","locations":[{"start":{"line":13,"column":2},"end":{"line":15,"column":3}}]},"1":{"loc":{"start":{"line":17,"column":2},"end":{"line":20,"column":3}},"type":"if","locations":[{"start":{"line":17,"column":2},"end":{"line":20,"column":3}}]},"2":{"loc":{"start":{"line":29,"column":2},"end":{"line":31,"column":3}},"type":"if","locations":[{"start":{"line":29,"column":2},"end":{"line":31,"column":3}}]}},"s":{"0":5,"1":5,"2":5,"3":5,"4":5,"5":5,"6":5,"7":0,"8":0,"9":0,"10":0,"11":0,"12":0,"13":0,"14":5,"15":0,"16":0,"17":0,"18":0},"f":{"0":0,"1":0},"b":{"0":[0],"1":[0],"2":[0]}}
,"/Users/Ryan/Documents/CSC369/potions/packages/client/src/worldDescription.ts": {"path":"/Users/Ryan/Documents/CSC369/potions/packages/client/src/worldDescription.ts","statementMap":{"0":{"start":{"line":69,"column":0},"end":{"line":69,"column":16}},"1":{"start":{"line":70,"column":44},"end":{"line":70,"column":76}},"2":{"start":{"line":71,"column":2},"end":{"line":71,"column":25}}},"fnMap":{"0":{"name":"parseWorldFromJson","decl":{"start":{"line":69,"column":16},"end":{"line":69,"column":34}},"loc":{"start":{"line":69,"column":47},"end":{"line":72,"column":1}}}},"branchMap":{},"s":{"0":5,"1":0,"2":0},"f":{"0":0},"b":{}}
,"/Users/Ryan/Documents/CSC369/potions/packages/client/src/worldMetadata.ts": {"path":"/Users/Ryan/Documents/CSC369/potions/packages/client/src/worldMetadata.ts","statementMap":{"0":{"start":{"line":67,"column":0},"end":{"line":67,"column":16}},"1":{"start":{"line":71,"column":0},"end":{"line":71,"column":7}},"2":{"start":{"line":75,"column":0},"end":{"line":75,"column":7}},"3":{"start":{"line":86,"column":0},"end":{"line":86,"column":7}},"4":{"start":{"line":101,"column":0},"end":{"line":101,"column":7}},"5":{"start":{"line":1,"column":0},"end":{"line":1,"column":36}},"6":{"start":{"line":2,"column":0},"end":{"line":2,"column":null}},"7":{"start":{"line":7,"column":0},"end":{"line":7,"column":44}},"8":{"start":{"line":8,"column":0},"end":{"line":8,"column":49}},"9":{"start":{"line":25,"column":4},"end":{"line":25,"column":21}},"10":{"start":{"line":26,"column":4},"end":{"line":26,"column":29}},"11":{"start":{"line":27,"column":4},"end":{"line":27,"column":29}},"12":{"start":{"line":28,"column":4},"end":{"line":28,"column":33}},"13":{"start":{"line":32,"column":4},"end":{"line":34,"column":5}},"14":{"start":{"line":33,"column":6},"end":{"line":33,"column":15}},"15":{"start":{"line":35,"column":4},"end":{"line":35,"column":60}},"16":{"start":{"line":39,"column":4},"end":{"line":41,"column":5}},"17":{"start":{"line":40,"column":6},"end":{"line":40,"column":15}},"18":{"start":{"line":42,"column":4},"end":{"line":42,"column":62}},"19":{"start":{"line":46,"column":4},"end":{"line":48,"column":5}},"20":{"start":{"line":47,"column":6},"end":{"line":47,"column":15}},"21":{"start":{"line":49,"column":4},"end":{"line":49,"column":61}},"22":{"start":{"line":53,"column":4},"end":{"line":55,"column":5}},"23":{"start":{"line":54,"column":6},"end":{"line":54,"column":15}},"24":{"start":{"line":56,"column":4},"end":{"line":56,"column":73}},"25":{"start":{"line":60,"column":4},"end":{"line":60,"column":66}},"26":{"start":{"line":13,"column":0},"end":{"line":13,"column":13}},"27":{"start":{"line":64,"column":11},"end":{"line":64,"column":53}},"28":{"start":{"line":68,"column":2},"end":{"line":68,"column":29}},"29":{"start":{"line":72,"column":2},"end":{"line":72,"column":20}},"30":{"start":{"line":76,"column":2},"end":{"line":81,"column":3}},"31":{"start":{"line":77,"column":4},"end":{"line":77,"column":27}},"32":{"start":{"line":78,"column":4},"end":{"line":78,"column":49}},"33":{"start":{"line":79,"column":4},"end":{"line":79,"column":53}},"34":{"start":{"line":80,"column":4},"end":{"line":80,"column":16}},"35":{"start":{"line":82,"column":2},"end":{"line":82,"column":37}},"36":{"start":{"line":83,"column":2},"end":{"line":83,"column":32}},"37":{"start":{"line":87,"column":2},"end":{"line":87,"column":64}},"38":{"start":{"line":88,"column":2},"end":{"line":88,"column":47}},"39":{"start":{"line":89,"column":2},"end":{"line":89,"column":51}},"40":{"start":{"line":91,"column":2},"end":{"line":96,"column":4}},"41":{"start":{"line":98,"column":2},"end":{"line":98,"column":15}},"42":{"start":{"line":102,"column":2},"end":{"line":105,"column":4}},"43":{"start":{"line":106,"column":2},"end":{"line":109,"column":4}},"44":{"start":{"line":110,"column":2},"end":{"line":113,"column":4}}},"fnMap":{"0":{"name":"(anonymous_0)","decl":{"start":{"line":19,"column":2},"end":{"line":19,"column":null}},"loc":{"start":{"line":23,"column":22},"end":{"line":29,"column":3}}},"1":{"name":"(anonymous_1)","decl":{"start":{"line":31,"column":2},"end":{"line":31,"column":6}},"loc":{"start":{"line":31,"column":10},"end":{"line":36,"column":3}}},"2":{"name":"(anonymous_2)","decl":{"start":{"line":38,"column":2},"end":{"line":38,"column":6}},"loc":{"start":{"line":38,"column":12},"end":{"line":43,"column":3}}},"3":{"name":"(anonymous_3)","decl":{"start":{"line":45,"column":2},"end":{"line":45,"column":6}},"loc":{"start":{"line":45,"column":11},"end":{"line":50,"column":3}}},"4":{"name":"(anonymous_4)","decl":{"start":{"line":52,"column":2},"end":{"line":52,"column":6}},"loc":{"start":{"line":52,"column":23},"end":{"line":57,"column":3}}},"5":{"name":"(anonymous_5)","decl":{"start":{"line":59,"column":2},"end":{"line":59,"column":9}},"loc":{"start":{"line":59,"column":9},"end":{"line":61,"column":3}}},"6":{"name":"addRefreshCallback","decl":{"start":{"line":67,"column":16},"end":{"line":67,"column":34}},"loc":{"start":{"line":67,"column":55},"end":{"line":69,"column":1}}},"7":{"name":"refresh","decl":{"start":{"line":71,"column":22},"end":{"line":71,"column":29}},"loc":{"start":{"line":71,"column":29},"end":{"line":73,"column":1}}},"8":{"name":"changeName","decl":{"start":{"line":75,"column":22},"end":{"line":75,"column":32}},"loc":{"start":{"line":75,"column":45},"end":{"line":84,"column":1}}},"9":{"name":"retrieveCharacter","decl":{"start":{"line":86,"column":22},"end":{"line":86,"column":39}},"loc":{"start":{"line":86,"column":39},"end":{"line":99,"column":1}}},"10":{"name":"saveColors","decl":{"start":{"line":101,"column":22},"end":{"line":101,"column":32}},"loc":{"start":{"line":101,"column":32},"end":{"line":114,"column":1}}}},"branchMap":{"0":{"loc":{"start":{"line":32,"column":4},"end":{"line":34,"column":5}},"type":"if","locations":[{"start":{"line":32,"column":4},"end":{"line":34,"column":5}}]},"1":{"loc":{"start":{"line":32,"column":8},"end":{"line":32,"column":48}},"type":"binary-expr","locations":[{"start":{"line":32,"column":8},"end":{"line":32,"column":14}},{"start":{"line":32,"column":18},"end":{"line":32,"column":48}}]},"2":{"loc":{"start":{"line":39,"column":4},"end":{"line":41,"column":5}},"type":"if","locations":[{"start":{"line":39,"column":4},"end":{"line":41,"column":5}}]},"3":{"loc":{"start":{"line":39,"column":8},"end":{"line":39,"column":48}},"type":"binary-expr","locations":[{"start":{"line":39,"column":8},"end":{"line":39,"column":14}},{"start":{"line":39,"column":18},"end":{"line":39,"column":48}}]},"4":{"loc":{"start":{"line":46,"column":4},"end":{"line":48,"column":5}},"type":"if","locations":[{"start":{"line":46,"column":4},"end":{"line":48,"column":5}}]},"5":{"loc":{"start":{"line":46,"column":8},"end":{"line":46,"column":48}},"type":"binary-expr","locations":[{"start":{"line":46,"column":8},"end":{"line":46,"column":14}},{"start":{"line":46,"column":18},"end":{"line":46,"column":48}}]},"6":{"loc":{"start":{"line":53,"column":4},"end":{"line":55,"column":5}},"type":"if","locations":[{"start":{"line":53,"column":4},"end":{"line":55,"column":5}}]},"7":{"loc":{"start":{"line":53,"column":8},"end":{"line":53,"column":48}},"type":"binary-expr","locations":[{"start":{"line":53,"column":8},"end":{"line":53,"column":14}},{"start":{"line":53,"column":18},"end":{"line":53,"column":48}}]},"8":{"loc":{"start":{"line":76,"column":2},"end":{"line":81,"column":3}},"type":"if","locations":[{"start":{"line":76,"column":2},"end":{"line":81,"column":3}}]},"9":{"loc":{"start":{"line":87,"column":16},"end":{"line":87,"column":63}},"type":"binary-expr","locations":[{"start":{"line":87,"column":16},"end":{"line":87,"column":51}},{"start":{"line":87,"column":55},"end":{"line":87,"column":63}}]},"10":{"loc":{"start":{"line":92,"column":4},"end":{"line":92,"column":44}},"type":"binary-expr","locations":[{"start":{"line":92,"column":4},"end":{"line":92,"column":32}},{"start":{"line":92,"column":36},"end":{"line":92,"column":44}}]},"11":{"loc":{"start":{"line":93,"column":22},"end":{"line":93,"column":74}},"type":"binary-expr","locations":[{"start":{"line":93,"column":22},"end":{"line":93,"column":54}},{"start":{"line":93,"column":58},"end":{"line":93,"column":74}}]},"12":{"loc":{"start":{"line":94,"column":22},"end":{"line":94,"column":74}},"type":"binary-expr","locations":[{"start":{"line":94,"column":22},"end":{"line":94,"column":54}},{"start":{"line":94,"column":58},"end":{"line":94,"column":74}}]},"13":{"loc":{"start":{"line":95,"column":22},"end":{"line":95,"column":76}},"type":"binary-expr","locations":[{"start":{"line":95,"column":22},"end":{"line":95,"column":56}},{"start":{"line":95,"column":60},"end":{"line":95,"column":76}}]}},"s":{"0":5,"1":5,"2":5,"3":5,"4":5,"5":5,"6":5,"7":5,"8":5,"9":0,"10":0,"11":0,"12":0,"13":0,"14":0,"15":0,"16":0,"17":0,"18":0,"19":0,"20":0,"21":0,"22":0,"23":0,"24":0,"25":0,"26":5,"27":5,"28":0,"29":0,"30":0,"31":0,"32":0,"33":0,"34":0,"35":0,"36":0,"37":0,"38":0,"39":0,"40":0,"41":0,"42":0,"43":0,"44":0},"f":{"0":0,"1":0,"2":0,"3":0,"4":0,"5":0,"6":0,"7":0,"8":0,"9":0,"10":0},"b":{"0":[0],"1":[0,0],"2":[0],"3":[0,0],"4":[0],"5":[0,0],"6":[0],"7":[0,0],"8":[0],"9":[0,0],"10":[0,0],"11":[0,0],"12":[0,0],"13":[0,0]}}
,"/Users/Ryan/Documents/CSC369/potions/packages/client/src/components/button.ts": {"path":"/Users/Ryan/Documents/CSC369/potions/packages/client/src/components/button.ts","statementMap":{"0":{"start":{"line":1,"column":13},"end":{"line":1,"column":32}},"1":{"start":{"line":2,"column":13},"end":{"line":2,"column":32}},"2":{"start":{"line":3,"column":0},"end":{"line":3,"column":28}},"3":{"start":{"line":10,"column":20},"end":{"line":10,"column":24}},"4":{"start":{"line":24,"column":4},"end":{"line":24,"column":23}},"5":{"start":{"line":25,"column":4},"end":{"line":25,"column":29}},"6":{"start":{"line":27,"column":4},"end":{"line":27,"column":27}},"7":{"start":{"line":28,"column":4},"end":{"line":28,"column":29}},"8":{"start":{"line":29,"column":4},"end":{"line":29,"column":34}},"9":{"start":{"line":30,"column":4},"end":{"line":30,"column":36}},"10":{"start":{"line":32,"column":4},"end":{"line":70,"column":5}},"11":{"start":{"line":34,"column":6},"end":{"line":41,"column":23}},"12":{"start":{"line":44,"column":6},"end":{"line":49,"column":24}},"13":{"start":{"line":52,"column":6},"end":{"line":52,"column":66}},"14":{"start":{"line":55,"column":6},"end":{"line":55,"column":56}},"15":{"start":{"line":58,"column":6},"end":{"line":58,"column":59}},"16":{"start":{"line":59,"column":6},"end":{"line":59,"column":54}},"17":{"start":{"line":62,"column":6},"end":{"line":67,"column":23}},"18":{"start":{"line":68,"column":6},"end":{"line":68,"column":34}},"19":{"start":{"line":69,"column":6},"end":{"line":69,"column":70}},"20":{"start":{"line":73,"column":4},"end":{"line":73,"column":26}},"21":{"start":{"line":82,"column":4},"end":{"line":82,"column":28}},"22":{"start":{"line":85,"column":4},"end":{"line":85,"column":28}},"23":{"start":{"line":89,"column":4},"end":{"line":93,"column":7}},"24":{"start":{"line":90,"column":6},"end":{"line":90,"column":38}},"25":{"start":{"line":91,"column":6},"end":{"line":91,"column":44}},"26":{"start":{"line":92,"column":6},"end":{"line":92,"column":52}},"27":{"start":{"line":95,"column":4},"end":{"line":99,"column":7}},"28":{"start":{"line":96,"column":6},"end":{"line":96,"column":38}},"29":{"start":{"line":97,"column":6},"end":{"line":97,"column":43}},"30":{"start":{"line":98,"column":6},"end":{"line":98,"column":52}},"31":{"start":{"line":101,"column":4},"end":{"line":114,"column":6}},"32":{"start":{"line":109,"column":8},"end":{"line":109,"column":32}},"33":{"start":{"line":110,"column":8},"end":{"line":110,"column":40}},"34":{"start":{"line":111,"column":8},"end":{"line":111,"column":46}},"35":{"start":{"line":112,"column":8},"end":{"line":112,"column":54}},"36":{"start":{"line":116,"column":4},"end":{"line":121,"column":7}},"37":{"start":{"line":117,"column":6},"end":{"line":117,"column":38}},"38":{"start":{"line":118,"column":6},"end":{"line":118,"column":44}},"39":{"start":{"line":119,"column":6},"end":{"line":119,"column":52}},"40":{"start":{"line":120,"column":6},"end":{"line":120,"column":22}},"41":{"start":{"line":128,"column":23},"end":{"line":128,"column":67}},"42":{"start":{"line":131,"column":4},"end":{"line":133,"column":7}},"43":{"start":{"line":136,"column":19},"end":{"line":136,"column":77}},"44":{"start":{"line":139,"column":4},"end":{"line":146,"column":5}},"45":{"start":{"line":140,"column":6},"end":{"line":140,"column":20}},"46":{"start":{"line":141,"column":6},"end":{"line":144,"column":7}},"47":{"start":{"line":142,"column":8},"end":{"line":142,"column":22}},"48":{"start":{"line":143,"column":8},"end":{"line":143,"column":14}},"49":{"start":{"line":145,"column":6},"end":{"line":145,"column":39}},"50":{"start":{"line":153,"column":4},"end":{"line":159,"column":5}},"51":{"start":{"line":155,"column":26},"end":{"line":157,"column":13}},"52":{"start":{"line":158,"column":6},"end":{"line":158,"column":54}},"53":{"start":{"line":161,"column":4},"end":{"line":166,"column":5}},"54":{"start":{"line":165,"column":6},"end":{"line":165,"column":57}},"55":{"start":{"line":170,"column":4},"end":{"line":170,"column":24}},"56":{"start":{"line":5,"column":0},"end":{"line":5,"column":13}}},"fnMap":{"0":{"name":"(anonymous_1)","decl":{"start":{"line":14,"column":2},"end":{"line":14,"column":null}},"loc":{"start":{"line":22,"column":40},"end":{"line":86,"column":3}}},"1":{"name":"(anonymous_2)","decl":{"start":{"line":88,"column":10},"end":{"line":88,"column":26}},"loc":{"start":{"line":88,"column":26},"end":{"line":122,"column":3}}},"2":{"name":"(anonymous_3)","decl":{"start":{"line":89,"column":27},"end":{"line":89,"column":30}},"loc":{"start":{"line":89,"column":32},"end":{"line":93,"column":5}}},"3":{"name":"(anonymous_4)","decl":{"start":{"line":95,"column":26},"end":{"line":95,"column":29}},"loc":{"start":{"line":95,"column":31},"end":{"line":99,"column":5}}},"4":{"name":"(anonymous_5)","decl":{"start":{"line":103,"column":6},"end":{"line":103,"column":null}},"loc":{"start":{"line":108,"column":10},"end":{"line":113,"column":7}}},"5":{"name":"(anonymous_6)","decl":{"start":{"line":116,"column":25},"end":{"line":116,"column":28}},"loc":{"start":{"line":116,"column":30},"end":{"line":121,"column":5}}},"6":{"name":"(anonymous_7)","decl":{"start":{"line":127,"column":10},"end":{"line":127,"column":29}},"loc":{"start":{"line":127,"column":69},"end":{"line":147,"column":3}}},"7":{"name":"(anonymous_8)","decl":{"start":{"line":152,"column":2},"end":{"line":152,"column":10}},"loc":{"start":{"line":152,"column":62},"end":{"line":167,"column":3}}},"8":{"name":"(anonymous_9)","decl":{"start":{"line":169,"column":2},"end":{"line":169,"column":9}},"loc":{"start":{"line":169,"column":9},"end":{"line":171,"column":3}}}},"branchMap":{"0":{"loc":{"start":{"line":21,"column":4},"end":{"line":21,"column":38}},"type":"default-arg","locations":[{"start":{"line":21,"column":26},"end":{"line":21,"column":38}}]},"1":{"loc":{"start":{"line":22,"column":4},"end":{"line":22,"column":40}},"type":"default-arg","locations":[{"start":{"line":22,"column":27},"end":{"line":22,"column":40}}]},"2":{"loc":{"start":{"line":32,"column":4},"end":{"line":70,"column":5}},"type":"if","locations":[{"start":{"line":32,"column":4},"end":{"line":70,"column":5}},{"start":{"line":60,"column":11},"end":{"line":70,"column":5}}]},"3":{"loc":{"start":{"line":136,"column":28},"end":{"line":136,"column":72}},"type":"binary-expr","locations":[{"start":{"line":136,"column":28},"end":{"line":136,"column":64}},{"start":{"line":136,"column":68},"end":{"line":136,"column":72}}]},"4":{"loc":{"start":{"line":141,"column":6},"end":{"line":144,"column":7}},"type":"if","locations":[{"start":{"line":141,"column":6},"end":{"line":144,"column":7}}]},"5":{"loc":{"start":{"line":153,"column":4},"end":{"line":159,"column":5}},"type":"if","locations":[{"start":{"line":153,"column":4},"end":{"line":159,"column":5}}]},"6":{"loc":{"start":{"line":153,"column":8},"end":{"line":153,"column":68}},"type":"binary-expr","locations":[{"start":{"line":153,"column":8},"end":{"line":153,"column":43}},{"start":{"line":153,"column":47},"end":{"line":153,"column":68}}]},"7":{"loc":{"start":{"line":161,"column":4},"end":{"line":166,"column":5}},"type":"if","locations":[{"start":{"line":161,"column":4},"end":{"line":166,"column":5}}]},"8":{"loc":{"start":{"line":162,"column":6},"end":{"line":163,"column":58}},"type":"binary-expr","locations":[{"start":{"line":162,"column":6},"end":{"line":162,"column":31}},{"start":{"line":163,"column":6},"end":{"line":163,"column":58}}]}},"s":{"0":5,"1":5,"2":5,"3":0,"4":0,"5":0,"6":0,"7":0,"8":0,"9":0,"10":0,"11":0,"12":0,"13":0,"14":0,"15":0,"16":0,"17":0,"18":0,"19":0,"20":0,"21":0,"22":0,"23":0,"24":0,"25":0,"26":0,"27":0,"28":0,"29":0,"30":0,"31":0,"32":0,"33":0,"34":0,"35":0,"36":0,"37":0,"38":0,"39":0,"40":0,"41":0,"42":0,"43":0,"44":0,"45":0,"46":0,"47":0,"48":0,"49":0,"50":0,"51":0,"52":0,"53":0,"54":0,"55":0,"56":5},"f":{"0":0,"1":0,"2":0,"3":0,"4":0,"5":0,"6":0,"7":0,"8":0},"b":{"0":[0],"1":[0],"2":[0,0],"3":[0,0],"4":[0],"5":[0],"6":[0,0],"7":[0],"8":[0,0]}}
,"/Users/Ryan/Documents/CSC369/potions/packages/client/src/components/buttonManager.ts": {"path":"/Users/Ryan/Documents/CSC369/potions/packages/client/src/components/buttonManager.ts","statementMap":{"0":{"start":{"line":6,"column":4},"end":{"line":6,"column":27}},"1":{"start":{"line":10,"column":4},"end":{"line":10,"column":30}},"2":{"start":{"line":14,"column":4},"end":{"line":14,"column":63}},"3":{"start":{"line":14,"column":45},"end":{"line":14,"column":61}},"4":{"start":{"line":15,"column":4},"end":{"line":15,"column":22}},"5":{"start":{"line":3,"column":0},"end":{"line":3,"column":13}}},"fnMap":{"0":{"name":"(anonymous_0)","decl":{"start":{"line":5,"column":2},"end":{"line":5,"column":14}},"loc":{"start":{"line":5,"column":31},"end":{"line":7,"column":3}}},"1":{"name":"(anonymous_1)","decl":{"start":{"line":9,"column":2},"end":{"line":9,"column":6}},"loc":{"start":{"line":9,"column":21},"end":{"line":11,"column":3}}},"2":{"name":"(anonymous_2)","decl":{"start":{"line":13,"column":2},"end":{"line":13,"column":20}},"loc":{"start":{"line":13,"column":20},"end":{"line":16,"column":3}}},"3":{"name":"(anonymous_3)","decl":{"start":{"line":14,"column":25},"end":{"line":14,"column":26}},"loc":{"start":{"line":14,"column":45},"end":{"line":14,"column":61}}}},"branchMap":{},"s":{"0":4,"1":4,"2":2,"3":4,"4":2,"5":5},"f":{"0":4,"1":4,"2":2,"3":4},"b":{}}
,"/Users/Ryan/Documents/CSC369/potions/packages/client/src/components/chatButtonManager.ts": {"path":"/Users/Ryan/Documents/CSC369/potions/packages/client/src/components/chatButtonManager.ts","statementMap":{"0":{"start":{"line":6,"column":4},"end":{"line":6,"column":35}},"1":{"start":{"line":10,"column":4},"end":{"line":10,"column":34}},"2":{"start":{"line":14,"column":4},"end":{"line":14,"column":67}},"3":{"start":{"line":14,"column":49},"end":{"line":14,"column":65}},"4":{"start":{"line":15,"column":4},"end":{"line":15,"column":26}},"5":{"start":{"line":3,"column":0},"end":{"line":3,"column":13}}},"fnMap":{"0":{"name":"(anonymous_0)","decl":{"start":{"line":5,"column":2},"end":{"line":5,"column":14}},"loc":{"start":{"line":5,"column":35},"end":{"line":7,"column":3}}},"1":{"name":"(anonymous_1)","decl":{"start":{"line":9,"column":2},"end":{"line":9,"column":6}},"loc":{"start":{"line":9,"column":21},"end":{"line":11,"column":3}}},"2":{"name":"(anonymous_2)","decl":{"start":{"line":13,"column":2},"end":{"line":13,"column":18}},"loc":{"start":{"line":13,"column":18},"end":{"line":16,"column":3}}},"3":{"name":"(anonymous_3)","decl":{"start":{"line":14,"column":29},"end":{"line":14,"column":30}},"loc":{"start":{"line":14,"column":49},"end":{"line":14,"column":65}}}},"branchMap":{},"s":{"0":1,"1":2,"2":1,"3":2,"4":1,"5":1},"f":{"0":1,"1":2,"2":1,"3":2},"b":{}}
,"/Users/Ryan/Documents/CSC369/potions/packages/client/src/components/messageStack.ts": {"path":"/Users/Ryan/Documents/CSC369/potions/packages/client/src/components/messageStack.ts","statementMap":{"0":{"start":{"line":14,"column":4},"end":{"line":14,"column":23}},"1":{"start":{"line":16,"column":4},"end":{"line":16,"column":29}},"2":{"start":{"line":17,"column":4},"end":{"line":17,"column":36}},"3":{"start":{"line":20,"column":16},"end":{"line":20,"column":65}},"4":{"start":{"line":21,"column":4},"end":{"line":21,"column":26}},"5":{"start":{"line":24,"column":4},"end":{"line":29,"column":25}},"6":{"start":{"line":32,"column":4},"end":{"line":37,"column":25}},"7":{"start":{"line":40,"column":4},"end":{"line":40,"column":54}},"8":{"start":{"line":43,"column":4},"end":{"line":48,"column":7}},"9":{"start":{"line":52,"column":20},"end":{"line":52,"column":65}},"10":{"start":{"line":53,"column":22},"end":{"line":53,"column":45}},"11":{"start":{"line":55,"column":4},"end":{"line":61,"column":5}},"12":{"start":{"line":56,"column":6},"end":{"line":56,"column":62}},"13":{"start":{"line":57,"column":11},"end":{"line":61,"column":5}},"14":{"start":{"line":58,"column":6},"end":{"line":58,"column":57}},"15":{"start":{"line":60,"column":6},"end":{"line":60,"column":21}},"16":{"start":{"line":67,"column":38},"end":{"line":67,"column":40}},"17":{"start":{"line":70,"column":4},"end":{"line":70,"column":23}},"18":{"start":{"line":74,"column":22},"end":{"line":74,"column":49}},"19":{"start":{"line":75,"column":22},"end":{"line":75,"column":49}},"20":{"start":{"line":77,"column":29},"end":{"line":82,"column":null}},"21":{"start":{"line":84,"column":4},"end":{"line":84,"column":46}},"22":{"start":{"line":85,"column":4},"end":{"line":85,"column":38}},"23":{"start":{"line":88,"column":4},"end":{"line":91,"column":7}},"24":{"start":{"line":89,"column":6},"end":{"line":89,"column":72}},"25":{"start":{"line":89,"column":46},"end":{"line":89,"column":70}},"26":{"start":{"line":90,"column":6},"end":{"line":90,"column":32}},"27":{"start":{"line":95,"column":22},"end":{"line":95,"column":49}},"28":{"start":{"line":96,"column":4},"end":{"line":99,"column":7}},"29":{"start":{"line":97,"column":6},"end":{"line":97,"column":30}},"30":{"start":{"line":98,"column":6},"end":{"line":98,"column":24}},"31":{"start":{"line":65,"column":0},"end":{"line":65,"column":13}}},"fnMap":{"0":{"name":"(anonymous_0)","decl":{"start":{"line":7,"column":2},"end":{"line":7,"column":null}},"loc":{"start":{"line":12,"column":20},"end":{"line":49,"column":3}}},"1":{"name":"(anonymous_1)","decl":{"start":{"line":51,"column":10},"end":{"line":51,"column":21}},"loc":{"start":{"line":51,"column":21},"end":{"line":62,"column":3}}},"2":{"name":"(anonymous_2)","decl":{"start":{"line":69,"column":2},"end":{"line":69,"column":14}},"loc":{"start":{"line":69,"column":33},"end":{"line":71,"column":3}}},"3":{"name":"(anonymous_3)","decl":{"start":{"line":73,"column":9},"end":{"line":73,"column":19}},"loc":{"start":{"line":73,"column":53},"end":{"line":92,"column":3}}},"4":{"name":"(anonymous_4)","decl":{"start":{"line":88,"column":37},"end":{"line":88,"column":40}},"loc":{"start":{"line":88,"column":42},"end":{"line":91,"column":5}}},"5":{"name":"(anonymous_5)","decl":{"start":{"line":89,"column":37},"end":{"line":89,"column":38}},"loc":{"start":{"line":89,"column":46},"end":{"line":89,"column":70}}},"6":{"name":"(anonymous_6)","decl":{"start":{"line":94,"column":10},"end":{"line":94,"column":28}},"loc":{"start":{"line":94,"column":28},"end":{"line":100,"column":3}}},"7":{"name":"(anonymous_7)","decl":{"start":{"line":96,"column":23},"end":{"line":96,"column":24}},"loc":{"start":{"line":96,"column":38},"end":{"line":99,"column":5}}}},"branchMap":{"0":{"loc":{"start":{"line":55,"column":4},"end":{"line":61,"column":5}},"type":"if","locations":[{"start":{"line":55,"column":4},"end":{"line":61,"column":5}},{"start":{"line":57,"column":11},"end":{"line":61,"column":5}}]},"1":{"loc":{"start":{"line":57,"column":11},"end":{"line":61,"column":5}},"type":"if","locations":[{"start":{"line":57,"column":11},"end":{"line":61,"column":5}},{"start":{"line":59,"column":11},"end":{"line":61,"column":5}}]}},"s":{"0":0,"1":0,"2":0,"3":0,"4":0,"5":0,"6":0,"7":0,"8":0,"9":0,"10":0,"11":0,"12":0,"13":0,"14":0,"15":0,"16":0,"17":0,"18":0,"19":0,"20":0,"21":0,"22":0,"23":0,"24":0,"25":0,"26":0,"27":0,"28":0,"29":0,"30":0,"31":5},"f":{"0":0,"1":0,"2":0,"3":0,"4":0,"5":0,"6":0,"7":0},"b":{"0":[0,0],"1":[0,0]}}
,"/Users/Ryan/Documents/CSC369/potions/packages/client/src/components/tabButton.ts": {"path":"/Users/Ryan/Documents/CSC369/potions/packages/client/src/components/tabButton.ts","statementMap":{"0":{"start":{"line":2,"column":0},"end":{"line":2,"column":28}},"1":{"start":{"line":4,"column":19},"end":{"line":4,"column":27}},"2":{"start":{"line":5,"column":20},"end":{"line":5,"column":28}},"3":{"start":{"line":11,"column":20},"end":{"line":11,"column":25}},"4":{"start":{"line":24,"column":4},"end":{"line":24,"column":23}},"5":{"start":{"line":25,"column":4},"end":{"line":25,"column":29}},"6":{"start":{"line":27,"column":4},"end":{"line":27,"column":29}},"7":{"start":{"line":28,"column":4},"end":{"line":28,"column":23}},"8":{"start":{"line":29,"column":4},"end":{"line":29,"column":25}},"9":{"start":{"line":32,"column":4},"end":{"line":32,"column":43}},"10":{"start":{"line":33,"column":4},"end":{"line":33,"column":77}},"11":{"start":{"line":34,"column":4},"end":{"line":34,"column":30}},"12":{"start":{"line":37,"column":4},"end":{"line":43,"column":27}},"13":{"start":{"line":44,"column":4},"end":{"line":44,"column":24}},"14":{"start":{"line":47,"column":4},"end":{"line":47,"column":42}},"15":{"start":{"line":50,"column":4},"end":{"line":53,"column":6}},"16":{"start":{"line":59,"column":4},"end":{"line":59,"column":28}},"17":{"start":{"line":67,"column":4},"end":{"line":67,"column":21}},"18":{"start":{"line":70,"column":22},"end":{"line":70,"column":55}},"19":{"start":{"line":71,"column":24},"end":{"line":71,"column":32}},"20":{"start":{"line":73,"column":4},"end":{"line":73,"column":37}},"21":{"start":{"line":74,"column":4},"end":{"line":74,"column":42}},"22":{"start":{"line":77,"column":4},"end":{"line":77,"column":25}},"23":{"start":{"line":78,"column":4},"end":{"line":78,"column":44}},"24":{"start":{"line":79,"column":4},"end":{"line":79,"column":50}},"25":{"start":{"line":82,"column":19},"end":{"line":86,"column":6}},"26":{"start":{"line":89,"column":20},"end":{"line":89,"column":40}},"27":{"start":{"line":90,"column":4},"end":{"line":90,"column":66}},"28":{"start":{"line":90,"column":31},"end":{"line":90,"column":64}},"29":{"start":{"line":93,"column":4},"end":{"line":93,"column":49}},"30":{"start":{"line":96,"column":19},"end":{"line":100,"column":6}},"31":{"start":{"line":103,"column":20},"end":{"line":103,"column":40}},"32":{"start":{"line":104,"column":4},"end":{"line":104,"column":66}},"33":{"start":{"line":104,"column":31},"end":{"line":104,"column":64}},"34":{"start":{"line":107,"column":4},"end":{"line":107,"column":43}},"35":{"start":{"line":108,"column":4},"end":{"line":110,"column":5}},"36":{"start":{"line":109,"column":6},"end":{"line":109,"column":27}},"37":{"start":{"line":112,"column":4},"end":{"line":112,"column":24}},"38":{"start":{"line":113,"column":4},"end":{"line":113,"column":26}},"39":{"start":{"line":114,"column":4},"end":{"line":121,"column":5}},"40":{"start":{"line":116,"column":6},"end":{"line":116,"column":41}},"41":{"start":{"line":117,"column":6},"end":{"line":117,"column":27}},"42":{"start":{"line":118,"column":6},"end":{"line":118,"column":46}},"43":{"start":{"line":119,"column":6},"end":{"line":119,"column":45}},"44":{"start":{"line":120,"column":6},"end":{"line":120,"column":28}},"45":{"start":{"line":125,"column":4},"end":{"line":129,"column":7}},"46":{"start":{"line":126,"column":6},"end":{"line":128,"column":7}},"47":{"start":{"line":131,"column":4},"end":{"line":135,"column":7}},"48":{"start":{"line":132,"column":6},"end":{"line":134,"column":7}},"49":{"start":{"line":137,"column":4},"end":{"line":139,"column":7}},"50":{"start":{"line":138,"column":6},"end":{"line":138,"column":22}},"51":{"start":{"line":143,"column":4},"end":{"line":143,"column":25}},"52":{"start":{"line":144,"column":4},"end":{"line":144,"column":28}},"53":{"start":{"line":145,"column":4},"end":{"line":145,"column":72}},"54":{"start":{"line":7,"column":0},"end":{"line":7,"column":13}}},"fnMap":{"0":{"name":"(anonymous_1)","decl":{"start":{"line":15,"column":2},"end":{"line":15,"column":null}},"loc":{"start":{"line":22,"column":23},"end":{"line":60,"column":3}}},"1":{"name":"(anonymous_2)","decl":{"start":{"line":61,"column":10},"end":{"line":61,"column":22}},"loc":{"start":{"line":65,"column":19},"end":{"line":122,"column":3}}},"2":{"name":"(anonymous_3)","decl":{"start":{"line":90,"column":20},"end":{"line":90,"column":21}},"loc":{"start":{"line":90,"column":31},"end":{"line":90,"column":64}}},"3":{"name":"(anonymous_4)","decl":{"start":{"line":104,"column":20},"end":{"line":104,"column":21}},"loc":{"start":{"line":104,"column":31},"end":{"line":104,"column":64}}},"4":{"name":"(anonymous_5)","decl":{"start":{"line":124,"column":10},"end":{"line":124,"column":26}},"loc":{"start":{"line":124,"column":26},"end":{"line":140,"column":3}}},"5":{"name":"(anonymous_6)","decl":{"start":{"line":125,"column":27},"end":{"line":125,"column":30}},"loc":{"start":{"line":125,"column":32},"end":{"line":129,"column":5}}},"6":{"name":"(anonymous_7)","decl":{"start":{"line":131,"column":26},"end":{"line":131,"column":29}},"loc":{"start":{"line":131,"column":31},"end":{"line":135,"column":5}}},"7":{"name":"(anonymous_8)","decl":{"start":{"line":137,"column":27},"end":{"line":137,"column":30}},"loc":{"start":{"line":137,"column":32},"end":{"line":139,"column":5}}},"8":{"name":"(anonymous_9)","decl":{"start":{"line":142,"column":2},"end":{"line":142,"column":14}},"loc":{"start":{"line":142,"column":30},"end":{"line":146,"column":3}}}},"branchMap":{"0":{"loc":{"start":{"line":21,"column":4},"end":{"line":21,"column":23}},"type":"default-arg","locations":[{"start":{"line":21,"column":20},"end":{"line":21,"column":23}}]},"1":{"loc":{"start":{"line":22,"column":4},"end":{"line":22,"column":23}},"type":"default-arg","locations":[{"start":{"line":22,"column":21},"end":{"line":22,"column":23}}]},"2":{"loc":{"start":{"line":70,"column":22},"end":{"line":70,"column":55}},"type":"cond-expr","locations":[{"start":{"line":70,"column":31},"end":{"line":70,"column":42}},{"start":{"line":70,"column":45},"end":{"line":70,"column":55}}]},"3":{"loc":{"start":{"line":108,"column":4},"end":{"line":110,"column":5}},"type":"if","locations":[{"start":{"line":108,"column":4},"end":{"line":110,"column":5}}]},"4":{"loc":{"start":{"line":114,"column":4},"end":{"line":121,"column":5}},"type":"if","locations":[{"start":{"line":114,"column":4},"end":{"line":121,"column":5}}]},"5":{"loc":{"start":{"line":126,"column":6},"end":{"line":128,"column":7}},"type":"if","locations":[{"start":{"line":126,"column":6},"end":{"line":128,"column":7}}]},"6":{"loc":{"start":{"line":132,"column":6},"end":{"line":134,"column":7}},"type":"if","locations":[{"start":{"line":132,"column":6},"end":{"line":134,"column":7}}]}},"s":{"0":5,"1":5,"2":5,"3":0,"4":0,"5":0,"6":0,"7":0,"8":0,"9":0,"10":0,"11":0,"12":0,"13":0,"14":0,"15":0,"16":0,"17":0,"18":0,"19":0,"20":0,"21":0,"22":0,"23":0,"24":0,"25":0,"26":0,"27":0,"28":0,"29":0,"30":0,"31":0,"32":0,"33":0,"34":0,"35":0,"36":0,"37":0,"38":0,"39":0,"40":0,"41":0,"42":0,"43":0,"44":0,"45":0,"46":0,"47":0,"48":0,"49":0,"50":0,"51":0,"52":0,"53":0,"54":5},"f":{"0":0,"1":0,"2":0,"3":0,"4":0,"5":0,"6":0,"7":0,"8":0},"b":{"0":[0],"1":[0],"2":[0,0],"3":[0],"4":[0],"5":[0],"6":[0]}}
,"/Users/Ryan/Documents/CSC369/potions/packages/client/src/scenes/frameScene.ts": {"path":"/Users/Ryan/Documents/CSC369/potions/packages/client/src/scenes/frameScene.ts","statementMap":{"0":{"start":{"line":1,"column":0},"end":{"line":1,"column":58}},"1":{"start":{"line":2,"column":0},"end":{"line":2,"column":56}},"2":{"start":{"line":8,"column":4},"end":{"line":8,"column":33}},"3":{"start":{"line":12,"column":4},"end":{"line":12,"column":56}},"4":{"start":{"line":16,"column":25},"end":{"line":19,"column":null}},"5":{"start":{"line":21,"column":4},"end":{"line":21,"column":36}},"6":{"start":{"line":23,"column":4},"end":{"line":23,"column":38}},"7":{"start":{"line":25,"column":4},"end":{"line":25,"column":47}},"8":{"start":{"line":4,"column":0},"end":{"line":4,"column":13}}},"fnMap":{"0":{"name":"(anonymous_0)","decl":{"start":{"line":7,"column":2},"end":{"line":7,"column":null}},"loc":{"start":{"line":7,"column":2},"end":{"line":9,"column":3}}},"1":{"name":"(anonymous_1)","decl":{"start":{"line":11,"column":2},"end":{"line":11,"column":9}},"loc":{"start":{"line":11,"column":9},"end":{"line":13,"column":3}}},"2":{"name":"(anonymous_2)","decl":{"start":{"line":15,"column":2},"end":{"line":15,"column":8}},"loc":{"start":{"line":15,"column":8},"end":{"line":30,"column":3}}}},"branchMap":{},"s":{"0":5,"1":5,"2":0,"3":0,"4":0,"5":0,"6":0,"7":0,"8":5},"f":{"0":0,"1":0,"2":0},"b":{}}
,"/Users/Ryan/Documents/CSC369/potions/packages/client/src/scenes/loadCharacterScene.ts": {"path":"/Users/Ryan/Documents/CSC369/potions/packages/client/src/scenes/loadCharacterScene.ts","statementMap":{"0":{"start":{"line":1,"column":0},"end":{"line":1,"column":71}},"1":{"start":{"line":5,"column":4},"end":{"line":5,"column":41}},"2":{"start":{"line":11,"column":4},"end":{"line":11,"column":42}},"3":{"start":{"line":13,"column":4},"end":{"line":16,"column":7}},"4":{"start":{"line":14,"column":6},"end":{"line":14,"column":59}},"5":{"start":{"line":15,"column":6},"end":{"line":15,"column":41}},"6":{"start":{"line":3,"column":0},"end":{"line":3,"column":13}}},"fnMap":{"0":{"name":"(anonymous_0)","decl":{"start":{"line":4,"column":2},"end":{"line":4,"column":null}},"loc":{"start":{"line":4,"column":2},"end":{"line":6,"column":3}}},"1":{"name":"(anonymous_1)","decl":{"start":{"line":8,"column":2},"end":{"line":8,"column":9}},"loc":{"start":{"line":8,"column":9},"end":{"line":8,"column":14}}},"2":{"name":"(anonymous_2)","decl":{"start":{"line":10,"column":2},"end":{"line":10,"column":8}},"loc":{"start":{"line":10,"column":8},"end":{"line":17,"column":3}}},"3":{"name":"(anonymous_3)","decl":{"start":{"line":13,"column":29},"end":{"line":13,"column":32}},"loc":{"start":{"line":13,"column":34},"end":{"line":16,"column":5}}}},"branchMap":{},"s":{"0":5,"1":0,"2":0,"3":0,"4":0,"5":0,"6":5},"f":{"0":0,"1":0,"2":0,"3":0},"b":{}}
,"/Users/Ryan/Documents/CSC369/potions/packages/client/src/scenes/loadWorldScene.ts": {"path":"/Users/Ryan/Documents/CSC369/potions/packages/client/src/scenes/loadWorldScene.ts","statementMap":{"0":{"start":{"line":1,"column":0},"end":{"line":1,"column":59}},"1":{"start":{"line":2,"column":0},"end":{"line":2,"column":76}},"2":{"start":{"line":3,"column":0},"end":{"line":3,"column":null}},"3":{"start":{"line":8,"column":0},"end":{"line":8,"column":50}},"4":{"start":{"line":9,"column":0},"end":{"line":9,"column":51}},"5":{"start":{"line":10,"column":0},"end":{"line":10,"column":56}},"6":{"start":{"line":11,"column":0},"end":{"line":11,"column":48}},"7":{"start":{"line":13,"column":20},"end":{"line":22,"column":2}},"8":{"start":{"line":24,"column":29},"end":{"line":26,"column":2}},"9":{"start":{"line":30,"column":4},"end":{"line":30,"column":37}},"10":{"start":{"line":34,"column":35},"end":{"line":34,"column":63}},"11":{"start":{"line":35,"column":29},"end":{"line":35,"column":31}},"12":{"start":{"line":43,"column":4},"end":{"line":43,"column":31}},"13":{"start":{"line":47,"column":4},"end":{"line":47,"column":54}},"14":{"start":{"line":48,"column":4},"end":{"line":48,"column":49}},"15":{"start":{"line":49,"column":4},"end":{"line":53,"column":6}},"16":{"start":{"line":58,"column":23},"end":{"line":58,"column":52}},"17":{"start":{"line":59,"column":4},"end":{"line":59,"column":31}},"18":{"start":{"line":60,"column":4},"end":{"line":60,"column":59}},"19":{"start":{"line":61,"column":4},"end":{"line":61,"column":29}},"20":{"start":{"line":64,"column":25},"end":{"line":67,"column":null}},"21":{"start":{"line":69,"column":4},"end":{"line":69,"column":36}},"22":{"start":{"line":70,"column":4},"end":{"line":70,"column":38}},"23":{"start":{"line":72,"column":27},"end":{"line":79,"column":null}},"24":{"start":{"line":81,"column":4},"end":{"line":81,"column":37}},"25":{"start":{"line":84,"column":19},"end":{"line":84,"column":21}},"26":{"start":{"line":85,"column":19},"end":{"line":85,"column":32}},"27":{"start":{"line":86,"column":23},"end":{"line":86,"column":26}},"28":{"start":{"line":87,"column":24},"end":{"line":87,"column":27}},"29":{"start":{"line":89,"column":31},"end":{"line":95,"column":null}},"30":{"start":{"line":97,"column":4},"end":{"line":97,"column":41}},"31":{"start":{"line":98,"column":4},"end":{"line":98,"column":36}},"32":{"start":{"line":101,"column":23},"end":{"line":108,"column":null}},"33":{"start":{"line":110,"column":4},"end":{"line":110,"column":35}},"34":{"start":{"line":113,"column":26},"end":{"line":113,"column":37}},"35":{"start":{"line":114,"column":19},"end":{"line":114,"column":30}},"36":{"start":{"line":115,"column":21},"end":{"line":115,"column":23}},"37":{"start":{"line":118,"column":4},"end":{"line":121,"column":7}},"38":{"start":{"line":122,"column":26},"end":{"line":131,"column":null}},"39":{"start":{"line":133,"column":4},"end":{"line":133,"column":58}},"40":{"start":{"line":134,"column":4},"end":{"line":134,"column":36}},"41":{"start":{"line":137,"column":4},"end":{"line":139,"column":7}},"42":{"start":{"line":138,"column":6},"end":{"line":138,"column":61}},"43":{"start":{"line":140,"column":4},"end":{"line":142,"column":7}},"44":{"start":{"line":141,"column":6},"end":{"line":141,"column":61}},"45":{"start":{"line":144,"column":4},"end":{"line":158,"column":7}},"46":{"start":{"line":145,"column":23},"end":{"line":145,"column":63}},"47":{"start":{"line":146,"column":6},"end":{"line":148,"column":7}},"48":{"start":{"line":147,"column":8},"end":{"line":147,"column":15}},"49":{"start":{"line":149,"column":25},"end":{"line":149,"column":44}},"50":{"start":{"line":150,"column":6},"end":{"line":157,"column":7}},"51":{"start":{"line":151,"column":8},"end":{"line":151,"column":31}},"52":{"start":{"line":152,"column":8},"end":{"line":152,"column":42}},"53":{"start":{"line":154,"column":8},"end":{"line":156,"column":10}},"54":{"start":{"line":161,"column":4},"end":{"line":161,"column":25}},"55":{"start":{"line":164,"column":19},"end":{"line":164,"column":38}},"56":{"start":{"line":165,"column":20},"end":{"line":165,"column":32}},"57":{"start":{"line":167,"column":4},"end":{"line":177,"column":6}},"58":{"start":{"line":174,"column":8},"end":{"line":174,"column":43}},"59":{"start":{"line":175,"column":8},"end":{"line":175,"column":21}},"60":{"start":{"line":179,"column":4},"end":{"line":179,"column":25}},"61":{"start":{"line":181,"column":4},"end":{"line":191,"column":6}},"62":{"start":{"line":188,"column":8},"end":{"line":188,"column":45}},"63":{"start":{"line":189,"column":8},"end":{"line":189,"column":21}},"64":{"start":{"line":193,"column":4},"end":{"line":193,"column":25}},"65":{"start":{"line":195,"column":4},"end":{"line":205,"column":6}},"66":{"start":{"line":202,"column":8},"end":{"line":202,"column":43}},"67":{"start":{"line":203,"column":8},"end":{"line":203,"column":21}},"68":{"start":{"line":207,"column":4},"end":{"line":217,"column":7}},"69":{"start":{"line":221,"column":4},"end":{"line":223,"column":7}},"70":{"start":{"line":222,"column":6},"end":{"line":222,"column":37}},"71":{"start":{"line":226,"column":4},"end":{"line":228,"column":19}},"72":{"start":{"line":229,"column":4},"end":{"line":229,"column":38}},"73":{"start":{"line":231,"column":4},"end":{"line":263,"column":9}},"74":{"start":{"line":234,"column":8},"end":{"line":234,"column":33}},"75":{"start":{"line":235,"column":26},"end":{"line":239,"column":null}},"76":{"start":{"line":241,"column":8},"end":{"line":241,"column":36}},"77":{"start":{"line":242,"column":8},"end":{"line":242,"column":58}},"78":{"start":{"line":245,"column":8},"end":{"line":247,"column":11}},"79":{"start":{"line":246,"column":10},"end":{"line":246,"column":51}},"80":{"start":{"line":248,"column":8},"end":{"line":250,"column":11}},"81":{"start":{"line":249,"column":10},"end":{"line":249,"column":42}},"82":{"start":{"line":252,"column":8},"end":{"line":258,"column":11}},"83":{"start":{"line":253,"column":10},"end":{"line":253,"column":41}},"84":{"start":{"line":254,"column":10},"end":{"line":254,"column":41}},"85":{"start":{"line":255,"column":10},"end":{"line":255,"column":38}},"86":{"start":{"line":256,"column":10},"end":{"line":256,"column":41}},"87":{"start":{"line":257,"column":10},"end":{"line":257,"column":38}},"88":{"start":{"line":261,"column":8},"end":{"line":261,"column":47}},"89":{"start":{"line":269,"column":4},"end":{"line":296,"column":5}},"90":{"start":{"line":270,"column":23},"end":{"line":270,"column":49}},"91":{"start":{"line":271,"column":25},"end":{"line":271,"column":53}},"92":{"start":{"line":272,"column":23},"end":{"line":272,"column":49}},"93":{"start":{"line":273,"column":27},"end":{"line":273,"column":76}},"94":{"start":{"line":274,"column":6},"end":{"line":276,"column":7}},"95":{"start":{"line":275,"column":8},"end":{"line":275,"column":15}},"96":{"start":{"line":278,"column":29},"end":{"line":278,"column":54}},"97":{"start":{"line":279,"column":29},"end":{"line":279,"column":54}},"98":{"start":{"line":280,"column":6},"end":{"line":280,"column":75}},"99":{"start":{"line":281,"column":6},"end":{"line":293,"column":8}},"100":{"start":{"line":294,"column":6},"end":{"line":294,"column":49}},"101":{"start":{"line":295,"column":6},"end":{"line":295,"column":43}},"102":{"start":{"line":308,"column":18},"end":{"line":311,"column":6}},"103":{"start":{"line":312,"column":4},"end":{"line":312,"column":28}},"104":{"start":{"line":315,"column":23},"end":{"line":315,"column":61}},"105":{"start":{"line":316,"column":4},"end":{"line":316,"column":33}},"106":{"start":{"line":318,"column":25},"end":{"line":318,"column":60}},"107":{"start":{"line":320,"column":4},"end":{"line":320,"column":32}},"108":{"start":{"line":321,"column":4},"end":{"line":321,"column":57}},"109":{"start":{"line":322,"column":4},"end":{"line":322,"column":53}},"110":{"start":{"line":325,"column":24},"end":{"line":325,"column":26}},"111":{"start":{"line":326,"column":4},"end":{"line":326,"column":50}},"112":{"start":{"line":327,"column":4},"end":{"line":327,"column":39}},"113":{"start":{"line":328,"column":4},"end":{"line":328,"column":39}},"114":{"start":{"line":329,"column":4},"end":{"line":329,"column":37}},"115":{"start":{"line":330,"column":4},"end":{"line":330,"column":43}},"116":{"start":{"line":332,"column":4},"end":{"line":332,"column":30}},"117":{"start":{"line":335,"column":4},"end":{"line":339,"column":7}},"118":{"start":{"line":336,"column":21},"end":{"line":336,"column":60}},"119":{"start":{"line":338,"column":6},"end":{"line":338,"column":41}},"120":{"start":{"line":28,"column":0},"end":{"line":28,"column":13}}},"fnMap":{"0":{"name":"(anonymous_0)","decl":{"start":{"line":29,"column":2},"end":{"line":29,"column":null}},"loc":{"start":{"line":29,"column":2},"end":{"line":31,"column":3}}},"1":{"name":"(anonymous_1)","decl":{"start":{"line":42,"column":2},"end":{"line":42,"column":6}},"loc":{"start":{"line":42,"column":6},"end":{"line":44,"column":3}}},"2":{"name":"(anonymous_2)","decl":{"start":{"line":46,"column":2},"end":{"line":46,"column":9}},"loc":{"start":{"line":46,"column":9},"end":{"line":54,"column":3}}},"3":{"name":"(anonymous_3)","decl":{"start":{"line":56,"column":2},"end":{"line":56,"column":8}},"loc":{"start":{"line":56,"column":8},"end":{"line":266,"column":3}}},"4":{"name":"(anonymous_4)","decl":{"start":{"line":137,"column":36},"end":{"line":137,"column":39}},"loc":{"start":{"line":137,"column":41},"end":{"line":139,"column":5}}},"5":{"name":"(anonymous_5)","decl":{"start":{"line":140,"column":35},"end":{"line":140,"column":38}},"loc":{"start":{"line":140,"column":40},"end":{"line":142,"column":5}}},"6":{"name":"(anonymous_6)","decl":{"start":{"line":144,"column":36},"end":{"line":144,"column":39}},"loc":{"start":{"line":144,"column":41},"end":{"line":158,"column":5}}},"7":{"name":"(anonymous_7)","decl":{"start":{"line":173,"column":6},"end":{"line":173,"column":7}},"loc":{"start":{"line":173,"column":16},"end":{"line":176,"column":7}}},"8":{"name":"(anonymous_8)","decl":{"start":{"line":187,"column":6},"end":{"line":187,"column":7}},"loc":{"start":{"line":187,"column":16},"end":{"line":190,"column":7}}},"9":{"name":"(anonymous_9)","decl":{"start":{"line":201,"column":6},"end":{"line":201,"column":7}},"loc":{"start":{"line":201,"column":16},"end":{"line":204,"column":7}}},"10":{"name":"(anonymous_10)","decl":{"start":{"line":221,"column":33},"end":{"line":221,"column":36}},"loc":{"start":{"line":221,"column":38},"end":{"line":223,"column":5}}},"11":{"name":"(anonymous_11)","decl":{"start":{"line":232,"column":12},"end":{"line":232,"column":15}},"loc":{"start":{"line":232,"column":17},"end":{"line":259,"column":7}}},"12":{"name":"(anonymous_12)","decl":{"start":{"line":245,"column":36},"end":{"line":245,"column":39}},"loc":{"start":{"line":245,"column":41},"end":{"line":247,"column":9}}},"13":{"name":"(anonymous_13)","decl":{"start":{"line":248,"column":35},"end":{"line":248,"column":38}},"loc":{"start":{"line":248,"column":40},"end":{"line":250,"column":9}}},"14":{"name":"(anonymous_14)","decl":{"start":{"line":252,"column":36},"end":{"line":252,"column":39}},"loc":{"start":{"line":252,"column":41},"end":{"line":258,"column":9}}},"15":{"name":"(anonymous_15)","decl":{"start":{"line":260,"column":13},"end":{"line":260,"column":14}},"loc":{"start":{"line":260,"column":24},"end":{"line":263,"column":7}}},"16":{"name":"(anonymous_16)","decl":{"start":{"line":268,"column":2},"end":{"line":268,"column":8}},"loc":{"start":{"line":268,"column":8},"end":{"line":297,"column":3}}},"17":{"name":"(anonymous_17)","decl":{"start":{"line":299,"column":2},"end":{"line":299,"column":19}},"loc":{"start":{"line":305,"column":37},"end":{"line":340,"column":3}}},"18":{"name":"(anonymous_18)","decl":{"start":{"line":335,"column":43},"end":{"line":335,"column":44}},"loc":{"start":{"line":335,"column":60},"end":{"line":339,"column":5}}}},"branchMap":{"0":{"loc":{"start":{"line":146,"column":6},"end":{"line":148,"column":7}},"type":"if","locations":[{"start":{"line":146,"column":6},"end":{"line":148,"column":7}}]},"1":{"loc":{"start":{"line":150,"column":6},"end":{"line":157,"column":7}},"type":"if","locations":[{"start":{"line":150,"column":6},"end":{"line":157,"column":7}},{"start":{"line":153,"column":13},"end":{"line":157,"column":7}}]},"2":{"loc":{"start":{"line":269,"column":4},"end":{"line":296,"column":5}},"type":"if","locations":[{"start":{"line":269,"column":4},"end":{"line":296,"column":5}}]},"3":{"loc":{"start":{"line":274,"column":6},"end":{"line":276,"column":7}},"type":"if","locations":[{"start":{"line":274,"column":6},"end":{"line":276,"column":7}}]}},"s":{"0":5,"1":5,"2":5,"3":5,"4":5,"5":5,"6":5,"7":5,"8":5,"9":0,"10":0,"11":0,"12":0,"13":0,"14":0,"15":0,"16":0,"17":0,"18":0,"19":0,"20":0,"21":0,"22":0,"23":0,"24":0,"25":0,"26":0,"27":0,"28":0,"29":0,"30":0,"31":0,"32":0,"33":0,"34":0,"35":0,"36":0,"37":0,"38":0,"39":0,"40":0,"41":0,"42":0,"43":0,"44":0,"45":0,"46":0,"47":0,"48":0,"49":0,"50":0,"51":0,"52":0,"53":0,"54":0,"55":0,"56":0,"57":0,"58":0,"59":0,"60":0,"61":0,"62":0,"63":0,"64":0,"65":0,"66":0,"67":0,"68":0,"69":0,"70":0,"71":0,"72":0,"73":0,"74":0,"75":0,"76":0,"77":0,"78":0,"79":0,"80":0,"81":0,"82":0,"83":0,"84":0,"85":0,"86":0,"87":0,"88":0,"89":0,"90":0,"91":0,"92":0,"93":0,"94":0,"95":0,"96":0,"97":0,"98":0,"99":0,"100":0,"101":0,"102":0,"103":0,"104":0,"105":0,"106":0,"107":0,"108":0,"109":0,"110":0,"111":0,"112":0,"113":0,"114":0,"115":0,"116":0,"117":0,"118":0,"119":0,"120":5},"f":{"0":0,"1":0,"2":0,"3":0,"4":0,"5":0,"6":0,"7":0,"8":0,"9":0,"10":0,"11":0,"12":0,"13":0,"14":0,"15":0,"16":0,"17":0,"18":0},"b":{"0":[0],"1":[0,0],"2":[0],"3":[0]}}
,"/Users/Ryan/Documents/CSC369/potions/packages/client/src/scenes/pauseScene.ts": {"path":"/Users/Ryan/Documents/CSC369/potions/packages/client/src/scenes/pauseScene.ts","statementMap":{"0":{"start":{"line":1,"column":13},"end":{"line":1,"column":29}},"1":{"start":{"line":5,"column":4},"end":{"line":5,"column":33}},"2":{"start":{"line":11,"column":21},"end":{"line":11,"column":40}},"3":{"start":{"line":12,"column":4},"end":{"line":12,"column":32}},"4":{"start":{"line":13,"column":4},"end":{"line":18,"column":6}},"5":{"start":{"line":3,"column":0},"end":{"line":3,"column":13}}},"fnMap":{"0":{"name":"(anonymous_0)","decl":{"start":{"line":4,"column":2},"end":{"line":4,"column":null}},"loc":{"start":{"line":4,"column":2},"end":{"line":6,"column":3}}},"1":{"name":"(anonymous_1)","decl":{"start":{"line":8,"column":2},"end":{"line":8,"column":9}},"loc":{"start":{"line":8,"column":9},"end":{"line":8,"column":14}}},"2":{"name":"(anonymous_2)","decl":{"start":{"line":10,"column":2},"end":{"line":10,"column":8}},"loc":{"start":{"line":10,"column":8},"end":{"line":19,"column":3}}}},"branchMap":{},"s":{"0":5,"1":0,"2":0,"3":0,"4":0,"5":5},"f":{"0":0,"1":0,"2":0},"b":{}}
,"/Users/Ryan/Documents/CSC369/potions/packages/client/src/scenes/uxScene.ts": {"path":"/Users/Ryan/Documents/CSC369/potions/packages/client/src/scenes/uxScene.ts","statementMap":{"0":{"start":{"line":1,"column":0},"end":{"line":1,"column":28}},"1":{"start":{"line":2,"column":0},"end":{"line":2,"column":56}},"2":{"start":{"line":3,"column":0},"end":{"line":3,"column":75}},"3":{"start":{"line":4,"column":0},"end":{"line":4,"column":37}},"4":{"start":{"line":5,"column":0},"end":{"line":5,"column":72}},"5":{"start":{"line":6,"column":0},"end":{"line":6,"column":null}},"6":{"start":{"line":14,"column":0},"end":{"line":14,"column":52}},"7":{"start":{"line":17,"column":0},"end":{"line":17,"column":74}},"8":{"start":{"line":18,"column":0},"end":{"line":18,"column":60}},"9":{"start":{"line":26,"column":35},"end":{"line":26,"column":56}},"10":{"start":{"line":27,"column":31},"end":{"line":27,"column":52}},"11":{"start":{"line":28,"column":45},"end":{"line":28,"column":49}},"12":{"start":{"line":29,"column":47},"end":{"line":29,"column":51}},"13":{"start":{"line":30,"column":46},"end":{"line":30,"column":50}},"14":{"start":{"line":31,"column":45},"end":{"line":31,"column":49}},"15":{"start":{"line":32,"column":27},"end":{"line":32,"column":32}},"16":{"start":{"line":35,"column":37},"end":{"line":35,"column":41}},"17":{"start":{"line":36,"column":36},"end":{"line":36,"column":40}},"18":{"start":{"line":37,"column":37},"end":{"line":37,"column":41}},"19":{"start":{"line":38,"column":35},"end":{"line":38,"column":39}},"20":{"start":{"line":40,"column":56},"end":{"line":40,"column":60}},"21":{"start":{"line":41,"column":55},"end":{"line":41,"column":59}},"22":{"start":{"line":42,"column":56},"end":{"line":42,"column":60}},"23":{"start":{"line":43,"column":54},"end":{"line":43,"column":58}},"24":{"start":{"line":46,"column":4},"end":{"line":48,"column":7}},"25":{"start":{"line":52,"column":4},"end":{"line":57,"column":6}},"26":{"start":{"line":60,"column":4},"end":{"line":60,"column":52}},"27":{"start":{"line":61,"column":4},"end":{"line":61,"column":52}},"28":{"start":{"line":62,"column":4},"end":{"line":62,"column":51}},"29":{"start":{"line":63,"column":4},"end":{"line":63,"column":50}},"30":{"start":{"line":65,"column":21},"end":{"line":65,"column":24}},"31":{"start":{"line":66,"column":22},"end":{"line":66,"column":24}},"32":{"start":{"line":67,"column":23},"end":{"line":67,"column":25}},"33":{"start":{"line":69,"column":17},"end":{"line":69,"column":19}},"34":{"start":{"line":70,"column":17},"end":{"line":70,"column":19}},"35":{"start":{"line":72,"column":23},"end":{"line":74,"column":22}},"36":{"start":{"line":75,"column":4},"end":{"line":75,"column":29}},"37":{"start":{"line":76,"column":23},"end":{"line":85,"column":22}},"38":{"start":{"line":86,"column":4},"end":{"line":86,"column":29}},"39":{"start":{"line":89,"column":4},"end":{"line":97,"column":6}},"40":{"start":{"line":94,"column":12},"end":{"line":94,"column":31}},"41":{"start":{"line":98,"column":4},"end":{"line":106,"column":6}},"42":{"start":{"line":103,"column":12},"end":{"line":103,"column":31}},"43":{"start":{"line":107,"column":4},"end":{"line":115,"column":6}},"44":{"start":{"line":112,"column":12},"end":{"line":112,"column":30}},"45":{"start":{"line":116,"column":4},"end":{"line":124,"column":6}},"46":{"start":{"line":121,"column":12},"end":{"line":121,"column":29}},"47":{"start":{"line":126,"column":27},"end":{"line":126,"column":46}},"48":{"start":{"line":127,"column":24},"end":{"line":127,"column":32}},"49":{"start":{"line":129,"column":4},"end":{"line":129,"column":48}},"50":{"start":{"line":132,"column":4},"end":{"line":132,"column":31}},"51":{"start":{"line":133,"column":4},"end":{"line":133,"column":51}},"52":{"start":{"line":134,"column":4},"end":{"line":134,"column":62}},"53":{"start":{"line":135,"column":4},"end":{"line":135,"column":32}},"54":{"start":{"line":136,"column":4},"end":{"line":136,"column":32}},"55":{"start":{"line":138,"column":4},"end":{"line":198,"column":5}},"56":{"start":{"line":140,"column":6},"end":{"line":142,"column":8}},"57":{"start":{"line":143,"column":6},"end":{"line":143,"column":78}},"58":{"start":{"line":144,"column":6},"end":{"line":144,"column":45}},"59":{"start":{"line":145,"column":6},"end":{"line":149,"column":8}},"60":{"start":{"line":150,"column":6},"end":{"line":150,"column":47}},"61":{"start":{"line":152,"column":6},"end":{"line":156,"column":8}},"62":{"start":{"line":157,"column":6},"end":{"line":157,"column":46}},"63":{"start":{"line":159,"column":6},"end":{"line":163,"column":8}},"64":{"start":{"line":164,"column":6},"end":{"line":164,"column":45}},"65":{"start":{"line":166,"column":6},"end":{"line":174,"column":9}},"66":{"start":{"line":169,"column":10},"end":{"line":171,"column":11}},"67":{"start":{"line":170,"column":12},"end":{"line":170,"column":70}},"68":{"start":{"line":176,"column":6},"end":{"line":176,"column":61}},"69":{"start":{"line":176,"column":31},"end":{"line":176,"column":59}},"70":{"start":{"line":177,"column":6},"end":{"line":185,"column":9}},"71":{"start":{"line":178,"column":8},"end":{"line":178,"column":51}},"72":{"start":{"line":179,"column":8},"end":{"line":184,"column":10}},"73":{"start":{"line":180,"column":42},"end":{"line":183,"column":12}},"74":{"start":{"line":182,"column":28},"end":{"line":182,"column":55}},"75":{"start":{"line":187,"column":6},"end":{"line":189,"column":8}},"76":{"start":{"line":188,"column":8},"end":{"line":188,"column":42}},"77":{"start":{"line":190,"column":6},"end":{"line":192,"column":8}},"78":{"start":{"line":191,"column":8},"end":{"line":191,"column":42}},"79":{"start":{"line":201,"column":4},"end":{"line":201,"column":24}},"80":{"start":{"line":205,"column":4},"end":{"line":205,"column":23}},"81":{"start":{"line":206,"column":4},"end":{"line":206,"column":28}},"82":{"start":{"line":210,"column":4},"end":{"line":214,"column":5}},"83":{"start":{"line":211,"column":6},"end":{"line":211,"column":63}},"84":{"start":{"line":212,"column":6},"end":{"line":212,"column":69}},"85":{"start":{"line":213,"column":6},"end":{"line":213,"column":66}},"86":{"start":{"line":218,"column":4},"end":{"line":218,"column":41}},"87":{"start":{"line":219,"column":4},"end":{"line":219,"column":42}},"88":{"start":{"line":220,"column":4},"end":{"line":220,"column":43}},"89":{"start":{"line":221,"column":4},"end":{"line":221,"column":42}},"90":{"start":{"line":222,"column":4},"end":{"line":222,"column":34}},"91":{"start":{"line":227,"column":4},"end":{"line":227,"column":41}},"92":{"start":{"line":228,"column":4},"end":{"line":228,"column":43}},"93":{"start":{"line":229,"column":4},"end":{"line":229,"column":42}},"94":{"start":{"line":230,"column":4},"end":{"line":230,"column":42}},"95":{"start":{"line":231,"column":4},"end":{"line":231,"column":34}},"96":{"start":{"line":236,"column":4},"end":{"line":236,"column":41}},"97":{"start":{"line":237,"column":4},"end":{"line":237,"column":43}},"98":{"start":{"line":238,"column":4},"end":{"line":238,"column":43}},"99":{"start":{"line":239,"column":4},"end":{"line":239,"column":41}},"100":{"start":{"line":240,"column":4},"end":{"line":240,"column":33}},"101":{"start":{"line":245,"column":4},"end":{"line":245,"column":40}},"102":{"start":{"line":246,"column":4},"end":{"line":246,"column":43}},"103":{"start":{"line":247,"column":4},"end":{"line":247,"column":43}},"104":{"start":{"line":248,"column":4},"end":{"line":248,"column":42}},"105":{"start":{"line":249,"column":4},"end":{"line":249,"column":32}},"106":{"start":{"line":254,"column":4},"end":{"line":264,"column":5}},"107":{"start":{"line":260,"column":6},"end":{"line":260,"column":62}},"108":{"start":{"line":261,"column":6},"end":{"line":261,"column":60}},"109":{"start":{"line":262,"column":6},"end":{"line":262,"column":62}},"110":{"start":{"line":263,"column":6},"end":{"line":263,"column":58}},"111":{"start":{"line":269,"column":4},"end":{"line":269,"column":47}},"112":{"start":{"line":271,"column":4},"end":{"line":284,"column":7}},"113":{"start":{"line":272,"column":16},"end":{"line":272,"column":61}},"114":{"start":{"line":273,"column":16},"end":{"line":273,"column":50}},"115":{"start":{"line":275,"column":21},"end":{"line":280,"column":null}},"116":{"start":{"line":276,"column":8},"end":{"line":279,"column":null}},"117":{"start":{"line":282,"column":6},"end":{"line":282,"column":40}},"118":{"start":{"line":283,"column":6},"end":{"line":283,"column":39}},"119":{"start":{"line":288,"column":4},"end":{"line":288,"column":43}},"120":{"start":{"line":290,"column":4},"end":{"line":298,"column":7}},"121":{"start":{"line":291,"column":16},"end":{"line":291,"column":61}},"122":{"start":{"line":292,"column":16},"end":{"line":292,"column":50}},"123":{"start":{"line":293,"column":21},"end":{"line":294,"column":null}},"124":{"start":{"line":294,"column":8},"end":{"line":294,"column":46}},"125":{"start":{"line":296,"column":6},"end":{"line":296,"column":36}},"126":{"start":{"line":297,"column":6},"end":{"line":297,"column":38}},"127":{"start":{"line":302,"column":4},"end":{"line":302,"column":43}},"128":{"start":{"line":304,"column":4},"end":{"line":304,"column":30}},"129":{"start":{"line":305,"column":4},"end":{"line":305,"column":22}},"130":{"start":{"line":306,"column":4},"end":{"line":306,"column":27}},"131":{"start":{"line":311,"column":4},"end":{"line":311,"column":43}},"132":{"start":{"line":313,"column":4},"end":{"line":328,"column":7}},"133":{"start":{"line":314,"column":16},"end":{"line":314,"column":34}},"134":{"start":{"line":315,"column":16},"end":{"line":315,"column":19}},"135":{"start":{"line":316,"column":21},"end":{"line":324,"column":null}},"136":{"start":{"line":326,"column":6},"end":{"line":326,"column":36}},"137":{"start":{"line":327,"column":6},"end":{"line":327,"column":38}},"138":{"start":{"line":25,"column":0},"end":{"line":25,"column":13}}},"fnMap":{"0":{"name":"(anonymous_1)","decl":{"start":{"line":45,"column":2},"end":{"line":45,"column":null}},"loc":{"start":{"line":45,"column":2},"end":{"line":49,"column":3}}},"1":{"name":"(anonymous_2)","decl":{"start":{"line":51,"column":2},"end":{"line":51,"column":8}},"loc":{"start":{"line":51,"column":8},"end":{"line":202,"column":3}}},"2":{"name":"(anonymous_3)","decl":{"start":{"line":94,"column":6},"end":{"line":94,"column":9}},"loc":{"start":{"line":94,"column":12},"end":{"line":94,"column":31}}},"3":{"name":"(anonymous_4)","decl":{"start":{"line":103,"column":6},"end":{"line":103,"column":9}},"loc":{"start":{"line":103,"column":12},"end":{"line":103,"column":31}}},"4":{"name":"(anonymous_5)","decl":{"start":{"line":112,"column":6},"end":{"line":112,"column":9}},"loc":{"start":{"line":112,"column":12},"end":{"line":112,"column":30}}},"5":{"name":"(anonymous_6)","decl":{"start":{"line":121,"column":6},"end":{"line":121,"column":9}},"loc":{"start":{"line":121,"column":12},"end":{"line":121,"column":29}}},"6":{"name":"(anonymous_7)","decl":{"start":{"line":168,"column":18},"end":{"line":168,"column":21}},"loc":{"start":{"line":168,"column":23},"end":{"line":172,"column":9}}},"7":{"name":"(anonymous_8)","decl":{"start":{"line":176,"column":25},"end":{"line":176,"column":28}},"loc":{"start":{"line":176,"column":31},"end":{"line":176,"column":59}}},"8":{"name":"(anonymous_9)","decl":{"start":{"line":177,"column":26},"end":{"line":177,"column":27}},"loc":{"start":{"line":177,"column":50},"end":{"line":185,"column":7}}},"9":{"name":"(anonymous_10)","decl":{"start":{"line":180,"column":24},"end":{"line":180,"column":25}},"loc":{"start":{"line":180,"column":42},"end":{"line":183,"column":12}}},"10":{"name":"(anonymous_11)","decl":{"start":{"line":182,"column":22},"end":{"line":182,"column":25}},"loc":{"start":{"line":182,"column":28},"end":{"line":182,"column":55}}},"11":{"name":"(anonymous_12)","decl":{"start":{"line":187,"column":29},"end":{"line":187,"column":30}},"loc":{"start":{"line":188,"column":8},"end":{"line":188,"column":42}}},"12":{"name":"(anonymous_13)","decl":{"start":{"line":190,"column":31},"end":{"line":190,"column":32}},"loc":{"start":{"line":191,"column":8},"end":{"line":191,"column":42}}},"13":{"name":"(anonymous_14)","decl":{"start":{"line":204,"column":2},"end":{"line":204,"column":11}},"loc":{"start":{"line":204,"column":39},"end":{"line":207,"column":3}}},"14":{"name":"(anonymous_15)","decl":{"start":{"line":209,"column":2},"end":{"line":209,"column":23}},"loc":{"start":{"line":209,"column":23},"end":{"line":215,"column":3}}},"15":{"name":"(anonymous_16)","decl":{"start":{"line":217,"column":2},"end":{"line":217,"column":14}},"loc":{"start":{"line":217,"column":14},"end":{"line":223,"column":3}}},"16":{"name":"(anonymous_17)","decl":{"start":{"line":226,"column":2},"end":{"line":226,"column":14}},"loc":{"start":{"line":226,"column":14},"end":{"line":232,"column":3}}},"17":{"name":"(anonymous_18)","decl":{"start":{"line":235,"column":2},"end":{"line":235,"column":13}},"loc":{"start":{"line":235,"column":13},"end":{"line":241,"column":3}}},"18":{"name":"(anonymous_19)","decl":{"start":{"line":244,"column":2},"end":{"line":244,"column":12}},"loc":{"start":{"line":244,"column":12},"end":{"line":250,"column":3}}},"19":{"name":"(anonymous_20)","decl":{"start":{"line":253,"column":2},"end":{"line":253,"column":17}},"loc":{"start":{"line":253,"column":63},"end":{"line":265,"column":3}}},"20":{"name":"(anonymous_21)","decl":{"start":{"line":268,"column":2},"end":{"line":268,"column":17}},"loc":{"start":{"line":268,"column":46},"end":{"line":285,"column":3}}},"21":{"name":"(anonymous_22)","decl":{"start":{"line":271,"column":25},"end":{"line":271,"column":26}},"loc":{"start":{"line":271,"column":44},"end":{"line":284,"column":5}}},"22":{"name":"(anonymous_23)","decl":{"start":{"line":275,"column":74},"end":{"line":275,"column":77}},"loc":{"start":{"line":276,"column":8},"end":{"line":279,"column":null}}},"23":{"name":"(anonymous_24)","decl":{"start":{"line":287,"column":2},"end":{"line":287,"column":19}},"loc":{"start":{"line":287,"column":37},"end":{"line":299,"column":3}}},"24":{"name":"(anonymous_25)","decl":{"start":{"line":290,"column":23},"end":{"line":290,"column":24}},"loc":{"start":{"line":290,"column":40},"end":{"line":298,"column":5}}},"25":{"name":"(anonymous_26)","decl":{"start":{"line":293,"column":71},"end":{"line":293,"column":74}},"loc":{"start":{"line":294,"column":8},"end":{"line":294,"column":46}}},"26":{"name":"(anonymous_27)","decl":{"start":{"line":301,"column":2},"end":{"line":301,"column":17}},"loc":{"start":{"line":301,"column":46},"end":{"line":307,"column":3}}},"27":{"name":"(anonymous_28)","decl":{"start":{"line":310,"column":2},"end":{"line":310,"column":16}},"loc":{"start":{"line":310,"column":42},"end":{"line":329,"column":3}}},"28":{"name":"(anonymous_29)","decl":{"start":{"line":313,"column":24},"end":{"line":313,"column":25}},"loc":{"start":{"line":313,"column":42},"end":{"line":328,"column":5}}}},"branchMap":{"0":{"loc":{"start":{"line":138,"column":4},"end":{"line":198,"column":5}},"type":"if","locations":[{"start":{"line":138,"column":4},"end":{"line":198,"column":5}}]},"1":{"loc":{"start":{"line":169,"column":10},"end":{"line":171,"column":11}},"type":"if","locations":[{"start":{"line":169,"column":10},"end":{"line":171,"column":11}}]},"2":{"loc":{"start":{"line":169,"column":14},"end":{"line":169,"column":51}},"type":"binary-expr","locations":[{"start":{"line":169,"column":14},"end":{"line":169,"column":27}},{"start":{"line":169,"column":31},"end":{"line":169,"column":36}},{"start":{"line":169,"column":40},"end":{"line":169,"column":51}}]},"3":{"loc":{"start":{"line":210,"column":4},"end":{"line":214,"column":5}},"type":"if","locations":[{"start":{"line":210,"column":4},"end":{"line":214,"column":5}}]},"4":{"loc":{"start":{"line":254,"column":4},"end":{"line":264,"column":5}},"type":"if","locations":[{"start":{"line":254,"column":4},"end":{"line":264,"column":5}}]},"5":{"loc":{"start":{"line":255,"column":6},"end":{"line":258,"column":23}},"type":"binary-expr","locations":[{"start":{"line":255,"column":6},"end":{"line":255,"column":25}},{"start":{"line":256,"column":6},"end":{"line":256,"column":24}},{"start":{"line":257,"column":6},"end":{"line":257,"column":25}},{"start":{"line":258,"column":6},"end":{"line":258,"column":23}}]},"6":{"loc":{"start":{"line":279,"column":10},"end":{"line":279,"column":58}},"type":"cond-expr","locations":[{"start":{"line":279,"column":32},"end":{"line":279,"column":51}},{"start":{"line":279,"column":54},"end":{"line":279,"column":58}}]}},"s":{"0":5,"1":5,"2":5,"3":5,"4":5,"5":5,"6":5,"7":5,"8":5,"9":2,"10":2,"11":2,"12":2,"13":2,"14":2,"15":2,"16":2,"17":2,"18":2,"19":2,"20":2,"21":2,"22":2,"23":2,"24":2,"25":0,"26":0,"27":0,"28":0,"29":0,"30":0,"31":0,"32":0,"33":0,"34":0,"35":0,"36":0,"37":0,"38":0,"39":0,"40":0,"41":0,"42":0,"43":0,"44":0,"45":0,"46":0,"47":0,"48":0,"49":0,"50":0,"51":0,"52":0,"53":0,"54":0,"55":0,"56":0,"57":0,"58":0,"59":0,"60":0,"61":0,"62":0,"63":0,"64":0,"65":0,"66":0,"67":0,"68":0,"69":0,"70":0,"71":0,"72":0,"73":0,"74":0,"75":0,"76":0,"77":0,"78":0,"79":0,"80":0,"81":0,"82":0,"83":0,"84":0,"85":0,"86":0,"87":0,"88":0,"89":0,"90":0,"91":0,"92":0,"93":0,"94":0,"95":0,"96":0,"97":0,"98":0,"99":0,"100":0,"101":0,"102":0,"103":0,"104":0,"105":0,"106":0,"107":0,"108":0,"109":0,"110":0,"111":0,"112":0,"113":0,"114":0,"115":0,"116":0,"117":0,"118":0,"119":0,"120":0,"121":0,"122":0,"123":0,"124":0,"125":0,"126":0,"127":0,"128":0,"129":0,"130":0,"131":0,"132":0,"133":0,"134":0,"135":0,"136":0,"137":0,"138":5},"f":{"0":2,"1":0,"2":0,"3":0,"4":0,"5":0,"6":0,"7":0,"8":0,"9":0,"10":0,"11":0,"12":0,"13":0,"14":0,"15":0,"16":0,"17":0,"18":0,"19":0,"20":0,"21":0,"22":0,"23":0,"24":0,"25":0,"26":0,"27":0,"28":0},"b":{"0":[0],"1":[0],"2":[0,0,0],"3":[0],"4":[0],"5":[0,0,0,0],"6":[0,0]}}
,"/Users/Ryan/Documents/CSC369/potions/packages/client/src/scenes/worldScene.ts": {"path":"/Users/Ryan/Documents/CSC369/potions/packages/client/src/scenes/worldScene.ts","statementMap":{"0":{"start":{"line":1,"column":0},"end":{"line":1,"column":33}},"1":{"start":{"line":2,"column":0},"end":{"line":2,"column":null}},"2":{"start":{"line":8,"column":0},"end":{"line":8,"column":61}},"3":{"start":{"line":11,"column":0},"end":{"line":11,"column":53}},"4":{"start":{"line":12,"column":0},"end":{"line":12,"column":59}},"5":{"start":{"line":14,"column":0},"end":{"line":14,"column":39}},"6":{"start":{"line":15,"column":0},"end":{"line":15,"column":36}},"7":{"start":{"line":16,"column":0},"end":{"line":16,"column":67}},"8":{"start":{"line":17,"column":0},"end":{"line":17,"column":66}},"9":{"start":{"line":18,"column":0},"end":{"line":18,"column":null}},"10":{"start":{"line":24,"column":0},"end":{"line":24,"column":51}},"11":{"start":{"line":27,"column":37},"end":{"line":27,"column":41}},"12":{"start":{"line":29,"column":13},"end":{"line":29,"column":28}},"13":{"start":{"line":30,"column":13},"end":{"line":30,"column":34}},"14":{"start":{"line":38,"column":40},"end":{"line":38,"column":42}},"15":{"start":{"line":39,"column":39},"end":{"line":39,"column":41}},"16":{"start":{"line":40,"column":38},"end":{"line":40,"column":40}},"17":{"start":{"line":41,"column":35},"end":{"line":41,"column":63}},"18":{"start":{"line":42,"column":47},"end":{"line":42,"column":49}},"19":{"start":{"line":44,"column":25},"end":{"line":44,"column":26}},"20":{"start":{"line":45,"column":26},"end":{"line":45,"column":27}},"21":{"start":{"line":46,"column":25},"end":{"line":46,"column":26}},"22":{"start":{"line":49,"column":4},"end":{"line":49,"column":33}},"23":{"start":{"line":53,"column":4},"end":{"line":53,"column":59}},"24":{"start":{"line":55,"column":4},"end":{"line":59,"column":6}},"25":{"start":{"line":61,"column":4},"end":{"line":64,"column":7}},"26":{"start":{"line":67,"column":4},"end":{"line":67,"column":56}},"27":{"start":{"line":75,"column":4},"end":{"line":80,"column":7}},"28":{"start":{"line":82,"column":4},"end":{"line":92,"column":7}},"29":{"start":{"line":94,"column":4},"end":{"line":98,"column":7}},"30":{"start":{"line":96,"column":6},"end":{"line":96,"column":49}},"31":{"start":{"line":97,"column":6},"end":{"line":97,"column":47}},"32":{"start":{"line":100,"column":4},"end":{"line":126,"column":7}},"33":{"start":{"line":102,"column":6},"end":{"line":102,"column":47}},"34":{"start":{"line":103,"column":6},"end":{"line":113,"column":9}},"35":{"start":{"line":115,"column":6},"end":{"line":125,"column":9}},"36":{"start":{"line":130,"column":4},"end":{"line":132,"column":5}},"37":{"start":{"line":131,"column":6},"end":{"line":131,"column":18}},"38":{"start":{"line":134,"column":4},"end":{"line":136,"column":5}},"39":{"start":{"line":135,"column":6},"end":{"line":135,"column":18}},"40":{"start":{"line":138,"column":4},"end":{"line":140,"column":5}},"41":{"start":{"line":139,"column":6},"end":{"line":139,"column":18}},"42":{"start":{"line":142,"column":4},"end":{"line":142,"column":17}},"43":{"start":{"line":159,"column":25},"end":{"line":159,"column":46}},"44":{"start":{"line":160,"column":26},"end":{"line":160,"column":44}},"45":{"start":{"line":163,"column":4},"end":{"line":209,"column":5}},"46":{"start":{"line":163,"column":17},"end":{"line":163,"column":18}},"47":{"start":{"line":164,"column":6},"end":{"line":208,"column":7}},"48":{"start":{"line":164,"column":19},"end":{"line":164,"column":20}},"49":{"start":{"line":165,"column":21},"end":{"line":165,"column":38}},"50":{"start":{"line":167,"column":21},"end":{"line":167,"column":34}},"51":{"start":{"line":168,"column":21},"end":{"line":168,"column":34}},"52":{"start":{"line":171,"column":8},"end":{"line":173,"column":9}},"53":{"start":{"line":172,"column":10},"end":{"line":172,"column":19}},"54":{"start":{"line":176,"column":19},"end":{"line":176,"column":20}},"55":{"start":{"line":177,"column":20},"end":{"line":177,"column":21}},"56":{"start":{"line":178,"column":17},"end":{"line":178,"column":18}},"57":{"start":{"line":179,"column":19},"end":{"line":179,"column":20}},"58":{"start":{"line":182,"column":8},"end":{"line":184,"column":9}},"59":{"start":{"line":183,"column":10},"end":{"line":183,"column":19}},"60":{"start":{"line":187,"column":8},"end":{"line":192,"column":9}},"61":{"start":{"line":191,"column":10},"end":{"line":191,"column":20}},"62":{"start":{"line":195,"column":8},"end":{"line":197,"column":9}},"63":{"start":{"line":196,"column":10},"end":{"line":196,"column":17}},"64":{"start":{"line":200,"column":8},"end":{"line":205,"column":9}},"65":{"start":{"line":204,"column":10},"end":{"line":204,"column":19}},"66":{"start":{"line":207,"column":8},"end":{"line":207,"column":58}},"67":{"start":{"line":213,"column":4},"end":{"line":213,"column":41}},"68":{"start":{"line":214,"column":4},"end":{"line":219,"column":6}},"69":{"start":{"line":223,"column":23},"end":{"line":223,"column":77}},"70":{"start":{"line":224,"column":4},"end":{"line":224,"column":59}},"71":{"start":{"line":226,"column":4},"end":{"line":226,"column":24}},"72":{"start":{"line":227,"column":4},"end":{"line":227,"column":27}},"73":{"start":{"line":230,"column":4},"end":{"line":232,"column":5}},"74":{"start":{"line":231,"column":6},"end":{"line":231,"column":72}},"75":{"start":{"line":235,"column":24},"end":{"line":252,"column":43}},"76":{"start":{"line":254,"column":23},"end":{"line":256,"column":29}},"77":{"start":{"line":255,"column":24},"end":{"line":255,"column":38}},"78":{"start":{"line":256,"column":21},"end":{"line":256,"column":28}},"79":{"start":{"line":257,"column":22},"end":{"line":259,"column":29}},"80":{"start":{"line":258,"column":24},"end":{"line":258,"column":37}},"81":{"start":{"line":259,"column":21},"end":{"line":259,"column":28}},"82":{"start":{"line":261,"column":52},"end":{"line":261,"column":54}},"83":{"start":{"line":262,"column":4},"end":{"line":264,"column":5}},"84":{"start":{"line":263,"column":6},"end":{"line":263,"column":47}},"85":{"start":{"line":265,"column":4},"end":{"line":265,"column":66}},"86":{"start":{"line":267,"column":4},"end":{"line":285,"column":6}},"87":{"start":{"line":272,"column":8},"end":{"line":275,"column":26}},"88":{"start":{"line":277,"column":8},"end":{"line":283,"column":9}},"89":{"start":{"line":278,"column":23},"end":{"line":281,"column":27}},"90":{"start":{"line":282,"column":10},"end":{"line":282,"column":34}},"91":{"start":{"line":288,"column":4},"end":{"line":306,"column":6}},"92":{"start":{"line":294,"column":30},"end":{"line":294,"column":75}},"93":{"start":{"line":297,"column":27},"end":{"line":297,"column":53}},"94":{"start":{"line":301,"column":8},"end":{"line":304,"column":26}},"95":{"start":{"line":308,"column":4},"end":{"line":326,"column":6}},"96":{"start":{"line":313,"column":24},"end":{"line":313,"column":45}},"97":{"start":{"line":314,"column":30},"end":{"line":314,"column":75}},"98":{"start":{"line":317,"column":27},"end":{"line":317,"column":53}},"99":{"start":{"line":321,"column":8},"end":{"line":324,"column":23}},"100":{"start":{"line":331,"column":28},"end":{"line":331,"column":30}},"101":{"start":{"line":332,"column":28},"end":{"line":332,"column":30}},"102":{"start":{"line":333,"column":32},"end":{"line":333,"column":58}},"103":{"start":{"line":334,"column":33},"end":{"line":334,"column":66}},"104":{"start":{"line":335,"column":4},"end":{"line":340,"column":6}},"105":{"start":{"line":342,"column":4},"end":{"line":342,"column":51}},"106":{"start":{"line":343,"column":4},"end":{"line":343,"column":49}},"107":{"start":{"line":345,"column":23},"end":{"line":345,"column":57}},"108":{"start":{"line":346,"column":4},"end":{"line":346,"column":31}},"109":{"start":{"line":347,"column":4},"end":{"line":347,"column":34}},"110":{"start":{"line":348,"column":4},"end":{"line":348,"column":76}},"111":{"start":{"line":349,"column":4},"end":{"line":349,"column":29}},"112":{"start":{"line":352,"column":4},"end":{"line":352,"column":44}},"113":{"start":{"line":353,"column":4},"end":{"line":358,"column":6}},"114":{"start":{"line":359,"column":4},"end":{"line":359,"column":37}},"115":{"start":{"line":360,"column":4},"end":{"line":360,"column":21}},"116":{"start":{"line":362,"column":4},"end":{"line":362,"column":31}},"117":{"start":{"line":363,"column":4},"end":{"line":363,"column":23}},"118":{"start":{"line":365,"column":4},"end":{"line":389,"column":7}},"119":{"start":{"line":366,"column":6},"end":{"line":368,"column":7}},"120":{"start":{"line":367,"column":8},"end":{"line":367,"column":15}},"121":{"start":{"line":372,"column":6},"end":{"line":388,"column":7}},"122":{"start":{"line":378,"column":8},"end":{"line":382,"column":10}},"123":{"start":{"line":384,"column":8},"end":{"line":387,"column":11}},"124":{"start":{"line":391,"column":4},"end":{"line":391,"column":34}},"125":{"start":{"line":395,"column":4},"end":{"line":395,"column":62}},"126":{"start":{"line":399,"column":4},"end":{"line":402,"column":6}},"127":{"start":{"line":406,"column":4},"end":{"line":406,"column":65}},"128":{"start":{"line":407,"column":4},"end":{"line":407,"column":52}},"129":{"start":{"line":408,"column":4},"end":{"line":408,"column":23}},"130":{"start":{"line":412,"
[...]
line":83,"column":43}},"33":{"start":{"line":84,"column":6},"end":{"line":84,"column":25}},"34":{"start":{"line":87,"column":4},"end":{"line":95,"column":5}},"35":{"start":{"line":94,"column":6},"end":{"line":94,"column":30}},"36":{"start":{"line":5,"column":0},"end":{"line":5,"column":13}}},"fnMap":{"0":{"name":"(anonymous_0)","decl":{"start":{"line":16,"column":2},"end":{"line":16,"column":null}},"loc":{"start":{"line":23,"column":38},"end":{"line":36,"column":3}}},"1":{"name":"(anonymous_1)","decl":{"start":{"line":38,"column":2},"end":{"line":38,"column":6}},"loc":{"start":{"line":38,"column":37},"end":{"line":40,"column":3}}},"2":{"name":"(anonymous_2)","decl":{"start":{"line":42,"column":2},"end":{"line":42,"column":6}},"loc":{"start":{"line":42,"column":12},"end":{"line":44,"column":3}}},"3":{"name":"(anonymous_3)","decl":{"start":{"line":46,"column":2},"end":{"line":46,"column":9}},"loc":{"start":{"line":46,"column":22},"end":{"line":53,"column":3}}},"4":{"name":"(anonymous_4)","decl":{"start":{"line":55,"column":2},"end":{"line":55,"column":16}},"loc":{"start":{"line":55,"column":49},"end":{"line":59,"column":3}}},"5":{"name":"(anonymous_5)","decl":{"start":{"line":61,"column":2},"end":{"line":61,"column":6}},"loc":{"start":{"line":61,"column":38},"end":{"line":96,"column":3}}}},"branchMap":{"0":{"loc":{"start":{"line":29,"column":4},"end":{"line":31,"column":5}},"type":"if","locations":[{"start":{"line":29,"column":4},"end":{"line":31,"column":5}}]},"1":{"loc":{"start":{"line":49,"column":4},"end":{"line":51,"column":5}},"type":"if","locations":[{"start":{"line":49,"column":4},"end":{"line":51,"column":5}}]},"2":{"loc":{"start":{"line":64,"column":4},"end":{"line":66,"column":5}},"type":"if","locations":[{"start":{"line":64,"column":4},"end":{"line":66,"column":5}}]},"3":{"loc":{"start":{"line":68,"column":4},"end":{"line":85,"column":5}},"type":"if","locations":[{"start":{"line":68,"column":4},"end":{"line":85,"column":5}}]},"4":{"loc":{"start":{"line":73,"column":6},"end":{"line":75,"column":7}},"type":"if","locations":[{"start":{"line":73,"column":6},"end":{"line":75,"column":7}}]},"5":{"loc":{"start":{"line":73,"column":10},"end":{"line":73,"column":58}},"type":"binary-expr","locations":[{"start":{"line":73,"column":10},"end":{"line":73,"column":20}},{"start":{"line":73,"column":24},"end":{"line":73,"column":58}}]},"6":{"loc":{"start":{"line":87,"column":4},"end":{"line":95,"column":5}},"type":"if","locations":[{"start":{"line":87,"column":4},"end":{"line":95,"column":5}}]},"7":{"loc":{"start":{"line":88,"column":6},"end":{"line":92,"column":38}},"type":"binary-expr","locations":[{"start":{"line":88,"column":6},"end":{"line":88,"column":28}},{"start":{"line":89,"column":6},"end":{"line":89,"column":17}},{"start":{"line":90,"column":6},"end":{"line":90,"column":19}},{"start":{"line":91,"column":6},"end":{"line":91,"column":38}},{"start":{"line":92,"column":6},"end":{"line":92,"column":38}}]}},"s":{"0":6,"1":6,"2":11,"3":11,"4":11,"5":11,"6":11,"7":11,"8":11,"9":11,"10":11,"11":11,"12":11,"13":0,"14":0,"15":0,"16":0,"17":0,"18":0,"19":0,"20":3,"21":3,"22":3,"23":3,"24":0,"25":3,"26":3,"27":3,"28":3,"29":3,"30":1,"31":3,"32":3,"33":3,"34":3,"35":0,"36":6},"f":{"0":11,"1":0,"2":0,"3":0,"4":3,"5":3},"b":{"0":[11],"1":[0],"2":[0],"3":[3],"4":[1],"5":[3,2],"6":[0],"7":[3,0,0,0,0]}}
,"/Users/Ryan/Documents/CSC369/potions/packages/client/src/world/physical.ts": {"path":"/Users/Ryan/Documents/CSC369/potions/packages/client/src/world/physical.ts","statementMap":{"0":{"start":{"line":5,"column":27},"end":{"line":5,"column":31}},"1":{"start":{"line":6,"column":18},"end":{"line":6,"column":19}},"2":{"start":{"line":7,"column":18},"end":{"line":7,"column":23}},"3":{"start":{"line":10,"column":27},"end":{"line":10,"column":31}},"4":{"start":{"line":13,"column":4},"end":{"line":13,"column":19}},"5":{"start":{"line":14,"column":4},"end":{"line":14,"column":21}},"6":{"start":{"line":15,"column":4},"end":{"line":17,"column":5}},"7":{"start":{"line":16,"column":6},"end":{"line":16,"column":55}},"8":{"start":{"line":21,"column":4},"end":{"line":23,"column":5}},"9":{"start":{"line":22,"column":6},"end":{"line":22,"column":13}},"10":{"start":{"line":4,"column":0},"end":{"line":4,"column":13}}},"fnMap":{"0":{"name":"(anonymous_0)","decl":{"start":{"line":12,"column":2},"end":{"line":12,"column":14}},"loc":{"start":{"line":12,"column":77},"end":{"line":18,"column":3}}},"1":{"name":"(anonymous_1)","decl":{"start":{"line":20,"column":2},"end":{"line":20,"column":6}},"loc":{"start":{"line":20,"column":40},"end":{"line":24,"column":3}}}},"branchMap":{"0":{"loc":{"start":{"line":15,"column":4},"end":{"line":17,"column":5}},"type":"if","locations":[{"start":{"line":15,"column":4},"end":{"line":17,"column":5}}]},"1":{"loc":{"start":{"line":21,"column":4},"end":{"line":23,"column":5}},"type":"if","locations":[{"start":{"line":21,"column":4},"end":{"line":23,"column":5}}]}},"s":{"0":18,"1":18,"2":18,"3":18,"4":18,"5":18,"6":18,"7":18,"8":3,"9":0,"10":9},"f":{"0":18,"1":3},"b":{"0":[18],"1":[0]}}
,"/Users/Ryan/Documents/CSC369/potions/packages/client/src/world/world.ts": {"path":"/Users/Ryan/Documents/CSC369/potions/packages/client/src/world/world.ts","statementMap":{"0":{"start":{"line":1,"column":0},"end":{"line":1,"column":null}},"1":{"start":{"line":24,"column":30},"end":{"line":24,"column":32}},"2":{"start":{"line":25,"column":32},"end":{"line":25,"column":34}},"3":{"start":{"line":26,"column":40},"end":{"line":26,"column":42}},"4":{"start":{"line":34,"column":4},"end":{"line":37,"column":6}},"5":{"start":{"line":38,"column":4},"end":{"line":38,"column":52}},"6":{"start":{"line":39,"column":4},"end":{"line":39,"column":56}},"7":{"start":{"line":40,"column":4},"end":{"line":40,"column":65}},"8":{"start":{"line":41,"column":4},"end":{"line":41,"column":40}},"9":{"start":{"line":44,"column":4},"end":{"line":44,"column":29}},"10":{"start":{"line":45,"column":4},"end":{"line":50,"column":5}},"11":{"start":{"line":45,"column":17},"end":{"line":45,"column":18}},"12":{"start":{"line":46,"column":6},"end":{"line":49,"column":7}},"13":{"start":{"line":46,"column":19},"end":{"line":46,"column":20}},"14":{"start":{"line":48,"column":8},"end":{"line":48,"column":42}},"15":{"start":{"line":52,"column":4},"end":{"line":52,"column":30}},"16":{"start":{"line":54,"column":4},"end":{"line":54,"column":34}},"17":{"start":{"line":55,"column":4},"end":{"line":57,"column":5}},"18":{"start":{"line":56,"column":6},"end":{"line":56,"column":39}},"19":{"start":{"line":59,"column":4},"end":{"line":59,"column":31}},"20":{"start":{"line":63,"column":4},"end":{"line":69,"column":5}},"21":{"start":{"line":64,"column":6},"end":{"line":68,"column":7}},"22":{"start":{"line":65,"column":8},"end":{"line":65,"column":26}},"23":{"start":{"line":67,"column":8},"end":{"line":67,"column":34}},"24":{"start":{"line":70,"column":4},"end":{"line":72,"column":5}},"25":{"start":{"line":71,"column":6},"end":{"line":71,"column":33}},"26":{"start":{"line":76,"column":4},"end":{"line":78,"column":5}},"27":{"start":{"line":77,"column":6},"end":{"line":77,"column":53}},"28":{"start":{"line":82,"column":4},"end":{"line":84,"column":5}},"29":{"start":{"line":83,"column":6},"end":{"line":83,"column":48}},"30":{"start":{"line":86,"column":18},"end":{"line":86,"column":37}},"31":{"start":{"line":89,"column":19},"end":{"line":89,"column":42}},"32":{"start":{"line":90,"column":4},"end":{"line":90,"column":40}},"33":{"start":{"line":94,"column":4},"end":{"line":96,"column":5}},"34":{"start":{"line":95,"column":6},"end":{"line":95,"column":48}},"35":{"start":{"line":98,"column":18},"end":{"line":98,"column":38}},"36":{"start":{"line":100,"column":4},"end":{"line":100,"column":53}},"37":{"start":{"line":104,"column":4},"end":{"line":106,"column":5}},"38":{"start":{"line":105,"column":6},"end":{"line":105,"column":48}},"39":{"start":{"line":107,"column":18},"end":{"line":107,"column":38}},"40":{"start":{"line":109,"column":19},"end":{"line":109,"column":42}},"41":{"start":{"line":110,"column":4},"end":{"line":110,"column":33}},"42":{"start":{"line":114,"column":4},"end":{"line":116,"column":5}},"43":{"start":{"line":115,"column":6},"end":{"line":115,"column":48}},"44":{"start":{"line":117,"column":18},"end":{"line":117,"column":37}},"45":{"start":{"line":119,"column":19},"end":{"line":119,"column":42}},"46":{"start":{"line":120,"column":4},"end":{"line":120,"column":80}},"47":{"start":{"line":124,"column":4},"end":{"line":126,"column":5}},"48":{"start":{"line":125,"column":6},"end":{"line":125,"column":48}},"49":{"start":{"line":127,"column":23},"end":{"line":127,"column":42}},"50":{"start":{"line":128,"column":26},"end":{"line":128,"column":39}},"51":{"start":{"line":129,"column":4},"end":{"line":131,"column":5}},"52":{"start":{"line":130,"column":6},"end":{"line":130,"column":13}},"53":{"start":{"line":133,"column":19},"end":{"line":133,"column":52}},"54":{"start":{"line":134,"column":4},"end":{"line":134,"column":80}},"55":{"start":{"line":137,"column":19},"end":{"line":137,"column":58}},"56":{"start":{"line":138,"column":4},"end":{"line":138,"column":40}},"57":{"start":{"line":143,"column":17},"end":{"line":143,"column":47}},"58":{"start":{"line":144,"column":4},"end":{"line":144,"column":29}},"59":{"start":{"line":149,"column":4},"end":{"line":152,"column":5}},"60":{"start":{"line":150,"column":19},"end":{"line":150,"column":49}},"61":{"start":{"line":151,"column":6},"end":{"line":151,"column":32}},"62":{"start":{"line":154,"column":34},"end":{"line":154,"column":36}},"63":{"start":{"line":157,"column":17},"end":{"line":157,"column":40}},"64":{"start":{"line":158,"column":17},"end":{"line":158,"column":58}},"65":{"start":{"line":159,"column":17},"end":{"line":159,"column":40}},"66":{"start":{"line":160,"column":17},"end":{"line":160,"column":59}},"67":{"start":{"line":163,"column":4},"end":{"line":170,"column":5}},"68":{"start":{"line":163,"column":17},"end":{"line":163,"column":21}},"69":{"start":{"line":164,"column":6},"end":{"line":169,"column":7}},"70":{"start":{"line":164,"column":19},"end":{"line":164,"column":23}},"71":{"start":{"line":165,"column":21},"end":{"line":165,"column":51}},"72":{"start":{"line":166,"column":8},"end":{"line":168,"column":9}},"73":{"start":{"line":167,"column":10},"end":{"line":167,"column":35}},"74":{"start":{"line":172,"column":4},"end":{"line":172,"column":25}},"75":{"start":{"line":177,"column":4},"end":{"line":179,"column":5}},"76":{"start":{"line":178,"column":6},"end":{"line":178,"column":49}},"77":{"start":{"line":181,"column":32},"end":{"line":181,"column":34}},"78":{"start":{"line":184,"column":17},"end":{"line":184,"column":40}},"79":{"start":{"line":185,"column":17},"end":{"line":185,"column":58}},"80":{"start":{"line":186,"column":17},"end":{"line":186,"column":40}},"81":{"start":{"line":187,"column":17},"end":{"line":187,"column":59}},"82":{"start":{"line":190,"column":4},"end":{"line":201,"column":5}},"83":{"start":{"line":190,"column":17},"end":{"line":190,"column":21}},"84":{"start":{"line":191,"column":6},"end":{"line":200,"column":7}},"85":{"start":{"line":191,"column":19},"end":{"line":191,"column":23}},"86":{"start":{"line":192,"column":34},"end":{"line":192,"column":69}},"87":{"start":{"line":193,"column":8},"end":{"line":199,"column":9}},"88":{"start":{"line":195,"column":27},"end":{"line":195,"column":65}},"89":{"start":{"line":196,"column":10},"end":{"line":198,"column":11}},"90":{"start":{"line":197,"column":12},"end":{"line":197,"column":38}},"91":{"start":{"line":203,"column":4},"end":{"line":203,"column":24}},"92":{"start":{"line":207,"column":4},"end":{"line":209,"column":5}},"93":{"start":{"line":208,"column":6},"end":{"line":208,"column":52}},"94":{"start":{"line":210,"column":4},"end":{"line":210,"column":41}},"95":{"start":{"line":212,"column":4},"end":{"line":226,"column":5}},"96":{"start":{"line":213,"column":6},"end":{"line":215,"column":7}},"97":{"start":{"line":214,"column":8},"end":{"line":214,"column":17}},"98":{"start":{"line":216,"column":6},"end":{"line":225,"column":7}},"99":{"start":{"line":220,"column":8},"end":{"line":224,"column":10}},"100":{"start":{"line":227,"column":4},"end":{"line":227,"column":59}},"101":{"start":{"line":13,"column":0},"end":{"line":13,"column":13}},"102":{"start":{"line":231,"column":13},"end":{"line":231,"column":33}}},"fnMap":{"0":{"name":"(anonymous_0)","decl":{"start":{"line":31,"column":2},"end":{"line":31,"column":17}},"loc":{"start":{"line":31,"column":2},"end":{"line":31,"column":18}}},"1":{"name":"(anonymous_1)","decl":{"start":{"line":33,"column":2},"end":{"line":33,"column":6}},"loc":{"start":{"line":33,"column":41},"end":{"line":60,"column":3}}},"2":{"name":"(anonymous_2)","decl":{"start":{"line":62,"column":2},"end":{"line":62,"column":6}},"loc":{"start":{"line":62,"column":24},"end":{"line":73,"column":3}}},"3":{"name":"(anonymous_3)","decl":{"start":{"line":75,"column":2},"end":{"line":75,"column":16}},"loc":{"start":{"line":75,"column":49},"end":{"line":79,"column":3}}},"4":{"name":"(anonymous_4)","decl":{"start":{"line":81,"column":2},"end":{"line":81,"column":14}},"loc":{"start":{"line":81,"column":23},"end":{"line":91,"column":3}}},"5":{"name":"(anonymous_5)","decl":{"start":{"line":93,"column":2},"end":{"line":93,"column":15}},"loc":{"start":{"line":93,"column":26},"end":{"line":101,"column":3}}},"6":{"name":"(anonymous_6)","decl":{"start":{"line":103,"column":2},"end":{"line":103,"column":20}},"loc":{"start":{"line":103,"column":31},"end":{"line":111,"column":3}}},"7":{"name":"(anonymous_7)","decl":{"start":{"line":113,"column":2},"end":{"line":113,"column":19}},"loc":{"start":{"line":113,"column":28},"end":{"line":121,"column":3}}},"8":{"name":"(anonymous_8)","decl":{"start":{"line":123,"column":2},"end":{"line":123,"column":9}},"loc":{"start":{"line":123,"column":33},"end":{"line":140,"column":3}}},"9":{"name":"(anonymous_9)","decl":{"start":{"line":142,"column":2},"end":{"line":142,"column":11}},"loc":{"start":{"line":142,"column":32},"end":{"line":145,"column":3}}},"10":{"name":"(anonymous_10)","decl":{"start":{"line":147,"column":2},"end":{"line":147,"column":12}},"loc":{"start":{"line":147,"column":53},"end":{"line":173,"column":3}}},"11":{"name":"(anonymous_11)","decl":{"start":{"line":175,"column":2},"end":{"line":175,"column":11}},"loc":{"start":{"line":175,"column":52},"end":{"line":204,"column":3}}},"12":{"name":"(anonymous_12)","decl":{"start":{"line":206,"column":2},"end":{"line":206,"column":14}},"loc":{"start":{"line":206,"column":56},"end":{"line":228,"column":3}}}},"branchMap":{"0":{"loc":{"start":{"line":64,"column":6},"end":{"line":68,"column":7}},"type":"if","locations":[{"start":{"line":64,"column":6},"end":{"line":68,"column":7}},{"start":{"line":66,"column":13},"end":{"line":68,"column":7}}]},"1":{"loc":{"start":{"line":82,"column":4},"end":{"line":84,"column":5}},"type":"if","locations":[{"start":{"line":82,"column":4},"end":{"line":84,"column":5}}]},"2":{"loc":{"start":{"line":94,"column":4},"end":{"line":96,"column":5}},"type":"if","locations":[{"start":{"line":94,"column":4},"end":{"line":96,"column":5}}]},"3":{"loc":{"start":{"line":104,"column":4},"end":{"line":106,"column":5}},"type":"if","locations":[{"start":{"line":104,"column":4},"end":{"line":106,"column":5}}]},"4":{"loc":{"start":{"line":114,"column":4},"end":{"line":116,"column":5}},"type":"if","locations":[{"start":{"line":114,"column":4},"end":{"line":116,"column":5}}]},"5":{"loc":{"start":{"line":124,"column":4},"end":{"line":126,"column":5}},"type":"if","locations":[{"start":{"line":124,"column":4},"end":{"line":126,"column":5}}]},"6":{"loc":{"start":{"line":129,"column":4},"end":{"line":131,"column":5}},"type":"if","locations":[{"start":{"line":129,"column":4},"end":{"line":131,"column":5}}]},"7":{"loc":{"start":{"line":144,"column":11},"end":{"line":144,"column":28}},"type":"binary-expr","locations":[{"start":{"line":144,"column":11},"end":{"line":144,"column":15}},{"start":{"line":144,"column":19},"end":{"line":144,"column":28}}]},"8":{"loc":{"start":{"line":147,"column":35},"end":{"line":147,"column":53}},"type":"default-arg","locations":[{"start":{"line":147,"column":52},"end":{"line":147,"column":53}}]},"9":{"loc":{"start":{"line":149,"column":4},"end":{"line":152,"column":5}},"type":"if","locations":[{"start":{"line":149,"column":4},"end":{"line":152,"column":5}}]},"10":{"loc":{"start":{"line":151,"column":13},"end":{"line":151,"column":31}},"type":"cond-expr","locations":[{"start":{"line":151,"column":20},"end":{"line":151,"column":26}},{"start":{"line":151,"column":29},"end":{"line":151,"column":31}}]},"11":{"loc":{"start":{"line":166,"column":8},"end":{"line":168,"column":9}},"type":"if","locations":[{"start":{"line":166,"column":8},"end":{"line":168,"column":9}}]},"12":{"loc":{"start":{"line":175,"column":34},"end":{"line":175,"column":52}},"type":"default-arg","locations":[{"start":{"line":175,"column":51},"end":{"line":175,"column":52}}]},"13":{"loc":{"start":{"line":177,"column":4},"end":{"line":179,"column":5}},"type":"if","locations":[{"start":{"line":177,"column":4},"end":{"line":179,"column":5}}]},"14":{"loc":{"start":{"line":178,"column":13},"end":{"line":178,"column":48}},"type":"binary-expr","locations":[{"start":{"line":178,"column":13},"end":{"line":178,"column":42}},{"start":{"line":178,"column":46},"end":{"line":178,"column":48}}]},"15":{"loc":{"start":{"line":192,"column":34},"end":{"line":192,"column":69}},"type":"binary-expr","locations":[{"start":{"line":192,"column":34},"end":{"line":192,"column":63}},{"start":{"line":192,"column":67},"end":{"line":192,"column":69}}]},"16":{"loc":{"start":{"line":196,"column":10},"end":{"line":198,"column":11}},"type":"if","locations":[{"start":{"line":196,"column":10},"end":{"line":198,"column":11}}]},"17":{"loc":{"start":{"line":207,"column":4},"end":{"line":209,"column":5}},"type":"if","locations":[{"start":{"line":207,"column":4},"end":{"line":209,"column":5}}]},"18":{"loc":{"start":{"line":213,"column":6},"end":{"line":215,"column":7}},"type":"if","locations":[{"start":{"line":213,"column":6},"end":{"line":215,"column":7}}]},"19":{"loc":{"start":{"line":216,"column":6},"end":{"line":225,"column":7}},"type":"if","locations":[{"start":{"line":216,"column":6},"end":{"line":225,"column":7}}]},"20":{"loc":{"start":{"line":217,"column":8},"end":{"line":218,"column":21}},"type":"binary-expr","locations":[{"start":{"line":217,"column":9},"end":{"line":217,"column":32}},{"start":{"line":217,"column":37},"end":{"line":217,"column":46}},{"start":{"line":217,"column":50},"end":{"line":217,"column":69}},{"start":{"line":218,"column":8},"end":{"line":218,"column":21}}]},"21":{"loc":{"start":{"line":223,"column":10},"end":{"line":223,"column":41}},"type":"cond-expr","locations":[{"start":{"line":223,"column":22},"end":{"line":223,"column":31}},{"start":{"line":223,"column":34},"end":{"line":223,"column":41}}]}},"s":{"0":6,"1":11,"2":11,"3":11,"4":5,"5":5,"6":5,"7":5,"8":5,"9":5,"10":5,"11":5,"12":14,"13":14,"14":40,"15":5,"16":5,"17":5,"18":5,"19":5,"20":0,"21":0,"22":0,"23":0,"24":0,"25":0,"26":0,"27":0,"28":7,"29":0,"30":7,"31":7,"32":7,"33":8,"34":0,"35":8,"36":8,"37":0,"38":0,"39":0,"40":0,"41":0,"42":0,"43":0,"44":0,"45":0,"46":0,"47":0,"48":0,"49":0,"50":0,"51":0,"52":0,"53":0,"54":0,"55":0,"56":0,"57":0,"58":0,"59":0,"60":0,"61":0,"62":0,"63":0,"64":0,"65":0,"66":0,"67":0,"68":0,"69":0,"70":0,"71":0,"72":0,"73":0,"74":0,"75":0,"76":0,"77":0,"78":0,"79":0,"80":0,"81":0,"82":0,"83":0,"84":0,"85":0,"86":0,"87":0,"88":0,"89":0,"90":0,"91":0,"92":3,"93":0,"94":3,"95":3,"96":3,"97":0,"98":3,"99":2,"100":3,"101":6,"102":6},"f":{"0":11,"1":5,"2":0,"3":0,"4":7,"5":8,"6":0,"7":0,"8":0,"9":0,"10":0,"11":0,"12":3},"b":{"0":[0,0],"1":[0],"2":[0],"3":[0],"4":[0],"5":[0],"6":[0],"7":[0,0],"8":[0],"9":[0],"10":[0,0],"11":[0],"12":[0],"13":[0],"14":[0,0],"15":[0,0],"16":[0],"17":[0],"18":[0],"19":[2],"20":[3,3,3,2],"21":[2,0]}}
}
