TN:
SF:src/components/chatButtonManager.ts
FN:5,(anonymous_0)
FN:9,(anonymous_1)
FN:13,(anonymous_2)
FN:14,(anonymous_3)
FNF:4
FNH:4
FNDA:1,(anonymous_0)
FNDA:2,(anonymous_1)
FNDA:1,(anonymous_2)
FNDA:2,(anonymous_3)
DA:3,1
DA:6,1
DA:10,2
DA:14,2
DA:15,1
LF:5
LH:5
BRF:0
BRH:0
end_of_record
TN:
SF:src/sprite/palette_swapper.ts
FN:16,(anonymous_0)
FN:21,(anonymous_1)
FN:29,(anonymous_2)
FN:69,(anonymous_3)
FN:125,(anonymous_4)
FNF:5
FNH:0
FNDA:0,(anonymous_0)
FNDA:0,(anonymous_1)
FNDA:0,(anonymous_2)
FNDA:0,(anonymous_3)
FNDA:0,(anonymous_4)
DA:1,2
DA:12,2
DA:13,2
DA:17,0
DA:22,0
DA:36,0
DA:37,0
DA:40,0
DA:41,0
DA:42,0
DA:43,0
DA:46,0
DA:48,0
DA:49,0
DA:50,0
DA:52,0
DA:53,0
DA:56,0
DA:61,0
DA:76,0
DA:77,0
DA:80,0
DA:81,0
DA:82,0
DA:83,0
DA:86,0
DA:88,0
DA:89,0
DA:90,0
DA:91,0
DA:94,0
DA:96,0
DA:97,0
DA:99,0
DA:100,0
DA:106,0
DA:107,0
DA:108,0
DA:109,0
DA:111,0
DA:112,0
DA:113,0
DA:118,0
DA:119,0
DA:121,0
DA:124,2
DA:126,0
LF:47
LH:4
BRDA:36,0,0,0
BRDA:41,1,0,0
BRDA:52,2,0,0
BRDA:76,3,0,0
BRDA:81,4,0,0
BRDA:89,5,0,0
BRDA:108,6,0,0
BRF:7
BRH:0
end_of_record
TN:
SF:src/sprite/sprite_item.ts
FN:21,(anonymous_0)
FN:38,(anonymous_1)
FN:175,(anonymous_2)
FN:188,(anonymous_3)
FN:196,(anonymous_4)
FN:207,(anonymous_5)
FN:318,(anonymous_6)
FN:324,(anonymous_7)
FN:335,(anonymous_8)
FN:339,(anonymous_9)
FN:343,(anonymous_10)
FN:364,(anonymous_11)
FNF:12
FNH:2
FNDA:0,(anonymous_0)
FNDA:0,(anonymous_1)
FNDA:0,(anonymous_2)
FNDA:0,(anonymous_3)
FNDA:0,(anonymous_4)
FNDA:0,(anonymous_5)
FNDA:0,(anonymous_6)
FNDA:0,(anonymous_7)
FNDA:2,(anonymous_8)
FNDA:2,(anonymous_9)
FNDA:0,(anonymous_10)
FNDA:0,(anonymous_11)
DA:3,2
DA:4,2
DA:5,2
DA:6,2
DA:10,2
DA:17,0
DA:22,0
DA:23,0
DA:24,0
DA:25,0
DA:26,0
DA:27,0
DA:28,0
DA:29,0
DA:32,0
DA:33,0
DA:36,0
DA:37,0
DA:38,0
DA:39,0
DA:40,0
DA:47,0
DA:48,0
DA:49,0
DA:50,0
DA:51,0
DA:52,0
DA:54,0
DA:57,0
DA:60,0
DA:64,0
DA:65,0
DA:66,0
DA:70,0
DA:71,0
DA:75,0
DA:80,0
DA:83,0
DA:85,0
DA:86,0
DA:88,0
DA:89,0
DA:90,0
DA:92,0
DA:99,0
DA:100,0
DA:110,0
DA:111,0
DA:119,0
DA:122,0
DA:123,0
DA:133,0
DA:136,0
DA:137,0
DA:138,0
DA:139,0
DA:140,0
DA:145,0
DA:148,0
DA:149,0
DA:155,0
DA:156,0
DA:157,0
DA:158,0
DA:160,0
DA:161,0
DA:163,0
DA:164,0
DA:166,0
DA:167,0
DA:169,0
DA:170,0
DA:176,0
DA:178,0
DA:179,0
DA:180,0
DA:181,0
DA:183,0
DA:184,0
DA:189,0
DA:199,0
DA:200,0
DA:203,0
DA:204,0
DA:205,0
DA:207,0
DA:209,0
DA:210,0
DA:212,0
DA:213,0
DA:216,0
DA:217,0
DA:220,0
DA:223,0
DA:226,0
DA:230,0
DA:231,0
DA:232,0
DA:234,0
DA:235,0
DA:237,0
DA:238,0
DA:240,0
DA:241,0
DA:244,0
DA:245,0
DA:246,0
DA:247,0
DA:249,0
DA:252,0
DA:255,0
DA:258,0
DA:264,0
DA:266,0
DA:267,0
DA:268,0
DA:269,0
DA:270,0
DA:271,0
DA:272,0
DA:273,0
DA:274,0
DA:275,0
DA:277,0
DA:280,0
DA:283,0
DA:286,0
DA:288,0
DA:289,0
DA:290,0
DA:292,0
DA:294,0
DA:296,0
DA:297,0
DA:299,0
DA:301,0
DA:305,0
DA:306,0
DA:309,0
DA:310,0
DA:311,0
DA:313,0
DA:319,0
DA:321,0
DA:325,0
DA:326,0
DA:327,0
DA:328,0
DA:332,0
DA:336,2
DA:340,2
DA:344,0
DA:346,0
DA:347,0
DA:348,0
DA:350,0
DA:352,0
DA:353,0
DA:355,0
DA:356,0
DA:358,0
DA:359,0
DA:360,0
DA:365,0
DA:366,0
DA:367,0
DA:369,0
DA:370,0
DA:371,0
DA:372,0
DA:374,0
DA:375,0
DA:377,0
DA:378,0
DA:379,0
DA:382,0
DA:383,0
LF:177
LH:7
BRDA:36,0,0,0
BRDA:39,1,0,0
BRDA:47,2,0,0
BRDA:47,2,1,0
BRDA:49,3,0,0
BRDA:49,3,1,0
BRDA:51,4,0,0
BRDA:65,5,0,0
BRDA:70,6,0,0
BRDA:75,7,0,0
BRDA:85,8,0,0
BRDA:99,9,0,0
BRDA:110,10,0,0
BRDA:110,11,0,0
BRDA:110,11,1,0
BRDA:122,12,0,0
BRDA:136,13,0,0
BRDA:136,14,0,0
BRDA:136,14,1,0
BRDA:149,15,0,0
BRDA:150,16,0,0
BRDA:150,16,1,0
BRDA:150,16,2,0
BRDA:150,16,3,0
BRDA:160,17,0,0
BRDA:163,18,0,0
BRDA:166,19,0,0
BRDA:169,20,0,0
BRDA:180,21,0,0
BRDA:183,22,0,0
BRDA:190,23,0,0
BRDA:190,23,1,0
BRDA:190,23,2,0
BRDA:199,24,0,0
BRDA:199,25,0,0
BRDA:199,25,1,0
BRDA:203,26,0,0
BRDA:203,26,1,0
BRDA:204,27,0,0
BRDA:207,28,0,0
BRDA:207,28,1,0
BRDA:216,29,0,0
BRDA:216,29,1,0
BRDA:231,30,0,0
BRDA:234,31,0,0
BRDA:237,32,0,0
BRDA:240,33,0,0
BRDA:246,34,0,0
BRDA:246,34,1,0
BRDA:247,35,0,0
BRDA:247,35,1,0
BRDA:264,36,0,0
BRDA:264,36,1,0
BRDA:264,37,0,0
BRDA:264,37,1,0
BRDA:267,38,0,0
BRDA:267,38,1,0
BRDA:267,39,0,0
BRDA:267,39,1,0
BRDA:269,40,0,0
BRDA:269,40,1,0
BRDA:269,41,0,0
BRDA:269,41,1,0
BRDA:271,42,0,0
BRDA:271,42,1,0
BRDA:271,43,0,0
BRDA:271,43,1,0
BRDA:273,44,0,0
BRDA:273,44,1,0
BRDA:274,45,0,0
BRDA:274,45,1,0
BRDA:275,46,0,0
BRDA:275,46,1,0
BRDA:288,47,0,0
BRDA:288,47,1,0
BRDA:289,48,0,0
BRDA:289,48,1,0
BRDA:296,49,0,0
BRDA:296,49,1,0
BRDA:296,50,0,0
BRDA:296,50,1,0
BRDA:305,51,0,0
BRDA:305,52,0,0
BRDA:305,52,1,0
BRDA:309,53,0,0
BRDA:310,54,0,0
BRDA:310,54,1,0
BRDA:327,55,0,0
BRDA:346,56,0,0
BRDA:366,57,0,0
BRDA:369,58,0,0
BRDA:371,59,0,0
BRDA:374,60,0,0
BRDA:378,61,0,0
BRDA:382,62,0,0
BRDA:382,63,0,0
BRDA:382,63,1,0
BRF:97
BRH:0
end_of_record
TN:
SF:src/utils/color.ts
FN:1,hexStringToNumber
FN:10,darkenColor
FN:30,numberToHexString
FN:39,getRandomColor
FNF:4
FNH:0
FNDA:0,hexStringToNumber
FNDA:0,darkenColor
FNDA:0,numberToHexString
FNDA:0,getRandomColor
DA:1,2
DA:3,0
DA:4,0
DA:7,0
DA:10,2
DA:12,0
DA:15,0
DA:16,0
DA:17,0
DA:20,0
DA:21,0
DA:22,0
DA:25,0
DA:27,0
DA:30,2
DA:32,0
DA:34,0
DA:36,0
DA:39,2
DA:40,0
DA:55,0
DA:56,0
LF:22
LH:4
BRDA:3,0,0,0
BRF:1
BRH:0
end_of_record
TN:
SF:src/utils/nightOverlayHandler.ts
FN:3,(anonymous_9)
FN:20,getNightSkyOpacity
FNF:2
FNH:2
FNDA:1,(anonymous_9)
FNDA:16,getNightSkyOpacity
DA:1,1
DA:3,1
DA:4,1
DA:5,1
DA:6,1
DA:7,1
DA:8,1
DA:20,1
DA:21,16
DA:25,16
DA:27,16
DA:32,16
DA:37,16
LF:13
LH:13
BRDA:3,0,0,1
BRDA:3,0,1,1
BRDA:33,1,0,16
BRDA:33,1,1,16
BRF:4
BRH:4
end_of_record
TN:
SF:src/utils/validators.ts
FN:7,parseName
FNF:1
FNH:1
FNDA:14,parseName
DA:7,1
DA:8,14
DA:9,14
DA:10,9
DA:12,5
LF:5
LH:5
BRDA:9,0,0,9
BRDA:9,1,0,14
BRDA:9,1,1,11
BRF:3
BRH:3
end_of_record
TN:
SF:src/world/item.ts
FN:19,(anonymous_0)
FN:35,(anonymous_1)
FN:46,(anonymous_2)
FN:50,(anonymous_3)
FN:60,(anonymous_4)
FN:79,(anonymous_5)
FN:89,(anonymous_6)
FN:101,(anonymous_7)
FN:105,(anonymous_8)
FN:108,(anonymous_9)
FNF:10
FNH:1
FNDA:1,(anonymous_0)
FNDA:0,(anonymous_1)
FNDA:0,(anonymous_2)
FNDA:0,(anonymous_3)
FNDA:0,(anonymous_4)
FNDA:0,(anonymous_5)
FNDA:0,(anonymous_6)
FNDA:0,(anonymous_7)
FNDA:0,(anonymous_8)
FNDA:0,(anonymous_9)
DA:3,3
DA:7,3
DA:10,1
DA:12,1
DA:26,1
DA:27,1
DA:28,1
DA:30,1
DA:31,1
DA:36,0
DA:37,0
DA:38,0
DA:41,0
DA:43,0
DA:47,0
DA:51,0
DA:52,0
DA:54,0
DA:55,0
DA:57,0
DA:61,0
DA:62,0
DA:64,0
DA:65,0
DA:67,0
DA:68,0
DA:72,0
DA:73,0
DA:74,0
DA:76,0
DA:81,0
DA:82,0
DA:83,0
DA:84,0
DA:86,0
DA:90,0
DA:91,0
DA:94,0
DA:95,0
DA:96,0
DA:97,0
DA:102,0
DA:106,0
DA:107,0
DA:108,0
DA:109,0
DA:112,0
DA:114,0
DA:115,0
DA:117,0
DA:118,0
DA:120,0
DA:121,0
DA:123,0
DA:124,0
DA:126,0
DA:127,0
DA:131,0
LF:58
LH:9
BRDA:30,0,0,1
BRDA:36,1,0,0
BRDA:37,2,0,0
BRDA:37,3,0,0
BRDA:37,3,1,0
BRDA:43,4,0,0
BRDA:43,4,1,0
BRDA:51,5,0,0
BRDA:54,6,0,0
BRDA:61,7,0,0
BRDA:64,8,0,0
BRDA:67,9,0,0
BRDA:83,10,0,0
BRDA:90,11,0,0
BRDA:107,12,0,0
BRDA:112,13,0,0
BRDA:112,13,1,0
BRDA:112,13,2,0
BRDA:112,13,3,0
BRDA:112,13,4,0
BRDA:114,14,0,0
BRDA:114,14,1,0
BRDA:117,15,0,0
BRDA:117,15,1,0
BRDA:120,16,0,0
BRDA:120,16,1,0
BRDA:123,17,0,0
BRDA:123,17,1,0
BRDA:126,18,0,0
BRDA:126,18,1,0
BRF:30
BRH:1
end_of_record
TN:
SF:src/world/mob.ts
FN:17,(anonymous_0)
FN:42,(anonymous_1)
FN:46,(anonymous_2)
FN:50,(anonymous_3)
FN:59,(anonymous_4)
FN:65,(anonymous_5)
FNF:6
FNH:3
FNDA:4,(anonymous_0)
FNDA:0,(anonymous_1)
FNDA:0,(anonymous_2)
FNDA:0,(anonymous_3)
FNDA:3,(anonymous_4)
FNDA:3,(anonymous_5)
DA:1,1
DA:2,1
DA:5,1
DA:7,4
DA:10,4
DA:12,4
DA:13,4
DA:14,4
DA:15,4
DA:27,4
DA:28,4
DA:29,4
DA:30,4
DA:31,4
DA:34,4
DA:35,0
DA:37,4
DA:38,0
DA:43,0
DA:47,0
DA:51,0
DA:53,0
DA:54,0
DA:56,0
DA:61,3
DA:62,3
DA:66,3
DA:68,3
DA:69,0
DA:72,3
DA:74,3
DA:75,3
DA:76,3
DA:77,3
DA:78,1
DA:81,3
DA:87,3
DA:88,3
DA:91,3
DA:98,0
LF:40
LH:30
BRDA:30,0,0,4
BRDA:53,1,0,0
BRDA:68,2,0,0
BRDA:72,3,0,3
BRDA:77,4,0,1
BRDA:77,5,0,3
BRDA:77,5,1,2
BRDA:91,6,0,0
BRDA:92,7,0,3
BRDA:92,7,1,0
BRDA:92,7,2,0
BRDA:92,7,3,0
BRDA:92,7,4,0
BRF:13
BRH:6
end_of_record
TN:
SF:src/world/physical.ts
FN:12,(anonymous_0)
FN:20,(anonymous_1)
FNF:2
FNH:2
FNDA:5,(anonymous_0)
FNDA:3,(anonymous_1)
DA:4,4
DA:5,5
DA:6,5
DA:7,5
DA:10,5
DA:13,5
DA:14,5
DA:15,5
DA:16,5
DA:21,3
DA:22,0
LF:11
LH:10
BRDA:15,0,0,5
BRDA:21,1,0,0
BRF:2
BRH:1
end_of_record
TN:
SF:src/world/world.ts
FN:31,(anonymous_0)
FN:33,(anonymous_1)
FN:62,(anonymous_2)
FN:75,(anonymous_3)
FN:81,(anonymous_4)
FN:93,(anonymous_5)
FN:103,(anonymous_6)
FN:113,(anonymous_7)
FN:123,(anonymous_8)
FN:142,(anonymous_9)
FN:147,(anonymous_10)
FN:175,(anonymous_11)
FN:206,(anonymous_12)
FNF:13
FNH:4
FNDA:2,(anonymous_0)
FNDA:1,(anonymous_1)
FNDA:0,(anonymous_2)
FNDA:0,(anonymous_3)
FNDA:0,(anonymous_4)
FNDA:2,(anonymous_5)
FNDA:0,(anonymous_6)
FNDA:0,(anonymous_7)
FNDA:0,(anonymous_8)
FNDA:0,(anonymous_9)
FNDA:0,(anonymous_10)
FNDA:0,(anonymous_11)
FNDA:3,(anonymous_12)
DA:1,1
DA:13,1
DA:24,2
DA:25,2
DA:26,2
DA:34,1
DA:38,1
DA:39,1
DA:40,1
DA:41,1
DA:44,1
DA:45,1
DA:46,3
DA:48,9
DA:52,1
DA:54,1
DA:55,1
DA:56,1
DA:59,1
DA:63,0
DA:64,0
DA:65,0
DA:67,0
DA:70,0
DA:71,0
DA:76,0
DA:77,0
DA:82,0
DA:83,0
DA:86,0
DA:89,0
DA:90,0
DA:94,2
DA:95,0
DA:98,2
DA:100,2
DA:104,0
DA:105,0
DA:107,0
DA:109,0
DA:110,0
DA:114,0
DA:115,0
DA:117,0
DA:119,0
DA:120,0
DA:124,0
DA:125,0
DA:127,0
DA:128,0
DA:129,0
DA:130,0
DA:133,0
DA:134,0
DA:137,0
DA:138,0
DA:143,0
DA:144,0
DA:149,0
DA:150,0
DA:151,0
DA:154,0
DA:157,0
DA:158,0
DA:159,0
DA:160,0
DA:163,0
DA:164,0
DA:165,0
DA:166,0
DA:167,0
DA:172,0
DA:177,0
DA:178,0
DA:181,0
DA:184,0
DA:185,0
DA:186,0
DA:187,0
DA:190,0
DA:191,0
DA:192,0
DA:193,0
DA:195,0
DA:196,0
DA:197,0
DA:203,0
DA:207,3
DA:208,0
DA:210,3
DA:212,3
DA:213,3
DA:214,0
DA:216,3
DA:220,2
DA:227,3
DA:231,1
LF:97
LH:30
BRDA:64,0,0,0
BRDA:64,0,1,0
BRDA:82,1,0,0
BRDA:94,2,0,0
BRDA:104,3,0,0
BRDA:114,4,0,0
BRDA:124,5,0,0
BRDA:129,6,0,0
BRDA:144,7,0,0
BRDA:144,7,1,0
BRDA:147,8,0,0
BRDA:149,9,0,0
BRDA:151,10,0,0
BRDA:151,10,1,0
BRDA:166,11,0,0
BRDA:175,12,0,0
BRDA:177,13,0,0
BRDA:178,14,0,0
BRDA:178,14,1,0
BRDA:192,15,0,0
BRDA:192,15,1,0
BRDA:196,16,0,0
BRDA:207,17,0,0
BRDA:213,18,0,0
BRDA:216,19,0,2
BRDA:217,20,0,3
BRDA:217,20,1,3
BRDA:217,20,2,3
BRDA:217,20,3,2
BRDA:223,21,0,2
BRDA:223,21,1,0
BRF:31
BRH:6
end_of_record
