TN:
SF:src/config.ts
FNF:0
FNH:0
DA:1,5
DA:2,5
DA:3,5
DA:4,5
DA:5,5
DA:6,5
DA:7,5
DA:9,5
DA:10,5
DA:12,5
DA:36,5
LF:11
LH:11
BRF:0
BRH:0
end_of_record
TN:
SF:src/main.ts
FN:10,(anonymous_10)
FN:25,(anonymous_11)
FNF:2
FNH:0
FNDA:0,(anonymous_10)
FNDA:0,(anonymous_11)
DA:1,5
DA:2,5
DA:3,5
DA:4,5
DA:6,5
DA:8,5
DA:10,5
DA:11,0
DA:13,0
DA:14,0
DA:17,0
DA:18,0
DA:19,0
DA:22,0
DA:25,5
DA:26,0
DA:27,0
DA:29,0
DA:30,0
LF:19
LH:8
BRDA:13,0,0,0
BRDA:17,1,0,0
BRDA:29,2,0,0
BRF:3
BRH:0
end_of_record
TN:
SF:src/worldDescription.ts
FN:69,parseWorldFromJson
FNF:1
FNH:0
FNDA:0,parseWorldFromJson
DA:69,5
DA:70,0
DA:71,0
LF:3
LH:1
BRF:0
BRH:0
end_of_record
TN:
SF:src/worldMetadata.ts
FN:19,(anonymous_0)
FN:31,(anonymous_1)
FN:38,(anonymous_2)
FN:45,(anonymous_3)
FN:52,(anonymous_4)
FN:59,(anonymous_5)
FN:67,addRefreshCallback
FN:71,refresh
FN:75,changeName
FN:86,retrieveCharacter
FN:101,saveColors
FNF:11
FNH:0
FNDA:0,(anonymous_0)
FNDA:0,(anonymous_1)
FNDA:0,(anonymous_2)
FNDA:0,(anonymous_3)
FNDA:0,(anonymous_4)
FNDA:0,(anonymous_5)
FNDA:0,addRefreshCallback
FNDA:0,refresh
FNDA:0,changeName
FNDA:0,retrieveCharacter
FNDA:0,saveColors
DA:1,5
DA:2,5
DA:7,5
DA:8,5
DA:13,5
DA:25,0
DA:26,0
DA:27,0
DA:28,0
DA:32,0
DA:33,0
DA:35,0
DA:39,0
DA:40,0
DA:42,0
DA:46,0
DA:47,0
DA:49,0
DA:53,0
DA:54,0
DA:56,0
DA:60,0
DA:64,5
DA:67,5
DA:68,0
DA:71,5
DA:72,0
DA:75,5
DA:76,0
DA:77,0
DA:78,0
DA:79,0
DA:80,0
DA:82,0
DA:83,0
DA:86,5
DA:87,0
DA:88,0
DA:89,0
DA:91,0
DA:98,0
DA:101,5
DA:102,0
DA:106,0
DA:110,0
LF:45
LH:11
BRDA:32,0,0,0
BRDA:32,1,0,0
BRDA:32,1,1,0
BRDA:39,2,0,0
BRDA:39,3,0,0
BRDA:39,3,1,0
BRDA:46,4,0,0
BRDA:46,5,0,0
BRDA:46,5,1,0
BRDA:53,6,0,0
BRDA:53,7,0,0
BRDA:53,7,1,0
BRDA:76,8,0,0
BRDA:87,9,0,0
BRDA:87,9,1,0
BRDA:92,10,0,0
BRDA:92,10,1,0
BRDA:93,11,0,0
BRDA:93,11,1,0
BRDA:94,12,0,0
BRDA:94,12,1,0
BRDA:95,13,0,0
BRDA:95,13,1,0
BRF:23
BRH:0
end_of_record
TN:
SF:src/components/button.ts
FN:14,(anonymous_1)
FN:88,(anonymous_2)
FN:89,(anonymous_3)
FN:95,(anonymous_4)
FN:103,(anonymous_5)
FN:116,(anonymous_6)
FN:127,(anonymous_7)
FN:152,(anonymous_8)
FN:169,(anonymous_9)
FNF:9
FNH:0
FNDA:0,(anonymous_1)
FNDA:0,(anonymous_2)
FNDA:0,(anonymous_3)
FNDA:0,(anonymous_4)
FNDA:0,(anonymous_5)
FNDA:0,(anonymous_6)
FNDA:0,(anonymous_7)
FNDA:0,(anonymous_8)
FNDA:0,(anonymous_9)
DA:1,5
DA:2,5
DA:3,5
DA:5,5
DA:10,0
DA:24,0
DA:25,0
DA:27,0
DA:28,0
DA:29,0
DA:30,0
DA:32,0
DA:34,0
DA:44,0
DA:52,0
DA:55,0
DA:58,0
DA:59,0
DA:62,0
DA:68,0
DA:69,0
DA:73,0
DA:82,0
DA:85,0
DA:89,0
DA:90,0
DA:91,0
DA:92,0
DA:95,0
DA:96,0
DA:97,0
DA:98,0
DA:101,0
DA:109,0
DA:110,0
DA:111,0
DA:112,0
DA:116,0
DA:117,0
DA:118,0
DA:119,0
DA:120,0
DA:128,0
DA:131,0
DA:136,0
DA:139,0
DA:140,0
DA:141,0
DA:142,0
DA:143,0
DA:145,0
DA:153,0
DA:155,0
DA:158,0
DA:161,0
DA:165,0
DA:170,0
LF:57
LH:4
BRDA:21,0,0,0
BRDA:22,1,0,0
BRDA:32,2,0,0
BRDA:32,2,1,0
BRDA:136,3,0,0
BRDA:136,3,1,0
BRDA:141,4,0,0
BRDA:153,5,0,0
BRDA:153,6,0,0
BRDA:153,6,1,0
BRDA:161,7,0,0
BRDA:162,8,0,0
BRDA:162,8,1,0
BRF:13
BRH:0
end_of_record
TN:
SF:src/components/buttonManager.ts
FN:5,(anonymous_0)
FN:9,(anonymous_1)
FN:13,(anonymous_2)
FN:14,(anonymous_3)
FNF:4
FNH:4
FNDA:4,(anonymous_0)
FNDA:4,(anonymous_1)
FNDA:2,(anonymous_2)
FNDA:4,(anonymous_3)
DA:3,5
DA:6,4
DA:10,4
DA:14,4
DA:15,2
LF:5
LH:5
BRF:0
BRH:0
end_of_record
TN:
SF:src/components/chatButtonManager.ts
FN:5,(anonymous_0)
FN:9,(anonymous_1)
FN:13,(anonymous_2)
FN:14,(anonymous_3)
FNF:4
FNH:4
FNDA:1,(anonymous_0)
FNDA:2,(anonymous_1)
FNDA:1,(anonymous_2)
FNDA:2,(anonymous_3)
DA:3,1
DA:6,1
DA:10,2
DA:14,2
DA:15,1
LF:5
LH:5
BRF:0
BRH:0
end_of_record
TN:
SF:src/components/messageStack.ts
FN:7,(anonymous_0)
FN:51,(anonymous_1)
FN:69,(anonymous_2)
FN:73,(anonymous_3)
FN:88,(anonymous_4)
FN:89,(anonymous_5)
FN:94,(anonymous_6)
FN:96,(anonymous_7)
FNF:8
FNH:0
FNDA:0,(anonymous_0)
FNDA:0,(anonymous_1)
FNDA:0,(anonymous_2)
FNDA:0,(anonymous_3)
FNDA:0,(anonymous_4)
FNDA:0,(anonymous_5)
FNDA:0,(anonymous_6)
FNDA:0,(anonymous_7)
DA:14,0
DA:16,0
DA:17,0
DA:20,0
DA:21,0
DA:24,0
DA:32,0
DA:40,0
DA:43,0
DA:52,0
DA:53,0
DA:55,0
DA:56,0
DA:57,0
DA:58,0
DA:60,0
DA:65,5
DA:67,0
DA:70,0
DA:74,0
DA:75,0
DA:77,0
DA:84,0
DA:85,0
DA:88,0
DA:89,0
DA:90,0
DA:95,0
DA:96,0
DA:97,0
DA:98,0
LF:31
LH:1
BRDA:55,0,0,0
BRDA:55,0,1,0
BRDA:57,1,0,0
BRDA:57,1,1,0
BRF:4
BRH:0
end_of_record
TN:
SF:src/components/tabButton.ts
FN:15,(anonymous_1)
FN:61,(anonymous_2)
FN:90,(anonymous_3)
FN:104,(anonymous_4)
FN:124,(anonymous_5)
FN:125,(anonymous_6)
FN:131,(anonymous_7)
FN:137,(anonymous_8)
FN:142,(anonymous_9)
FNF:9
FNH:0
FNDA:0,(anonymous_1)
FNDA:0,(anonymous_2)
FNDA:0,(anonymous_3)
FNDA:0,(anonymous_4)
FNDA:0,(anonymous_5)
FNDA:0,(anonymous_6)
FNDA:0,(anonymous_7)
FNDA:0,(anonymous_8)
FNDA:0,(anonymous_9)
DA:2,5
DA:4,5
DA:5,5
DA:7,5
DA:11,0
DA:24,0
DA:25,0
DA:27,0
DA:28,0
DA:29,0
DA:32,0
DA:33,0
DA:34,0
DA:37,0
DA:44,0
DA:47,0
DA:50,0
DA:59,0
DA:67,0
DA:70,0
DA:71,0
DA:73,0
DA:74,0
DA:77,0
DA:78,0
DA:79,0
DA:82,0
DA:89,0
DA:90,0
DA:93,0
DA:96,0
DA:103,0
DA:104,0
DA:107,0
DA:108,0
DA:109,0
DA:112,0
DA:113,0
DA:114,0
DA:116,0
DA:117,0
DA:118,0
DA:119,0
DA:120,0
DA:125,0
DA:126,0
DA:131,0
DA:132,0
DA:137,0
DA:138,0
DA:143,0
DA:144,0
DA:145,0
LF:53
LH:4
BRDA:21,0,0,0
BRDA:22,1,0,0
BRDA:70,2,0,0
BRDA:70,2,1,0
BRDA:108,3,0,0
BRDA:114,4,0,0
BRDA:126,5,0,0
BRDA:132,6,0,0
BRF:8
BRH:0
end_of_record
TN:
SF:src/scenes/frameScene.ts
FN:7,(anonymous_0)
FN:11,(anonymous_1)
FN:15,(anonymous_2)
FNF:3
FNH:0
FNDA:0,(anonymous_0)
FNDA:0,(anonymous_1)
FNDA:0,(anonymous_2)
DA:1,5
DA:2,5
DA:4,5
DA:8,0
DA:12,0
DA:16,0
DA:21,0
DA:23,0
DA:25,0
LF:9
LH:3
BRF:0
BRH:0
end_of_record
TN:
SF:src/scenes/loadCharacterScene.ts
FN:4,(anonymous_0)
FN:8,(anonymous_1)
FN:10,(anonymous_2)
FN:13,(anonymous_3)
FNF:4
FNH:0
FNDA:0,(anonymous_0)
FNDA:0,(anonymous_1)
FNDA:0,(anonymous_2)
FNDA:0,(anonymous_3)
DA:1,5
DA:3,5
DA:5,0
DA:11,0
DA:13,0
DA:14,0
DA:15,0
LF:7
LH:2
BRF:0
BRH:0
end_of_record
TN:
SF:src/scenes/loadWorldScene.ts
FN:29,(anonymous_0)
FN:42,(anonymous_1)
FN:46,(anonymous_2)
FN:56,(anonymous_3)
FN:137,(anonymous_4)
FN:140,(anonymous_5)
FN:144,(anonymous_6)
FN:173,(anonymous_7)
FN:187,(anonymous_8)
FN:201,(anonymous_9)
FN:221,(anonymous_10)
FN:232,(anonymous_11)
FN:245,(anonymous_12)
FN:248,(anonymous_13)
FN:252,(anonymous_14)
FN:260,(anonymous_15)
FN:268,(anonymous_16)
FN:299,(anonymous_17)
FN:335,(anonymous_18)
FNF:19
FNH:0
FNDA:0,(anonymous_0)
FNDA:0,(anonymous_1)
FNDA:0,(anonymous_2)
FNDA:0,(anonymous_3)
FNDA:0,(anonymous_4)
FNDA:0,(anonymous_5)
FNDA:0,(anonymous_6)
FNDA:0,(anonymous_7)
FNDA:0,(anonymous_8)
FNDA:0,(anonymous_9)
FNDA:0,(anonymous_10)
FNDA:0,(anonymous_11)
FNDA:0,(anonymous_12)
FNDA:0,(anonymous_13)
FNDA:0,(anonymous_14)
FNDA:0,(anonymous_15)
FNDA:0,(anonymous_16)
FNDA:0,(anonymous_17)
FNDA:0,(anonymous_18)
DA:1,5
DA:2,5
DA:3,5
DA:8,5
DA:9,5
DA:10,5
DA:11,5
DA:13,5
DA:24,5
DA:28,5
DA:30,0
DA:34,0
DA:35,0
DA:43,0
DA:47,0
DA:48,0
DA:49,0
DA:58,0
DA:59,0
DA:60,0
DA:61,0
DA:64,0
DA:69,0
DA:70,0
DA:72,0
DA:81,0
DA:84,0
DA:85,0
DA:86,0
DA:87,0
DA:89,0
DA:97,0
DA:98,0
DA:101,0
DA:110,0
DA:113,0
DA:114,0
DA:115,0
DA:118,0
DA:122,0
DA:133,0
DA:134,0
DA:137,0
DA:138,0
DA:140,0
DA:141,0
DA:144,0
DA:145,0
DA:146,0
DA:147,0
DA:149,0
DA:150,0
DA:151,0
DA:152,0
DA:154,0
DA:161,0
DA:164,0
DA:165,0
DA:167,0
DA:174,0
DA:175,0
DA:179,0
DA:181,0
DA:188,0
DA:189,0
DA:193,0
DA:195,0
DA:202,0
DA:203,0
DA:207,0
DA:221,0
DA:222,0
DA:226,0
DA:229,0
DA:231,0
DA:234,0
DA:235,0
DA:241,0
DA:242,0
DA:245,0
DA:246,0
DA:248,0
DA:249,0
DA:252,0
DA:253,0
DA:254,0
DA:255,0
DA:256,0
DA:257,0
DA:261,0
DA:269,0
DA:270,0
DA:271,0
DA:272,0
DA:273,0
DA:274,0
DA:275,0
DA:278,0
DA:279,0
DA:280,0
DA:281,0
DA:294,0
DA:295,0
DA:308,0
DA:312,0
DA:315,0
DA:316,0
DA:318,0
DA:320,0
DA:321,0
DA:322,0
DA:325,0
DA:326,0
DA:327,0
DA:328,0
DA:329,0
DA:330,0
DA:332,0
DA:335,0
DA:336,0
DA:338,0
LF:121
LH:10
BRDA:146,0,0,0
BRDA:150,1,0,0
BRDA:150,1,1,0
BRDA:269,2,0,0
BRDA:274,3,0,0
BRF:5
BRH:0
end_of_record
TN:
SF:src/scenes/pauseScene.ts
FN:4,(anonymous_0)
FN:8,(anonymous_1)
FN:10,(anonymous_2)
FNF:3
FNH:0
FNDA:0,(anonymous_0)
FNDA:0,(anonymous_1)
FNDA:0,(anonymous_2)
DA:1,5
DA:3,5
DA:5,0
DA:11,0
DA:12,0
DA:13,0
LF:6
LH:2
BRF:0
BRH:0
end_of_record
TN:
SF:src/scenes/uxScene.ts
FN:45,(anonymous_1)
FN:51,(anonymous_2)
FN:94,(anonymous_3)
FN:103,(anonymous_4)
FN:112,(anonymous_5)
FN:121,(anonymous_6)
FN:168,(anonymous_7)
FN:176,(anonymous_8)
FN:177,(anonymous_9)
FN:180,(anonymous_10)
FN:182,(anonymous_11)
FN:187,(anonymous_12)
FN:190,(anonymous_13)
FN:204,(anonymous_14)
FN:209,(anonymous_15)
FN:217,(anonymous_16)
FN:226,(anonymous_17)
FN:235,(anonymous_18)
FN:244,(anonymous_19)
FN:253,(anonymous_20)
FN:268,(anonymous_21)
FN:271,(anonymous_22)
FN:275,(anonymous_23)
FN:287,(anonymous_24)
FN:290,(anonymous_25)
FN:293,(anonymous_26)
FN:301,(anonymous_27)
FN:310,(anonymous_28)
FN:313,(anonymous_29)
FNF:29
FNH:1
FNDA:2,(anonymous_1)
FNDA:0,(anonymous_2)
FNDA:0,(anonymous_3)
FNDA:0,(anonymous_4)
FNDA:0,(anonymous_5)
FNDA:0,(anonymous_6)
FNDA:0,(anonymous_7)
FNDA:0,(anonymous_8)
FNDA:0,(anonymous_9)
FNDA:0,(anonymous_10)
FNDA:0,(anonymous_11)
FNDA:0,(anonymous_12)
FNDA:0,(anonymous_13)
FNDA:0,(anonymous_14)
FNDA:0,(anonymous_15)
FNDA:0,(anonymous_16)
FNDA:0,(anonymous_17)
FNDA:0,(anonymous_18)
FNDA:0,(anonymous_19)
FNDA:0,(anonymous_20)
FNDA:0,(anonymous_21)
FNDA:0,(anonymous_22)
FNDA:0,(anonymous_23)
FNDA:0,(anonymous_24)
FNDA:0,(anonymous_25)
FNDA:0,(anonymous_26)
FNDA:0,(anonymous_27)
FNDA:0,(anonymous_28)
FNDA:0,(anonymous_29)
DA:1,5
DA:2,5
DA:3,5
DA:4,5
DA:5,5
DA:6,5
DA:14,5
DA:17,5
DA:18,5
DA:25,5
DA:26,2
DA:27,2
DA:28,2
DA:29,2
DA:30,2
DA:31,2
DA:32,2
DA:35,2
DA:36,2
DA:37,2
DA:38,2
DA:40,2
DA:41,2
DA:42,2
DA:43,2
DA:46,2
DA:52,0
DA:60,0
DA:61,0
DA:62,0
DA:63,0
DA:65,0
DA:66,0
DA:67,0
DA:69,0
DA:70,0
DA:72,0
DA:75,0
DA:76,0
DA:86,0
DA:89,0
DA:94,0
DA:98,0
DA:103,0
DA:107,0
DA:112,0
DA:116,0
DA:121,0
DA:126,0
DA:127,0
DA:129,0
DA:132,0
DA:133,0
DA:134,0
DA:135,0
DA:136,0
DA:138,0
DA:140,0
DA:143,0
DA:144,0
DA:145,0
DA:150,0
DA:152,0
DA:157,0
DA:159,0
DA:164,0
DA:166,0
DA:169,0
DA:170,0
DA:176,0
DA:177,0
DA:178,0
DA:179,0
DA:180,0
DA:182,0
DA:187,0
DA:188,0
DA:190,0
DA:191,0
DA:201,0
DA:205,0
DA:206,0
DA:210,0
DA:211,0
DA:212,0
DA:213,0
DA:218,0
DA:219,0
DA:220,0
DA:221,0
DA:222,0
DA:227,0
DA:228,0
DA:229,0
DA:230,0
DA:231,0
DA:236,0
DA:237,0
DA:238,0
DA:239,0
DA:240,0
DA:245,0
DA:246,0
DA:247,0
DA:248,0
DA:249,0
DA:254,0
DA:260,0
DA:261,0
DA:262,0
DA:263,0
DA:269,0
DA:271,0
DA:272,0
DA:273,0
DA:275,0
DA:276,0
DA:282,0
DA:283,0
DA:288,0
DA:290,0
DA:291,0
DA:292,0
DA:293,0
DA:294,0
DA:296,0
DA:297,0
DA:302,0
DA:304,0
DA:305,0
DA:306,0
DA:311,0
DA:313,0
DA:314,0
DA:315,0
DA:316,0
DA:326,0
DA:327,0
LF:138
LH:26
BRDA:138,0,0,0
BRDA:169,1,0,0
BRDA:169,2,0,0
BRDA:169,2,1,0
BRDA:169,2,2,0
BRDA:210,3,0,0
BRDA:254,4,0,0
BRDA:255,5,0,0
BRDA:255,5,1,0
BRDA:255,5,2,0
BRDA:255,5,3,0
BRDA:279,6,0,0
BRDA:279,6,1,0
BRF:13
BRH:0
end_of_record
TN:
SF:src/scenes/worldScene.ts
FN:48,(anonymous_9)
FN:52,(anonymous_10)
FN:70,(anonymous_11)
FN:94,(anonymous_12)
FN:100,(anonymous_13)
FN:129,(anonymous_14)
FN:145,(anonymous_15)
FN:212,(anonymous_16)
FN:222,(anonymous_17)
FN:255,(anonymous_18)
FN:256,(anonymous_19)
FN:258,(anonymous_20)
FN:259,(anonymous_21)
FN:271,(anonymous_22)
FN:292,(anonymous_23)
FN:312,(anonymous_24)
FN:365,(anonymous_25)
FN:394,(anonymous_26)
FN:398,(anonymous_27)
FN:405,(anonymous_28)
FN:411,(anonymous_29)
FN:424,(anonymous_30)
FN:449,(anonymous_31)
FN:465,(anonymous_32)
FN:466,(anonymous_33)
FNF:25
FNH:0
FNDA:0,(anonymous_9)
FNDA:0,(anonymous_10)
FNDA:0,(anonymous_11)
FNDA:0,(anonymous_12)
FNDA:0,(anonymous_13)
FNDA:0,(anonymous_14)
FNDA:0,(anonymous_15)
FNDA:0,(anonymous_16)
FNDA:0,(anonymous_17)
FNDA:0,(anonymous_18)
FNDA:0,(anonymous_19)
FNDA:0,(anonymous_20)
FNDA:0,(anonymous_21)
FNDA:0,(anonymous_22)
FNDA:0,(anonymous_23)
FNDA:0,(anonymous_24)
FNDA:0,(anonymous_25)
FNDA:0,(anonymous_26)
FNDA:0,(anonymous_27)
FNDA:0,(anonymous_28)
FNDA:0,(anonymous_29)
FNDA:0,(anonymous_30)
FNDA:0,(anonymous_31)
FNDA:0,(anonymous_32)
FNDA:0,(anonymous_33)
DA:1,5
DA:2,5
DA:8,5
DA:11,5
DA:12,5
DA:14,5
DA:15,5
DA:16,5
DA:17,5
DA:18,5
DA:24,5
DA:27,5
DA:29,5
DA:30,5
DA:32,5
DA:38,0
DA:39,0
DA:40,0
DA:41,0
DA:42,0
DA:44,0
DA:45,0
DA:46,0
DA:49,0
DA:53,0
DA:55,0
DA:61,0
DA:67,0
DA:75,0
DA:82,0
DA:94,0
DA:96,0
DA:97,0
DA:100,0
DA:102,0
DA:103,0
DA:115,0
DA:130,0
DA:131,0
DA:134,0
DA:135,0
DA:138,0
DA:139,0
DA:142,0
DA:159,0
DA:160,0
DA:163,0
DA:164,0
DA:165,0
DA:167,0
DA:168,0
DA:171,0
DA:172,0
DA:176,0
DA:177,0
DA:178,0
DA:179,0
DA:182,0
DA:183,0
DA:187,0
DA:191,0
DA:195,0
DA:196,0
DA:200,0
DA:204,0
DA:207,0
DA:213,0
DA:214,0
DA:223,0
DA:224,0
DA:226,0
DA:227,0
DA:230,0
DA:231,0
DA:235,0
DA:254,0
DA:255,0
DA:256,0
DA:257,0
DA:258,0
DA:259,0
DA:261,0
DA:262,0
DA:263,0
DA:265,0
DA:267,0
DA:272,0
DA:277,0
DA:278,0
DA:282,0
DA:288,0
DA:294,0
DA:297,0
DA:301,0
DA:308,0
DA:313,0
DA:314,0
DA:317,0
DA:321,0
DA:331,0
DA:332,0
DA:333,0
DA:334,0
DA:335,0
DA:342,0
DA:343,0
DA:345,0
DA:346,0
DA:347,0
DA:348,0
DA:349,0
DA:352,0
DA:353,0
DA:359,0
DA:360,0
DA:362,0
DA:363,0
DA:365,0
DA:366,0
DA:367,0
DA:372,0
DA:378,0
DA:384,0
DA:391,0
DA:395,0
DA:399,0
DA:406,0
DA:407,0
DA:408,0
DA:412,0
DA:413,0
DA:414,0
DA:416,0
DA:417,0
DA:418,0
DA:419,0
DA:421,0
DA:422,0
DA:424,0
DA:425,0
DA:426,0
DA:430,0
DA:432,0
DA:437,0
DA:439,0
DA:440,0
DA:450,0
DA:451,0
DA:453,0
DA:458,0
DA:459,0
DA:460,0
DA:466,0
DA:467,0
DA:468,0
DA:469,0
DA:470,0
DA:471,0
DA:472,0
LF:159
LH:15
BRDA:129,0,0,0
BRDA:130,1,0,0
BRDA:134,2,0,0
BRDA:134,3,0,0
BRDA:134,3,1,0
BRDA:138,4,0,0
BRDA:138,5,0,0
BRDA:138,5,1,0
BRDA:138,5,2,0
BRDA:171,6,0,0
BRDA:182,7,0,0
BRDA:182,8,0,0
BRDA:182,8,1,0
BRDA:187,9,0,0
BRDA:188,10,0,0
BRDA:188,10,1,0
BRDA:195,11,0,0
BRDA:195,12,0,0
BRDA:195,12,1,0
BRDA:200,13,0,0
BRDA:201,14,0,0
BRDA:201,14,1,0
BRDA:230,15,0,0
BRDA:277,16,0,0
BRDA:366,17,0,0
BRDA:372,18,0,0
BRDA:373,19,0,0
BRDA:373,19,1,0
BRDA:373,19,2,0
BRDA:373,19,3,0
BRDA:412,20,0,0
BRDA:417,21,0,0
BRDA:417,22,0,0
BRDA:417,22,1,0
BRDA:421,23,0,0
BRDA:430,24,0,0
BRF:36
BRH:0
end_of_record
TN:
SF:src/services/ablySetup.ts
FN:14,setupAbly
FN:16,(anonymous_1)
FN:20,(anonymous_2)
FN:22,(anonymous_3)
FN:23,(anonymous_4)
FN:27,(anonymous_5)
FN:33,(anonymous_6)
FN:45,bindAblyToWorldScene
FNF:8
FNH:0
FNDA:0,setupAbly
FNDA:0,(anonymous_1)
FNDA:0,(anonymous_2)
FNDA:0,(anonymous_3)
FNDA:0,(anonymous_4)
FNDA:0,(anonymous_5)
FNDA:0,(anonymous_6)
FNDA:0,bindAblyToWorldScene
DA:1,5
DA:3,5
DA:4,5
DA:5,5
DA:10,5
DA:12,5
DA:14,5
DA:16,0
DA:17,0
DA:19,0
DA:21,0
DA:22,0
DA:24,0
DA:25,0
DA:28,0
DA:33,0
DA:34,0
DA:36,0
DA:37,0
DA:39,0
DA:40,0
DA:45,5
DA:46,0
DA:47,0
DA:50,0
DA:52,0
DA:53,0
LF:27
LH:8
BRDA:46,0,0,0
BRF:1
BRH:0
end_of_record
TN:
SF:src/services/playerToServer.ts
FN:8,publishPlayerMessage
FN:15,requestChat
FN:19,speak
FN:25,interact
FN:37,startWorld
FN:38,(anonymous_5)
FN:51,leaveWorld
FN:52,(anonymous_7)
FN:61,publishPlayerPosition
FNF:9
FNH:0
FNDA:0,publishPlayerMessage
FNDA:0,requestChat
FNDA:0,speak
FNDA:0,interact
FNDA:0,startWorld
FNDA:0,(anonymous_5)
FNDA:0,leaveWorld
FNDA:0,(anonymous_7)
FNDA:0,publishPlayerPosition
DA:1,5
DA:3,5
DA:4,5
DA:6,5
DA:12,0
DA:15,5
DA:16,0
DA:19,5
DA:20,0
DA:21,0
DA:22,0
DA:25,5
DA:30,0
DA:37,5
DA:38,0
DA:39,0
DA:40,0
DA:42,0
DA:43,0
DA:51,5
DA:52,0
DA:53,0
DA:54,0
DA:56,0
DA:61,5
DA:62,0
DA:63,0
DA:64,0
DA:65,0
DA:66,0
DA:71,0
DA:72,0
LF:32
LH:10
BRDA:39,0,0,0
BRDA:39,0,1,0
BRDA:53,1,0,0
BRDA:53,1,1,0
BRDA:62,2,0,0
BRDA:62,3,0,0
BRDA:62,3,1,0
BRF:7
BRH:0
end_of_record
TN:
SF:src/services/serverToBroadcast.ts
FN:29,setupBroadcast
FN:33,handleAddMob
FN:39,handleAddItem
FN:45,handleDestroyItem
FN:55,handlePickupItem
FN:61,handleGiveItem
FN:68,handleDropItem
FN:74,handleDoing
FN:79,handleMove
FN:92,handleDestroyMob
FN:100,(anonymous_10)
FN:101,(anonymous_11)
FN:114,(anonymous_12)
FN:123,handlePortal
FN:131,handleMobChange
FN:138,handleSpeak
FN:145,handleItemChange
FN:153,handleSetDatetime
FN:158,(anonymous_18)
FNF:19
FNH:0
FNDA:0,setupBroadcast
FNDA:0,handleAddMob
FNDA:0,handleAddItem
FNDA:0,handleDestroyItem
FNDA:0,handlePickupItem
FNDA:0,handleGiveItem
FNDA:0,handleDropItem
FNDA:0,handleDoing
FNDA:0,handleMove
FNDA:0,handleDestroyMob
FNDA:0,(anonymous_10)
FNDA:0,(anonymous_11)
FNDA:0,(anonymous_12)
FNDA:0,handlePortal
FNDA:0,handleMobChange
FNDA:0,handleSpeak
FNDA:0,handleItemChange
FNDA:0,handleSetDatetime
FNDA:0,(anonymous_18)
DA:18,5
DA:19,5
DA:21,5
DA:24,5
DA:25,5
DA:27,5
DA:29,5
DA:34,0
DA:35,0
DA:40,0
DA:41,0
DA:46,0
DA:47,0
DA:48,0
DA:50,0
DA:51,0
DA:56,0
DA:57,0
DA:58,0
DA:62,0
DA:63,0
DA:64,0
DA:65,0
DA:69,0
DA:70,0
DA:71,0
DA:75,0
DA:76,0
DA:80,0
DA:81,0
DA:82,0
DA:83,0
DA:84,0
DA:87,0
DA:88,0
DA:93,0
DA:94,0
DA:95,0
DA:96,0
DA:97,0
DA:100,0
DA:101,0
DA:102,0
DA:104,0
DA:107,0
DA:110,0
DA:114,0
DA:115,0
DA:116,0
DA:117,0
DA:124,0
DA:125,0
DA:126,0
DA:127,0
DA:132,0
DA:133,0
DA:134,0
DA:139,0
DA:140,0
DA:141,0
DA:146,0
DA:147,0
DA:148,0
DA:149,0
DA:154,0
DA:158,0
DA:159,0
DA:160,0
DA:162,0
DA:163,0
DA:165,0
DA:166,0
DA:168,0
DA:169,0
DA:171,0
DA:172,0
DA:174,0
DA:175,0
DA:177,0
DA:178,0
DA:180,0
DA:181,0
DA:183,0
DA:184,0
DA:186,0
DA:187,0
DA:189,0
DA:190,0
DA:192,0
DA:193,0
DA:195,0
DA:196,0
DA:198,0
DA:199,0
DA:201,0
DA:202,0
DA:204,0
DA:205,0
DA:207,0
LF:99
LH:7
BRDA:34,0,0,0
BRDA:40,1,0,0
BRDA:47,2,0,0
BRDA:50,3,0,0
BRDA:50,4,0,0
BRDA:50,4,1,0
BRDA:81,5,0,0
BRDA:81,5,1,0
BRDA:82,6,0,0
BRDA:94,7,0,0
BRDA:96,8,0,0
BRDA:102,9,0,0
BRDA:102,9,1,0
BRDA:125,10,0,0
BRDA:133,11,0,0
BRDA:140,12,0,0
BRDA:140,13,0,0
BRDA:140,13,1,0
BRDA:147,14,0,0
BRDA:159,15,0,0
BRDA:163,16,0,0
BRDA:163,16,1,0
BRDA:163,16,2,0
BRDA:163,16,3,0
BRDA:163,16,4,0
BRDA:163,16,5,0
BRDA:163,16,6,0
BRDA:163,16,7,0
BRDA:163,16,8,0
BRDA:163,16,9,0
BRDA:163,16,10,0
BRDA:163,16,11,0
BRDA:163,16,12,0
BRDA:163,16,13,0
BRDA:163,16,14,0
BRF:35
BRH:0
end_of_record
TN:
SF:src/services/serverToPlayer.ts
FN:16,setupPlayerSubscriptions
FN:26,subscribeToPlayerChannel
FN:30,(anonymous_2)
FN:35,(anonymous_3)
FN:40,(anonymous_4)
FN:49,(anonymous_5)
FN:53,(anonymous_6)
FNF:7
FNH:0
FNDA:0,setupPlayerSubscriptions
FNDA:0,subscribeToPlayerChannel
FNDA:0,(anonymous_2)
FNDA:0,(anonymous_3)
FNDA:0,(anonymous_4)
FNDA:0,(anonymous_5)
FNDA:0,(anonymous_6)
DA:2,5
DA:12,5
DA:14,5
DA:16,5
DA:20,0
DA:30,0
DA:31,0
DA:35,0
DA:36,0
DA:37,0
DA:40,0
DA:41,0
DA:42,0
DA:43,0
DA:44,0
DA:46,0
DA:49,0
DA:50,0
DA:53,0
DA:54,0
DA:55,0
DA:56,0
DA:57,0
DA:59,0
DA:60,0
DA:61,0
DA:64,0
DA:65,0
DA:66,0
DA:70,0
DA:71,0
DA:72,0
DA:76,0
DA:78,0
DA:80,0
LF:35
LH:4
BRDA:42,0,0,0
BRDA:60,1,0,0
BRDA:65,2,0,0
BRDA:71,3,0,0
BRF:4
BRH:0
end_of_record
TN:
SF:src/sprite/palette_swapper.ts
FN:16,(anonymous_0)
FN:21,(anonymous_1)
FN:29,(anonymous_2)
FN:69,(anonymous_3)
FN:125,(anonymous_4)
FNF:5
FNH:0
FNDA:0,(anonymous_0)
FNDA:0,(anonymous_1)
FNDA:0,(anonymous_2)
FNDA:0,(anonymous_3)
FNDA:0,(anonymous_4)
DA:1,7
DA:12,7
DA:13,7
DA:17,0
DA:22,0
DA:36,0
DA:37,0
DA:40,0
DA:41,0
DA:42,0
DA:43,0
DA:46,0
DA:48,0
DA:49,0
DA:50,0
DA:52,0
DA:53,0
DA:56,0
DA:61,0
DA:76,0
DA:77,0
DA:80,0
DA:81,0
DA:82,0
DA:83,0
DA:86,0
DA:88,0
DA:89,0
DA:90,0
DA:91,0
DA:94,0
DA:96,0
DA:97,0
DA:99,0
DA:100,0
DA:106,0
DA:107,0
DA:108,0
DA:109,0
DA:111,0
DA:112,0
DA:113,0
DA:118,0
DA:119,0
DA:121,0
DA:124,7
DA:126,0
LF:47
LH:4
BRDA:36,0,0,0
BRDA:41,1,0,0
BRDA:52,2,0,0
BRDA:76,3,0,0
BRDA:81,4,0,0
BRDA:89,5,0,0
BRDA:108,6,0,0
BRF:7
BRH:0
end_of_record
TN:
SF:src/sprite/sprite_house.ts
FN:14,(anonymous_0)
FN:75,(anonymous_1)
FN:85,(anonymous_2)
FN:92,(anonymous_3)
FN:94,(anonymous_4)
FN:98,(anonymous_5)
FN:99,(anonymous_6)
FN:100,(anonymous_7)
FNF:8
FNH:0
FNDA:0,(anonymous_0)
FNDA:0,(anonymous_1)
FNDA:0,(anonymous_2)
FNDA:0,(anonymous_3)
FNDA:0,(anonymous_4)
FNDA:0,(anonymous_5)
FNDA:0,(anonymous_6)
FNDA:0,(anonymous_7)
DA:5,5
DA:7,0
DA:8,0
DA:15,0
DA:16,0
DA:17,0
DA:18,0
DA:20,0
DA:22,0
DA:23,0
DA:24,0
DA:25,0
DA:26,0
DA:28,0
DA:29,0
DA:30,0
DA:34,0
DA:35,0
DA:36,0
DA:40,0
DA:41,0
DA:42,0
DA:43,0
DA:45,0
DA:46,0
DA:48,0
DA:49,0
DA:50,0
DA:51,0
DA:58,0
DA:59,0
DA:60,0
DA:61,0
DA:62,0
DA:66,0
DA:67,0
DA:68,0
DA:69,0
DA:70,0
DA:76,0
DA:80,0
DA:81,0
DA:82,0
DA:86,0
DA:92,0
DA:94,0
DA:99,0
DA:100,0
DA:101,0
LF:49
LH:1
BRDA:86,0,0,0
BRDA:86,0,1,0
BRDA:87,1,0,0
BRDA:87,1,1,0
BRDA:87,1,2,0
BRDA:87,1,3,0
BRF:6
BRH:0
end_of_record
TN:
SF:src/sprite/sprite_item.ts
FN:21,(anonymous_0)
FN:172,(anonymous_1)
FN:185,(anonymous_2)
FN:193,(anonymous_3)
FN:204,(anonymous_4)
FN:315,(anonymous_5)
FN:321,(anonymous_6)
FN:332,(anonymous_7)
FN:336,(anonymous_8)
FN:340,(anonymous_9)
FN:360,(anonymous_10)
FNF:11
FNH:2
FNDA:0,(anonymous_0)
FNDA:0,(anonymous_1)
FNDA:0,(anonymous_2)
FNDA:0,(anonymous_3)
FNDA:0,(anonymous_4)
FNDA:0,(anonymous_5)
FNDA:0,(anonymous_6)
FNDA:2,(anonymous_7)
FNDA:2,(anonymous_8)
FNDA:0,(anonymous_9)
FNDA:0,(anonymous_10)
DA:3,7
DA:4,7
DA:5,7
DA:6,7
DA:10,7
DA:17,0
DA:22,0
DA:23,0
DA:24,0
DA:25,0
DA:26,0
DA:27,0
DA:28,0
DA:29,0
DA:30,0
DA:33,0
DA:34,0
DA:37,0
DA:38,0
DA:39,0
DA:44,0
DA:45,0
DA:46,0
DA:47,0
DA:48,0
DA:49,0
DA:51,0
DA:54,0
DA:57,0
DA:61,0
DA:62,0
DA:63,0
DA:67,0
DA:68,0
DA:72,0
DA:77,0
DA:80,0
DA:82,0
DA:83,0
DA:85,0
DA:86,0
DA:87,0
DA:89,0
DA:96,0
DA:97,0
DA:107,0
DA:108,0
DA:116,0
DA:119,0
DA:120,0
DA:130,0
DA:133,0
DA:134,0
DA:135,0
DA:136,0
DA:137,0
DA:142,0
DA:145,0
DA:146,0
DA:152,0
DA:153,0
DA:154,0
DA:155,0
DA:157,0
DA:158,0
DA:160,0
DA:161,0
DA:163,0
DA:164,0
DA:166,0
DA:167,0
DA:173,0
DA:175,0
DA:176,0
DA:177,0
DA:178,0
DA:180,0
DA:181,0
DA:186,0
DA:196,0
DA:197,0
DA:200,0
DA:201,0
DA:202,0
DA:204,0
DA:206,0
DA:207,0
DA:209,0
DA:210,0
DA:213,0
DA:214,0
DA:217,0
DA:220,0
DA:223,0
DA:227,0
DA:228,0
DA:229,0
DA:231,0
DA:232,0
DA:234,0
DA:235,0
DA:237,0
DA:238,0
DA:241,0
DA:242,0
DA:243,0
DA:244,0
DA:246,0
DA:249,0
DA:252,0
DA:255,0
DA:261,0
DA:263,0
DA:264,0
DA:265,0
DA:266,0
DA:267,0
DA:268,0
DA:269,0
DA:270,0
DA:271,0
DA:272,0
DA:274,0
DA:277,0
DA:280,0
DA:283,0
DA:285,0
DA:286,0
DA:287,0
DA:289,0
DA:291,0
DA:293,0
DA:294,0
DA:296,0
DA:298,0
DA:302,0
DA:303,0
DA:306,0
DA:307,0
DA:308,0
DA:310,0
DA:316,0
DA:318,0
DA:322,0
DA:323,0
DA:324,0
DA:325,0
DA:329,0
DA:333,2
DA:337,2
DA:341,0
DA:343,0
DA:344,0
DA:345,0
DA:347,0
DA:349,0
DA:350,0
DA:352,0
DA:353,0
DA:355,0
DA:356,0
DA:361,0
DA:362,0
DA:363,0
DA:365,0
DA:366,0
DA:367,0
DA:368,0
DA:370,0
DA:371,0
DA:373,0
DA:374,0
DA:375,0
DA:378,0
DA:379,0
LF:175
LH:7
BRDA:37,0,0,0
BRDA:44,1,0,0
BRDA:44,1,1,0
BRDA:46,2,0,0
BRDA:46,2,1,0
BRDA:48,3,0,0
BRDA:62,4,0,0
BRDA:67,5,0,0
BRDA:72,6,0,0
BRDA:82,7,0,0
BRDA:96,8,0,0
BRDA:107,9,0,0
BRDA:107,10,0,0
BRDA:107,10,1,0
BRDA:119,11,0,0
BRDA:133,12,0,0
BRDA:133,13,0,0
BRDA:133,13,1,0
BRDA:146,14,0,0
BRDA:147,15,0,0
BRDA:147,15,1,0
BRDA:147,15,2,0
BRDA:147,15,3,0
BRDA:157,16,0,0
BRDA:160,17,0,0
BRDA:163,18,0,0
BRDA:166,19,0,0
BRDA:177,20,0,0
BRDA:180,21,0,0
BRDA:187,22,0,0
BRDA:187,22,1,0
BRDA:187,22,2,0
BRDA:196,23,0,0
BRDA:196,24,0,0
BRDA:196,24,1,0
BRDA:200,25,0,0
BRDA:200,25,1,0
BRDA:201,26,0,0
BRDA:204,27,0,0
BRDA:204,27,1,0
BRDA:213,28,0,0
BRDA:213,28,1,0
BRDA:228,29,0,0
BRDA:231,30,0,0
BRDA:234,31,0,0
BRDA:237,32,0,0
BRDA:243,33,0,0
BRDA:243,33,1,0
BRDA:244,34,0,0
BRDA:244,34,1,0
BRDA:261,35,0,0
BRDA:261,35,1,0
BRDA:261,36,0,0
BRDA:261,36,1,0
BRDA:264,37,0,0
BRDA:264,37,1,0
BRDA:264,38,0,0
BRDA:264,38,1,0
BRDA:266,39,0,0
BRDA:266,39,1,0
BRDA:266,40,0,0
BRDA:266,40,1,0
BRDA:268,41,0,0
BRDA:268,41,1,0
BRDA:268,42,0,0
BRDA:268,42,1,0
BRDA:270,43,0,0
BRDA:270,43,1,0
BRDA:271,44,0,0
BRDA:271,44,1,0
BRDA:272,45,0,0
BRDA:272,45,1,0
BRDA:285,46,0,0
BRDA:285,46,1,0
BRDA:286,47,0,0
BRDA:286,47,1,0
BRDA:293,48,0,0
BRDA:293,48,1,0
BRDA:293,49,0,0
BRDA:293,49,1,0
BRDA:302,50,0,0
BRDA:302,51,0,0
BRDA:302,51,1,0
BRDA:306,52,0,0
BRDA:307,53,0,0
BRDA:307,53,1,0
BRDA:324,54,0,0
BRDA:343,55,0,0
BRDA:362,56,0,0
BRDA:365,57,0,0
BRDA:367,58,0,0
BRDA:370,59,0,0
BRDA:374,60,0,0
BRDA:378,61,0,0
BRDA:378,62,0,0
BRDA:378,62,1,0
BRF:96
BRH:0
end_of_record
TN:
SF:src/sprite/sprite_mob.ts
FN:33,(anonymous_0)
FN:37,(anonymous_1)
FN:41,(anonymous_2)
FN:152,(anonymous_3)
FN:193,(anonymous_4)
FN:200,(anonymous_5)
FN:257,(anonymous_6)
FN:264,(anonymous_7)
FN:287,(anonymous_8)
FN:307,(anonymous_9)
FN:315,(anonymous_10)
FN:321,(anonymous_11)
FN:338,(anonymous_12)
FN:350,(anonymous_13)
FN:355,(anonymous_14)
FN:366,(anonymous_15)
FNF:16
FNH:0
FNDA:0,(anonymous_0)
FNDA:0,(anonymous_1)
FNDA:0,(anonymous_2)
FNDA:0,(anonymous_3)
FNDA:0,(anonymous_4)
FNDA:0,(anonymous_5)
FNDA:0,(anonymous_6)
FNDA:0,(anonymous_7)
FNDA:0,(anonymous_8)
FNDA:0,(anonymous_9)
FNDA:0,(anonymous_10)
FNDA:0,(anonymous_11)
FNDA:0,(anonymous_12)
FNDA:0,(anonymous_13)
FNDA:0,(anonymous_14)
FNDA:0,(anonymous_15)
DA:4,5
DA:5,5
DA:6,5
DA:7,5
DA:11,5
DA:13,5
DA:22,0
DA:23,0
DA:25,0
DA:26,0
DA:27,0
DA:34,0
DA:38,0
DA:42,0
DA:51,0
DA:52,0
DA:53,0
DA:54,0
DA:55,0
DA:56,0
DA:57,0
DA:59,0
DA:60,0
DA:62,0
DA:63,0
DA:64,0
DA:65,0
DA:66,0
DA:68,0
DA:69,0
DA:70,0
DA:71,0
DA:85,0
DA:100,0
DA:104,0
DA:105,0
DA:108,0
DA:123,0
DA:125,0
DA:139,0
DA:142,0
DA:143,0
DA:144,0
DA:145,0
DA:148,0
DA:149,0
DA:152,0
DA:153,0
DA:154,0
DA:157,0
DA:158,0
DA:159,0
DA:160,0
DA:163,0
DA:164,0
DA:165,0
DA:166,0
DA:167,0
DA:170,0
DA:177,0
DA:178,0
DA:179,0
DA:182,0
DA:183,0
DA:184,0
DA:186,0
DA:194,0
DA:206,0
DA:207,0
DA:208,0
DA:209,0
DA:212,0
DA:213,0
DA:217,0
DA:223,0
DA:226,0
DA:227,0
DA:230,0
DA:231,0
DA:232,0
DA:234,0
DA:235,0
DA:238,0
DA:239,0
DA:240,0
DA:241,0
DA:244,0
DA:245,0
DA:246,0
DA:247,0
DA:248,0
DA:249,0
DA:251,0
DA:252,0
DA:254,0
DA:257,0
DA:258,0
DA:259,0
DA:265,0
DA:266,0
DA:267,0
DA:268,0
DA:269,0
DA:277,0
DA:278,0
DA:280,0
DA:281,0
DA:288,0
DA:290,0
DA:291,0
DA:292,0
DA:294,0
DA:296,0
DA:297,0
DA:299,0
DA:300,0
DA:302,0
DA:303,0
DA:312,0
DA:314,0
DA:315,0
DA:316,0
DA:322,0
DA:323,0
DA:324,0
DA:326,0
DA:328,0
DA:334,0
DA:339,0
DA:345,0
DA:346,0
DA:347,0
DA:348,0
DA:350,0
DA:351,0
DA:356,0
DA:357,0
DA:358,0
DA:359,0
DA:360,0
DA:361,0
DA:362,0
DA:363,0
DA:367,0
DA:369,0
DA:370,0
DA:372,0
DA:373,0
DA:377,0
DA:378,0
DA:383,0
DA:384,0
DA:388,0
DA:390,0
DA:391,0
DA:392,0
DA:395,0
DA:396,0
DA:398,0
DA:400,0
DA:402,0
DA:404,0
DA:405,0
DA:407,0
DA:410,0
DA:412,0
DA:416,0
DA:422,0
DA:425,0
DA:433,0
DA:434,0
DA:436,0
DA:437,0
DA:443,0
DA:444,0
DA:445,0
DA:446,0
DA:448,0
DA:451,0
DA:452,0
DA:453,0
LF:181
LH:6
BRDA:59,0,0,0
BRDA:144,1,0,0
BRDA:144,2,0,0
BRDA:144,2,1,0
BRDA:153,3,0,0
BRDA:153,4,0,0
BRDA:153,4,1,0
BRDA:158,5,0,0
BRDA:158,5,1,0
BRDA:159,6,0,0
BRDA:163,7,0,0
BRDA:163,7,1,0
BRDA:164,8,0,0
BRDA:164,8,1,0
BRDA:166,9,0,0
BRDA:167,10,0,0
BRDA:167,10,1,0
BRDA:203,11,0,0
BRDA:204,12,0,0
BRDA:206,13,0,0
BRDA:206,14,0,0
BRDA:206,14,1,0
BRDA:212,15,0,0
BRDA:238,16,0,0
BRDA:238,16,1,0
BRDA:258,17,0,0
BRDA:258,18,0,0
BRDA:258,18,1,0
BRDA:265,19,0,0
BRDA:290,20,0,0
BRDA:314,21,0,0
BRDA:323,22,0,0
BRDA:323,22,1,0
BRDA:328,23,0,0
BRDA:329,24,0,0
BRDA:329,24,1,0
BRDA:369,25,0,0
BRDA:369,26,0,0
BRDA:369,26,1,0
BRDA:377,27,0,0
BRDA:377,28,0,0
BRDA:377,28,1,0
BRDA:390,29,0,0
BRDA:395,30,0,0
BRDA:400,31,0,0
BRDA:400,31,1,0
BRDA:402,32,0,0
BRDA:402,32,1,0
BRDA:404,33,0,0
BRDA:404,33,1,0
BRDA:425,34,0,0
BRDA:426,35,0,0
BRDA:426,35,1,0
BRDA:426,35,2,0
BRDA:426,35,3,0
BRDA:426,35,4,0
BRDA:426,35,5,0
BRDA:443,36,0,0
BRDA:445,37,0,0
BRDA:451,38,0,0
BRF:60
BRH:0
end_of_record
TN:
SF:src/utils/color.ts
FN:1,hexStringToNumber
FN:10,darkenColor
FN:30,numberToHexString
FN:39,getRandomColor
FNF:4
FNH:0
FNDA:0,hexStringToNumber
FNDA:0,darkenColor
FNDA:0,numberToHexString
FNDA:0,getRandomColor
DA:1,7
DA:3,0
DA:4,0
DA:7,0
DA:10,7
DA:12,0
DA:15,0
DA:16,0
DA:17,0
DA:20,0
DA:21,0
DA:22,0
DA:25,0
DA:27,0
DA:30,7
DA:32,0
DA:34,0
DA:36,0
DA:39,7
DA:40,0
DA:55,0
DA:56,0
LF:22
LH:4
BRDA:3,0,0,0
BRF:1
BRH:0
end_of_record
TN:
SF:src/utils/nightOverlayHandler.ts
FN:3,(anonymous_9)
FN:20,getNightSkyOpacity
FNF:2
FNH:2
FNDA:6,(anonymous_9)
FNDA:16,getNightSkyOpacity
DA:1,6
DA:3,6
DA:4,6
DA:5,6
DA:6,6
DA:7,6
DA:8,6
DA:20,6
DA:21,16
DA:25,16
DA:27,16
DA:32,16
DA:37,16
LF:13
LH:13
BRDA:3,0,0,6
BRDA:3,0,1,6
BRDA:33,1,0,16
BRDA:33,1,1,16
BRF:4
BRH:4
end_of_record
TN:
SF:src/utils/validators.ts
FN:7,parseName
FNF:1
FNH:1
FNDA:14,parseName
DA:7,6
DA:8,14
DA:9,14
DA:10,9
DA:12,5
LF:5
LH:5
BRDA:9,0,0,9
BRDA:9,1,0,14
BRDA:9,1,1,11
BRF:3
BRH:3
end_of_record
TN:
SF:src/world/controller.ts
FN:36,(anonymous_0)
FN:42,setGameState
FN:47,setChatting
FN:56,setResponseCallback
FN:60,setResponses
FN:64,initializePlayer
FN:72,tick
FN:76,areInteractionsEqual
FN:100,areListsEqual
FN:105,(anonymous_9)
FN:108,mobRangeListener
FN:110,(anonymous_11)
FN:111,(anonymous_12)
FN:120,prepInteraction
FN:142,getCarriedItemInteractions
FN:157,(anonymous_15)
FN:169,(anonymous_16)
FN:172,(anonymous_17)
FN:191,getPhysicalInteractions
FN:217,(anonymous_19)
FN:239,getClosestPhysical
FN:240,(anonymous_21)
FN:248,getItemsAtPosition
FN:249,(anonymous_23)
FN:256,getInteractablePhysicals
FN:265,(anonymous_25)
FN:274,(anonymous_26)
FN:278,(anonymous_27)
FN:279,(anonymous_28)
FN:289,(anonymous_29)
FN:291,(anonymous_30)
FN:297,collisionListener
FN:319,(anonymous_32)
FN:335,setChatCompanionCallback
FN:341,setInteractionCallback
FN:347,addNewHouse
FN:352,addNewMob
FN:367,(anonymous_37)
FN:391,setDate
FN:395,addNewItem
FNF:40
FNH:17
FNDA:0,(anonymous_0)
FNDA:0,setGameState
FNDA:6,setChatting
FNDA:0,setResponseCallback
FNDA:0,setResponses
FNDA:0,initializePlayer
FNDA:0,tick
FNDA:0,areInteractionsEqual
FNDA:7,areListsEqual
FNDA:1,(anonymous_9)
FNDA:7,mobRangeListener
FNDA:15,(anonymous_11)
FNDA:1,(anonymous_12)
FNDA:0,prepInteraction
FNDA:0,getCarriedItemInteractions
FNDA:0,(anonymous_15)
FNDA:0,(anonymous_16)
FNDA:0,(anonymous_17)
FNDA:2,getPhysicalInteractions
FNDA:0,(anonymous_19)
FNDA:0,getClosestPhysical
FNDA:0,(anonymous_21)
FNDA:4,getItemsAtPosition
FNDA:6,(anonymous_23)
FNDA:4,getInteractablePhysicals
FNDA:6,(anonymous_25)
FNDA:6,(anonymous_26)
FNDA:4,(anonymous_27)
FNDA:6,(anonymous_28)
FNDA:6,(anonymous_29)
FNDA:7,(anonymous_30)
FNDA:0,collisionListener
FNDA:0,(anonymous_32)
FNDA:3,setChatCompanionCallback
FNDA:0,setInteractionCallback
FNDA:0,addNewHouse
FNDA:0,addNewMob
FNDA:0,(anonymous_37)
FNDA:0,setDate
FNDA:0,addNewItem
DA:1,5
DA:2,5
DA:12,5
DA:13,5
DA:14,5
DA:15,5
DA:16,5
DA:19,5
DA:30,5
DA:31,5
DA:32,5
DA:36,5
DA:40,5
DA:42,5
DA:43,0
DA:44,0
DA:47,5
DA:48,6
DA:49,6
DA:51,6
DA:52,4
DA:56,5
DA:57,0
DA:60,5
DA:61,0
DA:64,5
DA:65,0
DA:66,0
DA:68,0
DA:72,5
DA:73,0
DA:81,0
DA:82,0
DA:86,0
DA:87,0
DA:88,0
DA:91,0
DA:92,0
DA:97,0
DA:100,5
DA:101,7
DA:102,6
DA:105,1
DA:108,5
DA:109,7
DA:110,15
DA:111,7
DA:112,7
DA:113,6
DA:114,6
DA:115,6
DA:121,0
DA:122,0
DA:124,0
DA:142,5
DA:148,0
DA:150,0
DA:157,0
DA:158,0
DA:159,0
DA:169,0
DA:170,0
DA:171,0
DA:172,0
DA:175,0
DA:179,0
DA:188,0
DA:191,5
DA:195,2
DA:196,2
DA:199,2
DA:200,0
DA:208,2
DA:209,2
DA:217,2
DA:218,0
DA:219,0
DA:227,0
DA:236,2
DA:239,5
DA:240,0
DA:241,0
DA:242,0
DA:243,0
DA:244,0
DA:249,4
DA:250,6
DA:256,5
DA:261,4
DA:264,4
DA:265,6
DA:267,4
DA:268,0
DA:274,6
DA:277,4
DA:279,6
DA:283,4
DA:288,4
DA:290,6
DA:291,7
DA:294,4
DA:298,0
DA:299,0
DA:302,0
DA:303,0
DA:305,0
DA:307,0
DA:308,0
DA:309,0
DA:310,0
DA:316,0
DA:319,0
DA:320,0
DA:326,0
DA:330,0
DA:331,0
DA:335,5
DA:338,3
DA:341,5
DA:344,0
DA:347,5
DA:348,0
DA:349,0
DA:352,5
DA:353,0
DA:354,0
DA:358,0
DA:359,0
DA:361,0
DA:362,0
DA:365,0
DA:366,0
DA:367,0
DA:368,0
DA:369,0
DA:374,0
DA:376,0
DA:382,0
DA:383,0
DA:384,0
DA:385,0
DA:386,0
DA:387,0
DA:391,5
DA:392,0
DA:395,5
DA:396,0
DA:397,0
DA:398,0
DA:399,0
DA:400,0
LF:151
LH:67
BRDA:51,0,0,4
BRDA:65,1,0,0
BRDA:81,2,0,0
BRDA:91,3,0,0
BRDA:91,4,0,0
BRDA:91,4,1,0
BRDA:101,5,0,6
BRDA:109,6,0,7
BRDA:109,7,0,7
BRDA:109,7,1,7
BRDA:112,8,0,6
BRDA:121,9,0,0
BRDA:121,9,1,0
BRDA:124,10,0,0
BRDA:124,10,1,0
BRDA:158,11,0,0
BRDA:170,12,0,0
BRDA:171,13,0,0
BRDA:171,13,1,0
BRDA:175,14,0,0
BRDA:176,15,0,0
BRDA:176,15,1,0
BRDA:176,15,2,0
BRDA:199,16,0,0
BRDA:208,17,0,2
BRDA:218,18,0,0
BRDA:218,19,0,0
BRDA:218,19,1,0
BRDA:219,20,0,0
BRDA:220,21,0,0
BRDA:220,21,1,0
BRDA:220,21,2,0
BRDA:220,21,3,0
BRDA:241,22,0,0
BRDA:241,23,0,0
BRDA:241,23,1,0
BRDA:244,24,0,0
BRDA:244,24,1,0
BRDA:251,25,0,6
BRDA:251,25,1,4
BRDA:267,26,0,0
BRDA:291,27,0,7
BRDA:291,27,1,6
BRDA:307,28,0,0
BRDA:326,29,0,0
BRDA:327,30,0,0
BRDA:327,30,1,0
BRDA:353,31,0,0
BRDA:358,32,0,0
BRDA:358,32,1,0
BRDA:365,33,0,0
BRDA:368,34,0,0
BRDA:368,35,0,0
BRDA:368,35,1,0
BRDA:368,35,2,0
BRDA:398,36,0,0
BRF:56
BRH:11
end_of_record
TN:
SF:src/world/item.ts
FN:18,(anonymous_0)
FN:32,(anonymous_1)
FN:43,(anonymous_2)
FN:53,(anonymous_3)
FN:72,(anonymous_4)
FN:82,(anonymous_5)
FN:94,(anonymous_6)
FN:98,(anonymous_7)
FN:101,(anonymous_8)
FNF:9
FNH:1
FNDA:7,(anonymous_0)
FNDA:0,(anonymous_1)
FNDA:0,(anonymous_2)
FNDA:0,(anonymous_3)
FNDA:0,(anonymous_4)
FNDA:0,(anonymous_5)
FNDA:0,(anonymous_6)
FNDA:0,(anonymous_7)
FNDA:0,(anonymous_8)
DA:3,8
DA:7,8
DA:10,7
DA:12,7
DA:24,7
DA:25,7
DA:27,7
DA:28,7
DA:33,0
DA:34,0
DA:35,0
DA:38,0
DA:40,0
DA:44,0
DA:45,0
DA:47,0
DA:48,0
DA:50,0
DA:54,0
DA:55,0
DA:57,0
DA:58,0
DA:60,0
DA:61,0
DA:65,0
DA:66,0
DA:67,0
DA:69,0
DA:74,0
DA:75,0
DA:76,0
DA:77,0
DA:79,0
DA:83,0
DA:84,0
DA:87,0
DA:88,0
DA:89,0
DA:90,0
DA:95,0
DA:99,0
DA:100,0
DA:101,0
DA:102,0
DA:105,0
DA:107,0
DA:108,0
DA:110,0
DA:111,0
DA:113,0
DA:114,0
DA:116,0
DA:117,0
DA:119,0
DA:120,0
DA:124,0
LF:56
LH:8
BRDA:27,0,0,7
BRDA:33,1,0,0
BRDA:34,2,0,0
BRDA:34,3,0,0
BRDA:34,3,1,0
BRDA:40,4,0,0
BRDA:40,4,1,0
BRDA:44,5,0,0
BRDA:47,6,0,0
BRDA:54,7,0,0
BRDA:57,8,0,0
BRDA:60,9,0,0
BRDA:76,10,0,0
BRDA:83,11,0,0
BRDA:100,12,0,0
BRDA:105,13,0,0
BRDA:105,13,1,0
BRDA:105,13,2,0
BRDA:105,13,3,0
BRDA:105,13,4,0
BRDA:107,14,0,0
BRDA:107,14,1,0
BRDA:110,15,0,0
BRDA:110,15,1,0
BRDA:113,16,0,0
BRDA:113,16,1,0
BRDA:116,17,0,0
BRDA:116,17,1,0
BRDA:119,18,0,0
BRDA:119,18,1,0
BRF:30
BRH:1
end_of_record
TN:
SF:src/world/mob.ts
FN:16,(anonymous_0)
FN:38,(anonymous_1)
FN:42,(anonymous_2)
FN:46,(anonymous_3)
FN:55,(anonymous_4)
FN:61,(anonymous_5)
FNF:6
FNH:3
FNDA:11,(anonymous_0)
FNDA:0,(anonymous_1)
FNDA:0,(anonymous_2)
FNDA:0,(anonymous_3)
FNDA:3,(anonymous_4)
FNDA:3,(anonymous_5)
DA:1,6
DA:2,6
DA:5,6
DA:7,11
DA:10,11
DA:12,11
DA:13,11
DA:14,11
DA:25,11
DA:26,11
DA:27,11
DA:29,11
DA:30,11
DA:33,11
DA:34,0
DA:39,0
DA:43,0
DA:47,0
DA:49,0
DA:50,0
DA:52,0
DA:57,3
DA:58,3
DA:62,3
DA:64,3
DA:65,0
DA:68,3
DA:70,3
DA:71,3
DA:72,3
DA:73,3
DA:74,1
DA:77,3
DA:83,3
DA:84,3
DA:87,3
DA:94,0
LF:37
LH:28
BRDA:29,0,0,11
BRDA:49,1,0,0
BRDA:64,2,0,0
BRDA:68,3,0,3
BRDA:73,4,0,1
BRDA:73,5,0,3
BRDA:73,5,1,2
BRDA:87,6,0,0
BRDA:88,7,0,3
BRDA:88,7,1,0
BRDA:88,7,2,0
BRDA:88,7,3,0
BRDA:88,7,4,0
BRF:13
BRH:6
end_of_record
TN:
SF:src/world/physical.ts
FN:12,(anonymous_0)
FN:20,(anonymous_1)
FNF:2
FNH:2
FNDA:18,(anonymous_0)
FNDA:3,(anonymous_1)
DA:4,9
DA:5,18
DA:6,18
DA:7,18
DA:10,18
DA:13,18
DA:14,18
DA:15,18
DA:16,18
DA:21,3
DA:22,0
LF:11
LH:10
BRDA:15,0,0,18
BRDA:21,1,0,0
BRF:2
BRH:1
end_of_record
TN:
SF:src/world/world.ts
FN:31,(anonymous_0)
FN:33,(anonymous_1)
FN:62,(anonymous_2)
FN:75,(anonymous_3)
FN:81,(anonymous_4)
FN:93,(anonymous_5)
FN:103,(anonymous_6)
FN:113,(anonymous_7)
FN:123,(anonymous_8)
FN:142,(anonymous_9)
FN:147,(anonymous_10)
FN:175,(anonymous_11)
FN:206,(anonymous_12)
FNF:13
FNH:5
FNDA:11,(anonymous_0)
FNDA:5,(anonymous_1)
FNDA:0,(anonymous_2)
FNDA:0,(anonymous_3)
FNDA:7,(anonymous_4)
FNDA:8,(anonymous_5)
FNDA:0,(anonymous_6)
FNDA:0,(anonymous_7)
FNDA:0,(anonymous_8)
FNDA:0,(anonymous_9)
FNDA:0,(anonymous_10)
FNDA:0,(anonymous_11)
FNDA:3,(anonymous_12)
DA:1,6
DA:13,6
DA:24,11
DA:25,11
DA:26,11
DA:34,5
DA:38,5
DA:39,5
DA:40,5
DA:41,5
DA:44,5
DA:45,5
DA:46,14
DA:48,40
DA:52,5
DA:54,5
DA:55,5
DA:56,5
DA:59,5
DA:63,0
DA:64,0
DA:65,0
DA:67,0
DA:70,0
DA:71,0
DA:76,0
DA:77,0
DA:82,7
DA:83,0
DA:86,7
DA:89,7
DA:90,7
DA:94,8
DA:95,0
DA:98,8
DA:100,8
DA:104,0
DA:105,0
DA:107,0
DA:109,0
DA:110,0
DA:114,0
DA:115,0
DA:117,0
DA:119,0
DA:120,0
DA:124,0
DA:125,0
DA:127,0
DA:128,0
DA:129,0
DA:130,0
DA:133,0
DA:134,0
DA:137,0
DA:138,0
DA:143,0
DA:144,0
DA:149,0
DA:150,0
DA:151,0
DA:154,0
DA:157,0
DA:158,0
DA:159,0
DA:160,0
DA:163,0
DA:164,0
DA:165,0
DA:166,0
DA:167,0
DA:172,0
DA:177,0
DA:178,0
DA:181,0
DA:184,0
DA:185,0
DA:186,0
DA:187,0
DA:190,0
DA:191,0
DA:192,0
DA:193,0
DA:195,0
DA:196,0
DA:197,0
DA:203,0
DA:207,3
DA:208,0
DA:210,3
DA:212,3
DA:213,3
DA:214,0
DA:216,3
DA:220,2
DA:227,3
DA:231,6
LF:97
LH:34
BRDA:64,0,0,0
BRDA:64,0,1,0
BRDA:82,1,0,0
BRDA:94,2,0,0
BRDA:104,3,0,0
BRDA:114,4,0,0
BRDA:124,5,0,0
BRDA:129,6,0,0
BRDA:144,7,0,0
BRDA:144,7,1,0
BRDA:147,8,0,0
BRDA:149,9,0,0
BRDA:151,10,0,0
BRDA:151,10,1,0
BRDA:166,11,0,0
BRDA:175,12,0,0
BRDA:177,13,0,0
BRDA:178,14,0,0
BRDA:178,14,1,0
BRDA:192,15,0,0
BRDA:192,15,1,0
BRDA:196,16,0,0
BRDA:207,17,0,0
BRDA:213,18,0,0
BRDA:216,19,0,2
BRDA:217,20,0,3
BRDA:217,20,1,3
BRDA:217,20,2,3
BRDA:217,20,3,2
BRDA:223,21,0,2
BRDA:223,21,1,0
BRF:31
BRH:6
end_of_record
